The activation script must be sourced, otherwise the virtual environment will not work.
Setting vars
iscuda= True
opt.wandb =  
93
file to frame csv ../../csv/598frame.csv
lframe's length after laoding =  5283
iscuda= True
opt.wandb =  
93
file to frame csv ../../csv/598frame.csv
iscuda= True
opt.wandb =  
93
file to frame csv ../../csv/598frame.csv
iscuda= True
PyTorch Version:  1.8.1
Torchvision Version:  0.9.0a0
opt:
 Namespace(ampl=441, aug_gt='orient', batch_output=2, bs=15, cencrop=700, center=False, chidden_dim=[96, 128, 256, 256, 256], classicnorm=False, cmscrop=0, conTrain='', criterion='L2', csvname='598csv9', datapath='/p/project/delia-mp/cherepashkin1/phenoseed/', dfname='598frame', downsample=1, epoch=300, expdescr='', expnum='e068', feature_extract=False, framelim=6000, gradient_predivide_factor=1.0, gttype='single_file', haf=True, hidden_dim=[9], inputt='img', kernel_sizes=[7, 3, 3, 3, 3, 3], lb='orient', loadh5=False, localexp='', lr=5e-05, machine='jureca', maintain=False, maintain_line=False, man_dist=False, measure_time=False, merging='batch', minmax=False, minmax3dimage=False, minmax_f=True, minmax_fn='', model_name='', netname=['cnet'], ngpu=4, noise_input=False, noise_output=False, normalize=False, num_input_images=3, num_sam_points=500, num_workers=0, outputt='orient', parallel='horovod', pin_memory=False, print_minibatch=10, pscale=100, rand_angle=False, rescale=500, rot_dirs=False, rotate_output=False, save_output=True, single_folder=False, specie='598', standardize=255, steplr=[1000.0, 1.0], transappendix='_image', ufmodel=100000, updateFraction=0.1, use_adasum=False, use_cuda=True, use_existing_csv=True, use_pretrained=False, use_sep_csv=True, view_sep=False, wandb='', weight_decay=0, zero_angle=True)
sys.argv:
 ['../../main.py', '-datapath', '/p/project/delia-mp/cherepashkin1/phenoseed/', '-epoch', '300', '-bs', '15', '-num_input_images', '3', '-framelim', '6000', '-criterion', 'L2', '-localexp', '', '-lr', '5e-5', '-expnum', 'e068', '-hidden_dim', '9', '-inputt', 'img', '-outputt', 'orient', '-lb', 'orient', '-no_loadh5', '-minmax_fn', '', '-parallel', 'horovod', '-machine', 'jureca', '-merging', 'batch', '-aug_gt', 'orient', '-updateFraction', '0.1', '-steplr', '1000', '1', '-print_minibatch', '10', '-dfname', '598frame']
seed =  0
path were main.py is located= ../../
opt.wandb =  
93
file to frame csv ../../csv/598frame.csv
lframe's length after laoding =  5283
lframe's length after laoding =  5283
lframe's length after laoding =  5283
lframe len after excluding all exceptions= 5200
lframe len after excluding all exceptions= 5200
lframe len after excluding all exceptions= 5200
lframe len after excluding all exceptions= 5200
len train =  4160
len train =  4160
len train =  4160
len train =  4160
train consists of 277 full batches with 15 tensors with 3 views
the last batch has size of 5 tensors with 3 views
val consists of 69 full batches with 15 tensors with 3 views
the last batch has size of 5 tensors with 3 views
Epoch 0/299
----------
Mon Jan 31 00:14:52 2022
batch 0, train loss = 0.52, mean loss = 0.52
Mon Jan 31 00:15:02 2022
batch 10, train loss = 75.09, mean loss = 67.01
Mon Jan 31 00:15:56 2022
batch 20, train loss = 12.79, mean loss = 40.93
Mon Jan 31 00:16:51 2022
batch 30, train loss = 16.94, mean loss = 32.95
Mon Jan 31 00:17:45 2022
batch 40, train loss = 26.50, mean loss = 31.28
Mon Jan 31 00:18:39 2022
batch 50, train loss = 14.21, mean loss = 27.92
Mon Jan 31 00:19:33 2022
batch 60, train loss = 2.39, mean loss = 23.74
Mon Jan 31 00:20:27 2022
train Loss: 21.49

batch 0, val loss = 0.03, mean loss = 0.03
Mon Jan 31 00:21:17 2022
batch 10, val loss = 0.03, mean loss = 0.03
Mon Jan 31 00:22:11 2022
val Loss: 0.03

epoch 0 was done for 476.691002 seconds
Epoch 1/299
----------
Mon Jan 31 00:22:49 2022
batch 0, train loss = 6.44, mean loss = 6.44
Mon Jan 31 00:22:54 2022
batch 10, train loss = 8.97, mean loss = 8.64
Mon Jan 31 00:23:47 2022
batch 20, train loss = 2.98, mean loss = 6.03
Mon Jan 31 00:24:41 2022
batch 30, train loss = 1.83, mean loss = 4.73
Mon Jan 31 00:25:34 2022
batch 40, train loss = 4.68, mean loss = 4.77
Mon Jan 31 00:26:28 2022
batch 50, train loss = 3.67, mean loss = 4.60
Mon Jan 31 00:27:21 2022
batch 60, train loss = 1.35, mean loss = 4.08
Mon Jan 31 00:28:14 2022
train Loss: 3.76

batch 0, val loss = 0.02, mean loss = 0.02
Mon Jan 31 00:29:03 2022
batch 10, val loss = 0.03, mean loss = 0.02
Mon Jan 31 00:29:57 2022
val Loss: 0.02

epoch 1 was done for 465.052125 seconds
Epoch 2/299
----------
Mon Jan 31 00:30:34 2022
batch 0, train loss = 1.46, mean loss = 1.46
Mon Jan 31 00:30:39 2022
batch 10, train loss = 2.65, mean loss = 2.72
Mon Jan 31 00:31:33 2022
batch 20, train loss = 2.25, mean loss = 2.73
Mon Jan 31 00:32:28 2022
batch 30, train loss = 1.72, mean loss = 2.38
Mon Jan 31 00:33:22 2022
batch 40, train loss = 0.99, mean loss = 2.08
Mon Jan 31 00:34:16 2022
batch 50, train loss = 2.08, mean loss = 2.09
Mon Jan 31 00:35:10 2022
batch 60, train loss = 2.01, mean loss = 2.11
Mon Jan 31 00:36:05 2022
train Loss: 2.04

batch 0, val loss = 0.02, mean loss = 0.02
Mon Jan 31 00:36:55 2022
batch 10, val loss = 0.02, mean loss = 0.02
Mon Jan 31 00:37:50 2022
val Loss: 0.02

epoch 2 was done for 473.986489 seconds
Epoch 3/299
----------
Mon Jan 31 00:38:28 2022
batch 0, train loss = 1.43, mean loss = 1.43
Mon Jan 31 00:38:33 2022
batch 10, train loss = 1.06, mean loss = 1.08
Mon Jan 31 00:39:27 2022
batch 20, train loss = 1.25, mean loss = 1.24
Mon Jan 31 00:40:20 2022
batch 30, train loss = 1.86, mean loss = 1.41
Mon Jan 31 00:41:14 2022
batch 40, train loss = 1.40, mean loss = 1.40
Mon Jan 31 00:42:07 2022
batch 50, train loss = 0.94, mean loss = 1.31
Mon Jan 31 00:43:01 2022
batch 60, train loss = 1.03, mean loss = 1.27
Mon Jan 31 00:43:54 2022
train Loss: 1.29

batch 0, val loss = 0.02, mean loss = 0.02
Mon Jan 31 00:44:44 2022
batch 10, val loss = 0.02, mean loss = 0.02
Mon Jan 31 00:45:39 2022
val Loss: 0.02

epoch 3 was done for 468.032991 seconds
Epoch 4/299
----------
Mon Jan 31 00:46:16 2022
batch 0, train loss = 1.52, mean loss = 1.52
Mon Jan 31 00:46:21 2022
batch 10, train loss = 1.16, mean loss = 1.14
Mon Jan 31 00:47:15 2022
batch 20, train loss = 0.77, mean loss = 0.96
Mon Jan 31 00:48:09 2022
batch 30, train loss = 0.80, mean loss = 0.92
Mon Jan 31 00:49:03 2022
batch 40, train loss = 1.12, mean loss = 0.97
Mon Jan 31 00:49:57 2022
batch 50, train loss = 0.93, mean loss = 0.96
Mon Jan 31 00:50:51 2022
batch 60, train loss = 0.61, mean loss = 0.90
Mon Jan 31 00:51:45 2022
train Loss: 0.86

batch 0, val loss = 0.02, mean loss = 0.02
Mon Jan 31 00:52:35 2022
batch 10, val loss = 0.02, mean loss = 0.02
Mon Jan 31 00:53:30 2022
val Loss: 0.02

epoch 4 was done for 471.477336 seconds
Epoch 5/299
----------
Mon Jan 31 00:54:07 2022
batch 0, train loss = 0.57, mean loss = 0.57
Mon Jan 31 00:54:13 2022
batch 10, train loss = 0.83, mean loss = 0.83
Mon Jan 31 00:55:07 2022
batch 20, train loss = 0.83, mean loss = 0.83
Mon Jan 31 00:56:02 2022
batch 30, train loss = 0.58, mean loss = 0.75
Mon Jan 31 00:56:56 2022
batch 40, train loss = 0.40, mean loss = 0.68
Mon Jan 31 00:57:51 2022
batch 50, train loss = 0.57, mean loss = 0.67
Mon Jan 31 00:58:45 2022
batch 60, train loss = 0.69, mean loss = 0.67
Mon Jan 31 00:59:40 2022
train Loss: 0.65

batch 0, val loss = 0.02, mean loss = 0.02
Mon Jan 31 01:00:30 2022
batch 10, val loss = 0.02, mean loss = 0.02
Mon Jan 31 01:01:26 2022
val Loss: 0.02

epoch 5 was done for 476.037526 seconds
Epoch 6/299
----------
Mon Jan 31 01:02:03 2022
batch 0, train loss = 0.37, mean loss = 0.37
Mon Jan 31 01:02:09 2022
batch 10, train loss = 0.35, mean loss = 0.40
Mon Jan 31 01:03:03 2022
batch 20, train loss = 0.47, mean loss = 0.44
Mon Jan 31 01:03:56 2022
batch 30, train loss = 0.52, mean loss = 0.48
Mon Jan 31 01:04:50 2022
batch 40, train loss = 0.38, mean loss = 0.48
Mon Jan 31 01:05:44 2022
batch 50, train loss = 0.36, mean loss = 0.47
Mon Jan 31 01:06:38 2022
batch 60, train loss = 0.34, mean loss = 0.46
Mon Jan 31 01:07:32 2022
train Loss: 0.46

batch 0, val loss = 0.02, mean loss = 0.02
Mon Jan 31 01:08:23 2022
batch 10, val loss = 0.02, mean loss = 0.02
Mon Jan 31 01:09:17 2022
val Loss: 0.02

epoch 6 was done for 471.318966 seconds
Epoch 7/299
----------
Mon Jan 31 01:09:55 2022
batch 0, train loss = 0.33, mean loss = 0.33
Mon Jan 31 01:10:00 2022
batch 10, train loss = 0.38, mean loss = 0.43
Mon Jan 31 01:10:54 2022
batch 20, train loss = 0.38, mean loss = 0.43
Mon Jan 31 01:11:48 2022
batch 30, train loss = 0.28, mean loss = 0.41
Mon Jan 31 01:12:42 2022
batch 40, train loss = 0.29, mean loss = 0.41
Mon Jan 31 01:13:36 2022
batch 50, train loss = 0.39, mean loss = 0.41
Mon Jan 31 01:14:30 2022
batch 60, train loss = 0.33, mean loss = 0.41
Mon Jan 31 01:15:24 2022
train Loss: 0.41

batch 0, val loss = 0.02, mean loss = 0.02
Mon Jan 31 01:16:14 2022
batch 10, val loss = 0.02, mean loss = 0.02
Mon Jan 31 01:17:09 2022
val Loss: 0.02

epoch 7 was done for 471.703515 seconds
Epoch 8/299
----------
Mon Jan 31 01:17:46 2022
batch 0, train loss = 0.27, mean loss = 0.27
Mon Jan 31 01:17:52 2022
batch 10, train loss = 0.29, mean loss = 0.36
Mon Jan 31 01:18:45 2022
batch 20, train loss = 0.37, mean loss = 0.39
Mon Jan 31 01:19:39 2022
batch 30, train loss = 0.32, mean loss = 0.39
Mon Jan 31 01:20:33 2022
batch 40, train loss = 0.26, mean loss = 0.38
Mon Jan 31 01:21:26 2022
batch 50, train loss = 0.30, mean loss = 0.38
Mon Jan 31 01:22:20 2022
batch 60, train loss = 0.34, mean loss = 0.38
Mon Jan 31 01:23:13 2022
train Loss: 0.38

batch 0, val loss = 0.02, mean loss = 0.02
Mon Jan 31 01:24:03 2022
batch 10, val loss = 0.02, mean loss = 0.02
Mon Jan 31 01:24:57 2022
val Loss: 0.02

epoch 8 was done for 468.811301 seconds
Epoch 9/299
----------
Mon Jan 31 01:25:35 2022
batch 0, train loss = 0.31, mean loss = 0.31
Mon Jan 31 01:25:41 2022
batch 10, train loss = 0.28, mean loss = 0.34
Mon Jan 31 01:26:35 2022
batch 20, train loss = 0.31, mean loss = 0.36
Mon Jan 31 01:27:29 2022
batch 30, train loss = 0.31, mean loss = 0.37
Mon Jan 31 01:28:23 2022
batch 40, train loss = 0.29, mean loss = 0.37
Mon Jan 31 01:29:16 2022
batch 50, train loss = 0.26, mean loss = 0.36
Mon Jan 31 01:30:10 2022
batch 60, train loss = 0.28, mean loss = 0.36
Mon Jan 31 01:31:04 2022
train Loss: 0.37

batch 0, val loss = 0.02, mean loss = 0.02
Mon Jan 31 01:31:54 2022
batch 10, val loss = 0.02, mean loss = 0.02
Mon Jan 31 01:32:49 2022
val Loss: 0.02

epoch 9 was done for 471.045852 seconds
Epoch 10/299
----------
Mon Jan 31 01:33:26 2022
batch 0, train loss = 0.30, mean loss = 0.30
Mon Jan 31 01:33:32 2022
batch 10, train loss = 0.30, mean loss = 0.36
Mon Jan 31 01:34:26 2022
batch 20, train loss = 0.30, mean loss = 0.36
Mon Jan 31 01:35:20 2022
batch 30, train loss = 0.27, mean loss = 0.36
Mon Jan 31 01:36:14 2022
batch 40, train loss = 0.29, mean loss = 0.36
Mon Jan 31 01:37:08 2022
batch 50, train loss = 0.27, mean loss = 0.36
Mon Jan 31 01:38:02 2022
batch 60, train loss = 0.26, mean loss = 0.35
Mon Jan 31 01:38:56 2022
train Loss: 0.36

batch 0, val loss = 0.02, mean loss = 0.02
Mon Jan 31 01:39:46 2022
batch 10, val loss = 0.02, mean loss = 0.02
Mon Jan 31 01:40:41 2022
val Loss: 0.02

epoch 10 was done for 472.550639 seconds
Epoch 11/299
----------
Mon Jan 31 01:41:19 2022
batch 0, train loss = 0.26, mean loss = 0.26
Mon Jan 31 01:41:24 2022
batch 10, train loss = 0.30, mean loss = 0.36
Mon Jan 31 01:42:17 2022
batch 20, train loss = 0.30, mean loss = 0.36
Mon Jan 31 01:43:11 2022
batch 30, train loss = 0.25, mean loss = 0.36
Mon Jan 31 01:44:04 2022
batch 40, train loss = 0.26, mean loss = 0.35
Mon Jan 31 01:44:57 2022
batch 50, train loss = 0.27, mean loss = 0.35
Mon Jan 31 01:45:51 2022
batch 60, train loss = 0.25, mean loss = 0.35
Mon Jan 31 01:46:45 2022
train Loss: 0.35

batch 0, val loss = 0.02, mean loss = 0.02
Mon Jan 31 01:47:35 2022
batch 10, val loss = 0.02, mean loss = 0.02
Mon Jan 31 01:48:29 2022
val Loss: 0.02

epoch 11 was done for 467.374134 seconds
Epoch 12/299
----------
Mon Jan 31 01:49:06 2022
batch 0, train loss = 0.24, mean loss = 0.24
Mon Jan 31 01:49:12 2022
batch 10, train loss = 0.27, mean loss = 0.35
Mon Jan 31 01:50:06 2022
batch 20, train loss = 0.30, mean loss = 0.35
Mon Jan 31 01:51:00 2022
batch 30, train loss = 0.24, mean loss = 0.35
Mon Jan 31 01:51:54 2022
batch 40, train loss = 0.24, mean loss = 0.35
Mon Jan 31 01:52:48 2022
batch 50, train loss = 0.26, mean loss = 0.35
Mon Jan 31 01:53:42 2022
batch 60, train loss = 0.25, mean loss = 0.34
Mon Jan 31 01:54:36 2022
train Loss: 0.35

batch 0, val loss = 0.02, mean loss = 0.02
Mon Jan 31 01:55:26 2022
batch 10, val loss = 0.02, mean loss = 0.02
Mon Jan 31 01:56:21 2022
val Loss: 0.02

epoch 12 was done for 472.137284 seconds
Epoch 13/299
----------
Mon Jan 31 01:56:58 2022
batch 0, train loss = 0.23, mean loss = 0.23
Mon Jan 31 01:57:04 2022
batch 10, train loss = 0.25, mean loss = 0.34
Mon Jan 31 01:57:58 2022
batch 20, train loss = 0.29, mean loss = 0.35
Mon Jan 31 01:58:52 2022
batch 30, train loss = 0.24, mean loss = 0.34
Mon Jan 31 01:59:46 2022
batch 40, train loss = 0.23, mean loss = 0.34
Mon Jan 31 02:00:41 2022
batch 50, train loss = 0.25, mean loss = 0.34
Mon Jan 31 02:01:35 2022
batch 60, train loss = 0.24, mean loss = 0.34
Mon Jan 31 02:02:29 2022
train Loss: 0.34

batch 0, val loss = 0.02, mean loss = 0.02
Mon Jan 31 02:03:20 2022
batch 10, val loss = 0.02, mean loss = 0.02
Mon Jan 31 02:04:15 2022
val Loss: 0.02

epoch 13 was done for 473.898207 seconds
Epoch 14/299
----------
Mon Jan 31 02:04:52 2022
batch 0, train loss = 0.22, mean loss = 0.22
Mon Jan 31 02:04:58 2022
batch 10, train loss = 0.24, mean loss = 0.33
Mon Jan 31 02:05:51 2022
batch 20, train loss = 0.28, mean loss = 0.34
Mon Jan 31 02:06:45 2022
batch 30, train loss = 0.23, mean loss = 0.34
Mon Jan 31 02:07:39 2022
batch 40, train loss = 0.22, mean loss = 0.34
Mon Jan 31 02:08:32 2022
batch 50, train loss = 0.24, mean loss = 0.34
Mon Jan 31 02:09:26 2022
batch 60, train loss = 0.23, mean loss = 0.34
Mon Jan 31 02:10:19 2022
train Loss: 0.34

batch 0, val loss = 0.02, mean loss = 0.02
Mon Jan 31 02:11:10 2022
batch 10, val loss = 0.02, mean loss = 0.02
Mon Jan 31 02:12:04 2022
val Loss: 0.02

epoch 14 was done for 469.176330 seconds
Epoch 15/299
----------
Mon Jan 31 02:12:41 2022
batch 0, train loss = 0.21, mean loss = 0.21
Mon Jan 31 02:12:47 2022
batch 10, train loss = 0.24, mean loss = 0.33
Mon Jan 31 02:13:40 2022
batch 20, train loss = 0.27, mean loss = 0.34
Mon Jan 31 02:14:34 2022
batch 30, train loss = 0.23, mean loss = 0.34
Mon Jan 31 02:15:28 2022
batch 40, train loss = 0.22, mean loss = 0.34
Mon Jan 31 02:16:22 2022
batch 50, train loss = 0.24, mean loss = 0.34
Mon Jan 31 02:17:15 2022
batch 60, train loss = 0.23, mean loss = 0.34
Mon Jan 31 02:18:10 2022
train Loss: 0.34

batch 0, val loss = 0.02, mean loss = 0.02
Mon Jan 31 02:19:01 2022
batch 10, val loss = 0.02, mean loss = 0.02
Mon Jan 31 02:19:56 2022
val Loss: 0.02

epoch 15 was done for 471.867920 seconds
Epoch 16/299
----------
Mon Jan 31 02:20:33 2022
batch 0, train loss = 0.21, mean loss = 0.21
Mon Jan 31 02:20:39 2022
batch 10, train loss = 0.23, mean loss = 0.33
Mon Jan 31 02:21:33 2022
batch 20, train loss = 0.26, mean loss = 0.34
Mon Jan 31 02:22:27 2022
batch 30, train loss = 0.22, mean loss = 0.34
Mon Jan 31 02:23:22 2022
batch 40, train loss = 0.21, mean loss = 0.34
Mon Jan 31 02:24:16 2022
batch 50, train loss = 0.23, mean loss = 0.34
Mon Jan 31 02:25:10 2022
batch 60, train loss = 0.22, mean loss = 0.34
Mon Jan 31 02:26:04 2022
train Loss: 0.34

batch 0, val loss = 0.02, mean loss = 0.02
Mon Jan 31 02:26:55 2022
batch 10, val loss = 0.02, mean loss = 0.02
Mon Jan 31 02:27:50 2022
val Loss: 0.02

epoch 16 was done for 474.310517 seconds
Epoch 17/299
----------
Mon Jan 31 02:28:28 2022
batch 0, train loss = 0.20, mean loss = 0.20
Mon Jan 31 02:28:33 2022
batch 10, train loss = 0.23, mean loss = 0.33
Mon Jan 31 02:29:27 2022
batch 20, train loss = 0.26, mean loss = 0.34
Mon Jan 31 02:30:20 2022
batch 30, train loss = 0.22, mean loss = 0.34
Mon Jan 31 02:31:14 2022
batch 40, train loss = 0.21, mean loss = 0.34
Mon Jan 31 02:32:07 2022
batch 50, train loss = 0.23, mean loss = 0.34
Mon Jan 31 02:33:01 2022
batch 60, train loss = 0.21, mean loss = 0.34
Mon Jan 31 02:33:54 2022
train Loss: 0.34

batch 0, val loss = 0.02, mean loss = 0.02
Mon Jan 31 02:34:44 2022
batch 10, val loss = 0.02, mean loss = 0.02
Mon Jan 31 02:35:39 2022
val Loss: 0.02

epoch 17 was done for 468.512779 seconds
Epoch 18/299
----------
Mon Jan 31 02:36:16 2022
batch 0, train loss = 0.20, mean loss = 0.20
Mon Jan 31 02:36:21 2022
batch 10, train loss = 0.22, mean loss = 0.33
Mon Jan 31 02:37:15 2022
batch 20, train loss = 0.25, mean loss = 0.34
Mon Jan 31 02:38:09 2022
batch 30, train loss = 0.21, mean loss = 0.34
Mon Jan 31 02:39:02 2022
batch 40, train loss = 0.21, mean loss = 0.34
Mon Jan 31 02:39:56 2022
batch 50, train loss = 0.22, mean loss = 0.34
Mon Jan 31 02:40:49 2022
batch 60, train loss = 0.20, mean loss = 0.34
Mon Jan 31 02:41:43 2022
train Loss: 0.34

batch 0, val loss = 0.02, mean loss = 0.02
Mon Jan 31 02:42:33 2022
batch 10, val loss = 0.02, mean loss = 0.02
Mon Jan 31 02:43:27 2022
val Loss: 0.02

epoch 18 was done for 468.363989 seconds
Epoch 19/299
----------
Mon Jan 31 02:44:04 2022
batch 0, train loss = 0.20, mean loss = 0.20
Mon Jan 31 02:44:10 2022
batch 10, train loss = 0.22, mean loss = 0.33
Mon Jan 31 02:45:04 2022
batch 20, train loss = 0.25, mean loss = 0.34
Mon Jan 31 02:45:58 2022
batch 30, train loss = 0.21, mean loss = 0.34
Mon Jan 31 02:46:52 2022
batch 40, train loss = 0.20, mean loss = 0.34
Mon Jan 31 02:47:46 2022
batch 50, train loss = 0.22, mean loss = 0.34
Mon Jan 31 02:48:40 2022
batch 60, train loss = 0.20, mean loss = 0.34
Mon Jan 31 02:49:34 2022
train Loss: 0.34

batch 0, val loss = 0.02, mean loss = 0.02
Mon Jan 31 02:50:24 2022
batch 10, val loss = 0.02, mean loss = 0.02
Mon Jan 31 02:51:18 2022
val Loss: 0.02

epoch 19 was done for 471.093880 seconds
Epoch 20/299
----------
Mon Jan 31 02:51:56 2022
batch 0, train loss = 0.19, mean loss = 0.19
Mon Jan 31 02:52:01 2022
batch 10, train loss = 0.22, mean loss = 0.33
Mon Jan 31 02:52:54 2022
batch 20, train loss = 0.24, mean loss = 0.34
Mon Jan 31 02:53:48 2022
batch 30, train loss = 0.20, mean loss = 0.34
Mon Jan 31 02:54:42 2022
batch 40, train loss = 0.20, mean loss = 0.34
Mon Jan 31 02:55:35 2022
batch 50, train loss = 0.21, mean loss = 0.34
Mon Jan 31 02:56:28 2022
batch 60, train loss = 0.19, mean loss = 0.34
Mon Jan 31 02:57:22 2022
train Loss: 0.34

batch 0, val loss = 0.02, mean loss = 0.02
Mon Jan 31 02:58:12 2022
batch 10, val loss = 0.02, mean loss = 0.02
Mon Jan 31 02:59:07 2022
val Loss: 0.02

epoch 20 was done for 468.411597 seconds
Epoch 21/299
----------
Mon Jan 31 02:59:44 2022
batch 0, train loss = 0.19, mean loss = 0.19
Mon Jan 31 02:59:49 2022
batch 10, train loss = 0.21, mean loss = 0.33
Mon Jan 31 03:00:43 2022
batch 20, train loss = 0.23, mean loss = 0.34
Mon Jan 31 03:01:37 2022
batch 30, train loss = 0.20, mean loss = 0.34
Mon Jan 31 03:02:31 2022
batch 40, train loss = 0.19, mean loss = 0.34
Mon Jan 31 03:03:25 2022
batch 50, train loss = 0.21, mean loss = 0.34
Mon Jan 31 03:04:18 2022
batch 60, train loss = 0.19, mean loss = 0.34
Mon Jan 31 03:05:12 2022
train Loss: 0.34

batch 0, val loss = 0.02, mean loss = 0.02
Mon Jan 31 03:06:03 2022
batch 10, val loss = 0.02, mean loss = 0.02
Mon Jan 31 03:06:57 2022
val Loss: 0.02

epoch 21 was done for 470.461125 seconds
Epoch 22/299
----------
Mon Jan 31 03:07:34 2022
batch 0, train loss = 0.19, mean loss = 0.19
Mon Jan 31 03:07:40 2022
batch 10, train loss = 0.21, mean loss = 0.33
Mon Jan 31 03:08:33 2022
batch 20, train loss = 0.23, mean loss = 0.34
Mon Jan 31 03:09:27 2022
batch 30, train loss = 0.19, mean loss = 0.34
Mon Jan 31 03:10:20 2022
batch 40, train loss = 0.19, mean loss = 0.34
Mon Jan 31 03:11:14 2022
batch 50, train loss = 0.21, mean loss = 0.34
Mon Jan 31 03:12:07 2022
batch 60, train loss = 0.18, mean loss = 0.34
Mon Jan 31 03:13:00 2022
train Loss: 0.34

batch 0, val loss = 0.02, mean loss = 0.02
Mon Jan 31 03:13:50 2022
batch 10, val loss = 0.02, mean loss = 0.02
Mon Jan 31 03:14:45 2022
val Loss: 0.02

epoch 22 was done for 468.103149 seconds
Epoch 23/299
----------
Mon Jan 31 03:15:23 2022
batch 0, train loss = 0.18, mean loss = 0.18
Mon Jan 31 03:15:28 2022
batch 10, train loss = 0.20, mean loss = 0.33
Mon Jan 31 03:16:21 2022
batch 20, train loss = 0.22, mean loss = 0.34
Mon Jan 31 03:17:15 2022
batch 30, train loss = 0.19, mean loss = 0.34
Mon Jan 31 03:18:08 2022
batch 40, train loss = 0.19, mean loss = 0.34
Mon Jan 31 03:19:02 2022
batch 50, train loss = 0.20, mean loss = 0.34
Mon Jan 31 03:19:55 2022
batch 60, train loss = 0.18, mean loss = 0.34
Mon Jan 31 03:20:49 2022
train Loss: 0.34

batch 0, val loss = 0.02, mean loss = 0.02
Mon Jan 31 03:21:39 2022
batch 10, val loss = 0.02, mean loss = 0.02
Mon Jan 31 03:22:33 2022
val Loss: 0.02

epoch 23 was done for 467.473254 seconds
Epoch 24/299
----------
Mon Jan 31 03:23:10 2022
batch 0, train loss = 0.18, mean loss = 0.18
Mon Jan 31 03:23:15 2022
batch 10, train loss = 0.20, mean loss = 0.33
Mon Jan 31 03:24:09 2022
batch 20, train loss = 0.22, mean loss = 0.34
Mon Jan 31 03:25:03 2022
batch 30, train loss = 0.18, mean loss = 0.34
Mon Jan 31 03:25:57 2022
batch 40, train loss = 0.18, mean loss = 0.34
Mon Jan 31 03:26:51 2022
batch 50, train loss = 0.20, mean loss = 0.34
Mon Jan 31 03:27:45 2022
batch 60, train loss = 0.17, mean loss = 0.34
Mon Jan 31 03:28:39 2022
train Loss: 0.34

batch 0, val loss = 0.02, mean loss = 0.02
Mon Jan 31 03:29:29 2022
batch 10, val loss = 0.02, mean loss = 0.02
Mon Jan 31 03:30:24 2022
val Loss: 0.02

epoch 24 was done for 470.950642 seconds
Epoch 25/299
----------
Mon Jan 31 03:31:01 2022
batch 0, train loss = 0.18, mean loss = 0.18
Mon Jan 31 03:31:06 2022
batch 10, train loss = 0.19, mean loss = 0.33
Mon Jan 31 03:32:00 2022
batch 20, train loss = 0.21, mean loss = 0.34
Mon Jan 31 03:32:53 2022
batch 30, train loss = 0.18, mean loss = 0.34
Mon Jan 31 03:33:47 2022
batch 40, train loss = 0.18, mean loss = 0.34
Mon Jan 31 03:34:40 2022
batch 50, train loss = 0.19, mean loss = 0.34
Mon Jan 31 03:35:33 2022
batch 60, train loss = 0.16, mean loss = 0.34
Mon Jan 31 03:36:27 2022
train Loss: 0.35

batch 0, val loss = 0.02, mean loss = 0.02
Mon Jan 31 03:37:17 2022
batch 10, val loss = 0.02, mean loss = 0.02
Mon Jan 31 03:38:11 2022
val Loss: 0.02

epoch 25 was done for 467.020946 seconds
Epoch 26/299
----------
Mon Jan 31 03:38:48 2022
batch 0, train loss = 0.17, mean loss = 0.17
Mon Jan 31 03:38:53 2022
batch 10, train loss = 0.19, mean loss = 0.33
Mon Jan 31 03:39:47 2022
batch 20, train loss = 0.21, mean loss = 0.34
Mon Jan 31 03:40:41 2022
batch 30, train loss = 0.17, mean loss = 0.34
Mon Jan 31 03:41:35 2022
batch 40, train loss = 0.18, mean loss = 0.34
Mon Jan 31 03:42:28 2022
batch 50, train loss = 0.19, mean loss = 0.34
Mon Jan 31 03:43:22 2022
batch 60, train loss = 0.16, mean loss = 0.34
Mon Jan 31 03:44:16 2022
train Loss: 0.35

batch 0, val loss = 0.02, mean loss = 0.02
Mon Jan 31 03:45:06 2022
batch 10, val loss = 0.02, mean loss = 0.02
Mon Jan 31 03:46:00 2022
val Loss: 0.02

epoch 26 was done for 469.596050 seconds
Epoch 27/299
----------
Mon Jan 31 03:46:38 2022
batch 0, train loss = 0.17, mean loss = 0.17
Mon Jan 31 03:46:43 2022
batch 10, train loss = 0.18, mean loss = 0.33
Mon Jan 31 03:47:37 2022
batch 20, train loss = 0.20, mean loss = 0.34
Mon Jan 31 03:48:31 2022
batch 30, train loss = 0.17, mean loss = 0.34
Mon Jan 31 03:49:25 2022
batch 40, train loss = 0.17, mean loss = 0.34
Mon Jan 31 03:50:19 2022
batch 50, train loss = 0.18, mean loss = 0.34
Mon Jan 31 03:51:13 2022
batch 60, train loss = 0.15, mean loss = 0.34
Mon Jan 31 03:52:07 2022
train Loss: 0.35

batch 0, val loss = 0.02, mean loss = 0.02
Mon Jan 31 03:52:57 2022
batch 10, val loss = 0.02, mean loss = 0.02
Mon Jan 31 03:53:52 2022
val Loss: 0.02

epoch 27 was done for 471.523844 seconds
Epoch 28/299
----------
Mon Jan 31 03:54:29 2022
batch 0, train loss = 0.16, mean loss = 0.16
Mon Jan 31 03:54:35 2022
batch 10, train loss = 0.18, mean loss = 0.33
Mon Jan 31 03:55:28 2022
batch 20, train loss = 0.20, mean loss = 0.34
Mon Jan 31 03:56:22 2022
batch 30, train loss = 0.17, mean loss = 0.34
Mon Jan 31 03:57:16 2022
batch 40, train loss = 0.17, mean loss = 0.35
Mon Jan 31 03:58:10 2022
batch 50, train loss = 0.18, mean loss = 0.35
Mon Jan 31 03:59:04 2022
batch 60, train loss = 0.15, mean loss = 0.34
Mon Jan 31 03:59:58 2022
train Loss: 0.35

batch 0, val loss = 0.02, mean loss = 0.02
Mon Jan 31 04:00:48 2022
batch 10, val loss = 0.02, mean loss = 0.02
Mon Jan 31 04:01:42 2022
val Loss: 0.02

epoch 28 was done for 470.646926 seconds
Epoch 29/299
----------
Mon Jan 31 04:02:20 2022
batch 0, train loss = 0.16, mean loss = 0.16
Mon Jan 31 04:02:25 2022
batch 10, train loss = 0.18, mean loss = 0.33
Mon Jan 31 04:03:19 2022
batch 20, train loss = 0.19, mean loss = 0.34
Mon Jan 31 04:04:13 2022
batch 30, train loss = 0.16, mean loss = 0.34
Mon Jan 31 04:05:06 2022
batch 40, train loss = 0.16, mean loss = 0.35
Mon Jan 31 04:06:00 2022
batch 50, train loss = 0.17, mean loss = 0.35
Mon Jan 31 04:06:53 2022
batch 60, train loss = 0.15, mean loss = 0.34
Mon Jan 31 04:07:47 2022
train Loss: 0.35

batch 0, val loss = 0.02, mean loss = 0.02
Mon Jan 31 04:08:37 2022
batch 10, val loss = 0.02, mean loss = 0.02
Mon Jan 31 04:09:32 2022
val Loss: 0.02

epoch 29 was done for 469.170226 seconds
Epoch 30/299
----------
Mon Jan 31 04:10:09 2022
batch 0, train loss = 0.16, mean loss = 0.16
Mon Jan 31 04:10:14 2022
batch 10, train loss = 0.17, mean loss = 0.33
Mon Jan 31 04:11:08 2022
batch 20, train loss = 0.19, mean loss = 0.34
Mon Jan 31 04:12:02 2022
batch 30, train loss = 0.16, mean loss = 0.34
Mon Jan 31 04:12:57 2022
batch 40, train loss = 0.16, mean loss = 0.35
Mon Jan 31 04:13:51 2022
batch 50, train loss = 0.17, mean loss = 0.35
Mon Jan 31 04:14:45 2022
batch 60, train loss = 0.14, mean loss = 0.35
Mon Jan 31 04:15:39 2022
train Loss: 0.35

batch 0, val loss = 0.02, mean loss = 0.02
Mon Jan 31 04:16:29 2022
batch 10, val loss = 0.02, mean loss = 0.02
Mon Jan 31 04:17:24 2022
val Loss: 0.02

epoch 30 was done for 472.552507 seconds
Epoch 31/299
----------
Mon Jan 31 04:18:01 2022
batch 0, train loss = 0.15, mean loss = 0.15
Mon Jan 31 04:18:07 2022
batch 10, train loss = 0.17, mean loss = 0.33
Mon Jan 31 04:19:00 2022
batch 20, train loss = 0.18, mean loss = 0.34
Mon Jan 31 04:19:54 2022
batch 30, train loss = 0.15, mean loss = 0.35
Mon Jan 31 04:20:47 2022
batch 40, train loss = 0.16, mean loss = 0.35
Mon Jan 31 04:21:41 2022
batch 50, train loss = 0.17, mean loss = 0.35
Mon Jan 31 04:22:34 2022
batch 60, train loss = 0.14, mean loss = 0.35
Mon Jan 31 04:23:28 2022
train Loss: 0.35

batch 0, val loss = 0.02, mean loss = 0.02
Mon Jan 31 04:24:18 2022
batch 10, val loss = 0.02, mean loss = 0.02
Mon Jan 31 04:25:12 2022
val Loss: 0.02

epoch 31 was done for 467.754605 seconds
Epoch 32/299
----------
Mon Jan 31 04:25:49 2022
batch 0, train loss = 0.15, mean loss = 0.15
Mon Jan 31 04:25:55 2022
batch 10, train loss = 0.16, mean loss = 0.33
Mon Jan 31 04:26:49 2022
batch 20, train loss = 0.18, mean loss = 0.34
Mon Jan 31 04:27:43 2022
batch 30, train loss = 0.15, mean loss = 0.35
Mon Jan 31 04:28:36 2022
batch 40, train loss = 0.15, mean loss = 0.35
Mon Jan 31 04:29:30 2022
batch 50, train loss = 0.16, mean loss = 0.35
Mon Jan 31 04:30:24 2022
batch 60, train loss = 0.13, mean loss = 0.35
Mon Jan 31 04:31:18 2022
train Loss: 0.35

batch 0, val loss = 0.02, mean loss = 0.02
Mon Jan 31 04:32:08 2022
batch 10, val loss = 0.02, mean loss = 0.02
Mon Jan 31 04:33:03 2022
val Loss: 0.02

epoch 32 was done for 470.920372 seconds
Epoch 33/299
----------
Mon Jan 31 04:33:40 2022
batch 0, train loss = 0.14, mean loss = 0.14
Mon Jan 31 04:33:46 2022
batch 10, train loss = 0.16, mean loss = 0.33
Mon Jan 31 04:34:40 2022
batch 20, train loss = 0.17, mean loss = 0.35
Mon Jan 31 04:35:34 2022
batch 30, train loss = 0.14, mean loss = 0.35
Mon Jan 31 04:36:28 2022
batch 40, train loss = 0.15, mean loss = 0.35
Mon Jan 31 04:37:23 2022
batch 50, train loss = 0.16, mean loss = 0.35
Mon Jan 31 04:38:17 2022
batch 60, train loss = 0.13, mean loss = 0.35
Mon Jan 31 04:39:11 2022
train Loss: 0.35

batch 0, val loss = 0.02, mean loss = 0.02
Mon Jan 31 04:40:01 2022
batch 10, val loss = 0.02, mean loss = 0.02
Mon Jan 31 04:40:56 2022
val Loss: 0.02

epoch 33 was done for 473.387024 seconds
Epoch 34/299
----------
Mon Jan 31 04:41:34 2022
batch 0, train loss = 0.14, mean loss = 0.14
Mon Jan 31 04:41:39 2022
batch 10, train loss = 0.15, mean loss = 0.33
Mon Jan 31 04:42:32 2022
batch 20, train loss = 0.17, mean loss = 0.35
Mon Jan 31 04:43:26 2022
batch 30, train loss = 0.14, mean loss = 0.35
Mon Jan 31 04:44:20 2022
batch 40, train loss = 0.14, mean loss = 0.35
Mon Jan 31 04:45:13 2022
batch 50, train loss = 0.15, mean loss = 0.35
Mon Jan 31 04:46:07 2022
batch 60, train loss = 0.12, mean loss = 0.35
Mon Jan 31 04:47:01 2022
train Loss: 0.35

batch 0, val loss = 0.02, mean loss = 0.02
Mon Jan 31 04:47:51 2022
batch 10, val loss = 0.02, mean loss = 0.02
Mon Jan 31 04:48:46 2022
val Loss: 0.02

epoch 34 was done for 469.477131 seconds
Epoch 35/299
----------
Mon Jan 31 04:49:23 2022
batch 0, train loss = 0.14, mean loss = 0.14
Mon Jan 31 04:49:28 2022
batch 10, train loss = 0.15, mean loss = 0.33
Mon Jan 31 04:50:22 2022
batch 20, train loss = 0.16, mean loss = 0.35
Mon Jan 31 04:51:16 2022
batch 30, train loss = 0.14, mean loss = 0.35
Mon Jan 31 04:52:10 2022
batch 40, train loss = 0.14, mean loss = 0.35
Mon Jan 31 04:53:03 2022
batch 50, train loss = 0.15, mean loss = 0.35
Mon Jan 31 04:53:57 2022
batch 60, train loss = 0.12, mean loss = 0.35
Mon Jan 31 04:54:51 2022
train Loss: 0.36

batch 0, val loss = 0.02, mean loss = 0.02
Mon Jan 31 04:55:41 2022
batch 10, val loss = 0.02, mean loss = 0.02
Mon Jan 31 04:56:36 2022
val Loss: 0.02

epoch 35 was done for 470.171331 seconds
Epoch 36/299
----------
Mon Jan 31 04:57:13 2022
batch 0, train loss = 0.13, mean loss = 0.13
Mon Jan 31 04:57:19 2022
batch 10, train loss = 0.14, mean loss = 0.34
Mon Jan 31 04:58:12 2022
batch 20, train loss = 0.16, mean loss = 0.35
Mon Jan 31 04:59:05 2022
batch 30, train loss = 0.13, mean loss = 0.35
Mon Jan 31 04:59:59 2022
batch 40, train loss = 0.13, mean loss = 0.35
Mon Jan 31 05:00:52 2022
batch 50, train loss = 0.15, mean loss = 0.35
Mon Jan 31 05:01:46 2022
batch 60, train loss = 0.11, mean loss = 0.35
Mon Jan 31 05:02:39 2022
train Loss: 0.36

batch 0, val loss = 0.02, mean loss = 0.02
Mon Jan 31 05:03:30 2022
batch 10, val loss = 0.02, mean loss = 0.02
Mon Jan 31 05:04:25 2022
val Loss: 0.02

epoch 36 was done for 469.368354 seconds
Epoch 37/299
----------
Mon Jan 31 05:05:03 2022
batch 0, train loss = 0.13, mean loss = 0.13
Mon Jan 31 05:05:08 2022
batch 10, train loss = 0.14, mean loss = 0.34
Mon Jan 31 05:06:02 2022
batch 20, train loss = 0.15, mean loss = 0.35
Mon Jan 31 05:06:56 2022
batch 30, train loss = 0.13, mean loss = 0.35
Mon Jan 31 05:07:50 2022
batch 40, train loss = 0.13, mean loss = 0.35
Mon Jan 31 05:08:44 2022
batch 50, train loss = 0.14, mean loss = 0.36
Mon Jan 31 05:09:38 2022
batch 60, train loss = 0.11, mean loss = 0.35
Mon Jan 31 05:10:32 2022
train Loss: 0.36

batch 0, val loss = 0.02, mean loss = 0.02
Mon Jan 31 05:11:22 2022
batch 10, val loss = 0.02, mean loss = 0.02
Mon Jan 31 05:12:16 2022
val Loss: 0.02

epoch 37 was done for 471.307679 seconds
Epoch 38/299
----------
Mon Jan 31 05:12:54 2022
batch 0, train loss = 0.12, mean loss = 0.12
Mon Jan 31 05:12:59 2022
batch 10, train loss = 0.14, mean loss = 0.34
Mon Jan 31 05:13:54 2022
batch 20, train loss = 0.15, mean loss = 0.35
Mon Jan 31 05:14:48 2022
batch 30, train loss = 0.12, mean loss = 0.35
Mon Jan 31 05:15:42 2022
batch 40, train loss = 0.13, mean loss = 0.36
Mon Jan 31 05:16:36 2022
batch 50, train loss = 0.14, mean loss = 0.36
Mon Jan 31 05:17:30 2022
batch 60, train loss = 0.10, mean loss = 0.35
Mon Jan 31 05:18:24 2022
train Loss: 0.36

batch 0, val loss = 0.02, mean loss = 0.02
Mon Jan 31 05:19:14 2022
batch 10, val loss = 0.02, mean loss = 0.02
Mon Jan 31 05:20:09 2022
val Loss: 0.02

epoch 38 was done for 472.846042 seconds
Epoch 39/299
----------
Mon Jan 31 05:20:47 2022
batch 0, train loss = 0.12, mean loss = 0.12
Mon Jan 31 05:20:52 2022
batch 10, train loss = 0.13, mean loss = 0.34
Mon Jan 31 05:21:46 2022
batch 20, train loss = 0.14, mean loss = 0.35
Mon Jan 31 05:22:39 2022
batch 30, train loss = 0.12, mean loss = 0.35
Mon Jan 31 05:23:33 2022
batch 40, train loss = 0.12, mean loss = 0.36
Mon Jan 31 05:24:26 2022
batch 50, train loss = 0.14, mean loss = 0.36
Mon Jan 31 05:25:19 2022
batch 60, train loss = 0.10, mean loss = 0.36
Mon Jan 31 05:26:13 2022
train Loss: 0.36

batch 0, val loss = 0.02, mean loss = 0.02
Mon Jan 31 05:27:02 2022
batch 10, val loss = 0.02, mean loss = 0.02
Mon Jan 31 05:27:56 2022
val Loss: 0.02

epoch 39 was done for 466.953660 seconds
Epoch 40/299
----------
Mon Jan 31 05:28:34 2022
batch 0, train loss = 0.12, mean loss = 0.12
Mon Jan 31 05:28:39 2022
batch 10, train loss = 0.13, mean loss = 0.34
Mon Jan 31 05:29:33 2022
batch 20, train loss = 0.14, mean loss = 0.35
Mon Jan 31 05:30:27 2022
batch 30, train loss = 0.11, mean loss = 0.36
Mon Jan 31 05:31:21 2022
batch 40, train loss = 0.12, mean loss = 0.36
Mon Jan 31 05:32:15 2022
batch 50, train loss = 0.13, mean loss = 0.36
Mon Jan 31 05:33:09 2022
batch 60, train loss = 0.10, mean loss = 0.36
Mon Jan 31 05:34:03 2022
train Loss: 0.36

batch 0, val loss = 0.02, mean loss = 0.02
Mon Jan 31 05:34:53 2022
batch 10, val loss = 0.02, mean loss = 0.02
Mon Jan 31 05:35:48 2022
val Loss: 0.02

epoch 40 was done for 471.219977 seconds
Epoch 41/299
----------
Mon Jan 31 05:36:25 2022
batch 0, train loss = 0.11, mean loss = 0.11
Mon Jan 31 05:36:30 2022
batch 10, train loss = 0.12, mean loss = 0.34
Mon Jan 31 05:37:24 2022
batch 20, train loss = 0.13, mean loss = 0.36
Mon Jan 31 05:38:18 2022
batch 30, train loss = 0.11, mean loss = 0.36
Mon Jan 31 05:39:12 2022
batch 40, train loss = 0.12, mean loss = 0.36
Mon Jan 31 05:40:06 2022
batch 50, train loss = 0.13, mean loss = 0.36
Mon Jan 31 05:41:00 2022
batch 60, train loss = 0.09, mean loss = 0.36
Mon Jan 31 05:41:54 2022
train Loss: 0.37

batch 0, val loss = 0.02, mean loss = 0.02
Mon Jan 31 05:42:45 2022
batch 10, val loss = 0.02, mean loss = 0.02
Mon Jan 31 05:43:39 2022
val Loss: 0.02

epoch 41 was done for 471.617197 seconds
Epoch 42/299
----------
Mon Jan 31 05:44:16 2022
batch 0, train loss = 0.11, mean loss = 0.11
Mon Jan 31 05:44:22 2022
batch 10, train loss = 0.12, mean loss = 0.34
Mon Jan 31 05:45:16 2022
batch 20, train loss = 0.13, mean loss = 0.36
Mon Jan 31 05:46:10 2022
batch 30, train loss = 0.11, mean loss = 0.36
Mon Jan 31 05:47:04 2022
batch 40, train loss = 0.11, mean loss = 0.36
Mon Jan 31 05:47:58 2022
batch 50, train loss = 0.13, mean loss = 0.36
Mon Jan 31 05:48:52 2022
batch 60, train loss = 0.09, mean loss = 0.36
Mon Jan 31 05:49:46 2022
train Loss: 0.37

batch 0, val loss = 0.02, mean loss = 0.02
Mon Jan 31 05:50:37 2022
batch 10, val loss = 0.02, mean loss = 0.02
Mon Jan 31 05:51:32 2022
val Loss: 0.02

epoch 42 was done for 472.829674 seconds
Epoch 43/299
----------
Mon Jan 31 05:52:09 2022
batch 0, train loss = 0.11, mean loss = 0.11
Mon Jan 31 05:52:15 2022
batch 10, train loss = 0.12, mean loss = 0.35
Mon Jan 31 05:53:09 2022
batch 20, train loss = 0.12, mean loss = 0.36
Mon Jan 31 05:54:02 2022
batch 30, train loss = 0.10, mean loss = 0.36
Mon Jan 31 05:54:56 2022
batch 40, train loss = 0.11, mean loss = 0.36
Mon Jan 31 05:55:50 2022
batch 50, train loss = 0.12, mean loss = 0.37
Mon Jan 31 05:56:44 2022
batch 60, train loss = 0.08, mean loss = 0.36
Mon Jan 31 05:57:37 2022
train Loss: 0.37

batch 0, val loss = 0.02, mean loss = 0.02
Mon Jan 31 05:58:28 2022
batch 10, val loss = 0.02, mean loss = 0.02
Mon Jan 31 05:59:22 2022
val Loss: 0.02

epoch 43 was done for 469.886258 seconds
Epoch 44/299
----------
Mon Jan 31 05:59:59 2022
batch 0, train loss = 0.10, mean loss = 0.10
Mon Jan 31 06:00:05 2022
batch 10, train loss = 0.11, mean loss = 0.35
Mon Jan 31 06:00:59 2022
batch 20, train loss = 0.12, mean loss = 0.36
Mon Jan 31 06:01:53 2022
batch 30, train loss = 0.10, mean loss = 0.36
Mon Jan 31 06:02:47 2022
batch 40, train loss = 0.11, mean loss = 0.37
Mon Jan 31 06:03:41 2022
batch 50, train loss = 0.12, mean loss = 0.37
Mon Jan 31 06:04:35 2022
batch 60, train loss = 0.08, mean loss = 0.37
Mon Jan 31 06:05:30 2022
train Loss: 0.37

batch 0, val loss = 0.02, mean loss = 0.02
Mon Jan 31 06:06:20 2022
batch 10, val loss = 0.02, mean loss = 0.02
Mon Jan 31 06:07:15 2022
val Loss: 0.02

epoch 44 was done for 473.607661 seconds
Epoch 45/299
----------
Mon Jan 31 06:07:53 2022
batch 0, train loss = 0.10, mean loss = 0.10
Mon Jan 31 06:07:58 2022
batch 10, train loss = 0.11, mean loss = 0.35
Mon Jan 31 06:08:52 2022
batch 20, train loss = 0.11, mean loss = 0.36
Mon Jan 31 06:09:46 2022
batch 30, train loss = 0.09, mean loss = 0.36
Mon Jan 31 06:10:40 2022
batch 40, train loss = 0.10, mean loss = 0.37
Mon Jan 31 06:11:34 2022
batch 50, train loss = 0.12, mean loss = 0.37
Mon Jan 31 06:12:27 2022
batch 60, train loss = 0.08, mean loss = 0.37
Mon Jan 31 06:13:21 2022
train Loss: 0.37

batch 0, val loss = 0.02, mean loss = 0.02
Mon Jan 31 06:14:12 2022
batch 10, val loss = 0.02, mean loss = 0.02
Mon Jan 31 06:15:07 2022
val Loss: 0.02

epoch 45 was done for 471.489301 seconds
Epoch 46/299
----------
Mon Jan 31 06:15:44 2022
batch 0, train loss = 0.09, mean loss = 0.09
Mon Jan 31 06:15:50 2022
batch 10, train loss = 0.10, mean loss = 0.35
Mon Jan 31 06:16:44 2022
batch 20, train loss = 0.11, mean loss = 0.37
Mon Jan 31 06:17:38 2022
batch 30, train loss = 0.09, mean loss = 0.37
Mon Jan 31 06:18:32 2022
batch 40, train loss = 0.10, mean loss = 0.37
Mon Jan 31 06:19:26 2022
batch 50, train loss = 0.12, mean loss = 0.37
Mon Jan 31 06:20:19 2022
batch 60, train loss = 0.07, mean loss = 0.37
Mon Jan 31 06:21:13 2022
train Loss: 0.38

batch 0, val loss = 0.02, mean loss = 0.02
Mon Jan 31 06:22:04 2022
batch 10, val loss = 0.02, mean loss = 0.02
Mon Jan 31 06:22:58 2022
val Loss: 0.02

epoch 46 was done for 471.114928 seconds
Epoch 47/299
----------
Mon Jan 31 06:23:35 2022
batch 0, train loss = 0.09, mean loss = 0.09
Mon Jan 31 06:23:41 2022
batch 10, train loss = 0.10, mean loss = 0.36
Mon Jan 31 06:24:35 2022
batch 20, train loss = 0.11, mean loss = 0.37
Mon Jan 31 06:25:29 2022
batch 30, train loss = 0.09, mean loss = 0.37
Mon Jan 31 06:26:23 2022
batch 40, train loss = 0.09, mean loss = 0.37
Mon Jan 31 06:27:18 2022
batch 50, train loss = 0.11, mean loss = 0.38
Mon Jan 31 06:28:12 2022
batch 60, train loss = 0.07, mean loss = 0.37
Mon Jan 31 06:29:06 2022
train Loss: 0.38

batch 0, val loss = 0.02, mean loss = 0.02
Mon Jan 31 06:29:56 2022
batch 10, val loss = 0.02, mean loss = 0.02
Mon Jan 31 06:30:51 2022
val Loss: 0.02

epoch 47 was done for 473.553638 seconds
Epoch 48/299
----------
Mon Jan 31 06:31:29 2022
batch 0, train loss = 0.09, mean loss = 0.09
Mon Jan 31 06:31:34 2022
batch 10, train loss = 0.10, mean loss = 0.36
Mon Jan 31 06:32:28 2022
batch 20, train loss = 0.10, mean loss = 0.37
Mon Jan 31 06:33:24 2022
batch 30, train loss = 0.08, mean loss = 0.37
Mon Jan 31 06:34:32 2022
batch 40, train loss = 0.09, mean loss = 0.38
Mon Jan 31 06:35:29 2022
batch 50, train loss = 0.11, mean loss = 0.38
Mon Jan 31 06:36:24 2022
batch 60, train loss = 0.07, mean loss = 0.38
Mon Jan 31 06:37:19 2022
train Loss: 0.38

batch 0, val loss = 0.02, mean loss = 0.02
Mon Jan 31 06:38:10 2022
batch 10, val loss = 0.02, mean loss = 0.02
Mon Jan 31 06:39:04 2022
val Loss: 0.02

epoch 48 was done for 492.716062 seconds
Epoch 49/299
----------
Mon Jan 31 06:39:42 2022
batch 0, train loss = 0.08, mean loss = 0.08
Mon Jan 31 06:39:47 2022
batch 10, train loss = 0.10, mean loss = 0.36
Mon Jan 31 06:40:41 2022
batch 20, train loss = 0.10, mean loss = 0.38
Mon Jan 31 06:41:35 2022
batch 30, train loss = 0.08, mean loss = 0.38
Mon Jan 31 06:42:29 2022
batch 40, train loss = 0.09, mean loss = 0.38
Mon Jan 31 06:43:23 2022
batch 50, train loss = 0.11, mean loss = 0.38
Mon Jan 31 06:44:17 2022
batch 60, train loss = 0.07, mean loss = 0.38
Mon Jan 31 06:45:11 2022
train Loss: 0.39

batch 0, val loss = 0.02, mean loss = 0.02
Mon Jan 31 06:46:01 2022
batch 10, val loss = 0.02, mean loss = 0.02
Mon Jan 31 06:46:56 2022
val Loss: 0.02

epoch 49 was done for 471.200902 seconds
Epoch 50/299
----------
Mon Jan 31 06:47:33 2022
batch 0, train loss = 0.08, mean loss = 0.08
Mon Jan 31 06:47:38 2022
batch 10, train loss = 0.09, mean loss = 0.37
Mon Jan 31 06:48:31 2022
batch 20, train loss = 0.09, mean loss = 0.38
Mon Jan 31 06:49:25 2022
batch 30, train loss = 0.07, mean loss = 0.38
Mon Jan 31 06:50:18 2022
batch 40, train loss = 0.08, mean loss = 0.38
Mon Jan 31 06:51:11 2022
batch 50, train loss = 0.11, mean loss = 0.39
Mon Jan 31 06:52:05 2022
batch 60, train loss = 0.06, mean loss = 0.38
Mon Jan 31 06:52:58 2022
train Loss: 0.39

batch 0, val loss = 0.02, mean loss = 0.02
Mon Jan 31 06:53:49 2022
batch 10, val loss = 0.02, mean loss = 0.02
Mon Jan 31 06:54:44 2022
val Loss: 0.02

epoch 50 was done for 468.082473 seconds
Epoch 51/299
----------
Mon Jan 31 06:55:21 2022
batch 0, train loss = 0.08, mean loss = 0.08
Mon Jan 31 06:55:26 2022
batch 10, train loss = 0.09, mean loss = 0.37
Mon Jan 31 06:56:20 2022
batch 20, train loss = 0.09, mean loss = 0.39
Mon Jan 31 06:57:14 2022
batch 30, train loss = 0.07, mean loss = 0.38
Mon Jan 31 06:58:07 2022
batch 40, train loss = 0.08, mean loss = 0.39
Mon Jan 31 06:59:01 2022
batch 50, train loss = 0.11, mean loss = 0.39
Mon Jan 31 06:59:54 2022
batch 60, train loss = 0.06, mean loss = 0.39
Mon Jan 31 07:00:48 2022
train Loss: 0.39

batch 0, val loss = 0.02, mean loss = 0.02
Mon Jan 31 07:01:38 2022
batch 10, val loss = 0.02, mean loss = 0.02
Mon Jan 31 07:02:33 2022
val Loss: 0.02

epoch 51 was done for 469.105167 seconds
Epoch 52/299
----------
Mon Jan 31 07:03:10 2022
batch 0, train loss = 0.07, mean loss = 0.07
Mon Jan 31 07:03:16 2022
batch 10, train loss = 0.09, mean loss = 0.38
Mon Jan 31 07:04:10 2022
batch 20, train loss = 0.09, mean loss = 0.39
Mon Jan 31 07:05:04 2022
batch 30, train loss = 0.07, mean loss = 0.39
Mon Jan 31 07:05:58 2022
batch 40, train loss = 0.08, mean loss = 0.39
Mon Jan 31 07:06:52 2022
batch 50, train loss = 0.11, mean loss = 0.40
Mon Jan 31 07:07:46 2022
batch 60, train loss = 0.06, mean loss = 0.39
Mon Jan 31 07:08:40 2022
train Loss: 0.40

batch 0, val loss = 0.02, mean loss = 0.02
Mon Jan 31 07:09:31 2022
batch 10, val loss = 0.02, mean loss = 0.02
Mon Jan 31 07:10:26 2022
val Loss: 0.02

epoch 52 was done for 473.191135 seconds
Epoch 53/299
----------
Mon Jan 31 07:11:03 2022
batch 0, train loss = 0.07, mean loss = 0.07
Mon Jan 31 07:11:09 2022
batch 10, train loss = 0.09, mean loss = 0.38
Mon Jan 31 07:12:02 2022
batch 20, train loss = 0.08, mean loss = 0.40
Mon Jan 31 07:12:55 2022
batch 30, train loss = 0.07, mean loss = 0.39
Mon Jan 31 07:13:49 2022
batch 40, train loss = 0.08, mean loss = 0.40
Mon Jan 31 07:14:43 2022
batch 50, train loss = 0.11, mean loss = 0.40
Mon Jan 31 07:15:36 2022
batch 60, train loss = 0.06, mean loss = 0.40
Mon Jan 31 07:16:30 2022
train Loss: 0.40

batch 0, val loss = 0.02, mean loss = 0.02
Mon Jan 31 07:17:20 2022
batch 10, val loss = 0.02, mean loss = 0.02
Mon Jan 31 07:18:14 2022
val Loss: 0.02

epoch 53 was done for 468.284479 seconds
Epoch 54/299
----------
Mon Jan 31 07:18:52 2022
batch 0, train loss = 0.07, mean loss = 0.07
Mon Jan 31 07:18:57 2022
batch 10, train loss = 0.08, mean loss = 0.39
Mon Jan 31 07:19:51 2022
batch 20, train loss = 0.08, mean loss = 0.40
Mon Jan 31 07:20:45 2022
batch 30, train loss = 0.06, mean loss = 0.40
Mon Jan 31 07:21:39 2022
batch 40, train loss = 0.07, mean loss = 0.40
Mon Jan 31 07:22:33 2022
batch 50, train loss = 0.11, mean loss = 0.41
Mon Jan 31 07:23:27 2022
batch 60, train loss = 0.06, mean loss = 0.40
Mon Jan 31 07:24:21 2022
train Loss: 0.41

batch 0, val loss = 0.02, mean loss = 0.02
Mon Jan 31 07:25:11 2022
batch 10, val loss = 0.02, mean loss = 0.02
Mon Jan 31 07:26:05 2022
val Loss: 0.02

epoch 54 was done for 471.119353 seconds
Epoch 55/299
----------
Mon Jan 31 07:26:43 2022
batch 0, train loss = 0.07, mean loss = 0.07
Mon Jan 31 07:26:48 2022
batch 10, train loss = 0.08, mean loss = 0.39
Mon Jan 31 07:27:43 2022
batch 20, train loss = 0.08, mean loss = 0.41
Mon Jan 31 07:28:37 2022
batch 30, train loss = 0.06, mean loss = 0.40
Mon Jan 31 07:29:31 2022
batch 40, train loss = 0.07, mean loss = 0.41
Mon Jan 31 07:30:26 2022
batch 50, train loss = 0.11, mean loss = 0.41
Mon Jan 31 07:31:20 2022
batch 60, train loss = 0.06, mean loss = 0.41
Mon Jan 31 07:32:15 2022
train Loss: 0.42

batch 0, val loss = 0.02, mean loss = 0.02
Mon Jan 31 07:33:06 2022
batch 10, val loss = 0.02, mean loss = 0.02
Mon Jan 31 07:34:01 2022
val Loss: 0.02

epoch 55 was done for 475.590267 seconds
Epoch 56/299
----------
Mon Jan 31 07:34:38 2022
batch 0, train loss = 0.06, mean loss = 0.06
Mon Jan 31 07:34:44 2022
batch 10, train loss = 0.08, mean loss = 0.40
Mon Jan 31 07:35:38 2022
batch 20, train loss = 0.08, mean loss = 0.42
Mon Jan 31 07:36:32 2022
batch 30, train loss = 0.06, mean loss = 0.41
Mon Jan 31 07:37:26 2022
batch 40, train loss = 0.07, mean loss = 0.41
Mon Jan 31 07:38:20 2022
batch 50, train loss = 0.11, mean loss = 0.42
Mon Jan 31 07:39:14 2022
batch 60, train loss = 0.06, mean loss = 0.42
Mon Jan 31 07:40:11 2022
train Loss: 0.42

batch 0, val loss = 0.02, mean loss = 0.02
Mon Jan 31 07:41:06 2022
batch 10, val loss = 0.02, mean loss = 0.02
Mon Jan 31 07:42:01 2022
val Loss: 0.02

epoch 56 was done for 480.158671 seconds
Epoch 57/299
----------
Mon Jan 31 07:42:38 2022
batch 0, train loss = 0.06, mean loss = 0.06
Mon Jan 31 07:42:44 2022
batch 10, train loss = 0.08, mean loss = 0.41
Mon Jan 31 07:43:38 2022
batch 20, train loss = 0.08, mean loss = 0.43
Mon Jan 31 07:44:32 2022
batch 30, train loss = 0.06, mean loss = 0.42
Mon Jan 31 07:45:29 2022
batch 40, train loss = 0.07, mean loss = 0.42
Mon Jan 31 07:46:23 2022
batch 50, train loss = 0.11, mean loss = 0.43
Mon Jan 31 07:47:17 2022
batch 60, train loss = 0.06, mean loss = 0.43
Mon Jan 31 07:48:13 2022
train Loss: 0.43

batch 0, val loss = 0.02, mean loss = 0.02
Mon Jan 31 07:49:03 2022
batch 10, val loss = 0.02, mean loss = 0.02
Mon Jan 31 07:49:57 2022
val Loss: 0.02

epoch 57 was done for 476.304604 seconds
Epoch 58/299
----------
Mon Jan 31 07:50:35 2022
batch 0, train loss = 0.06, mean loss = 0.06
Mon Jan 31 07:50:40 2022
batch 10, train loss = 0.08, mean loss = 0.42
Mon Jan 31 07:51:34 2022
batch 20, train loss = 0.08, mean loss = 0.44
Mon Jan 31 07:52:29 2022
batch 30, train loss = 0.06, mean loss = 0.43
Mon Jan 31 07:53:23 2022
batch 40, train loss = 0.07, mean loss = 0.43
Mon Jan 31 07:54:17 2022
batch 50, train loss = 0.12, mean loss = 0.44
Mon Jan 31 07:55:12 2022
batch 60, train loss = 0.06, mean loss = 0.44
Mon Jan 31 07:56:06 2022
train Loss: 0.44

batch 0, val loss = 0.02, mean loss = 0.02
Mon Jan 31 07:56:57 2022
batch 10, val loss = 0.02, mean loss = 0.02
Mon Jan 31 07:57:52 2022
val Loss: 0.02

epoch 58 was done for 475.819128 seconds
Epoch 59/299
----------
Mon Jan 31 07:58:31 2022
batch 0, train loss = 0.06, mean loss = 0.06
Mon Jan 31 07:58:36 2022
batch 10, train loss = 0.08, mean loss = 0.43
Mon Jan 31 07:59:33 2022
batch 20, train loss = 0.08, mean loss = 0.46
Mon Jan 31 08:00:29 2022
batch 30, train loss = 0.06, mean loss = 0.44
Mon Jan 31 08:01:27 2022
batch 40, train loss = 0.06, mean loss = 0.44
Mon Jan 31 08:02:32 2022
batch 50, train loss = 0.12, mean loss = 0.45
Mon Jan 31 08:03:36 2022
batch 60, train loss = 0.07, mean loss = 0.45
Mon Jan 31 08:04:43 2022
train Loss: 0.45

batch 0, val loss = 0.02, mean loss = 0.02
Mon Jan 31 08:05:43 2022
batch 10, val loss = 0.02, mean loss = 0.02
Mon Jan 31 08:06:42 2022
val Loss: 0.02

epoch 59 was done for 530.020694 seconds
Epoch 60/299
----------
Mon Jan 31 08:07:21 2022
batch 0, train loss = 0.06, mean loss = 0.06
Mon Jan 31 08:07:26 2022
batch 10, train loss = 0.08, mean loss = 0.45
Mon Jan 31 08:08:21 2022
batch 20, train loss = 0.08, mean loss = 0.47
Mon Jan 31 08:09:16 2022
batch 30, train loss = 0.06, mean loss = 0.45
Mon Jan 31 08:10:11 2022
batch 40, train loss = 0.07, mean loss = 0.45
Mon Jan 31 08:11:05 2022
batch 50, train loss = 0.12, mean loss = 0.46
Mon Jan 31 08:11:59 2022
batch 60, train loss = 0.07, mean loss = 0.46
Mon Jan 31 08:12:53 2022
train Loss: 0.46

batch 0, val loss = 0.02, mean loss = 0.02
Mon Jan 31 08:13:43 2022
batch 10, val loss = 0.02, mean loss = 0.02
Mon Jan 31 08:14:38 2022
val Loss: 0.02

epoch 60 was done for 474.934388 seconds
Epoch 61/299
----------
Mon Jan 31 08:15:15 2022
batch 0, train loss = 0.06, mean loss = 0.06
Mon Jan 31 08:15:21 2022
batch 10, train loss = 0.09, mean loss = 0.46
Mon Jan 31 08:16:15 2022
batch 20, train loss = 0.09, mean loss = 0.49
Mon Jan 31 08:17:10 2022
batch 30, train loss = 0.07, mean loss = 0.47
Mon Jan 31 08:18:04 2022
batch 40, train loss = 0.07, mean loss = 0.47
Mon Jan 31 08:18:58 2022
batch 50, train loss = 0.14, mean loss = 0.49
Mon Jan 31 08:19:52 2022
batch 60, train loss = 0.08, mean loss = 0.48
Mon Jan 31 08:20:46 2022
train Loss: 0.49

batch 0, val loss = 0.02, mean loss = 0.02
Mon Jan 31 08:21:37 2022
batch 10, val loss = 0.02, mean loss = 0.02
Mon Jan 31 08:22:32 2022
val Loss: 0.02

epoch 61 was done for 474.130965 seconds
Epoch 62/299
----------
Mon Jan 31 08:23:10 2022
batch 0, train loss = 0.06, mean loss = 0.06
Mon Jan 31 08:23:15 2022
batch 10, train loss = 0.09, mean loss = 0.48
Mon Jan 31 08:24:09 2022
batch 20, train loss = 0.10, mean loss = 0.51
Mon Jan 31 08:25:03 2022
batch 30, train loss = 0.07, mean loss = 0.49
Mon Jan 31 08:25:56 2022
batch 40, train loss = 0.06, mean loss = 0.49
Mon Jan 31 08:26:50 2022
batch 50, train loss = 0.15, mean loss = 0.51
Mon Jan 31 08:27:47 2022
batch 60, train loss = 0.09, mean loss = 0.51
Mon Jan 31 08:28:42 2022
train Loss: 0.50

batch 0, val loss = 0.02, mean loss = 0.02
Mon Jan 31 08:29:32 2022
batch 10, val loss = 0.02, mean loss = 0.02
Mon Jan 31 08:30:29 2022
val Loss: 0.02

epoch 62 was done for 476.228205 seconds
Epoch 63/299
----------
Mon Jan 31 08:31:06 2022
batch 0, train loss = 0.06, mean loss = 0.06
Mon Jan 31 08:31:11 2022
batch 10, train loss = 0.09, mean loss = 0.50
Mon Jan 31 08:32:08 2022
batch 20, train loss = 0.11, mean loss = 0.55
Mon Jan 31 08:33:04 2022
batch 30, train loss = 0.08, mean loss = 0.52
Mon Jan 31 08:33:59 2022
batch 40, train loss = 0.07, mean loss = 0.51
Mon Jan 31 08:34:59 2022
batch 50, train loss = 0.16, mean loss = 0.53
Mon Jan 31 08:35:53 2022
batch 60, train loss = 0.11, mean loss = 0.53
Mon Jan 31 08:36:47 2022
train Loss: 0.53

batch 0, val loss = 0.02, mean loss = 0.02
Mon Jan 31 08:37:43 2022
batch 10, val loss = 0.02, mean loss = 0.02
Mon Jan 31 08:38:43 2022
val Loss: 0.02

epoch 63 was done for 498.475714 seconds
Epoch 64/299
----------
Mon Jan 31 08:39:24 2022
batch 0, train loss = 0.07, mean loss = 0.07
Mon Jan 31 08:39:30 2022
batch 10, train loss = 0.10, mean loss = 0.52
Mon Jan 31 08:40:28 2022
batch 20, train loss = 0.12, mean loss = 0.58
Mon Jan 31 08:41:25 2022
batch 30, train loss = 0.10, mean loss = 0.55
Mon Jan 31 08:42:25 2022
batch 40, train loss = 0.07, mean loss = 0.54
Mon Jan 31 08:43:26 2022
batch 50, train loss = 0.18, mean loss = 0.56
Mon Jan 31 08:44:27 2022
batch 60, train loss = 0.14, mean loss = 0.57
Mon Jan 31 08:45:27 2022
train Loss: 0.56

batch 0, val loss = 0.03, mean loss = 0.03
Mon Jan 31 08:46:24 2022
batch 10, val loss = 0.03, mean loss = 0.03
Mon Jan 31 08:47:24 2022
val Loss: 0.03

epoch 64 was done for 521.033777 seconds
Epoch 65/299
----------
Mon Jan 31 08:48:05 2022
batch 0, train loss = 0.08, mean loss = 0.08
Mon Jan 31 08:48:11 2022
batch 10, train loss = 0.11, mean loss = 0.54
Mon Jan 31 08:49:10 2022
batch 20, train loss = 0.15, mean loss = 0.62
Mon Jan 31 08:50:12 2022
batch 30, train loss = 0.12, mean loss = 0.59
Mon Jan 31 08:51:16 2022
batch 40, train loss = 0.08, mean loss = 0.57
Mon Jan 31 08:52:16 2022
batch 50, train loss = 0.21, mean loss = 0.60
Mon Jan 31 08:53:16 2022
batch 60, train loss = 0.17, mean loss = 0.61
Mon Jan 31 08:54:15 2022
train Loss: 0.60

batch 0, val loss = 0.03, mean loss = 0.03
Mon Jan 31 08:55:09 2022
batch 10, val loss = 0.03, mean loss = 0.03
Mon Jan 31 08:56:03 2022
val Loss: 0.03

epoch 65 was done for 515.912652 seconds
Epoch 66/299
----------
Mon Jan 31 08:56:41 2022
batch 0, train loss = 0.09, mean loss = 0.09
Mon Jan 31 08:56:47 2022
batch 10, train loss = 0.12, mean loss = 0.58
Mon Jan 31 08:57:41 2022
batch 20, train loss = 0.18, mean loss = 0.68
Mon Jan 31 08:58:35 2022
batch 30, train loss = 0.17, mean loss = 0.65
Mon Jan 31 08:59:42 2022
batch 40, train loss = 0.08, mean loss = 0.62
Mon Jan 31 09:00:48 2022
batch 50, train loss = 0.22, mean loss = 0.65
Mon Jan 31 09:01:56 2022
batch 60, train loss = 0.22, mean loss = 0.67
Mon Jan 31 09:03:03 2022
train Loss: 0.66

batch 0, val loss = 0.03, mean loss = 0.03
Mon Jan 31 09:04:07 2022
batch 10, val loss = 0.02, mean loss = 0.02
Mon Jan 31 09:05:14 2022
val Loss: 0.02

epoch 66 was done for 559.029836 seconds
Epoch 67/299
----------
Mon Jan 31 09:06:00 2022
batch 0, train loss = 0.15, mean loss = 0.15
Mon Jan 31 09:06:07 2022
batch 10, train loss = 0.15, mean loss = 0.64
Mon Jan 31 09:07:14 2022
batch 20, train loss = 0.22, mean loss = 0.76
Mon Jan 31 09:08:27 2022
batch 30, train loss = 0.21, mean loss = 0.73
Mon Jan 31 09:09:34 2022
batch 40, train loss = 0.10, mean loss = 0.69
Mon Jan 31 09:10:41 2022
batch 50, train loss = 0.26, mean loss = 0.72
Mon Jan 31 09:11:49 2022
batch 60, train loss = 0.27, mean loss = 0.74
Mon Jan 31 09:12:56 2022
train Loss: 0.73

batch 0, val loss = 0.03, mean loss = 0.03
Mon Jan 31 09:13:59 2022
batch 10, val loss = 0.03, mean loss = 0.02
Mon Jan 31 09:15:06 2022
val Loss: 0.02

epoch 67 was done for 591.075035 seconds
Epoch 68/299
----------
Mon Jan 31 09:15:51 2022
batch 0, train loss = 0.16, mean loss = 0.16
Mon Jan 31 09:15:58 2022
batch 10, train loss = 0.14, mean loss = 0.62
Mon Jan 31 09:17:04 2022
batch 20, train loss = 0.29, mean loss = 0.80
Mon Jan 31 09:18:12 2022
batch 30, train loss = 0.37, mean loss = 0.82
Mon Jan 31 09:19:19 2022
batch 40, train loss = 0.30, mean loss = 0.80
Mon Jan 31 09:20:26 2022
batch 50, train loss = 0.22, mean loss = 0.80
Mon Jan 31 09:21:33 2022
batch 60, train loss = 0.29, mean loss = 0.82
Mon Jan 31 09:22:41 2022
train Loss: 0.81

batch 0, val loss = 0.02, mean loss = 0.02
Mon Jan 31 09:23:44 2022
batch 10, val loss = 0.02, mean loss = 0.02
Mon Jan 31 09:24:51 2022
val Loss: 0.02

epoch 68 was done for 586.560532 seconds
Epoch 69/299
----------
Mon Jan 31 09:25:38 2022
batch 0, train loss = 0.26, mean loss = 0.26
Mon Jan 31 09:25:44 2022
batch 10, train loss = 0.11, mean loss = 0.55
Mon Jan 31 09:26:51 2022
batch 20, train loss = 0.24, mean loss = 0.70
Mon Jan 31 09:27:59 2022
batch 30, train loss = 0.25, mean loss = 0.70
Mon Jan 31 09:29:07 2022
batch 40, train loss = 0.09, mean loss = 0.65
Mon Jan 31 09:30:14 2022
batch 50, train loss = 0.23, mean loss = 0.68
Mon Jan 31 09:31:22 2022
batch 60, train loss = 0.23, mean loss = 0.70
Mon Jan 31 09:32:29 2022
train Loss: 0.70

batch 0, val loss = 0.02, mean loss = 0.02
Mon Jan 31 09:33:32 2022
batch 10, val loss = 0.02, mean loss = 0.02
Mon Jan 31 09:34:39 2022
val Loss: 0.02

epoch 69 was done for 586.752087 seconds
Epoch 70/299
----------
Mon Jan 31 09:35:25 2022
batch 0, train loss = 0.19, mean loss = 0.19
Mon Jan 31 09:35:31 2022
batch 10, train loss = 0.13, mean loss = 0.61
Mon Jan 31 09:36:39 2022
batch 20, train loss = 0.22, mean loss = 0.74
Mon Jan 31 09:37:46 2022
batch 30, train loss = 0.26, mean loss = 0.75
Mon Jan 31 09:38:53 2022
batch 40, train loss = 0.14, mean loss = 0.71
Mon Jan 31 09:40:00 2022
batch 50, train loss = 0.24, mean loss = 0.73
Mon Jan 31 09:41:08 2022
batch 60, train loss = 0.31, mean loss = 0.77
Mon Jan 31 09:42:15 2022
train Loss: 0.77

batch 0, val loss = 0.02, mean loss = 0.02
Mon Jan 31 09:43:18 2022
batch 10, val loss = 0.02, mean loss = 0.03
Mon Jan 31 09:44:25 2022
val Loss: 0.03

epoch 70 was done for 586.047649 seconds
Epoch 71/299
----------
Mon Jan 31 09:45:11 2022
batch 0, train loss = 0.29, mean loss = 0.29
Mon Jan 31 09:45:16 2022
batch 10, train loss = 0.14, mean loss = 0.62
Mon Jan 31 09:46:25 2022
batch 20, train loss = 0.28, mean loss = 0.82
Mon Jan 31 09:47:32 2022
batch 30, train loss = 0.41, mean loss = 0.89
Mon Jan 31 09:48:39 2022
batch 40, train loss = 0.23, mean loss = 0.84
Mon Jan 31 09:49:46 2022
batch 50, train loss = 0.26, mean loss = 0.85
Mon Jan 31 09:50:56 2022
batch 60, train loss = 0.46, mean loss = 0.91
Mon Jan 31 09:52:03 2022
train Loss: 0.93

batch 0, val loss = 0.02, mean loss = 0.02
Mon Jan 31 09:53:06 2022
batch 10, val loss = 0.03, mean loss = 0.03
Mon Jan 31 09:54:13 2022
val Loss: 0.03

epoch 71 was done for 588.071227 seconds
Epoch 72/299
----------
Mon Jan 31 09:54:59 2022
batch 0, train loss = 0.49, mean loss = 0.49
Mon Jan 31 09:55:05 2022
batch 10, train loss = 0.22, mean loss = 0.72
Mon Jan 31 09:56:11 2022
batch 20, train loss = 0.30, mean loss = 0.90
Mon Jan 31 09:57:18 2022
batch 30, train loss = 0.69, mean loss = 1.07
Mon Jan 31 09:58:25 2022
batch 40, train loss = 0.39, mean loss = 1.02
Mon Jan 31 09:59:33 2022
batch 50, train loss = 0.30, mean loss = 1.02
Mon Jan 31 10:00:42 2022
batch 60, train loss = 0.61, mean loss = 1.10
Mon Jan 31 10:01:48 2022
train Loss: 1.13

batch 0, val loss = 0.03, mean loss = 0.03
Mon Jan 31 10:02:51 2022
batch 10, val loss = 0.02, mean loss = 0.02
Mon Jan 31 10:03:58 2022
val Loss: 0.02

epoch 72 was done for 584.158287 seconds
Epoch 73/299
----------
Mon Jan 31 10:04:43 2022
batch 0, train loss = 0.71, mean loss = 0.71
Mon Jan 31 10:04:49 2022
batch 10, train loss = 0.27, mean loss = 0.80
Mon Jan 31 10:05:56 2022
batch 20, train loss = 0.34, mean loss = 0.96
Mon Jan 31 10:07:04 2022
batch 30, train loss = 0.70, mean loss = 1.12
Mon Jan 31 10:08:11 2022
batch 40, train loss = 0.37, mean loss = 1.05
Mon Jan 31 10:09:17 2022
batch 50, train loss = 0.25, mean loss = 1.02
Mon Jan 31 10:10:25 2022
batch 60, train loss = 0.45, mean loss = 1.07
Mon Jan 31 10:11:31 2022
train Loss: 1.11

batch 0, val loss = 0.02, mean loss = 0.02
Mon Jan 31 10:12:34 2022
batch 10, val loss = 0.03, mean loss = 0.02
Mon Jan 31 10:13:42 2022
val Loss: 0.02

epoch 73 was done for 585.242422 seconds
Epoch 74/299
----------
Mon Jan 31 10:14:28 2022
batch 0, train loss = 0.68, mean loss = 0.68
Mon Jan 31 10:14:34 2022
batch 10, train loss = 0.24, mean loss = 0.75
Mon Jan 31 10:15:40 2022
batch 20, train loss = 0.26, mean loss = 0.88
Mon Jan 31 10:16:46 2022
batch 30, train loss = 0.72, mean loss = 1.10
Mon Jan 31 10:17:52 2022
batch 40, train loss = 0.62, mean loss = 1.11
Mon Jan 31 10:18:59 2022
batch 50, train loss = 0.25, mean loss = 1.06
Mon Jan 31 10:20:06 2022
batch 60, train loss = 0.56, mean loss = 1.15
Mon Jan 31 10:21:13 2022
train Loss: 1.26

batch 0, val loss = 0.02, mean loss = 0.02
Mon Jan 31 10:22:18 2022
batch 10, val loss = 0.03, mean loss = 0.02
Mon Jan 31 10:23:25 2022
val Loss: 0.02

epoch 74 was done for 582.554252 seconds
Epoch 75/299
----------
Mon Jan 31 10:24:11 2022
batch 0, train loss = 1.13, mean loss = 1.13
Mon Jan 31 10:24:17 2022
batch 10, train loss = 0.66, mean loss = 1.21
Mon Jan 31 10:25:24 2022
batch 20, train loss = 0.29, mean loss = 1.14
Mon Jan 31 10:26:30 2022
batch 30, train loss = 0.89, mean loss = 1.38
Mon Jan 31 10:27:37 2022
batch 40, train loss = 1.10, mean loss = 1.47
Mon Jan 31 10:28:43 2022
batch 50, train loss = 0.51, mean loss = 1.38
Mon Jan 31 10:29:49 2022
batch 60, train loss = 0.44, mean loss = 1.37
Mon Jan 31 10:30:55 2022
train Loss: 1.54

batch 0, val loss = 0.02, mean loss = 0.02
Mon Jan 31 10:31:58 2022
batch 10, val loss = 0.02, mean loss = 0.02
Mon Jan 31 10:33:04 2022
val Loss: 0.02

epoch 75 was done for 578.295643 seconds
Epoch 76/299
----------
Mon Jan 31 10:33:49 2022
batch 0, train loss = 1.69, mean loss = 1.69
Mon Jan 31 10:33:55 2022
batch 10, train loss = 1.11, mean loss = 1.68
Mon Jan 31 10:35:02 2022
batch 20, train loss = 0.37, mean loss = 1.36
Mon Jan 31 10:36:09 2022
batch 30, train loss = 0.99, mean loss = 1.57
Mon Jan 31 10:37:15 2022
batch 40, train loss = 1.60, mean loss = 1.76
Mon Jan 31 10:38:21 2022
batch 50, train loss = 0.64, mean loss = 1.65
Mon Jan 31 10:39:27 2022
batch 60, train loss = 0.37, mean loss = 1.56
Mon Jan 31 10:40:32 2022
train Loss: 1.73

batch 0, val loss = 0.02, mean loss = 0.02
Mon Jan 31 10:41:35 2022
batch 10, val loss = 0.03, mean loss = 0.03
Mon Jan 31 10:42:41 2022
val Loss: 0.03

epoch 76 was done for 577.707893 seconds
Epoch 77/299
----------
Mon Jan 31 10:43:27 2022
batch 0, train loss = 1.86, mean loss = 1.86
Mon Jan 31 10:43:33 2022
batch 10, train loss = 1.61, mean loss = 2.16
Mon Jan 31 10:44:39 2022
batch 20, train loss = 0.54, mean loss = 1.63
Mon Jan 31 10:45:45 2022
batch 30, train loss = 0.73, mean loss = 1.63
Mon Jan 31 10:46:51 2022
batch 40, train loss = 2.13, mean loss = 1.97
Mon Jan 31 10:47:57 2022
batch 50, train loss = 1.41, mean loss = 1.97
Mon Jan 31 10:49:04 2022
batch 60, train loss = 0.45, mean loss = 1.79
Mon Jan 31 10:50:10 2022
train Loss: 1.91

batch 0, val loss = 0.02, mean loss = 0.02
Mon Jan 31 10:51:12 2022
