The activation script must be sourced, otherwise the virtual environment will not work.
Setting vars
iscuda= True
opt.wandb =  
93
iscuda= True
opt.wandb =  
file to frame csv ../../csv/598frame.csv
93
file to frame csv ../../csv/598frame.csv
iscuda= True
opt.wandb =  
93
file to frame csv ../../csv/598frame.csv
iscuda= True
PyTorch Version:  1.8.1
Torchvision Version:  0.9.0a0
opt:
 Namespace(ampl=441, aug_gt='orient', batch_output=2, bs=15, cencrop=700, center=False, chidden_dim=[96, 128, 256, 256, 256], classicnorm=False, cmscrop=0, conTrain='', criterion='L2', csvname='598csv9', datapath='/p/project/delia-mp/cherepashkin1/phenoseed/', dfname='598frame', downsample=1, epoch=300, expdescr='', expnum='e068', feature_extract=False, framelim=6000, gradient_predivide_factor=1.0, gttype='single_file', haf=True, hidden_dim=[9], inputt='img', kernel_sizes=[7, 3, 3, 3, 3, 3], lb='orient', loadh5=False, localexp='', lr=5e-05, machine='jureca', maintain=False, maintain_line=False, man_dist=False, measure_time=False, merging='batch', minmax=False, minmax3dimage=False, minmax_f=True, minmax_fn='', model_name='', netname=['cnet'], ngpu=4, noise_input=False, noise_output=False, normalize=False, num_input_images=3, num_sam_points=500, num_workers=0, outputt='orient', parallel='horovod', pin_memory=False, print_minibatch=10, pscale=100, rand_angle=False, rescale=500, rot_dirs=False, rotate_output=False, save_output=True, single_folder=False, specie='598', standardize=255, steplr=[1000.0, 1.0], transappendix='_image', ufmodel=100000, updateFraction=0.25, use_adasum=False, use_cuda=True, use_existing_csv=True, use_pretrained=False, use_sep_csv=True, view_sep=False, wandb='', weight_decay=0, zero_angle=True)
sys.argv:
 ['../../main.py', '-datapath', '/p/project/delia-mp/cherepashkin1/phenoseed/', '-epoch', '300', '-bs', '15', '-num_input_images', '3', '-framelim', '6000', '-criterion', 'L2', '-localexp', '', '-lr', '5e-5', '-expnum', 'e068', '-hidden_dim', '9', '-inputt', 'img', '-outputt', 'orient', '-lb', 'orient', '-no_loadh5', '-minmax_fn', '', '-parallel', 'horovod', '-machine', 'jureca', '-merging', 'batch', '-aug_gt', 'orient', '-updateFraction', '0.25', '-steplr', '1000', '1', '-print_minibatch', '10', '-dfname', '598frame']
seed =  0
path were main.py is located= ../../
opt.wandb =  
93
file to frame csv ../../csv/598frame.csv
lframe's length after laoding =  5283
lframe's length after laoding =  5283
lframe's length after laoding =  5283
lframe's length after laoding =  5283
lframe len after excluding all exceptions= 5200
lframe len after excluding all exceptions= 5200
lframe len after excluding all exceptions= 5200
lframe len after excluding all exceptions= 5200
len train =  4160
len train =  4160
len train =  4160
len train =  4160
train consists of 277 full batches with 15 tensors with 3 views
the last batch has size of 5 tensors with 3 views
val consists of 69 full batches with 15 tensors with 3 views
the last batch has size of 5 tensors with 3 views
Epoch 0/299
----------
Mon Jan 31 00:14:52 2022
batch 0, train loss = 0.52, mean loss = 0.52
Mon Jan 31 00:15:02 2022
batch 10, train loss = 16.31, mean loss = 34.05
Mon Jan 31 00:15:57 2022
batch 20, train loss = 14.47, mean loss = 27.28
Mon Jan 31 00:16:53 2022
batch 30, train loss = 9.74, mean loss = 20.22
Mon Jan 31 00:17:47 2022
batch 40, train loss = 1.65, mean loss = 16.29
Mon Jan 31 00:18:41 2022
batch 50, train loss = 1.71, mean loss = 13.90
Mon Jan 31 00:19:34 2022
batch 60, train loss = 2.59, mean loss = 11.93
Mon Jan 31 00:20:29 2022
train Loss: 10.65

batch 0, val loss = 0.02, mean loss = 0.02
Mon Jan 31 00:21:19 2022
batch 10, val loss = 0.02, mean loss = 0.02
Mon Jan 31 00:22:13 2022
val Loss: 0.02

epoch 0 was done for 477.796731 seconds
Epoch 1/299
----------
Mon Jan 31 00:22:50 2022
batch 0, train loss = 0.89, mean loss = 0.89
Mon Jan 31 00:22:55 2022
batch 10, train loss = 1.34, mean loss = 1.41
Mon Jan 31 00:23:49 2022
batch 20, train loss = 0.88, mean loss = 1.20
Mon Jan 31 00:24:42 2022
batch 30, train loss = 0.85, mean loss = 1.09
Mon Jan 31 00:25:36 2022
batch 40, train loss = 0.59, mean loss = 1.00
Mon Jan 31 00:26:30 2022
batch 50, train loss = 0.58, mean loss = 0.93
Mon Jan 31 00:27:24 2022
batch 60, train loss = 0.51, mean loss = 0.87
Mon Jan 31 00:28:18 2022
train Loss: 0.82

batch 0, val loss = 0.03, mean loss = 0.03
Mon Jan 31 00:29:08 2022
batch 10, val loss = 0.02, mean loss = 0.03
Mon Jan 31 00:30:02 2022
val Loss: 0.03

epoch 1 was done for 469.328861 seconds
Epoch 2/299
----------
Mon Jan 31 00:30:39 2022
batch 0, train loss = 0.48, mean loss = 0.48
Mon Jan 31 00:30:45 2022
batch 10, train loss = 0.42, mean loss = 0.44
Mon Jan 31 00:31:39 2022
batch 20, train loss = 0.43, mean loss = 0.44
Mon Jan 31 00:32:34 2022
batch 30, train loss = 0.42, mean loss = 0.43
Mon Jan 31 00:33:29 2022
batch 40, train loss = 0.36, mean loss = 0.42
Mon Jan 31 00:34:23 2022
batch 50, train loss = 0.36, mean loss = 0.41
Mon Jan 31 00:35:18 2022
batch 60, train loss = 0.35, mean loss = 0.41
Mon Jan 31 00:36:12 2022
train Loss: 0.40

batch 0, val loss = 0.03, mean loss = 0.03
Mon Jan 31 00:37:03 2022
batch 10, val loss = 0.03, mean loss = 0.03
Mon Jan 31 00:37:58 2022
val Loss: 0.03

epoch 2 was done for 476.888643 seconds
Epoch 3/299
----------
Mon Jan 31 00:38:36 2022
batch 0, train loss = 0.31, mean loss = 0.31
Mon Jan 31 00:38:42 2022
batch 10, train loss = 0.33, mean loss = 0.35
Mon Jan 31 00:39:35 2022
batch 20, train loss = 0.34, mean loss = 0.35
Mon Jan 31 00:40:29 2022
batch 30, train loss = 0.36, mean loss = 0.35
Mon Jan 31 00:41:23 2022
batch 40, train loss = 0.32, mean loss = 0.35
Mon Jan 31 00:42:16 2022
batch 50, train loss = 0.33, mean loss = 0.35
Mon Jan 31 00:43:10 2022
batch 60, train loss = 0.33, mean loss = 0.35
Mon Jan 31 00:44:04 2022
train Loss: 0.35

batch 0, val loss = 0.03, mean loss = 0.03
Mon Jan 31 00:44:54 2022
batch 10, val loss = 0.03, mean loss = 0.03
Mon Jan 31 00:45:48 2022
val Loss: 0.03

epoch 3 was done for 469.282258 seconds
Epoch 4/299
----------
Mon Jan 31 00:46:25 2022
batch 0, train loss = 0.30, mean loss = 0.30
Mon Jan 31 00:46:31 2022
batch 10, train loss = 0.32, mean loss = 0.34
Mon Jan 31 00:47:24 2022
batch 20, train loss = 0.33, mean loss = 0.34
Mon Jan 31 00:48:18 2022
batch 30, train loss = 0.36, mean loss = 0.34
Mon Jan 31 00:49:12 2022
batch 40, train loss = 0.29, mean loss = 0.34
Mon Jan 31 00:50:05 2022
batch 50, train loss = 0.31, mean loss = 0.34
Mon Jan 31 00:50:59 2022
batch 60, train loss = 0.29, mean loss = 0.33
Mon Jan 31 00:51:53 2022
train Loss: 0.33

batch 0, val loss = 0.03, mean loss = 0.03
Mon Jan 31 00:52:43 2022
batch 10, val loss = 0.03, mean loss = 0.03
Mon Jan 31 00:53:37 2022
val Loss: 0.03

epoch 4 was done for 469.239212 seconds
Epoch 5/299
----------
Mon Jan 31 00:54:15 2022
batch 0, train loss = 0.29, mean loss = 0.29
Mon Jan 31 00:54:20 2022
batch 10, train loss = 0.33, mean loss = 0.32
Mon Jan 31 00:55:15 2022
batch 20, train loss = 0.32, mean loss = 0.33
Mon Jan 31 00:56:09 2022
batch 30, train loss = 0.36, mean loss = 0.33
Mon Jan 31 00:57:04 2022
batch 40, train loss = 0.27, mean loss = 0.33
Mon Jan 31 00:57:58 2022
batch 50, train loss = 0.31, mean loss = 0.33
Mon Jan 31 00:58:53 2022
batch 60, train loss = 0.28, mean loss = 0.32
Mon Jan 31 00:59:47 2022
train Loss: 0.33

batch 0, val loss = 0.03, mean loss = 0.03
Mon Jan 31 01:00:38 2022
batch 10, val loss = 0.03, mean loss = 0.03
Mon Jan 31 01:01:33 2022
val Loss: 0.03

epoch 5 was done for 476.134542 seconds
Epoch 6/299
----------
Mon Jan 31 01:02:11 2022
batch 0, train loss = 0.27, mean loss = 0.27
Mon Jan 31 01:02:16 2022
batch 10, train loss = 0.32, mean loss = 0.32
Mon Jan 31 01:03:10 2022
batch 20, train loss = 0.30, mean loss = 0.32
Mon Jan 31 01:04:03 2022
batch 30, train loss = 0.35, mean loss = 0.32
Mon Jan 31 01:04:57 2022
batch 40, train loss = 0.25, mean loss = 0.32
Mon Jan 31 01:05:50 2022
batch 50, train loss = 0.30, mean loss = 0.32
Mon Jan 31 01:06:44 2022
batch 60, train loss = 0.27, mean loss = 0.32
Mon Jan 31 01:07:38 2022
train Loss: 0.32

batch 0, val loss = 0.03, mean loss = 0.03
Mon Jan 31 01:08:28 2022
batch 10, val loss = 0.02, mean loss = 0.03
Mon Jan 31 01:09:22 2022
val Loss: 0.03

epoch 6 was done for 468.428240 seconds
Epoch 7/299
----------
Mon Jan 31 01:09:59 2022
batch 0, train loss = 0.26, mean loss = 0.26
Mon Jan 31 01:10:05 2022
batch 10, train loss = 0.31, mean loss = 0.31
Mon Jan 31 01:10:59 2022
batch 20, train loss = 0.29, mean loss = 0.31
Mon Jan 31 01:11:53 2022
batch 30, train loss = 0.34, mean loss = 0.32
Mon Jan 31 01:12:48 2022
batch 40, train loss = 0.25, mean loss = 0.31
Mon Jan 31 01:13:42 2022
batch 50, train loss = 0.30, mean loss = 0.32
Mon Jan 31 01:14:36 2022
batch 60, train loss = 0.26, mean loss = 0.31
Mon Jan 31 01:15:30 2022
train Loss: 0.31

batch 0, val loss = 0.03, mean loss = 0.03
Mon Jan 31 01:16:21 2022
batch 10, val loss = 0.03, mean loss = 0.03
Mon Jan 31 01:17:15 2022
val Loss: 0.03

epoch 7 was done for 473.677273 seconds
Epoch 8/299
----------
Mon Jan 31 01:17:53 2022
batch 0, train loss = 0.26, mean loss = 0.26
Mon Jan 31 01:17:58 2022
batch 10, train loss = 0.31, mean loss = 0.31
Mon Jan 31 01:18:52 2022
batch 20, train loss = 0.29, mean loss = 0.31
Mon Jan 31 01:19:45 2022
batch 30, train loss = 0.34, mean loss = 0.32
Mon Jan 31 01:20:38 2022
batch 40, train loss = 0.24, mean loss = 0.31
Mon Jan 31 01:21:32 2022
batch 50, train loss = 0.30, mean loss = 0.31
Mon Jan 31 01:22:25 2022
batch 60, train loss = 0.25, mean loss = 0.31
Mon Jan 31 01:23:18 2022
train Loss: 0.31

batch 0, val loss = 0.02, mean loss = 0.02
Mon Jan 31 01:24:09 2022
batch 10, val loss = 0.03, mean loss = 0.03
Mon Jan 31 01:25:04 2022
val Loss: 0.03

epoch 8 was done for 469.439071 seconds
Epoch 9/299
----------
Mon Jan 31 01:25:42 2022
batch 0, train loss = 0.25, mean loss = 0.25
Mon Jan 31 01:25:48 2022
batch 10, train loss = 0.31, mean loss = 0.31
Mon Jan 31 01:26:41 2022
batch 20, train loss = 0.28, mean loss = 0.31
Mon Jan 31 01:27:35 2022
batch 30, train loss = 0.34, mean loss = 0.31
Mon Jan 31 01:28:29 2022
batch 40, train loss = 0.23, mean loss = 0.31
Mon Jan 31 01:29:23 2022
batch 50, train loss = 0.29, mean loss = 0.31
Mon Jan 31 01:30:16 2022
batch 60, train loss = 0.24, mean loss = 0.31
Mon Jan 31 01:31:10 2022
train Loss: 0.31

batch 0, val loss = 0.03, mean loss = 0.03
Mon Jan 31 01:32:00 2022
batch 10, val loss = 0.03, mean loss = 0.03
Mon Jan 31 01:32:55 2022
val Loss: 0.03

epoch 9 was done for 469.728519 seconds
Epoch 10/299
----------
Mon Jan 31 01:33:32 2022
batch 0, train loss = 0.24, mean loss = 0.24
Mon Jan 31 01:33:38 2022
batch 10, train loss = 0.30, mean loss = 0.31
Mon Jan 31 01:34:31 2022
batch 20, train loss = 0.27, mean loss = 0.31
Mon Jan 31 01:35:25 2022
batch 30, train loss = 0.34, mean loss = 0.31
Mon Jan 31 01:36:19 2022
batch 40, train loss = 0.23, mean loss = 0.31
Mon Jan 31 01:37:13 2022
batch 50, train loss = 0.29, mean loss = 0.31
Mon Jan 31 01:38:06 2022
batch 60, train loss = 0.23, mean loss = 0.31
Mon Jan 31 01:39:00 2022
train Loss: 0.31

batch 0, val loss = 0.03, mean loss = 0.03
Mon Jan 31 01:39:50 2022
batch 10, val loss = 0.03, mean loss = 0.03
Mon Jan 31 01:40:44 2022
val Loss: 0.03

epoch 10 was done for 469.705806 seconds
Epoch 11/299
----------
Mon Jan 31 01:41:22 2022
batch 0, train loss = 0.24, mean loss = 0.24
Mon Jan 31 01:41:27 2022
batch 10, train loss = 0.30, mean loss = 0.31
Mon Jan 31 01:42:21 2022
batch 20, train loss = 0.27, mean loss = 0.31
Mon Jan 31 01:43:17 2022
batch 30, train loss = 0.33, mean loss = 0.31
Mon Jan 31 01:44:11 2022
batch 40, train loss = 0.22, mean loss = 0.31
Mon Jan 31 01:45:06 2022
batch 50, train loss = 0.29, mean loss = 0.31
Mon Jan 31 01:46:01 2022
batch 60, train loss = 0.23, mean loss = 0.31
Mon Jan 31 01:46:56 2022
train Loss: 0.31

batch 0, val loss = 0.03, mean loss = 0.03
Mon Jan 31 01:47:47 2022
batch 10, val loss = 0.03, mean loss = 0.03
Mon Jan 31 01:48:42 2022
val Loss: 0.02

epoch 11 was done for 478.256953 seconds
Epoch 12/299
----------
Mon Jan 31 01:49:20 2022
batch 0, train loss = 0.23, mean loss = 0.23
Mon Jan 31 01:49:25 2022
batch 10, train loss = 0.30, mean loss = 0.31
Mon Jan 31 01:50:20 2022
batch 20, train loss = 0.26, mean loss = 0.31
Mon Jan 31 01:51:15 2022
batch 30, train loss = 0.33, mean loss = 0.31
Mon Jan 31 01:52:09 2022
batch 40, train loss = 0.21, mean loss = 0.31
Mon Jan 31 01:53:05 2022
batch 50, train loss = 0.29, mean loss = 0.31
Mon Jan 31 01:53:59 2022
batch 60, train loss = 0.22, mean loss = 0.31
Mon Jan 31 01:54:54 2022
train Loss: 0.31

batch 0, val loss = 0.03, mean loss = 0.03
Mon Jan 31 01:55:45 2022
batch 10, val loss = 0.03, mean loss = 0.03
Mon Jan 31 01:56:39 2022
val Loss: 0.02

epoch 12 was done for 476.140268 seconds
Epoch 13/299
----------
Mon Jan 31 01:57:16 2022
batch 0, train loss = 0.23, mean loss = 0.23
Mon Jan 31 01:57:22 2022
batch 10, train loss = 0.30, mean loss = 0.31
Mon Jan 31 01:58:16 2022
batch 20, train loss = 0.26, mean loss = 0.31
Mon Jan 31 01:59:11 2022
batch 30, train loss = 0.34, mean loss = 0.31
Mon Jan 31 02:00:06 2022
batch 40, train loss = 0.21, mean loss = 0.31
Mon Jan 31 02:01:00 2022
batch 50, train loss = 0.29, mean loss = 0.31
Mon Jan 31 02:01:55 2022
batch 60, train loss = 0.21, mean loss = 0.31
Mon Jan 31 02:02:49 2022
train Loss: 0.31

batch 0, val loss = 0.02, mean loss = 0.02
Mon Jan 31 02:03:40 2022
batch 10, val loss = 0.03, mean loss = 0.03
Mon Jan 31 02:04:35 2022
val Loss: 0.02

epoch 13 was done for 476.050823 seconds
Epoch 14/299
----------
Mon Jan 31 02:05:12 2022
batch 0, train loss = 0.22, mean loss = 0.22
Mon Jan 31 02:05:18 2022
batch 10, train loss = 0.30, mean loss = 0.31
Mon Jan 31 02:06:12 2022
batch 20, train loss = 0.25, mean loss = 0.31
Mon Jan 31 02:07:07 2022
batch 30, train loss = 0.34, mean loss = 0.31
Mon Jan 31 02:08:01 2022
batch 40, train loss = 0.20, mean loss = 0.31
Mon Jan 31 02:08:56 2022
batch 50, train loss = 0.29, mean loss = 0.31
Mon Jan 31 02:09:50 2022
batch 60, train loss = 0.21, mean loss = 0.31
Mon Jan 31 02:10:45 2022
train Loss: 0.31

batch 0, val loss = 0.02, mean loss = 0.02
Mon Jan 31 02:11:36 2022
batch 10, val loss = 0.03, mean loss = 0.03
Mon Jan 31 02:12:32 2022
val Loss: 0.02

epoch 14 was done for 478.306722 seconds
Epoch 15/299
----------
Mon Jan 31 02:13:11 2022
batch 0, train loss = 0.21, mean loss = 0.21
Mon Jan 31 02:13:16 2022
batch 10, train loss = 0.30, mean loss = 0.30
Mon Jan 31 02:14:11 2022
batch 20, train loss = 0.25, mean loss = 0.31
Mon Jan 31 02:15:06 2022
batch 30, train loss = 0.34, mean loss = 0.31
Mon Jan 31 02:16:01 2022
batch 40, train loss = 0.19, mean loss = 0.31
Mon Jan 31 02:16:56 2022
batch 50, train loss = 0.29, mean loss = 0.31
Mon Jan 31 02:17:51 2022
batch 60, train loss = 0.20, mean loss = 0.31
Mon Jan 31 02:18:48 2022
train Loss: 0.31

batch 0, val loss = 0.02, mean loss = 0.02
Mon Jan 31 02:19:39 2022
batch 10, val loss = 0.03, mean loss = 0.03
Mon Jan 31 02:20:33 2022
val Loss: 0.02

epoch 15 was done for 480.008627 seconds
Epoch 16/299
----------
Mon Jan 31 02:21:11 2022
batch 0, train loss = 0.21, mean loss = 0.21
Mon Jan 31 02:21:16 2022
batch 10, train loss = 0.29, mean loss = 0.30
Mon Jan 31 02:22:11 2022
batch 20, train loss = 0.24, mean loss = 0.30
Mon Jan 31 02:23:06 2022
batch 30, train loss = 0.34, mean loss = 0.31
Mon Jan 31 02:24:00 2022
batch 40, train loss = 0.18, mean loss = 0.31
Mon Jan 31 02:24:55 2022
batch 50, train loss = 0.29, mean loss = 0.31
Mon Jan 31 02:25:50 2022
batch 60, train loss = 0.19, mean loss = 0.31
Mon Jan 31 02:26:45 2022
train Loss: 0.31

batch 0, val loss = 0.02, mean loss = 0.02
Mon Jan 31 02:27:36 2022
batch 10, val loss = 0.03, mean loss = 0.03
Mon Jan 31 02:28:31 2022
val Loss: 0.02

epoch 16 was done for 477.589618 seconds
Epoch 17/299
----------
Mon Jan 31 02:29:08 2022
batch 0, train loss = 0.20, mean loss = 0.20
Mon Jan 31 02:29:14 2022
batch 10, train loss = 0.29, mean loss = 0.30
Mon Jan 31 02:30:08 2022
batch 20, train loss = 0.23, mean loss = 0.30
Mon Jan 31 02:31:03 2022
batch 30, train loss = 0.34, mean loss = 0.31
Mon Jan 31 02:31:58 2022
batch 40, train loss = 0.18, mean loss = 0.31
Mon Jan 31 02:32:53 2022
batch 50, train loss = 0.29, mean loss = 0.31
Mon Jan 31 02:33:48 2022
batch 60, train loss = 0.18, mean loss = 0.31
Mon Jan 31 02:34:43 2022
train Loss: 0.31

batch 0, val loss = 0.02, mean loss = 0.02
Mon Jan 31 02:35:35 2022
batch 10, val loss = 0.03, mean loss = 0.03
Mon Jan 31 02:36:30 2022
val Loss: 0.02

epoch 17 was done for 479.062556 seconds
Epoch 18/299
----------
Mon Jan 31 02:37:07 2022
batch 0, train loss = 0.19, mean loss = 0.19
Mon Jan 31 02:37:13 2022
batch 10, train loss = 0.29, mean loss = 0.30
Mon Jan 31 02:38:07 2022
batch 20, train loss = 0.22, mean loss = 0.30
Mon Jan 31 02:39:02 2022
batch 30, train loss = 0.34, mean loss = 0.31
Mon Jan 31 02:39:56 2022
batch 40, train loss = 0.17, mean loss = 0.31
Mon Jan 31 02:40:51 2022
batch 50, train loss = 0.29, mean loss = 0.31
Mon Jan 31 02:41:46 2022
batch 60, train loss = 0.17, mean loss = 0.31
Mon Jan 31 02:42:41 2022
train Loss: 0.31

batch 0, val loss = 0.02, mean loss = 0.02
Mon Jan 31 02:43:32 2022
batch 10, val loss = 0.02, mean loss = 0.03
Mon Jan 31 02:44:27 2022
val Loss: 0.02

epoch 18 was done for 477.097250 seconds
Epoch 19/299
----------
Mon Jan 31 02:45:04 2022
batch 0, train loss = 0.19, mean loss = 0.19
Mon Jan 31 02:45:10 2022
batch 10, train loss = 0.29, mean loss = 0.30
Mon Jan 31 02:46:04 2022
batch 20, train loss = 0.22, mean loss = 0.30
Mon Jan 31 02:47:01 2022
batch 30, train loss = 0.35, mean loss = 0.31
Mon Jan 31 02:47:56 2022
batch 40, train loss = 0.16, mean loss = 0.31
Mon Jan 31 02:48:51 2022
batch 50, train loss = 0.30, mean loss = 0.31
Mon Jan 31 02:49:45 2022
batch 60, train loss = 0.16, mean loss = 0.31
Mon Jan 31 02:50:40 2022
train Loss: 0.31

batch 0, val loss = 0.02, mean loss = 0.02
Mon Jan 31 02:51:31 2022
batch 10, val loss = 0.02, mean loss = 0.03
Mon Jan 31 02:52:26 2022
val Loss: 0.02

epoch 19 was done for 479.207357 seconds
Epoch 20/299
----------
Mon Jan 31 02:53:04 2022
batch 0, train loss = 0.18, mean loss = 0.18
Mon Jan 31 02:53:09 2022
batch 10, train loss = 0.29, mean loss = 0.30
Mon Jan 31 02:54:04 2022
batch 20, train loss = 0.21, mean loss = 0.30
Mon Jan 31 02:54:59 2022
batch 30, train loss = 0.35, mean loss = 0.31
Mon Jan 31 02:55:54 2022
batch 40, train loss = 0.15, mean loss = 0.31
Mon Jan 31 02:56:49 2022
batch 50, train loss = 0.30, mean loss = 0.31
Mon Jan 31 02:57:44 2022
batch 60, train loss = 0.16, mean loss = 0.31
Mon Jan 31 02:58:39 2022
train Loss: 0.31

batch 0, val loss = 0.02, mean loss = 0.02
Mon Jan 31 02:59:31 2022
batch 10, val loss = 0.02, mean loss = 0.03
Mon Jan 31 03:00:26 2022
val Loss: 0.02

epoch 20 was done for 480.228679 seconds
Epoch 21/299
----------
Mon Jan 31 03:01:04 2022
batch 0, train loss = 0.17, mean loss = 0.17
Mon Jan 31 03:01:09 2022
batch 10, train loss = 0.29, mean loss = 0.30
Mon Jan 31 03:02:04 2022
batch 20, train loss = 0.20, mean loss = 0.30
Mon Jan 31 03:02:59 2022
batch 30, train loss = 0.35, mean loss = 0.31
Mon Jan 31 03:03:54 2022
batch 40, train loss = 0.14, mean loss = 0.30
Mon Jan 31 03:04:49 2022
batch 50, train loss = 0.30, mean loss = 0.31
Mon Jan 31 03:05:43 2022
batch 60, train loss = 0.15, mean loss = 0.30
Mon Jan 31 03:06:38 2022
train Loss: 0.31

batch 0, val loss = 0.02, mean loss = 0.02
Mon Jan 31 03:07:29 2022
batch 10, val loss = 0.02, mean loss = 0.03
Mon Jan 31 03:08:24 2022
val Loss: 0.02

epoch 21 was done for 477.664276 seconds
Epoch 22/299
----------
Mon Jan 31 03:09:01 2022
batch 0, train loss = 0.17, mean loss = 0.17
Mon Jan 31 03:09:07 2022
batch 10, train loss = 0.29, mean loss = 0.30
Mon Jan 31 03:10:02 2022
batch 20, train loss = 0.19, mean loss = 0.30
Mon Jan 31 03:10:57 2022
batch 30, train loss = 0.35, mean loss = 0.31
Mon Jan 31 03:11:51 2022
batch 40, train loss = 0.13, mean loss = 0.30
Mon Jan 31 03:12:46 2022
batch 50, train loss = 0.30, mean loss = 0.31
Mon Jan 31 03:13:40 2022
batch 60, train loss = 0.14, mean loss = 0.30
Mon Jan 31 03:14:35 2022
train Loss: 0.31

batch 0, val loss = 0.03, mean loss = 0.03
Mon Jan 31 03:15:26 2022
batch 10, val loss = 0.02, mean loss = 0.03
Mon Jan 31 03:16:21 2022
val Loss: 0.02

epoch 22 was done for 476.297091 seconds
Epoch 23/299
----------
Mon Jan 31 03:16:58 2022
batch 0, train loss = 0.16, mean loss = 0.16
Mon Jan 31 03:17:03 2022
batch 10, train loss = 0.29, mean loss = 0.30
Mon Jan 31 03:17:57 2022
batch 20, train loss = 0.18, mean loss = 0.30
Mon Jan 31 03:18:52 2022
batch 30, train loss = 0.35, mean loss = 0.31
Mon Jan 31 03:19:46 2022
batch 40, train loss = 0.13, mean loss = 0.30
Mon Jan 31 03:20:41 2022
batch 50, train loss = 0.30, mean loss = 0.31
Mon Jan 31 03:21:36 2022
batch 60, train loss = 0.13, mean loss = 0.30
Mon Jan 31 03:22:31 2022
train Loss: 0.31

batch 0, val loss = 0.02, mean loss = 0.02
Mon Jan 31 03:23:22 2022
batch 10, val loss = 0.02, mean loss = 0.03
Mon Jan 31 03:24:18 2022
val Loss: 0.03

epoch 23 was done for 478.337117 seconds
Epoch 24/299
----------
Mon Jan 31 03:24:56 2022
batch 0, train loss = 0.15, mean loss = 0.15
Mon Jan 31 03:25:02 2022
batch 10, train loss = 0.29, mean loss = 0.30
Mon Jan 31 03:25:56 2022
batch 20, train loss = 0.17, mean loss = 0.30
Mon Jan 31 03:26:51 2022
batch 30, train loss = 0.35, mean loss = 0.31
Mon Jan 31 03:27:46 2022
batch 40, train loss = 0.12, mean loss = 0.30
Mon Jan 31 03:28:41 2022
batch 50, train loss = 0.30, mean loss = 0.31
Mon Jan 31 03:29:35 2022
batch 60, train loss = 0.12, mean loss = 0.30
Mon Jan 31 03:30:30 2022
train Loss: 0.31

batch 0, val loss = 0.02, mean loss = 0.02
Mon Jan 31 03:31:22 2022
batch 10, val loss = 0.02, mean loss = 0.03
Mon Jan 31 03:32:18 2022
val Loss: 0.03

epoch 24 was done for 479.507999 seconds
Epoch 25/299
----------
Mon Jan 31 03:32:56 2022
batch 0, train loss = 0.15, mean loss = 0.15
Mon Jan 31 03:33:01 2022
batch 10, train loss = 0.30, mean loss = 0.30
Mon Jan 31 03:33:55 2022
batch 20, train loss = 0.16, mean loss = 0.30
Mon Jan 31 03:34:50 2022
batch 30, train loss = 0.36, mean loss = 0.31
Mon Jan 31 03:35:45 2022
batch 40, train loss = 0.11, mean loss = 0.30
Mon Jan 31 03:36:39 2022
batch 50, train loss = 0.30, mean loss = 0.31
Mon Jan 31 03:37:34 2022
batch 60, train loss = 0.11, mean loss = 0.30
Mon Jan 31 03:38:29 2022
train Loss: 0.31

batch 0, val loss = 0.03, mean loss = 0.03
Mon Jan 31 03:39:20 2022
batch 10, val loss = 0.02, mean loss = 0.03
Mon Jan 31 03:40:15 2022
val Loss: 0.03

epoch 25 was done for 476.815336 seconds
Epoch 26/299
----------
Mon Jan 31 03:40:52 2022
batch 0, train loss = 0.14, mean loss = 0.14
Mon Jan 31 03:40:58 2022
batch 10, train loss = 0.30, mean loss = 0.30
Mon Jan 31 03:41:52 2022
batch 20, train loss = 0.15, mean loss = 0.30
Mon Jan 31 03:42:45 2022
batch 30, train loss = 0.36, mean loss = 0.31
Mon Jan 31 03:43:39 2022
batch 40, train loss = 0.10, mean loss = 0.30
Mon Jan 31 03:44:33 2022
batch 50, train loss = 0.30, mean loss = 0.31
Mon Jan 31 03:45:26 2022
batch 60, train loss = 0.10, mean loss = 0.30
Mon Jan 31 03:46:20 2022
train Loss: 0.31

batch 0, val loss = 0.03, mean loss = 0.03
Mon Jan 31 03:47:10 2022
batch 10, val loss = 0.02, mean loss = 0.03
Mon Jan 31 03:48:04 2022
val Loss: 0.03

epoch 26 was done for 468.254297 seconds
Epoch 27/299
----------
Mon Jan 31 03:48:41 2022
batch 0, train loss = 0.13, mean loss = 0.13
Mon Jan 31 03:48:46 2022
batch 10, train loss = 0.30, mean loss = 0.30
Mon Jan 31 03:49:40 2022
batch 20, train loss = 0.13, mean loss = 0.30
Mon Jan 31 03:50:34 2022
batch 30, train loss = 0.36, mean loss = 0.31
Mon Jan 31 03:51:28 2022
batch 40, train loss = 0.09, mean loss = 0.30
Mon Jan 31 03:52:22 2022
batch 50, train loss = 0.30, mean loss = 0.31
Mon Jan 31 03:53:15 2022
batch 60, train loss = 0.09, mean loss = 0.30
Mon Jan 31 03:54:09 2022
train Loss: 0.31

batch 0, val loss = 0.03, mean loss = 0.03
Mon Jan 31 03:55:00 2022
batch 10, val loss = 0.02, mean loss = 0.03
Mon Jan 31 03:55:54 2022
val Loss: 0.03

epoch 27 was done for 470.311122 seconds
Epoch 28/299
----------
Mon Jan 31 03:56:31 2022
batch 0, train loss = 0.12, mean loss = 0.12
Mon Jan 31 03:56:36 2022
batch 10, train loss = 0.30, mean loss = 0.30
Mon Jan 31 03:57:30 2022
batch 20, train loss = 0.12, mean loss = 0.30
Mon Jan 31 03:58:25 2022
batch 30, train loss = 0.36, mean loss = 0.31
Mon Jan 31 03:59:19 2022
batch 40, train loss = 0.08, mean loss = 0.31
Mon Jan 31 04:00:13 2022
batch 50, train loss = 0.31, mean loss = 0.31
Mon Jan 31 04:01:07 2022
batch 60, train loss = 0.09, mean loss = 0.31
Mon Jan 31 04:02:02 2022
train Loss: 0.31

batch 0, val loss = 0.03, mean loss = 0.03
Mon Jan 31 04:02:53 2022
batch 10, val loss = 0.02, mean loss = 0.03
Mon Jan 31 04:03:49 2022
val Loss: 0.03

epoch 28 was done for 475.362442 seconds
Epoch 29/299
----------
Mon Jan 31 04:04:26 2022
batch 0, train loss = 0.11, mean loss = 0.11
Mon Jan 31 04:04:32 2022
batch 10, train loss = 0.31, mean loss = 0.30
Mon Jan 31 04:05:26 2022
batch 20, train loss = 0.11, mean loss = 0.30
Mon Jan 31 04:06:20 2022
batch 30, train loss = 0.37, mean loss = 0.31
Mon Jan 31 04:07:14 2022
batch 40, train loss = 0.08, mean loss = 0.31
Mon Jan 31 04:08:08 2022
batch 50, train loss = 0.31, mean loss = 0.31
Mon Jan 31 04:09:02 2022
batch 60, train loss = 0.08, mean loss = 0.31
Mon Jan 31 04:09:56 2022
train Loss: 0.31

batch 0, val loss = 0.03, mean loss = 0.03
Mon Jan 31 04:10:47 2022
batch 10, val loss = 0.02, mean loss = 0.03
Mon Jan 31 04:11:42 2022
val Loss: 0.03

epoch 29 was done for 473.003689 seconds
Epoch 30/299
----------
Mon Jan 31 04:12:19 2022
batch 0, train loss = 0.10, mean loss = 0.10
Mon Jan 31 04:12:25 2022
batch 10, train loss = 0.31, mean loss = 0.30
Mon Jan 31 04:13:19 2022
batch 20, train loss = 0.11, mean loss = 0.30
Mon Jan 31 04:14:13 2022
batch 30, train loss = 0.43, mean loss = 0.32
Mon Jan 31 04:15:07 2022
batch 40, train loss = 0.09, mean loss = 0.32
Mon Jan 31 04:16:01 2022
batch 50, train loss = 0.37, mean loss = 0.33
Mon Jan 31 04:16:55 2022
batch 60, train loss = 0.11, mean loss = 0.33
Mon Jan 31 04:17:50 2022
train Loss: 0.33

batch 0, val loss = 0.03, mean loss = 0.03
Mon Jan 31 04:18:40 2022
batch 10, val loss = 0.02, mean loss = 0.02
Mon Jan 31 04:19:35 2022
val Loss: 0.02

epoch 30 was done for 473.282906 seconds
Epoch 31/299
----------
Mon Jan 31 04:20:13 2022
batch 0, train loss = 0.12, mean loss = 0.12
Mon Jan 31 04:20:18 2022
batch 10, train loss = 0.31, mean loss = 0.32
Mon Jan 31 04:21:13 2022
batch 20, train loss = 0.11, mean loss = 0.32
Mon Jan 31 04:22:07 2022
batch 30, train loss = 0.41, mean loss = 0.33
Mon Jan 31 04:23:02 2022
batch 40, train loss = 0.08, mean loss = 0.33
Mon Jan 31 04:23:57 2022
batch 50, train loss = 0.33, mean loss = 0.33
Mon Jan 31 04:24:51 2022
batch 60, train loss = 0.09, mean loss = 0.33
Mon Jan 31 04:25:46 2022
train Loss: 0.34

batch 0, val loss = 0.03, mean loss = 0.03
Mon Jan 31 04:26:37 2022
batch 10, val loss = 0.03, mean loss = 0.03
Mon Jan 31 04:27:32 2022
val Loss: 0.03

epoch 31 was done for 477.076653 seconds
Epoch 32/299
----------
Mon Jan 31 04:28:10 2022
batch 0, train loss = 0.11, mean loss = 0.11
Mon Jan 31 04:28:15 2022
batch 10, train loss = 0.34, mean loss = 0.37
Mon Jan 31 04:29:09 2022
batch 20, train loss = 0.18, mean loss = 0.37
Mon Jan 31 04:30:03 2022
batch 30, train loss = 0.51, mean loss = 0.38
Mon Jan 31 04:30:57 2022
batch 40, train loss = 0.15, mean loss = 0.38
Mon Jan 31 04:31:52 2022
batch 50, train loss = 0.57, mean loss = 0.39
Mon Jan 31 04:32:45 2022
batch 60, train loss = 0.18, mean loss = 0.39
Mon Jan 31 04:33:40 2022
train Loss: 0.40

batch 0, val loss = 0.03, mean loss = 0.03
Mon Jan 31 04:34:30 2022
batch 10, val loss = 0.03, mean loss = 0.03
Mon Jan 31 04:35:25 2022
val Loss: 0.03

epoch 32 was done for 472.941117 seconds
Epoch 33/299
----------
Mon Jan 31 04:36:03 2022
batch 0, train loss = 0.30, mean loss = 0.30
Mon Jan 31 04:36:08 2022
batch 10, train loss = 0.60, mean loss = 0.42
Mon Jan 31 04:37:02 2022
batch 20, train loss = 0.33, mean loss = 0.43
Mon Jan 31 04:37:57 2022
batch 30, train loss = 0.51, mean loss = 0.42
Mon Jan 31 04:38:51 2022
batch 40, train loss = 0.12, mean loss = 0.41
Mon Jan 31 04:39:45 2022
batch 50, train loss = 0.38, mean loss = 0.41
Mon Jan 31 04:40:39 2022
batch 60, train loss = 0.19, mean loss = 0.40
Mon Jan 31 04:41:34 2022
train Loss: 0.40

batch 0, val loss = 0.03, mean loss = 0.03
Mon Jan 31 04:42:25 2022
batch 10, val loss = 0.02, mean loss = 0.03
Mon Jan 31 04:43:20 2022
val Loss: 0.03

epoch 33 was done for 474.510407 seconds
Epoch 34/299
----------
Mon Jan 31 04:43:57 2022
batch 0, train loss = 0.10, mean loss = 0.10
Mon Jan 31 04:44:03 2022
batch 10, train loss = 0.45, mean loss = 0.45
Mon Jan 31 04:44:57 2022
batch 20, train loss = 0.16, mean loss = 0.44
Mon Jan 31 04:45:52 2022
batch 30, train loss = 0.62, mean loss = 0.45
Mon Jan 31 04:46:47 2022
batch 40, train loss = 0.32, mean loss = 0.46
Mon Jan 31 04:47:42 2022
batch 50, train loss = 0.47, mean loss = 0.48
Mon Jan 31 04:48:36 2022
batch 60, train loss = 0.14, mean loss = 0.48
Mon Jan 31 04:49:31 2022
train Loss: 0.51

batch 0, val loss = 0.03, mean loss = 0.03
Mon Jan 31 04:50:22 2022
batch 10, val loss = 0.02, mean loss = 0.03
Mon Jan 31 04:51:17 2022
val Loss: 0.03

epoch 34 was done for 477.803894 seconds
Epoch 35/299
----------
Mon Jan 31 04:51:55 2022
batch 0, train loss = 0.76, mean loss = 0.76
Mon Jan 31 04:52:00 2022
batch 10, train loss = 0.44, mean loss = 0.69
Mon Jan 31 04:52:54 2022
batch 20, train loss = 0.21, mean loss = 0.67
Mon Jan 31 04:53:49 2022
batch 30, train loss = 0.78, mean loss = 0.68
Mon Jan 31 04:54:43 2022
batch 40, train loss = 0.37, mean loss = 0.65
Mon Jan 31 04:55:37 2022
batch 50, train loss = 0.58, mean loss = 0.63
Mon Jan 31 04:56:31 2022
batch 60, train loss = 0.40, mean loss = 0.61
Mon Jan 31 04:57:25 2022
train Loss: 0.60

batch 0, val loss = 0.03, mean loss = 0.03
Mon Jan 31 04:58:15 2022
batch 10, val loss = 0.03, mean loss = 0.03
Mon Jan 31 04:59:10 2022
val Loss: 0.03

epoch 35 was done for 472.764919 seconds
Epoch 36/299
----------
Mon Jan 31 04:59:48 2022
batch 0, train loss = 0.20, mean loss = 0.20
Mon Jan 31 04:59:53 2022
batch 10, train loss = 0.72, mean loss = 0.59
Mon Jan 31 05:00:47 2022
batch 20, train loss = 0.63, mean loss = 0.63
Mon Jan 31 05:01:41 2022
batch 30, train loss = 0.60, mean loss = 0.64
Mon Jan 31 05:02:36 2022
batch 40, train loss = 0.60, mean loss = 0.66
Mon Jan 31 05:03:30 2022
batch 50, train loss = 0.61, mean loss = 0.67
Mon Jan 31 05:04:24 2022
batch 60, train loss = 0.72, mean loss = 0.68
Mon Jan 31 05:05:18 2022
train Loss: 0.69

batch 0, val loss = 0.03, mean loss = 0.03
Mon Jan 31 05:06:09 2022
batch 10, val loss = 0.02, mean loss = 0.03
Mon Jan 31 05:07:03 2022
val Loss: 0.03

epoch 36 was done for 473.341301 seconds
Epoch 37/299
----------
Mon Jan 31 05:07:41 2022
batch 0, train loss = 0.42, mean loss = 0.42
Mon Jan 31 05:07:46 2022
batch 10, train loss = 0.56, mean loss = 0.73
Mon Jan 31 05:08:40 2022
batch 20, train loss = 0.47, mean loss = 0.72
Mon Jan 31 05:09:34 2022
batch 30, train loss = 0.52, mean loss = 0.73
Mon Jan 31 05:10:28 2022
batch 40, train loss = 0.49, mean loss = 0.73
Mon Jan 31 05:11:21 2022
batch 50, train loss = 0.51, mean loss = 0.73
Mon Jan 31 05:12:15 2022
batch 60, train loss = 0.42, mean loss = 0.72
Mon Jan 31 05:13:09 2022
train Loss: 0.71

batch 0, val loss = 0.03, mean loss = 0.03
Mon Jan 31 05:13:59 2022
batch 10, val loss = 0.02, mean loss = 0.03
Mon Jan 31 05:14:54 2022
val Loss: 0.02

epoch 37 was done for 471.487516 seconds
Epoch 38/299
----------
Mon Jan 31 05:15:33 2022
batch 0, train loss = 0.19, mean loss = 0.19
Mon Jan 31 05:15:38 2022
batch 10, train loss = 0.45, mean loss = 0.55
Mon Jan 31 05:16:32 2022
batch 20, train loss = 0.17, mean loss = 0.54
Mon Jan 31 05:17:27 2022
batch 30, train loss = 0.46, mean loss = 0.54
Mon Jan 31 05:18:21 2022
batch 40, train loss = 0.21, mean loss = 0.52
Mon Jan 31 05:19:15 2022
batch 50, train loss = 0.46, mean loss = 0.51
Mon Jan 31 05:20:09 2022
batch 60, train loss = 0.18, mean loss = 0.50
Mon Jan 31 05:21:04 2022
train Loss: 0.49

batch 0, val loss = 0.03, mean loss = 0.03
Mon Jan 31 05:21:55 2022
batch 10, val loss = 0.03, mean loss = 0.03
Mon Jan 31 05:22:49 2022
val Loss: 0.03

epoch 38 was done for 474.592569 seconds
Epoch 39/299
----------
Mon Jan 31 05:23:27 2022
batch 0, train loss = 0.23, mean loss = 0.23
Mon Jan 31 05:23:33 2022
batch 10, train loss = 0.38, mean loss = 0.41
Mon Jan 31 05:24:27 2022
batch 20, train loss = 0.27, mean loss = 0.42
Mon Jan 31 05:25:22 2022
batch 30, train loss = 0.44, mean loss = 0.43
Mon Jan 31 05:26:17 2022
batch 40, train loss = 0.26, mean loss = 0.43
Mon Jan 31 05:27:12 2022
batch 50, train loss = 0.41, mean loss = 0.43
Mon Jan 31 05:28:06 2022
batch 60, train loss = 0.20, mean loss = 0.43
Mon Jan 31 05:29:01 2022
train Loss: 0.44

batch 0, val loss = 0.02, mean loss = 0.02
Mon Jan 31 05:29:52 2022
batch 10, val loss = 0.03, mean loss = 0.03
Mon Jan 31 05:30:48 2022
val Loss: 0.03

epoch 39 was done for 478.280099 seconds
Epoch 40/299
----------
Mon Jan 31 05:31:25 2022
batch 0, train loss = 0.13, mean loss = 0.13
Mon Jan 31 05:31:31 2022
batch 10, train loss = 0.43, mean loss = 0.46
Mon Jan 31 05:32:25 2022
batch 20, train loss = 0.29, mean loss = 0.46
Mon Jan 31 05:33:19 2022
batch 30, train loss = 0.55, mean loss = 0.46
Mon Jan 31 05:34:12 2022
batch 40, train loss = 0.18, mean loss = 0.46
Mon Jan 31 05:35:06 2022
batch 50, train loss = 0.42, mean loss = 0.46
Mon Jan 31 05:36:00 2022
batch 60, train loss = 0.17, mean loss = 0.46
Mon Jan 31 05:36:54 2022
train Loss: 0.47

batch 0, val loss = 0.02, mean loss = 0.02
Mon Jan 31 05:37:45 2022
batch 10, val loss = 0.03, mean loss = 0.03
Mon Jan 31 05:38:39 2022
val Loss: 0.03

epoch 40 was done for 471.543324 seconds
Epoch 41/299
----------
Mon Jan 31 05:39:17 2022
batch 0, train loss = 0.23, mean loss = 0.23
Mon Jan 31 05:39:22 2022
batch 10, train loss = 0.58, mean loss = 0.50
Mon Jan 31 05:40:17 2022
batch 20, train loss = 0.45, mean loss = 0.50
Mon Jan 31 05:41:11 2022
batch 30, train loss = 0.68, mean loss = 0.51
Mon Jan 31 05:42:06 2022
batch 40, train loss = 0.18, mean loss = 0.51
Mon Jan 31 05:43:01 2022
batch 50, train loss = 0.39, mean loss = 0.53
Mon Jan 31 05:43:55 2022
batch 60, train loss = 0.43, mean loss = 0.54
Mon Jan 31 05:44:50 2022
train Loss: 0.54

batch 0, val loss = 0.02, mean loss = 0.02
Mon Jan 31 05:45:40 2022
batch 10, val loss = 0.02, mean loss = 0.02
Mon Jan 31 05:46:36 2022
val Loss: 0.02

epoch 41 was done for 476.466277 seconds
Epoch 42/299
----------
Mon Jan 31 05:47:13 2022
batch 0, train loss = 0.52, mean loss = 0.52
Mon Jan 31 05:47:19 2022
batch 10, train loss = 0.95, mean loss = 0.58
Mon Jan 31 05:48:14 2022
batch 20, train loss = 0.34, mean loss = 0.56
Mon Jan 31 05:49:09 2022
batch 30, train loss = 0.55, mean loss = 0.60
Mon Jan 31 05:50:04 2022
batch 40, train loss = 0.28, mean loss = 0.62
Mon Jan 31 05:50:59 2022
batch 50, train loss = 0.63, mean loss = 0.63
Mon Jan 31 05:51:53 2022
batch 60, train loss = 0.58, mean loss = 0.63
Mon Jan 31 05:52:48 2022
train Loss: 0.62

batch 0, val loss = 0.02, mean loss = 0.02
Mon Jan 31 05:53:39 2022
batch 10, val loss = 0.02, mean loss = 0.02
Mon Jan 31 05:54:34 2022
val Loss: 0.02

epoch 42 was done for 478.141426 seconds
Epoch 43/299
----------
Mon Jan 31 05:55:12 2022
batch 0, train loss = 0.66, mean loss = 0.66
Mon Jan 31 05:55:17 2022
batch 10, train loss = 0.97, mean loss = 0.64
Mon Jan 31 05:56:10 2022
batch 20, train loss = 0.26, mean loss = 0.64
Mon Jan 31 05:57:04 2022
batch 30, train loss = 0.59, mean loss = 0.68
Mon Jan 31 05:57:58 2022
batch 40, train loss = 0.60, mean loss = 0.68
Mon Jan 31 05:58:52 2022
batch 50, train loss = 0.90, mean loss = 0.67
Mon Jan 31 05:59:45 2022
batch 60, train loss = 0.29, mean loss = 0.66
Mon Jan 31 06:00:39 2022
train Loss: 0.67

batch 0, val loss = 0.02, mean loss = 0.02
Mon Jan 31 06:01:29 2022
batch 10, val loss = 0.03, mean loss = 0.03
Mon Jan 31 06:02:23 2022
val Loss: 0.03

epoch 43 was done for 469.151341 seconds
Epoch 44/299
----------
Mon Jan 31 06:03:01 2022
batch 0, train loss = 0.30, mean loss = 0.30
Mon Jan 31 06:03:06 2022
batch 10, train loss = 0.56, mean loss = 0.69
Mon Jan 31 06:04:00 2022
batch 20, train loss = 0.66, mean loss = 0.69
Mon Jan 31 06:04:55 2022
batch 30, train loss = 1.00, mean loss = 0.68
Mon Jan 31 06:05:49 2022
batch 40, train loss = 0.30, mean loss = 0.68
Mon Jan 31 06:06:43 2022
batch 50, train loss = 0.53, mean loss = 0.69
Mon Jan 31 06:07:38 2022
batch 60, train loss = 0.57, mean loss = 0.68
Mon Jan 31 06:08:32 2022
train Loss: 0.67

batch 0, val loss = 0.03, mean loss = 0.03
Mon Jan 31 06:09:23 2022
batch 10, val loss = 0.03, mean loss = 0.03
Mon Jan 31 06:10:18 2022
val Loss: 0.03

epoch 44 was done for 474.824708 seconds
Epoch 45/299
----------
Mon Jan 31 06:10:56 2022
batch 0, train loss = 0.47, mean loss = 0.47
Mon Jan 31 06:11:01 2022
batch 10, train loss = 0.60, mean loss = 0.56
Mon Jan 31 06:11:56 2022
batch 20, train loss = 0.27, mean loss = 0.56
Mon Jan 31 06:12:51 2022
batch 30, train loss = 0.61, mean loss = 0.57
Mon Jan 31 06:13:46 2022
batch 40, train loss = 0.48, mean loss = 0.56
Mon Jan 31 06:14:41 2022
batch 50, train loss = 0.57, mean loss = 0.56
Mon Jan 31 06:15:36 2022
batch 60, train loss = 0.28, mean loss = 0.56
Mon Jan 31 06:16:31 2022
train Loss: 0.56

batch 0, val loss = 0.02, mean loss = 0.02
Mon Jan 31 06:17:22 2022
batch 10, val loss = 0.02, mean loss = 0.02
Mon Jan 31 06:18:17 2022
val Loss: 0.02

epoch 45 was done for 479.884570 seconds
Epoch 46/299
----------
Mon Jan 31 06:18:55 2022
batch 0, train loss = 0.27, mean loss = 0.27
Mon Jan 31 06:19:01 2022
batch 10, train loss = 0.49, mean loss = 0.52
Mon Jan 31 06:19:55 2022
batch 20, train loss = 0.37, mean loss = 0.51
Mon Jan 31 06:20:49 2022
batch 30, train loss = 0.65, mean loss = 0.51
Mon Jan 31 06:21:43 2022
batch 40, train loss = 0.20, mean loss = 0.49
Mon Jan 31 06:22:37 2022
batch 50, train loss = 0.43, mean loss = 0.50
Mon Jan 31 06:23:32 2022
batch 60, train loss = 0.37, mean loss = 0.50
Mon Jan 31 06:24:26 2022
train Loss: 0.49

batch 0, val loss = 0.03, mean loss = 0.03
Mon Jan 31 06:25:17 2022
batch 10, val loss = 0.03, mean loss = 0.03
Mon Jan 31 06:26:12 2022
val Loss: 0.03

epoch 46 was done for 473.976326 seconds
Epoch 47/299
----------
Mon Jan 31 06:26:49 2022
batch 0, train loss = 0.31, mean loss = 0.31
Mon Jan 31 06:26:55 2022
batch 10, train loss = 0.48, mean loss = 0.43
Mon Jan 31 06:27:49 2022
batch 20, train loss = 0.20, mean loss = 0.42
Mon Jan 31 06:28:44 2022
batch 30, train loss = 0.39, mean loss = 0.43
Mon Jan 31 06:29:38 2022
batch 40, train loss = 0.19, mean loss = 0.41
Mon Jan 31 06:30:33 2022
batch 50, train loss = 0.38, mean loss = 0.41
Mon Jan 31 06:31:27 2022
batch 60, train loss = 0.15, mean loss = 0.40
Mon Jan 31 06:32:22 2022
train Loss: 0.40

batch 0, val loss = 0.03, mean loss = 0.03
Mon Jan 31 06:33:12 2022
batch 10, val loss = 0.03, mean loss = 0.03
Mon Jan 31 06:34:07 2022
val Loss: 0.03

epoch 47 was done for 475.075627 seconds
Epoch 48/299
----------
Mon Jan 31 06:34:44 2022
batch 0, train loss = 0.16, mean loss = 0.16
Mon Jan 31 06:34:50 2022
batch 10, train loss = 0.43, mean loss = 0.37
Mon Jan 31 06:35:45 2022
batch 20, train loss = 0.13, mean loss = 0.37
Mon Jan 31 06:36:40 2022
batch 30, train loss = 0.50, mean loss = 0.38
Mon Jan 31 06:37:36 2022
batch 40, train loss = 0.15, mean loss = 0.37
Mon Jan 31 06:38:31 2022
batch 50, train loss = 0.40, mean loss = 0.37
Mon Jan 31 06:39:26 2022
batch 60, train loss = 0.09, mean loss = 0.36
Mon Jan 31 06:40:22 2022
train Loss: 0.36

batch 0, val loss = 0.02, mean loss = 0.02
Mon Jan 31 06:41:13 2022
batch 10, val loss = 0.03, mean loss = 0.03
Mon Jan 31 06:42:09 2022
val Loss: 0.03

epoch 48 was done for 483.143226 seconds
Epoch 49/299
----------
Mon Jan 31 06:42:48 2022
batch 0, train loss = 0.10, mean loss = 0.10
Mon Jan 31 06:42:53 2022
batch 10, train loss = 0.35, mean loss = 0.33
Mon Jan 31 06:43:48 2022
batch 20, train loss = 0.11, mean loss = 0.33
Mon Jan 31 06:44:42 2022
batch 30, train loss = 0.45, mean loss = 0.34
Mon Jan 31 06:45:37 2022
batch 40, train loss = 0.09, mean loss = 0.34
Mon Jan 31 06:46:31 2022
batch 50, train loss = 0.35, mean loss = 0.34
Mon Jan 31 06:47:26 2022
batch 60, train loss = 0.09, mean loss = 0.34
Mon Jan 31 06:48:20 2022
train Loss: 0.34

batch 0, val loss = 0.02, mean loss = 0.02
Mon Jan 31 06:49:11 2022
batch 10, val loss = 0.03, mean loss = 0.03
Mon Jan 31 06:50:06 2022
val Loss: 0.03

epoch 49 was done for 476.059389 seconds
Epoch 50/299
----------
Mon Jan 31 06:50:44 2022
batch 0, train loss = 0.10, mean loss = 0.10
Mon Jan 31 06:50:49 2022
batch 10, train loss = 0.35, mean loss = 0.33
Mon Jan 31 06:51:44 2022
batch 20, train loss = 0.11, mean loss = 0.33
Mon Jan 31 06:52:39 2022
batch 30, train loss = 0.46, mean loss = 0.34
Mon Jan 31 06:53:33 2022
batch 40, train loss = 0.08, mean loss = 0.34
Mon Jan 31 06:54:28 2022
batch 50, train loss = 0.35, mean loss = 0.34
Mon Jan 31 06:55:23 2022
batch 60, train loss = 0.08, mean loss = 0.34
Mon Jan 31 06:56:18 2022
train Loss: 0.34

batch 0, val loss = 0.02, mean loss = 0.02
Mon Jan 31 06:57:09 2022
batch 10, val loss = 0.03, mean loss = 0.03
Mon Jan 31 06:58:04 2022
val Loss: 0.03

epoch 50 was done for 478.065621 seconds
Epoch 51/299
----------
Mon Jan 31 06:58:42 2022
batch 0, train loss = 0.10, mean loss = 0.10
Mon Jan 31 06:58:47 2022
batch 10, train loss = 0.38, mean loss = 0.34
Mon Jan 31 06:59:41 2022
batch 20, train loss = 0.11, mean loss = 0.34
Mon Jan 31 07:00:35 2022
batch 30, train loss = 0.48, mean loss = 0.35
Mon Jan 31 07:01:29 2022
batch 40, train loss = 0.08, mean loss = 0.35
Mon Jan 31 07:02:23 2022
batch 50, train loss = 0.37, mean loss = 0.36
Mon Jan 31 07:03:17 2022
batch 60, train loss = 0.08, mean loss = 0.35
Mon Jan 31 07:04:11 2022
train Loss: 0.35

batch 0, val loss = 0.02, mean loss = 0.02
Mon Jan 31 07:05:02 2022
batch 10, val loss = 0.03, mean loss = 0.03
Mon Jan 31 07:05:57 2022
val Loss: 0.03

epoch 51 was done for 473.238175 seconds
Epoch 52/299
----------
Mon Jan 31 07:06:35 2022
batch 0, train loss = 0.10, mean loss = 0.10
Mon Jan 31 07:06:40 2022
batch 10, train loss = 0.41, mean loss = 0.35
Mon Jan 31 07:07:35 2022
batch 20, train loss = 0.10, mean loss = 0.36
Mon Jan 31 07:08:29 2022
batch 30, train loss = 0.51, mean loss = 0.37
Mon Jan 31 07:09:23 2022
batch 40, train loss = 0.09, mean loss = 0.37
Mon Jan 31 07:10:17 2022
batch 50, train loss = 0.41, mean loss = 0.38
Mon Jan 31 07:11:11 2022
batch 60, train loss = 0.09, mean loss = 0.37
Mon Jan 31 07:12:06 2022
train Loss: 0.37

batch 0, val loss = 0.02, mean loss = 0.02
Mon Jan 31 07:12:56 2022
batch 10, val loss = 0.03, mean loss = 0.03
Mon Jan 31 07:13:51 2022
val Loss: 0.03

epoch 52 was done for 473.197175 seconds
Epoch 53/299
----------
Mon Jan 31 07:14:28 2022
batch 0, train loss = 0.10, mean loss = 0.10
Mon Jan 31 07:14:34 2022
batch 10, train loss = 0.43, mean loss = 0.37
Mon Jan 31 07:15:28 2022
batch 20, train loss = 0.11, mean loss = 0.38
Mon Jan 31 07:16:23 2022
batch 30, train loss = 0.52, mean loss = 0.40
Mon Jan 31 07:17:18 2022
batch 40, train loss = 0.12, mean loss = 0.40
Mon Jan 31 07:18:12 2022
batch 50, train loss = 0.45, mean loss = 0.41
Mon Jan 31 07:19:07 2022
batch 60, train loss = 0.10, mean loss = 0.40
Mon Jan 31 07:20:02 2022
train Loss: 0.41

batch 0, val loss = 0.02, mean loss = 0.02
Mon Jan 31 07:20:53 2022
batch 10, val loss = 0.03, mean loss = 0.03
Mon Jan 31 07:21:48 2022
val Loss: 0.03

epoch 53 was done for 477.447830 seconds
Epoch 54/299
----------
Mon Jan 31 07:22:26 2022
batch 0, train loss = 0.12, mean loss = 0.12
Mon Jan 31 07:22:31 2022
batch 10, train loss = 0.46, mean loss = 0.41
Mon Jan 31 07:23:25 2022
batch 20, train loss = 0.16, mean loss = 0.43
Mon Jan 31 07:24:19 2022
batch 30, train loss = 0.58, mean loss = 0.44
Mon Jan 31 07:25:13 2022
batch 40, train loss = 0.20, mean loss = 0.45
Mon Jan 31 07:26:06 2022
batch 50, train loss = 0.51, mean loss = 0.47
Mon Jan 31 07:27:01 2022
batch 60, train loss = 0.14, mean loss = 0.46
Mon Jan 31 07:27:55 2022
train Loss: 0.47

batch 0, val loss = 0.03, mean loss = 0.03
Mon Jan 31 07:28:46 2022
batch 10, val loss = 0.03, mean loss = 0.03
Mon Jan 31 07:29:40 2022
val Loss: 0.03

epoch 54 was done for 472.245496 seconds
Epoch 55/299
----------
Mon Jan 31 07:30:18 2022
batch 0, train loss = 0.15, mean loss = 0.15
Mon Jan 31 07:30:23 2022
batch 10, train loss = 0.49, mean loss = 0.49
Mon Jan 31 07:31:18 2022
batch 20, train loss = 0.32, mean loss = 0.52
Mon Jan 31 07:32:14 2022
batch 30, train loss = 0.78, mean loss = 0.53
Mon Jan 31 07:33:09 2022
batch 40, train loss = 0.26, mean loss = 0.54
Mon Jan 31 07:34:04 2022
batch 50, train loss = 0.53, mean loss = 0.56
Mon Jan 31 07:34:59 2022
batch 60, train loss = 0.26, mean loss = 0.56
Mon Jan 31 07:35:54 2022
train Loss: 0.57

batch 0, val loss = 0.03, mean loss = 0.03
Mon Jan 31 07:36:45 2022
batch 10, val loss = 0.02, mean loss = 0.03
Mon Jan 31 07:37:41 2022
val Loss: 0.03

epoch 55 was done for 481.171420 seconds
Epoch 56/299
----------
Mon Jan 31 07:38:19 2022
batch 0, train loss = 0.25, mean loss = 0.25
Mon Jan 31 07:38:25 2022
batch 10, train loss = 0.51, mean loss = 0.53
Mon Jan 31 07:39:20 2022
batch 20, train loss = 0.35, mean loss = 0.54
Mon Jan 31 07:40:22 2022
batch 30, train loss = 0.82, mean loss = 0.55
Mon Jan 31 07:41:20 2022
batch 40, train loss = 0.21, mean loss = 0.55
Mon Jan 31 07:42:16 2022
batch 50, train loss = 0.49, mean loss = 0.57
Mon Jan 31 07:43:11 2022
batch 60, train loss = 0.37, mean loss = 0.58
Mon Jan 31 07:44:07 2022
train Loss: 0.59

batch 0, val loss = 0.02, mean loss = 0.02
Mon Jan 31 07:45:00 2022
batch 10, val loss = 0.02, mean loss = 0.02
Mon Jan 31 07:46:01 2022
val Loss: 0.02

epoch 56 was done for 499.804669 seconds
Epoch 57/299
----------
Mon Jan 31 07:46:39 2022
batch 0, train loss = 0.39, mean loss = 0.39
Mon Jan 31 07:46:44 2022
batch 10, train loss = 0.69, mean loss = 0.58
Mon Jan 31 07:47:39 2022
batch 20, train loss = 0.51, mean loss = 0.61
Mon Jan 31 07:48:34 2022
batch 30, train loss = 0.97, mean loss = 0.64
Mon Jan 31 07:49:28 2022
batch 40, train loss = 0.30, mean loss = 0.65
Mon Jan 31 07:50:23 2022
batch 50, train loss = 0.56, mean loss = 0.69
Mon Jan 31 07:51:17 2022
batch 60, train loss = 0.72, mean loss = 0.70
Mon Jan 31 07:52:12 2022
train Loss: 0.70

batch 0, val loss = 0.02, mean loss = 0.02
Mon Jan 31 07:53:02 2022
batch 10, val loss = 0.02, mean loss = 0.02
Mon Jan 31 07:53:58 2022
val Loss: 0.02

epoch 57 was done for 476.449400 seconds
Epoch 58/299
----------
Mon Jan 31 07:54:35 2022
batch 0, train loss = 0.74, mean loss = 0.74
Mon Jan 31 07:54:41 2022
batch 10, train loss = 0.91, mean loss = 0.71
Mon Jan 31 07:55:37 2022
batch 20, train loss = 0.37, mean loss = 0.70
Mon Jan 31 07:56:32 2022
batch 30, train loss = 0.65, mean loss = 0.72
Mon Jan 31 07:57:27 2022
batch 40, train loss = 0.64, mean loss = 0.74
Mon Jan 31 07:58:22 2022
batch 50, train loss = 0.86, mean loss = 0.75
Mon Jan 31 07:59:17 2022
batch 60, train loss = 0.61, mean loss = 0.74
Mon Jan 31 08:00:12 2022
train Loss: 0.73

batch 0, val loss = 0.02, mean loss = 0.02
Mon Jan 31 08:01:03 2022
batch 10, val loss = 0.02, mean loss = 0.03
Mon Jan 31 08:01:59 2022
val Loss: 0.03

epoch 58 was done for 481.814159 seconds
Epoch 59/299
----------
Mon Jan 31 08:02:37 2022
batch 0, train loss = 0.43, mean loss = 0.43
Mon Jan 31 08:02:43 2022
batch 10, train loss = 0.51, mean loss = 0.63
Mon Jan 31 08:03:38 2022
batch 20, train loss = 0.43, mean loss = 0.64
Mon Jan 31 08:04:34 2022
batch 30, train loss = 0.65, mean loss = 0.63
Mon Jan 31 08:05:30 2022
batch 40, train loss = 0.53, mean loss = 0.62
Mon Jan 31 08:06:26 2022
batch 50, train loss = 0.57, mean loss = 0.60
Mon Jan 31 08:07:21 2022
batch 60, train loss = 0.25, mean loss = 0.59
Mon Jan 31 08:08:17 2022
train Loss: 0.59

batch 0, val loss = 0.02, mean loss = 0.02
Mon Jan 31 08:09:09 2022
batch 10, val loss = 0.02, mean loss = 0.02
Mon Jan 31 08:10:06 2022
val Loss: 0.02

epoch 59 was done for 487.475036 seconds
Epoch 60/299
----------
Mon Jan 31 08:10:45 2022
batch 0, train loss = 0.34, mean loss = 0.34
Mon Jan 31 08:10:50 2022
batch 10, train loss = 0.66, mean loss = 0.47
Mon Jan 31 08:11:45 2022
batch 20, train loss = 0.22, mean loss = 0.43
Mon Jan 31 08:12:40 2022
batch 30, train loss = 0.36, mean loss = 0.44
Mon Jan 31 08:13:36 2022
batch 40, train loss = 0.23, mean loss = 0.42
Mon Jan 31 08:14:31 2022
batch 50, train loss = 0.37, mean loss = 0.40
Mon Jan 31 08:15:26 2022
batch 60, train loss = 0.14, mean loss = 0.39
Mon Jan 31 08:16:21 2022
train Loss: 0.38

batch 0, val loss = 0.03, mean loss = 0.03
Mon Jan 31 08:17:12 2022
batch 10, val loss = 0.03, mean loss = 0.03
Mon Jan 31 08:18:08 2022
val Loss: 0.03

epoch 60 was done for 481.847820 seconds
Epoch 61/299
----------
Mon Jan 31 08:18:46 2022
batch 0, train loss = 0.16, mean loss = 0.16
Mon Jan 31 08:18:52 2022
batch 10, train loss = 0.38, mean loss = 0.31
Mon Jan 31 08:19:47 2022
batch 20, train loss = 0.13, mean loss = 0.31
Mon Jan 31 08:20:42 2022
batch 30, train loss = 0.39, mean loss = 0.32
Mon Jan 31 08:21:38 2022
batch 40, train loss = 0.12, mean loss = 0.32
Mon Jan 31 08:22:33 2022
batch 50, train loss = 0.39, mean loss = 0.33
Mon Jan 31 08:23:28 2022
batch 60, train loss = 0.12, mean loss = 0.33
Mon Jan 31 08:24:23 2022
train Loss: 0.34

batch 0, val loss = 0.02, mean loss = 0.02
Mon Jan 31 08:25:15 2022
batch 10, val loss = 0.02, mean loss = 0.02
Mon Jan 31 08:26:11 2022
val Loss: 0.02

epoch 61 was done for 482.535054 seconds
Epoch 62/299
----------
Mon Jan 31 08:26:49 2022
batch 0, train loss = 0.18, mean loss = 0.18
Mon Jan 31 08:26:55 2022
batch 10, train loss = 0.47, mean loss = 0.37
Mon Jan 31 08:27:56 2022
batch 20, train loss = 0.15, mean loss = 0.35
Mon Jan 31 08:28:52 2022
batch 30, train loss = 0.38, mean loss = 0.35
Mon Jan 31 08:29:49 2022
batch 40, train loss = 0.09, mean loss = 0.34
Mon Jan 31 08:30:45 2022
batch 50, train loss = 0.37, mean loss = 0.35
Mon Jan 31 08:31:43 2022
batch 60, train loss = 0.13, mean loss = 0.34
Mon Jan 31 08:32:40 2022
train Loss: 0.35

batch 0, val loss = 0.03, mean loss = 0.03
Mon Jan 31 08:33:34 2022
batch 10, val loss = 0.02, mean loss = 0.02
Mon Jan 31 08:34:37 2022
val Loss: 0.02

epoch 62 was done for 511.889718 seconds
Epoch 63/299
----------
Mon Jan 31 08:35:21 2022
batch 0, train loss = 0.16, mean loss = 0.16
Mon Jan 31 08:35:27 2022
batch 10, train loss = 0.46, mean loss = 0.34
Mon Jan 31 08:36:29 2022
batch 20, train loss = 0.10, mean loss = 0.34
Mon Jan 31 08:37:30 2022
batch 30, train loss = 0.39, mean loss = 0.35
Mon Jan 31 08:38:31 2022
batch 40, train loss = 0.11, mean loss = 0.35
Mon Jan 31 08:39:29 2022
batch 50, train loss = 0.41, mean loss = 0.35
Mon Jan 31 08:40:25 2022
batch 60, train loss = 0.10, mean loss = 0.35
Mon Jan 31 08:41:20 2022
train Loss: 0.35

batch 0, val loss = 0.02, mean loss = 0.02
Mon Jan 31 08:42:15 2022
batch 10, val loss = 0.02, mean loss = 0.02
Mon Jan 31 08:43:13 2022
val Loss: 0.02

epoch 63 was done for 510.136379 seconds
Epoch 64/299
----------
Mon Jan 31 08:43:51 2022
batch 0, train loss = 0.14, mean loss = 0.14
Mon Jan 31 08:43:56 2022
batch 10, train loss = 0.46, mean loss = 0.36
Mon Jan 31 08:44:51 2022
batch 20, train loss = 0.11, mean loss = 0.36
Mon Jan 31 08:45:45 2022
batch 30, train loss = 0.43, mean loss = 0.37
Mon Jan 31 08:46:40 2022
batch 40, train loss = 0.13, mean loss = 0.36
Mon Jan 31 08:47:34 2022
batch 50, train loss = 0.44, mean loss = 0.36
Mon Jan 31 08:48:29 2022
batch 60, train loss = 0.08, mean loss = 0.36
Mon Jan 31 08:49:27 2022
train Loss: 0.37

batch 0, val loss = 0.02, mean loss = 0.02
Mon Jan 31 08:50:22 2022
batch 10, val loss = 0.02, mean loss = 0.02
Mon Jan 31 08:51:23 2022
val Loss: 0.02

epoch 64 was done for 490.344732 seconds
Epoch 65/299
----------
Mon Jan 31 08:52:01 2022
batch 0, train loss = 0.11, mean loss = 0.11
Mon Jan 31 08:52:07 2022
batch 10, train loss = 0.43, mean loss = 0.37
Mon Jan 31 08:53:01 2022
batch 20, train loss = 0.14, mean loss = 0.37
Mon Jan 31 08:53:55 2022
batch 30, train loss = 0.51, mean loss = 0.38
Mon Jan 31 08:55:01 2022
batch 40, train loss = 0.11, mean loss = 0.38
Mon Jan 31 08:56:08 2022
batch 50, train loss = 0.41, mean loss = 0.38
Mon Jan 31 08:57:15 2022
batch 60, train loss = 0.07, mean loss = 0.37
Mon Jan 31 08:58:22 2022
train Loss: 0.38

batch 0, val loss = 0.02, mean loss = 0.02
Mon Jan 31 08:59:25 2022
batch 10, val loss = 0.02, mean loss = 0.02
Mon Jan 31 09:00:34 2022
val Loss: 0.02

epoch 65 was done for 559.052003 seconds
Epoch 66/299
----------
Mon Jan 31 09:01:20 2022
batch 0, train loss = 0.10, mean loss = 0.10
Mon Jan 31 09:01:27 2022
batch 10, train loss = 0.42, mean loss = 0.37
Mon Jan 31 09:02:35 2022
batch 20, train loss = 0.17, mean loss = 0.38
Mon Jan 31 09:03:43 2022
batch 30, train loss = 0.56, mean loss = 0.38
Mon Jan 31 09:04:51 2022
batch 40, train loss = 0.07, mean loss = 0.38
Mon Jan 31 09:05:59 2022
batch 50, train loss = 0.37, mean loss = 0.38
Mon Jan 31 09:07:07 2022
batch 60, train loss = 0.12, mean loss = 0.38
Mon Jan 31 09:08:21 2022
train Loss: 0.38

batch 0, val loss = 0.02, mean loss = 0.02
Mon Jan 31 09:09:25 2022
batch 10, val loss = 0.02, mean loss = 0.02
Mon Jan 31 09:10:34 2022
val Loss: 0.02

epoch 66 was done for 600.095497 seconds
Epoch 67/299
----------
Mon Jan 31 09:11:20 2022
batch 0, train loss = 0.15, mean loss = 0.15
Mon Jan 31 09:11:27 2022
batch 10, train loss = 0.47, mean loss = 0.37
Mon Jan 31 09:12:35 2022
batch 20, train loss = 0.12, mean loss = 0.37
Mon Jan 31 09:13:43 2022
batch 30, train loss = 0.50, mean loss = 0.38
Mon Jan 31 09:14:52 2022
batch 40, train loss = 0.09, mean loss = 0.38
Mon Jan 31 09:16:00 2022
batch 50, train loss = 0.40, mean loss = 0.39
Mon Jan 31 09:17:08 2022
batch 60, train loss = 0.14, mean loss = 0.38
Mon Jan 31 09:18:16 2022
train Loss: 0.39

batch 0, val loss = 0.02, mean loss = 0.02
Mon Jan 31 09:19:20 2022
batch 10, val loss = 0.02, mean loss = 0.02
Mon Jan 31 09:20:29 2022
val Loss: 0.02

epoch 67 was done for 595.586255 seconds
Epoch 68/299
----------
Mon Jan 31 09:21:16 2022
batch 0, train loss = 0.15, mean loss = 0.15
Mon Jan 31 09:21:23 2022
batch 10, train loss = 0.47, mean loss = 0.37
Mon Jan 31 09:22:31 2022
batch 20, train loss = 0.07, mean loss = 0.37
Mon Jan 31 09:23:38 2022
batch 30, train loss = 0.44, mean loss = 0.38
Mon Jan 31 09:24:46 2022
batch 40, train loss = 0.13, mean loss = 0.39
Mon Jan 31 09:25:56 2022
batch 50, train loss = 0.43, mean loss = 0.39
Mon Jan 31 09:27:04 2022
batch 60, train loss = 0.09, mean loss = 0.38
Mon Jan 31 09:28:13 2022
train Loss: 0.38

batch 0, val loss = 0.02, mean loss = 0.02
Mon Jan 31 09:29:17 2022
batch 10, val loss = 0.03, mean loss = 0.02
Mon Jan 31 09:30:25 2022
val Loss: 0.02

epoch 68 was done for 595.959554 seconds
Epoch 69/299
----------
Mon Jan 31 09:31:12 2022
batch 0, train loss = 0.09, mean loss = 0.09
Mon Jan 31 09:31:19 2022
batch 10, train loss = 0.41, mean loss = 0.37
Mon Jan 31 09:32:26 2022
batch 20, train loss = 0.10, mean loss = 0.37
Mon Jan 31 09:33:35 2022
batch 30, train loss = 0.44, mean loss = 0.38
Mon Jan 31 09:34:43 2022
batch 40, train loss = 0.14, mean loss = 0.39
Mon Jan 31 09:35:51 2022
batch 50, train loss = 0.46, mean loss = 0.39
Mon Jan 31 09:37:00 2022
batch 60, train loss = 0.06, mean loss = 0.38
Mon Jan 31 09:38:09 2022
train Loss: 0.39

batch 0, val loss = 0.02, mean loss = 0.02
Mon Jan 31 09:39:12 2022
batch 10, val loss = 0.02, mean loss = 0.02
Mon Jan 31 09:40:21 2022
val Loss: 0.02

epoch 69 was done for 595.630051 seconds
Epoch 70/299
----------
Mon Jan 31 09:41:08 2022
batch 0, train loss = 0.08, mean loss = 0.08
Mon Jan 31 09:41:14 2022
batch 10, train loss = 0.42, mean loss = 0.40
Mon Jan 31 09:42:23 2022
batch 20, train loss = 0.17, mean loss = 0.40
Mon Jan 31 09:43:31 2022
batch 30, train loss = 0.51, mean loss = 0.40
Mon Jan 31 09:44:39 2022
batch 40, train loss = 0.08, mean loss = 0.40
Mon Jan 31 09:45:48 2022
batch 50, train loss = 0.42, mean loss = 0.41
Mon Jan 31 09:46:58 2022
batch 60, train loss = 0.12, mean loss = 0.41
Mon Jan 31 09:48:07 2022
train Loss: 0.41

batch 0, val loss = 0.03, mean loss = 0.03
Mon Jan 31 09:49:11 2022
batch 10, val loss = 0.02, mean loss = 0.02
Mon Jan 31 09:50:23 2022
val Loss: 0.02

epoch 70 was done for 602.012892 seconds
Epoch 71/299
----------
Mon Jan 31 09:51:10 2022
batch 0, train loss = 0.16, mean loss = 0.16
Mon Jan 31 09:51:16 2022
batch 10, train loss = 0.53, mean loss = 0.42
Mon Jan 31 09:52:25 2022
batch 20, train loss = 0.17, mean loss = 0.41
Mon Jan 31 09:53:33 2022
batch 30, train loss = 0.53, mean loss = 0.42
Mon Jan 31 09:54:41 2022
batch 40, train loss = 0.08, mean loss = 0.42
Mon Jan 31 09:55:49 2022
batch 50, train loss = 0.43, mean loss = 0.43
Mon Jan 31 09:56:57 2022
batch 60, train loss = 0.23, mean loss = 0.43
Mon Jan 31 09:58:05 2022
train Loss: 0.43

batch 0, val loss = 0.03, mean loss = 0.03
Mon Jan 31 09:59:10 2022
batch 10, val loss = 0.03, mean loss = 0.03
Mon Jan 31 10:00:20 2022
val Loss: 0.03

epoch 71 was done for 598.000971 seconds
Epoch 72/299
----------
Mon Jan 31 10:01:08 2022
batch 0, train loss = 0.26, mean loss = 0.26
Mon Jan 31 10:01:14 2022
batch 10, train loss = 0.60, mean loss = 0.42
Mon Jan 31 10:02:23 2022
batch 20, train loss = 0.08, mean loss = 0.42
Mon Jan 31 10:03:31 2022
batch 30, train loss = 0.48, mean loss = 0.44
Mon Jan 31 10:04:39 2022
batch 40, train loss = 0.23, mean loss = 0.44
Mon Jan 31 10:05:47 2022
batch 50, train loss = 0.56, mean loss = 0.44
Mon Jan 31 10:06:56 2022
batch 60, train loss = 0.09, mean loss = 0.43
Mon Jan 31 10:08:04 2022
train Loss: 0.43

batch 0, val loss = 0.02, mean loss = 0.02
Mon Jan 31 10:09:08 2022
batch 10, val loss = 0.02, mean loss = 0.02
Mon Jan 31 10:10:16 2022
val Loss: 0.02

epoch 72 was done for 595.357805 seconds
Epoch 73/299
----------
Mon Jan 31 10:11:03 2022
batch 0, train loss = 0.10, mean loss = 0.10
Mon Jan 31 10:11:10 2022
batch 10, train loss = 0.43, mean loss = 0.41
Mon Jan 31 10:12:18 2022
batch 20, train loss = 0.19, mean loss = 0.42
Mon Jan 31 10:13:27 2022
batch 30, train loss = 0.62, mean loss = 0.42
Mon Jan 31 10:14:36 2022
batch 40, train loss = 0.11, mean loss = 0.42
Mon Jan 31 10:15:44 2022
batch 50, train loss = 0.43, mean loss = 0.43
Mon Jan 31 10:16:53 2022
batch 60, train loss = 0.14, mean loss = 0.42
Mon Jan 31 10:18:02 2022
train Loss: 0.43

batch 0, val loss = 0.02, mean loss = 0.02
Mon Jan 31 10:19:06 2022
batch 10, val loss = 0.03, mean loss = 0.02
Mon Jan 31 10:20:15 2022
val Loss: 0.02

epoch 73 was done for 598.842991 seconds
Epoch 74/299
----------
Mon Jan 31 10:21:02 2022
batch 0, train loss = 0.15, mean loss = 0.15
Mon Jan 31 10:21:09 2022
batch 10, train loss = 0.46, mean loss = 0.39
Mon Jan 31 10:22:18 2022
batch 20, train loss = 0.11, mean loss = 0.39
Mon Jan 31 10:23:28 2022
batch 30, train loss = 0.50, mean loss = 0.39
Mon Jan 31 10:24:37 2022
batch 40, train loss = 0.11, mean loss = 0.40
Mon Jan 31 10:25:44 2022
batch 50, train loss = 0.45, mean loss = 0.40
Mon Jan 31 10:26:52 2022
batch 60, train loss = 0.10, mean loss = 0.40
Mon Jan 31 10:28:01 2022
train Loss: 0.40

batch 0, val loss = 0.02, mean loss = 0.02
Mon Jan 31 10:29:05 2022
batch 10, val loss = 0.03, mean loss = 0.03
Mon Jan 31 10:30:14 2022
val Loss: 0.02

epoch 74 was done for 599.326900 seconds
Epoch 75/299
----------
Mon Jan 31 10:31:01 2022
batch 0, train loss = 0.10, mean loss = 0.10
Mon Jan 31 10:31:08 2022
batch 10, train loss = 0.44, mean loss = 0.38
Mon Jan 31 10:32:16 2022
batch 20, train loss = 0.09, mean loss = 0.38
Mon Jan 31 10:33:26 2022
batch 30, train loss = 0.47, mean loss = 0.38
Mon Jan 31 10:34:35 2022
batch 40, train loss = 0.09, mean loss = 0.38
Mon Jan 31 10:35:43 2022
batch 50, train loss = 0.46, mean loss = 0.39
Mon Jan 31 10:36:52 2022
batch 60, train loss = 0.08, mean loss = 0.39
Mon Jan 31 10:38:01 2022
train Loss: 0.39

batch 0, val loss = 0.02, mean loss = 0.02
Mon Jan 31 10:39:05 2022
batch 10, val loss = 0.03, mean loss = 0.02
Mon Jan 31 10:40:15 2022
val Loss: 0.02

epoch 75 was done for 600.125890 seconds
Epoch 76/299
----------
Mon Jan 31 10:41:01 2022
batch 0, train loss = 0.08, mean loss = 0.08
Mon Jan 31 10:41:08 2022
batch 10, train loss = 0.46, mean loss = 0.40
Mon Jan 31 10:42:17 2022
batch 20, train loss = 0.11, mean loss = 0.40
Mon Jan 31 10:43:25 2022
batch 30, train loss = 0.49, mean loss = 0.41
Mon Jan 31 10:44:34 2022
batch 40, train loss = 0.09, mean loss = 0.41
Mon Jan 31 10:45:43 2022
batch 50, train loss = 0.47, mean loss = 0.41
Mon Jan 31 10:46:52 2022
batch 60, train loss = 0.09, mean loss = 0.41
Mon Jan 31 10:48:02 2022
train Loss: 0.41

batch 0, val loss = 0.02, mean loss = 0.02
Mon Jan 31 10:49:07 2022
batch 10, val loss = 0.03, mean loss = 0.02
Mon Jan 31 10:50:17 2022
val Loss: 0.02

epoch 76 was done for 603.275337 seconds
Epoch 77/299
----------
Mon Jan 31 10:51:05 2022
batch 0, train loss = 0.09, mean loss = 0.09
Mon Jan 31 10:51:11 2022
batch 10, train loss = 0.47, mean loss = 0.42
Mon Jan 31 10:52:20 2022
batch 20, train loss = 0.09, mean loss = 0.41
Mon Jan 31 10:53:30 2022
batch 30, train loss = 0.48, mean loss = 0.41
Mon Jan 31 10:54:39 2022
batch 40, train loss = 0.09, mean loss = 0.41
Mon Jan 31 10:55:48 2022
batch 50, train loss = 0.47, mean loss = 0.41
Mon Jan 31 10:56:58 2022
batch 60, train loss = 0.07, mean loss = 0.40
Mon Jan 31 10:58:08 2022
train Loss: 0.41

batch 0, val loss = 0.02, mean loss = 0.02
Mon Jan 31 10:59:13 2022
batch 10, val loss = 0.03, mean loss = 0.02
Mon Jan 31 11:00:22 2022
val Loss: 0.02

epoch 77 was done for 607.500668 seconds
Epoch 78/299
----------
Mon Jan 31 11:01:12 2022
batch 0, train loss = 0.08, mean loss = 0.08
Mon Jan 31 11:01:18 2022
batch 10, train loss = 0.51, mean loss = 0.45
Mon Jan 31 11:02:29 2022
batch 20, train loss = 0.09, mean loss = 0.44
Mon Jan 31 11:03:38 2022
batch 30, train loss = 0.51, mean loss = 0.44
Mon Jan 31 11:04:47 2022
batch 40, train loss = 0.11, mean loss = 0.44
Mon Jan 31 11:05:57 2022
batch 50, train loss = 0.48, mean loss = 0.43
Mon Jan 31 11:07:06 2022
batch 60, train loss = 0.07, mean loss = 0.42
Mon Jan 31 11:08:15 2022
train Loss: 0.42

batch 0, val loss = 0.02, mean loss = 0.02
Mon Jan 31 11:09:21 2022
batch 10, val loss = 0.02, mean loss = 0.02
Mon Jan 31 11:10:30 2022
val Loss: 0.02

epoch 78 was done for 604.489218 seconds
Epoch 79/299
----------
Mon Jan 31 11:11:17 2022
batch 0, train loss = 0.07, mean loss = 0.07
Mon Jan 31 11:11:23 2022
batch 10, train loss = 0.51, mean loss = 0.44
Mon Jan 31 11:12:31 2022
batch 20, train loss = 0.10, mean loss = 0.44
Mon Jan 31 11:13:39 2022
batch 30, train loss = 0.53, mean loss = 0.45
Mon Jan 31 11:14:50 2022
batch 40, train loss = 0.12, mean loss = 0.45
Mon Jan 31 11:15:58 2022
batch 50, train loss = 0.48, mean loss = 0.45
Mon Jan 31 11:17:07 2022
batch 60, train loss = 0.08, mean loss = 0.44
Mon Jan 31 11:18:17 2022
train Loss: 0.44

batch 0, val loss = 0.02, mean loss = 0.02
Mon Jan 31 11:19:22 2022
batch 10, val loss = 0.03, mean loss = 0.02
Mon Jan 31 11:20:32 2022
val Loss: 0.02

epoch 79 was done for 601.446342 seconds
Epoch 80/299
----------
Mon Jan 31 11:21:18 2022
batch 0, train loss = 0.09, mean loss = 0.09
Mon Jan 31 11:21:25 2022
batch 10, train loss = 0.52, mean loss = 0.42
Mon Jan 31 11:22:33 2022
batch 20, train loss = 0.08, mean loss = 0.42
Mon Jan 31 11:23:42 2022
batch 30, train loss = 0.53, mean loss = 0.44
Mon Jan 31 11:24:50 2022
batch 40, train loss = 0.13, mean loss = 0.45
Mon Jan 31 11:25:59 2022
batch 50, train loss = 0.50, mean loss = 0.45
Mon Jan 31 11:27:07 2022
batch 60, train loss = 0.14, mean loss = 0.45
Mon Jan 31 11:28:17 2022
train Loss: 0.45

batch 0, val loss = 0.02, mean loss = 0.02
Mon Jan 31 11:29:21 2022
batch 10, val loss = 0.03, mean loss = 0.02
Mon Jan 31 11:30:30 2022
val Loss: 0.02

epoch 80 was done for 597.735491 seconds
Epoch 81/299
----------
Mon Jan 31 11:31:16 2022
batch 0, train loss = 0.10, mean loss = 0.10
Mon Jan 31 11:31:23 2022
batch 10, train loss = 0.53, mean loss = 0.44
Mon Jan 31 11:32:32 2022
batch 20, train loss = 0.12, mean loss = 0.45
Mon Jan 31 11:33:41 2022
batch 30, train loss = 0.57, mean loss = 0.46
Mon Jan 31 11:34:50 2022
batch 40, train loss = 0.12, mean loss = 0.46
Mon Jan 31 11:35:59 2022
batch 50, train loss = 0.49, mean loss = 0.47
Mon Jan 31 11:37:07 2022
batch 60, train loss = 0.17, mean loss = 0.47
Mon Jan 31 11:38:16 2022
train Loss: 0.47

batch 0, val loss = 0.02, mean loss = 0.02
Mon Jan 31 11:39:20 2022
batch 10, val loss = 0.03, mean loss = 0.03
Mon Jan 31 11:40:30 2022
val Loss: 0.02

epoch 81 was done for 600.065680 seconds
Epoch 82/299
----------
Mon Jan 31 11:41:16 2022
batch 0, train loss = 0.13, mean loss = 0.13
Mon Jan 31 11:41:23 2022
batch 10, train loss = 0.53, mean loss = 0.49
Mon Jan 31 11:42:35 2022
batch 20, train loss = 0.14, mean loss = 0.48
Mon Jan 31 11:43:43 2022
batch 30, train loss = 0.60, mean loss = 0.48
Mon Jan 31 11:44:52 2022
batch 40, train loss = 0.12, mean loss = 0.48
Mon Jan 31 11:46:00 2022
batch 50, train loss = 0.50, mean loss = 0.48
Mon Jan 31 11:47:10 2022
batch 60, train loss = 0.21, mean loss = 0.49
Mon Jan 31 11:48:20 2022
train Loss: 0.49

batch 0, val loss = 0.02, mean loss = 0.02
Mon Jan 31 11:49:24 2022
batch 10, val loss = 0.02, mean loss = 0.03
Mon Jan 31 11:50:33 2022
val Loss: 0.02

epoch 82 was done for 603.797579 seconds
Epoch 83/299
----------
Mon Jan 31 11:51:20 2022
batch 0, train loss = 0.16, mean loss = 0.16
Mon Jan 31 11:51:27 2022
batch 10, train loss = 0.55, mean loss = 0.55
Mon Jan 31 11:52:36 2022
batch 20, train loss = 0.21, mean loss = 0.54
Mon Jan 31 11:53:46 2022
batch 30, train loss = 0.65, mean loss = 0.53
Mon Jan 31 11:54:57 2022
batch 40, train loss = 0.13, mean loss = 0.52
Mon Jan 31 11:56:07 2022
batch 50, train loss = 0.49, mean loss = 0.52
Mon Jan 31 11:57:17 2022
batch 60, train loss = 0.24, mean loss = 0.52
Mon Jan 31 11:58:27 2022
train Loss: 0.52

batch 0, val loss = 0.03, mean loss = 0.03
Mon Jan 31 11:59:32 2022
batch 10, val loss = 0.03, mean loss = 0.03
Mon Jan 31 12:00:41 2022
val Loss: 0.03

epoch 83 was done for 608.765136 seconds
Epoch 84/299
----------
Mon Jan 31 12:01:28 2022
batch 0, train loss = 0.20, mean loss = 0.20
Mon Jan 31 12:01:35 2022
batch 10, train loss = 0.62, mean loss = 0.60
Mon Jan 31 12:02:45 2022
batch 20, train loss = 0.22, mean loss = 0.59
Mon Jan 31 12:03:54 2022
batch 30, train loss = 0.58, mean loss = 0.59
Mon Jan 31 12:05:14 2022
batch 40, train loss = 0.26, mean loss = 0.58
Mon Jan 31 12:06:25 2022
batch 50, train loss = 0.61, mean loss = 0.56
Mon Jan 31 12:07:34 2022
batch 60, train loss = 0.18, mean loss = 0.55
Mon Jan 31 12:08:43 2022
train Loss: 0.55

batch 0, val loss = 0.02, mean loss = 0.02
Mon Jan 31 12:09:48 2022
batch 10, val loss = 0.02, mean loss = 0.03
Mon Jan 31 12:10:58 2022
val Loss: 0.03

epoch 84 was done for 615.375982 seconds
Epoch 85/299
----------
Mon Jan 31 12:11:44 2022
batch 0, train loss = 0.15, mean loss = 0.15
Mon Jan 31 12:11:51 2022
batch 10, train loss = 0.56, mean loss = 0.56
Mon Jan 31 12:12:59 2022
batch 20, train loss = 0.25, mean loss = 0.57
Mon Jan 31 12:14:08 2022
batch 30, train loss = 0.62, mean loss = 0.60
Mon Jan 31 12:15:16 2022
batch 40, train loss = 0.29, mean loss = 0.59
Mon Jan 31 12:16:26 2022
batch 50, train loss = 0.58, mean loss = 0.58
Mon Jan 31 12:17:35 2022
batch 60, train loss = 0.18, mean loss = 0.57
Mon Jan 31 12:18:45 2022
train Loss: 0.57

batch 0, val loss = 0.03, mean loss = 0.03
Mon Jan 31 12:19:49 2022
batch 10, val loss = 0.03, mean loss = 0.02
Mon Jan 31 12:20:59 2022
val Loss: 0.02

epoch 85 was done for 601.310227 seconds
Epoch 86/299
----------
Mon Jan 31 12:21:45 2022
batch 0, train loss = 0.14, mean loss = 0.14
Mon Jan 31 12:21:52 2022
batch 10, train loss = 0.56, mean loss = 0.54
Mon Jan 31 12:23:01 2022
batch 20, train loss = 0.23, mean loss = 0.53
Mon Jan 31 12:24:10 2022
batch 30, train loss = 0.60, mean loss = 0.54
Mon Jan 31 12:25:20 2022
batch 40, train loss = 0.18, mean loss = 0.54
Mon Jan 31 12:26:28 2022
batch 50, train loss = 0.59, mean loss = 0.54
Mon Jan 31 12:27:37 2022
batch 60, train loss = 0.26, mean loss = 0.54
Mon Jan 31 12:28:46 2022
train Loss: 0.55

batch 0, val loss = 0.03, mean loss = 0.03
Mon Jan 31 12:29:50 2022
batch 10, val loss = 0.03, mean loss = 0.02
Mon Jan 31 12:30:59 2022
val Loss: 0.03

epoch 86 was done for 603.056631 seconds
Epoch 87/299
----------
Mon Jan 31 12:31:48 2022
batch 0, train loss = 0.19, mean loss = 0.19
Mon Jan 31 12:31:55 2022
batch 10, train loss = 0.67, mean loss = 0.63
Mon Jan 31 12:33:03 2022
batch 20, train loss = 0.16, mean loss = 0.58
Mon Jan 31 12:34:12 2022
batch 30, train loss = 0.52, mean loss = 0.60
Mon Jan 31 12:35:20 2022
batch 40, train loss = 0.24, mean loss = 0.58
Mon Jan 31 12:36:29 2022
batch 50, train loss = 0.52, mean loss = 0.57
Mon Jan 31 12:37:37 2022
batch 60, train loss = 0.21, mean loss = 0.56
Mon Jan 31 12:38:47 2022
train Loss: 0.55

batch 0, val loss = 0.02, mean loss = 0.02
Mon Jan 31 12:39:57 2022
batch 10, val loss = 0.03, mean loss = 0.02
Mon Jan 31 12:41:06 2022
val Loss: 0.02

epoch 87 was done for 603.940385 seconds
Epoch 88/299
----------
Mon Jan 31 12:41:52 2022
batch 0, train loss = 0.18, mean loss = 0.18
Mon Jan 31 12:41:59 2022
batch 10, train loss = 0.63, mean loss = 0.57
Mon Jan 31 12:43:07 2022
batch 20, train loss = 0.15, mean loss = 0.55
Mon Jan 31 12:44:15 2022
batch 30, train loss = 0.57, mean loss = 0.58
Mon Jan 31 12:45:25 2022
batch 40, train loss = 0.21, mean loss = 0.57
Mon Jan 31 12:46:33 2022
batch 50, train loss = 0.53, mean loss = 0.57
Mon Jan 31 12:47:42 2022
batch 60, train loss = 0.28, mean loss = 0.57
Mon Jan 31 12:48:51 2022
train Loss: 0.57

batch 0, val loss = 0.03, mean loss = 0.03
Mon Jan 31 12:49:57 2022
batch 10, val loss = 0.02, mean loss = 0.03
Mon Jan 31 12:51:05 2022
val Loss: 0.03

epoch 88 was done for 599.299353 seconds
Epoch 89/299
----------
Mon Jan 31 12:51:51 2022
batch 0, train loss = 0.15, mean loss = 0.15
Mon Jan 31 12:51:58 2022
batch 10, train loss = 0.57, mean loss = 0.57
Mon Jan 31 12:53:09 2022
batch 20, train loss = 0.16, mean loss = 0.53
Mon Jan 31 12:54:19 2022
batch 30, train loss = 0.60, mean loss = 0.55
Mon Jan 31 12:55:27 2022
batch 40, train loss = 0.16, mean loss = 0.54
Mon Jan 31 12:56:36 2022
batch 50, train loss = 0.52, mean loss = 0.54
Mon Jan 31 12:57:45 2022
batch 60, train loss = 0.23, mean loss = 0.54
Mon Jan 31 12:58:53 2022
train Loss: 0.54

batch 0, val loss = 0.02, mean loss = 0.02
Mon Jan 31 12:59:57 2022
batch 10, val loss = 0.03, mean loss = 0.03
Mon Jan 31 13:01:07 2022
val Loss: 0.03

epoch 89 was done for 602.726274 seconds
Epoch 90/299
----------
Mon Jan 31 13:01:54 2022
batch 0, train loss = 0.15, mean loss = 0.15
Mon Jan 31 13:02:01 2022
batch 10, train loss = 0.64, mean loss = 0.66
Mon Jan 31 13:03:11 2022
batch 20, train loss = 0.18, mean loss = 0.61
Mon Jan 31 13:04:20 2022
batch 30, train loss = 0.65, mean loss = 0.67
Mon Jan 31 13:05:30 2022
