The activation script must be sourced, otherwise the virtual environment will not work.
Setting vars
iscuda= True
PyTorch Version:  1.8.1
Torchvision Version:  0.9.0a0
opt:
 Namespace(ampl=441, aug_gt='orient', batch_output=2, bs=15, cencrop=700, center=False, chidden_dim=[96, 128, 256, 256, 256], classicnorm=False, cmscrop=0, conTrain='', criterion='L1', csvname='598csv9', datapath='/p/project/delia-mp/cherepashkin1/phenoseed/', dfname='598frame', downsample=1, epoch=300, expdescr='', expnum='e068', feature_extract=False, framelim=6000, gradient_predivide_factor=1.0, gttype='single_file', haf=True, hidden_dim=[9], inputt='img', kernel_sizes=[7, 3, 3, 3, 3, 3], lb='orient', loadh5=False, localexp='', lr=5e-05, machine='jureca', maintain=False, maintain_line=False, man_dist=False, measure_time=False, merging='batch', minmax=False, minmax3dimage=False, minmax_f=True, minmax_fn='', model_name='', netname=['cnet'], ngpu=4, noise_input=False, noise_output=False, normalize=False, num_input_images=3, num_sam_points=500, num_workers=0, outputt='orient', parallel='horovod', pin_memory=False, print_minibatch=10, pscale=100, rand_angle=False, rescale=500, rot_dirs=False, rotate_output=False, save_output=True, single_folder=False, specie='598', standardize=255, steplr=[1000.0, 1.0], transappendix='_image', ufmodel=100000, updateFraction=0.25, use_adasum=False, use_cuda=True, use_existing_csv=True, use_pretrained=False, use_sep_csv=True, view_sep=False, wandb='', weight_decay=0, zero_angle=True)
sys.argv:
 ['../../main.py', '-datapath', '/p/project/delia-mp/cherepashkin1/phenoseed/', '-epoch', '300', '-bs', '15', '-num_input_images', '3', '-framelim', '6000', '-criterion', 'L1', '-localexp', '', '-lr', '5e-5', '-expnum', 'e068', '-hidden_dim', '9', '-inputt', 'img', '-outputt', 'orient', '-lb', 'orient', '-no_loadh5', '-minmax_fn', '', '-parallel', 'horovod', '-machine', 'jureca', '-merging', 'batch', '-aug_gt', 'orient', '-updateFraction', '0.25', '-steplr', '1000', '1', '-print_minibatch', '10', '-dfname', '598frame']
seed =  0
path were main.py is located= ../../
opt.wandb =  
93
file to frame csv ../../csv/598frame.csv
iscuda= True
iscuda= True
iscuda= True
opt.wandb =  
93
file to frame csv ../../csv/598frame.csv
opt.wandb =  
opt.wandb =  
93
93
file to frame csv ../../csv/598frame.csv
file to frame csv ../../csv/598frame.csv
lframe's length after laoding =  5283
lframe's length after laoding =  5283
lframe's length after laoding =  5283
lframe's length after laoding =  5283
lframe len after excluding all exceptions= 5200
lframe len after excluding all exceptions= 5200
lframe len after excluding all exceptions= 5200
lframe len after excluding all exceptions= 5200
len train =  4160
len train =  4160
len train =  4160
len train =  4160
train consists of 277 full batches with 15 tensors with 3 views
the last batch has size of 5 tensors with 3 views
val consists of 69 full batches with 15 tensors with 3 views
the last batch has size of 5 tensors with 3 views
Epoch 0/299
----------
Mon Jan 31 00:14:52 2022
batch 0, train loss = 0.58, mean loss = 0.58
Mon Jan 31 00:15:02 2022
batch 10, train loss = 3.59, mean loss = 4.75
Mon Jan 31 00:15:57 2022
batch 20, train loss = 1.63, mean loss = 3.70
Mon Jan 31 00:16:52 2022
batch 30, train loss = 1.63, mean loss = 3.14
Mon Jan 31 00:17:46 2022
batch 40, train loss = 1.24, mean loss = 2.73
Mon Jan 31 00:18:40 2022
batch 50, train loss = 1.04, mean loss = 2.44
Mon Jan 31 00:19:34 2022
batch 60, train loss = 0.99, mean loss = 2.21
Mon Jan 31 00:20:29 2022
train Loss: 2.04

batch 0, val loss = 0.13, mean loss = 0.13
Mon Jan 31 00:21:19 2022
batch 10, val loss = 0.12, mean loss = 0.12
Mon Jan 31 00:22:14 2022
val Loss: 0.12

epoch 0 was done for 478.630739 seconds
Epoch 1/299
----------
Mon Jan 31 00:22:51 2022
batch 0, train loss = 0.90, mean loss = 0.90
Mon Jan 31 00:22:56 2022
batch 10, train loss = 0.73, mean loss = 0.85
Mon Jan 31 00:23:50 2022
batch 20, train loss = 0.86, mean loss = 0.80
Mon Jan 31 00:24:44 2022
batch 30, train loss = 0.77, mean loss = 0.77
Mon Jan 31 00:25:37 2022
batch 40, train loss = 0.54, mean loss = 0.75
Mon Jan 31 00:26:31 2022
batch 50, train loss = 0.57, mean loss = 0.74
Mon Jan 31 00:27:24 2022
batch 60, train loss = 0.68, mean loss = 0.72
Mon Jan 31 00:28:18 2022
train Loss: 0.70

batch 0, val loss = 0.12, mean loss = 0.12
Mon Jan 31 00:29:08 2022
batch 10, val loss = 0.12, mean loss = 0.12
Mon Jan 31 00:30:02 2022
val Loss: 0.13

epoch 1 was done for 468.181814 seconds
Epoch 2/299
----------
Mon Jan 31 00:30:39 2022
batch 0, train loss = 0.57, mean loss = 0.57
Mon Jan 31 00:30:45 2022
batch 10, train loss = 0.60, mean loss = 0.56
Mon Jan 31 00:31:39 2022
batch 20, train loss = 0.56, mean loss = 0.55
Mon Jan 31 00:32:34 2022
batch 30, train loss = 0.60, mean loss = 0.56
Mon Jan 31 00:33:29 2022
batch 40, train loss = 0.47, mean loss = 0.55
Mon Jan 31 00:34:24 2022
batch 50, train loss = 0.50, mean loss = 0.55
Mon Jan 31 00:35:18 2022
batch 60, train loss = 0.51, mean loss = 0.54
Mon Jan 31 00:36:13 2022
train Loss: 0.54

batch 0, val loss = 0.12, mean loss = 0.12
Mon Jan 31 00:37:04 2022
batch 10, val loss = 0.12, mean loss = 0.12
Mon Jan 31 00:37:59 2022
val Loss: 0.12

epoch 2 was done for 477.826184 seconds
Epoch 3/299
----------
Mon Jan 31 00:38:37 2022
batch 0, train loss = 0.48, mean loss = 0.48
Mon Jan 31 00:38:42 2022
batch 10, train loss = 0.53, mean loss = 0.52
Mon Jan 31 00:39:36 2022
batch 20, train loss = 0.52, mean loss = 0.52
Mon Jan 31 00:40:30 2022
batch 30, train loss = 0.56, mean loss = 0.53
Mon Jan 31 00:41:24 2022
batch 40, train loss = 0.43, mean loss = 0.52
Mon Jan 31 00:42:17 2022
batch 50, train loss = 0.54, mean loss = 0.52
Mon Jan 31 00:43:11 2022
batch 60, train loss = 0.50, mean loss = 0.52
Mon Jan 31 00:44:05 2022
train Loss: 0.52

batch 0, val loss = 0.12, mean loss = 0.12
Mon Jan 31 00:44:55 2022
batch 10, val loss = 0.12, mean loss = 0.12
Mon Jan 31 00:45:49 2022
val Loss: 0.12

epoch 3 was done for 469.803056 seconds
Epoch 4/299
----------
Mon Jan 31 00:46:27 2022
batch 0, train loss = 0.47, mean loss = 0.47
Mon Jan 31 00:46:32 2022
batch 10, train loss = 0.52, mean loss = 0.50
Mon Jan 31 00:47:26 2022
batch 20, train loss = 0.50, mean loss = 0.50
Mon Jan 31 00:48:21 2022
batch 30, train loss = 0.50, mean loss = 0.50
Mon Jan 31 00:49:15 2022
batch 40, train loss = 0.38, mean loss = 0.50
Mon Jan 31 00:50:09 2022
batch 50, train loss = 0.50, mean loss = 0.51
Mon Jan 31 00:51:03 2022
batch 60, train loss = 0.47, mean loss = 0.51
Mon Jan 31 00:51:57 2022
train Loss: 0.51

batch 0, val loss = 0.12, mean loss = 0.12
Mon Jan 31 00:52:48 2022
batch 10, val loss = 0.13, mean loss = 0.12
Mon Jan 31 00:53:43 2022
val Loss: 0.12

epoch 4 was done for 473.561735 seconds
Epoch 5/299
----------
Mon Jan 31 00:54:20 2022
batch 0, train loss = 0.51, mean loss = 0.51
Mon Jan 31 00:54:26 2022
batch 10, train loss = 0.59, mean loss = 0.52
Mon Jan 31 00:55:21 2022
batch 20, train loss = 0.46, mean loss = 0.52
Mon Jan 31 00:56:16 2022
batch 30, train loss = 0.49, mean loss = 0.52
Mon Jan 31 00:57:10 2022
batch 40, train loss = 0.44, mean loss = 0.52
Mon Jan 31 00:58:05 2022
batch 50, train loss = 0.51, mean loss = 0.52
Mon Jan 31 00:59:00 2022
batch 60, train loss = 0.47, mean loss = 0.52
Mon Jan 31 00:59:55 2022
train Loss: 0.52

batch 0, val loss = 0.12, mean loss = 0.12
Mon Jan 31 01:00:47 2022
batch 10, val loss = 0.12, mean loss = 0.12
Mon Jan 31 01:01:43 2022
val Loss: 0.12

epoch 5 was done for 481.031452 seconds
Epoch 6/299
----------
Mon Jan 31 01:02:21 2022
batch 0, train loss = 0.49, mean loss = 0.49
Mon Jan 31 01:02:27 2022
batch 10, train loss = 0.50, mean loss = 0.52
Mon Jan 31 01:03:21 2022
batch 20, train loss = 0.50, mean loss = 0.54
Mon Jan 31 01:04:15 2022
batch 30, train loss = 0.60, mean loss = 0.55
Mon Jan 31 01:05:09 2022
batch 40, train loss = 0.53, mean loss = 0.55
Mon Jan 31 01:06:03 2022
batch 50, train loss = 0.62, mean loss = 0.56
Mon Jan 31 01:06:57 2022
batch 60, train loss = 0.58, mean loss = 0.57
Mon Jan 31 01:07:51 2022
train Loss: 0.57

batch 0, val loss = 0.12, mean loss = 0.12
Mon Jan 31 01:08:41 2022
batch 10, val loss = 0.14, mean loss = 0.12
Mon Jan 31 01:09:36 2022
val Loss: 0.13

epoch 6 was done for 472.176707 seconds
Epoch 7/299
----------
Mon Jan 31 01:10:14 2022
batch 0, train loss = 0.53, mean loss = 0.53
Mon Jan 31 01:10:19 2022
batch 10, train loss = 0.57, mean loss = 0.58
Mon Jan 31 01:11:13 2022
batch 20, train loss = 0.54, mean loss = 0.59
Mon Jan 31 01:12:08 2022
batch 30, train loss = 0.57, mean loss = 0.58
Mon Jan 31 01:13:02 2022
batch 40, train loss = 0.55, mean loss = 0.58
Mon Jan 31 01:13:56 2022
batch 50, train loss = 0.64, mean loss = 0.59
Mon Jan 31 01:14:51 2022
batch 60, train loss = 0.60, mean loss = 0.59
Mon Jan 31 01:15:45 2022
train Loss: 0.59

batch 0, val loss = 0.12, mean loss = 0.12
Mon Jan 31 01:16:36 2022
batch 10, val loss = 0.12, mean loss = 0.11
Mon Jan 31 01:17:31 2022
val Loss: 0.11

epoch 7 was done for 474.864823 seconds
Epoch 8/299
----------
Mon Jan 31 01:18:08 2022
batch 0, train loss = 0.53, mean loss = 0.53
Mon Jan 31 01:18:14 2022
batch 10, train loss = 0.56, mean loss = 0.54
Mon Jan 31 01:19:08 2022
batch 20, train loss = 0.47, mean loss = 0.54
Mon Jan 31 01:20:02 2022
batch 30, train loss = 0.53, mean loss = 0.56
Mon Jan 31 01:20:56 2022
batch 40, train loss = 0.52, mean loss = 0.55
Mon Jan 31 01:21:50 2022
batch 50, train loss = 0.47, mean loss = 0.56
Mon Jan 31 01:22:44 2022
batch 60, train loss = 0.62, mean loss = 0.57
Mon Jan 31 01:23:38 2022
train Loss: 0.58

batch 0, val loss = 0.13, mean loss = 0.13
Mon Jan 31 01:24:29 2022
batch 10, val loss = 0.12, mean loss = 0.13
Mon Jan 31 01:25:25 2022
val Loss: 0.13

epoch 8 was done for 474.624887 seconds
Epoch 9/299
----------
Mon Jan 31 01:26:03 2022
batch 0, train loss = 0.53, mean loss = 0.53
Mon Jan 31 01:26:08 2022
batch 10, train loss = 0.53, mean loss = 0.60
Mon Jan 31 01:27:03 2022
batch 20, train loss = 0.47, mean loss = 0.58
Mon Jan 31 01:27:57 2022
batch 30, train loss = 0.60, mean loss = 0.58
Mon Jan 31 01:28:51 2022
batch 40, train loss = 0.51, mean loss = 0.58
Mon Jan 31 01:29:46 2022
batch 50, train loss = 0.50, mean loss = 0.57
Mon Jan 31 01:30:40 2022
batch 60, train loss = 0.50, mean loss = 0.56
Mon Jan 31 01:31:34 2022
train Loss: 0.56

batch 0, val loss = 0.14, mean loss = 0.14
Mon Jan 31 01:32:25 2022
batch 10, val loss = 0.13, mean loss = 0.13
Mon Jan 31 01:33:20 2022
val Loss: 0.12

epoch 9 was done for 474.333841 seconds
Epoch 10/299
----------
Mon Jan 31 01:33:57 2022
batch 0, train loss = 0.47, mean loss = 0.47
Mon Jan 31 01:34:03 2022
batch 10, train loss = 0.51, mean loss = 0.52
Mon Jan 31 01:34:58 2022
batch 20, train loss = 0.42, mean loss = 0.52
Mon Jan 31 01:35:52 2022
batch 30, train loss = 0.48, mean loss = 0.53
Mon Jan 31 01:36:47 2022
batch 40, train loss = 0.48, mean loss = 0.53
Mon Jan 31 01:37:42 2022
batch 50, train loss = 0.51, mean loss = 0.53
Mon Jan 31 01:38:36 2022
batch 60, train loss = 0.44, mean loss = 0.52
Mon Jan 31 01:39:31 2022
train Loss: 0.52

batch 0, val loss = 0.12, mean loss = 0.12
Mon Jan 31 01:40:22 2022
batch 10, val loss = 0.12, mean loss = 0.12
Mon Jan 31 01:41:17 2022
val Loss: 0.13

epoch 10 was done for 476.743810 seconds
Epoch 11/299
----------
Mon Jan 31 01:41:54 2022
batch 0, train loss = 0.37, mean loss = 0.37
Mon Jan 31 01:42:00 2022
batch 10, train loss = 0.46, mean loss = 0.50
Mon Jan 31 01:42:53 2022
batch 20, train loss = 0.47, mean loss = 0.50
Mon Jan 31 01:43:47 2022
batch 30, train loss = 0.49, mean loss = 0.51
Mon Jan 31 01:44:41 2022
batch 40, train loss = 0.40, mean loss = 0.50
Mon Jan 31 01:45:35 2022
batch 50, train loss = 0.45, mean loss = 0.50
Mon Jan 31 01:46:28 2022
batch 60, train loss = 0.40, mean loss = 0.49
Mon Jan 31 01:47:22 2022
train Loss: 0.49

batch 0, val loss = 0.12, mean loss = 0.12
Mon Jan 31 01:48:13 2022
batch 10, val loss = 0.12, mean loss = 0.12
Mon Jan 31 01:49:09 2022
val Loss: 0.13

epoch 11 was done for 473.117849 seconds
Epoch 12/299
----------
Mon Jan 31 01:49:47 2022
batch 0, train loss = 0.39, mean loss = 0.39
Mon Jan 31 01:49:53 2022
batch 10, train loss = 0.48, mean loss = 0.47
Mon Jan 31 01:50:47 2022
batch 20, train loss = 0.47, mean loss = 0.48
Mon Jan 31 01:51:41 2022
batch 30, train loss = 0.54, mean loss = 0.49
Mon Jan 31 01:52:35 2022
batch 40, train loss = 0.45, mean loss = 0.50
Mon Jan 31 01:53:29 2022
batch 50, train loss = 0.50, mean loss = 0.50
Mon Jan 31 01:54:22 2022
batch 60, train loss = 0.45, mean loss = 0.50
Mon Jan 31 01:55:17 2022
train Loss: 0.50

batch 0, val loss = 0.13, mean loss = 0.13
Mon Jan 31 01:56:07 2022
batch 10, val loss = 0.13, mean loss = 0.13
Mon Jan 31 01:57:02 2022
val Loss: 0.13

epoch 12 was done for 472.030914 seconds
Epoch 13/299
----------
Mon Jan 31 01:57:39 2022
batch 0, train loss = 0.42, mean loss = 0.42
Mon Jan 31 01:57:45 2022
batch 10, train loss = 0.47, mean loss = 0.49
Mon Jan 31 01:58:39 2022
batch 20, train loss = 0.41, mean loss = 0.49
Mon Jan 31 01:59:34 2022
batch 30, train loss = 0.52, mean loss = 0.49
Mon Jan 31 02:00:28 2022
batch 40, train loss = 0.38, mean loss = 0.49
Mon Jan 31 02:01:22 2022
batch 50, train loss = 0.45, mean loss = 0.49
Mon Jan 31 02:02:17 2022
batch 60, train loss = 0.39, mean loss = 0.49
Mon Jan 31 02:03:12 2022
train Loss: 0.49

batch 0, val loss = 0.12, mean loss = 0.12
Mon Jan 31 02:04:02 2022
batch 10, val loss = 0.13, mean loss = 0.12
Mon Jan 31 02:04:57 2022
val Loss: 0.12

epoch 13 was done for 475.811139 seconds
Epoch 14/299
----------
Mon Jan 31 02:05:35 2022
batch 0, train loss = 0.33, mean loss = 0.33
Mon Jan 31 02:05:40 2022
batch 10, train loss = 0.45, mean loss = 0.47
Mon Jan 31 02:06:35 2022
batch 20, train loss = 0.37, mean loss = 0.47
Mon Jan 31 02:07:29 2022
batch 30, train loss = 0.52, mean loss = 0.48
Mon Jan 31 02:08:23 2022
batch 40, train loss = 0.35, mean loss = 0.48
Mon Jan 31 02:09:17 2022
batch 50, train loss = 0.47, mean loss = 0.49
Mon Jan 31 02:10:11 2022
batch 60, train loss = 0.45, mean loss = 0.49
Mon Jan 31 02:11:06 2022
train Loss: 0.50

batch 0, val loss = 0.12, mean loss = 0.12
Mon Jan 31 02:11:57 2022
batch 10, val loss = 0.12, mean loss = 0.13
Mon Jan 31 02:12:53 2022
val Loss: 0.13

epoch 14 was done for 475.776242 seconds
Epoch 15/299
----------
Mon Jan 31 02:13:31 2022
batch 0, train loss = 0.48, mean loss = 0.48
Mon Jan 31 02:13:36 2022
batch 10, train loss = 0.55, mean loss = 0.53
Mon Jan 31 02:14:31 2022
batch 20, train loss = 0.43, mean loss = 0.52
Mon Jan 31 02:15:26 2022
batch 30, train loss = 0.49, mean loss = 0.52
Mon Jan 31 02:16:20 2022
batch 40, train loss = 0.41, mean loss = 0.51
Mon Jan 31 02:17:15 2022
batch 50, train loss = 0.57, mean loss = 0.51
Mon Jan 31 02:18:10 2022
batch 60, train loss = 0.44, mean loss = 0.51
Mon Jan 31 02:19:06 2022
train Loss: 0.52

batch 0, val loss = 0.12, mean loss = 0.12
Mon Jan 31 02:19:56 2022
batch 10, val loss = 0.14, mean loss = 0.13
Mon Jan 31 02:20:51 2022
val Loss: 0.13

epoch 15 was done for 477.578011 seconds
Epoch 16/299
----------
Mon Jan 31 02:21:28 2022
batch 0, train loss = 0.43, mean loss = 0.43
Mon Jan 31 02:21:34 2022
batch 10, train loss = 0.53, mean loss = 0.54
Mon Jan 31 02:22:28 2022
batch 20, train loss = 0.45, mean loss = 0.53
Mon Jan 31 02:23:23 2022
batch 30, train loss = 0.53, mean loss = 0.53
Mon Jan 31 02:24:17 2022
batch 40, train loss = 0.48, mean loss = 0.53
Mon Jan 31 02:25:12 2022
batch 50, train loss = 0.56, mean loss = 0.54
Mon Jan 31 02:26:06 2022
batch 60, train loss = 0.44, mean loss = 0.54
Mon Jan 31 02:27:01 2022
train Loss: 0.54

batch 0, val loss = 0.12, mean loss = 0.12
Mon Jan 31 02:27:52 2022
batch 10, val loss = 0.12, mean loss = 0.12
Mon Jan 31 02:28:48 2022
val Loss: 0.12

epoch 16 was done for 477.371121 seconds
Epoch 17/299
----------
Mon Jan 31 02:29:26 2022
batch 0, train loss = 0.40, mean loss = 0.40
Mon Jan 31 02:29:31 2022
batch 10, train loss = 0.52, mean loss = 0.53
Mon Jan 31 02:30:26 2022
batch 20, train loss = 0.46, mean loss = 0.53
Mon Jan 31 02:31:21 2022
batch 30, train loss = 0.56, mean loss = 0.53
Mon Jan 31 02:32:15 2022
batch 40, train loss = 0.41, mean loss = 0.53
Mon Jan 31 02:33:10 2022
batch 50, train loss = 0.56, mean loss = 0.53
Mon Jan 31 02:34:05 2022
batch 60, train loss = 0.36, mean loss = 0.53
Mon Jan 31 02:34:59 2022
train Loss: 0.54

batch 0, val loss = 0.12, mean loss = 0.12
Mon Jan 31 02:35:50 2022
batch 10, val loss = 0.12, mean loss = 0.12
Mon Jan 31 02:36:46 2022
val Loss: 0.12

epoch 17 was done for 478.770940 seconds
Epoch 18/299
----------
Mon Jan 31 02:37:25 2022
batch 0, train loss = 0.40, mean loss = 0.40
Mon Jan 31 02:37:30 2022
batch 10, train loss = 0.58, mean loss = 0.55
Mon Jan 31 02:38:25 2022
batch 20, train loss = 0.47, mean loss = 0.55
Mon Jan 31 02:39:20 2022
batch 30, train loss = 0.59, mean loss = 0.55
Mon Jan 31 02:40:14 2022
batch 40, train loss = 0.43, mean loss = 0.54
Mon Jan 31 02:41:09 2022
batch 50, train loss = 0.50, mean loss = 0.55
Mon Jan 31 02:42:04 2022
batch 60, train loss = 0.47, mean loss = 0.54
Mon Jan 31 02:42:59 2022
train Loss: 0.54

batch 0, val loss = 0.13, mean loss = 0.13
Mon Jan 31 02:43:50 2022
batch 10, val loss = 0.12, mean loss = 0.13
Mon Jan 31 02:44:46 2022
val Loss: 0.13

epoch 18 was done for 479.094257 seconds
Epoch 19/299
----------
Mon Jan 31 02:45:24 2022
batch 0, train loss = 0.48, mean loss = 0.48
Mon Jan 31 02:45:29 2022
batch 10, train loss = 0.60, mean loss = 0.53
Mon Jan 31 02:46:24 2022
batch 20, train loss = 0.41, mean loss = 0.52
Mon Jan 31 02:47:20 2022
batch 30, train loss = 0.52, mean loss = 0.52
Mon Jan 31 02:48:15 2022
batch 40, train loss = 0.39, mean loss = 0.52
Mon Jan 31 02:49:10 2022
batch 50, train loss = 0.47, mean loss = 0.52
Mon Jan 31 02:50:05 2022
batch 60, train loss = 0.48, mean loss = 0.52
Mon Jan 31 02:51:01 2022
train Loss: 0.53

batch 0, val loss = 0.13, mean loss = 0.13
Mon Jan 31 02:51:52 2022
batch 10, val loss = 0.12, mean loss = 0.12
Mon Jan 31 02:52:48 2022
val Loss: 0.13

epoch 19 was done for 481.959420 seconds
Epoch 20/299
----------
Mon Jan 31 02:53:26 2022
batch 0, train loss = 0.51, mean loss = 0.51
Mon Jan 31 02:53:31 2022
batch 10, train loss = 0.65, mean loss = 0.55
Mon Jan 31 02:54:25 2022
batch 20, train loss = 0.41, mean loss = 0.54
Mon Jan 31 02:55:19 2022
batch 30, train loss = 0.53, mean loss = 0.55
Mon Jan 31 02:56:13 2022
batch 40, train loss = 0.47, mean loss = 0.54
Mon Jan 31 02:57:08 2022
batch 50, train loss = 0.54, mean loss = 0.55
Mon Jan 31 02:58:02 2022
batch 60, train loss = 0.42, mean loss = 0.55
Mon Jan 31 02:58:56 2022
train Loss: 0.55

batch 0, val loss = 0.13, mean loss = 0.13
Mon Jan 31 02:59:46 2022
batch 10, val loss = 0.12, mean loss = 0.12
Mon Jan 31 03:00:42 2022
val Loss: 0.12

epoch 20 was done for 474.603818 seconds
Epoch 21/299
----------
Mon Jan 31 03:01:20 2022
batch 0, train loss = 0.45, mean loss = 0.45
Mon Jan 31 03:01:26 2022
batch 10, train loss = 0.56, mean loss = 0.52
Mon Jan 31 03:02:20 2022
batch 20, train loss = 0.47, mean loss = 0.53
Mon Jan 31 03:03:14 2022
batch 30, train loss = 0.60, mean loss = 0.54
Mon Jan 31 03:04:09 2022
batch 40, train loss = 0.41, mean loss = 0.53
Mon Jan 31 03:05:03 2022
batch 50, train loss = 0.53, mean loss = 0.54
Mon Jan 31 03:05:57 2022
batch 60, train loss = 0.44, mean loss = 0.53
Mon Jan 31 03:06:51 2022
train Loss: 0.53

batch 0, val loss = 0.12, mean loss = 0.12
Mon Jan 31 03:07:42 2022
batch 10, val loss = 0.13, mean loss = 0.12
Mon Jan 31 03:08:37 2022
val Loss: 0.12

epoch 21 was done for 473.826746 seconds
Epoch 22/299
----------
Mon Jan 31 03:09:14 2022
batch 0, train loss = 0.45, mean loss = 0.45
Mon Jan 31 03:09:20 2022
batch 10, train loss = 0.56, mean loss = 0.54
Mon Jan 31 03:10:14 2022
batch 20, train loss = 0.48, mean loss = 0.54
Mon Jan 31 03:11:08 2022
batch 30, train loss = 0.64, mean loss = 0.54
Mon Jan 31 03:12:03 2022
batch 40, train loss = 0.34, mean loss = 0.53
Mon Jan 31 03:12:58 2022
batch 50, train loss = 0.49, mean loss = 0.53
Mon Jan 31 03:13:52 2022
batch 60, train loss = 0.44, mean loss = 0.53
Mon Jan 31 03:14:47 2022
train Loss: 0.52

batch 0, val loss = 0.13, mean loss = 0.13
Mon Jan 31 03:15:38 2022
batch 10, val loss = 0.13, mean loss = 0.13
Mon Jan 31 03:16:33 2022
val Loss: 0.13

epoch 22 was done for 476.397713 seconds
Epoch 23/299
----------
Mon Jan 31 03:17:10 2022
batch 0, train loss = 0.44, mean loss = 0.44
Mon Jan 31 03:17:16 2022
batch 10, train loss = 0.58, mean loss = 0.51
Mon Jan 31 03:18:10 2022
batch 20, train loss = 0.42, mean loss = 0.51
Mon Jan 31 03:19:04 2022
batch 30, train loss = 0.51, mean loss = 0.52
Mon Jan 31 03:19:58 2022
batch 40, train loss = 0.49, mean loss = 0.52
Mon Jan 31 03:20:52 2022
batch 50, train loss = 0.51, mean loss = 0.52
Mon Jan 31 03:21:46 2022
batch 60, train loss = 0.40, mean loss = 0.52
Mon Jan 31 03:22:41 2022
train Loss: 0.52

batch 0, val loss = 0.13, mean loss = 0.13
Mon Jan 31 03:23:31 2022
batch 10, val loss = 0.12, mean loss = 0.13
Mon Jan 31 03:24:26 2022
val Loss: 0.13

epoch 23 was done for 473.291703 seconds
Epoch 24/299
----------
Mon Jan 31 03:25:04 2022
batch 0, train loss = 0.39, mean loss = 0.39
Mon Jan 31 03:25:09 2022
batch 10, train loss = 0.50, mean loss = 0.49
Mon Jan 31 03:26:03 2022
batch 20, train loss = 0.44, mean loss = 0.50
Mon Jan 31 03:26:57 2022
batch 30, train loss = 0.55, mean loss = 0.50
Mon Jan 31 03:27:51 2022
batch 40, train loss = 0.35, mean loss = 0.50
Mon Jan 31 03:28:45 2022
batch 50, train loss = 0.47, mean loss = 0.50
Mon Jan 31 03:29:39 2022
batch 60, train loss = 0.37, mean loss = 0.49
Mon Jan 31 03:30:33 2022
train Loss: 0.49

batch 0, val loss = 0.12, mean loss = 0.12
Mon Jan 31 03:31:23 2022
batch 10, val loss = 0.12, mean loss = 0.12
Mon Jan 31 03:32:18 2022
val Loss: 0.12

epoch 24 was done for 471.300326 seconds
Epoch 25/299
----------
Mon Jan 31 03:32:55 2022
batch 0, train loss = 0.37, mean loss = 0.37
Mon Jan 31 03:33:01 2022
batch 10, train loss = 0.50, mean loss = 0.47
Mon Jan 31 03:33:55 2022
batch 20, train loss = 0.35, mean loss = 0.47
Mon Jan 31 03:34:50 2022
batch 30, train loss = 0.53, mean loss = 0.47
Mon Jan 31 03:35:45 2022
batch 40, train loss = 0.31, mean loss = 0.47
Mon Jan 31 03:36:39 2022
batch 50, train loss = 0.49, mean loss = 0.48
Mon Jan 31 03:37:34 2022
batch 60, train loss = 0.39, mean loss = 0.48
Mon Jan 31 03:38:29 2022
train Loss: 0.48

batch 0, val loss = 0.12, mean loss = 0.12
Mon Jan 31 03:39:19 2022
batch 10, val loss = 0.13, mean loss = 0.12
Mon Jan 31 03:40:15 2022
val Loss: 0.12

epoch 25 was done for 477.384528 seconds
Epoch 26/299
----------
Mon Jan 31 03:40:52 2022
batch 0, train loss = 0.38, mean loss = 0.38
Mon Jan 31 03:40:58 2022
batch 10, train loss = 0.51, mean loss = 0.48
Mon Jan 31 03:41:52 2022
batch 20, train loss = 0.35, mean loss = 0.49
Mon Jan 31 03:42:46 2022
batch 30, train loss = 0.54, mean loss = 0.49
Mon Jan 31 03:43:40 2022
batch 40, train loss = 0.35, mean loss = 0.49
Mon Jan 31 03:44:33 2022
batch 50, train loss = 0.52, mean loss = 0.49
Mon Jan 31 03:45:27 2022
batch 60, train loss = 0.37, mean loss = 0.49
Mon Jan 31 03:46:21 2022
train Loss: 0.49

batch 0, val loss = 0.12, mean loss = 0.12
Mon Jan 31 03:47:11 2022
batch 10, val loss = 0.12, mean loss = 0.12
Mon Jan 31 03:48:06 2022
val Loss: 0.12

epoch 26 was done for 470.469032 seconds
Epoch 27/299
----------
Mon Jan 31 03:48:43 2022
batch 0, train loss = 0.39, mean loss = 0.39
Mon Jan 31 03:48:48 2022
batch 10, train loss = 0.51, mean loss = 0.48
Mon Jan 31 03:49:42 2022
batch 20, train loss = 0.33, mean loss = 0.47
Mon Jan 31 03:50:36 2022
batch 30, train loss = 0.51, mean loss = 0.47
Mon Jan 31 03:51:30 2022
batch 40, train loss = 0.32, mean loss = 0.47
Mon Jan 31 03:52:24 2022
batch 50, train loss = 0.48, mean loss = 0.48
Mon Jan 31 03:53:17 2022
batch 60, train loss = 0.35, mean loss = 0.48
Mon Jan 31 03:54:11 2022
train Loss: 0.48

batch 0, val loss = 0.12, mean loss = 0.12
Mon Jan 31 03:55:02 2022
batch 10, val loss = 0.12, mean loss = 0.12
Mon Jan 31 03:55:56 2022
val Loss: 0.12

epoch 27 was done for 470.321500 seconds
Epoch 28/299
----------
Mon Jan 31 03:56:33 2022
batch 0, train loss = 0.33, mean loss = 0.33
Mon Jan 31 03:56:39 2022
batch 10, train loss = 0.48, mean loss = 0.46
Mon Jan 31 03:57:33 2022
batch 20, train loss = 0.31, mean loss = 0.45
Mon Jan 31 03:58:27 2022
batch 30, train loss = 0.51, mean loss = 0.46
Mon Jan 31 03:59:22 2022
batch 40, train loss = 0.30, mean loss = 0.46
Mon Jan 31 04:00:16 2022
batch 50, train loss = 0.48, mean loss = 0.46
Mon Jan 31 04:01:10 2022
batch 60, train loss = 0.30, mean loss = 0.46
Mon Jan 31 04:02:05 2022
train Loss: 0.46

batch 0, val loss = 0.11, mean loss = 0.11
Mon Jan 31 04:02:56 2022
batch 10, val loss = 0.12, mean loss = 0.12
Mon Jan 31 04:03:51 2022
val Loss: 0.12

epoch 28 was done for 475.430814 seconds
Epoch 29/299
----------
Mon Jan 31 04:04:29 2022
batch 0, train loss = 0.31, mean loss = 0.31
Mon Jan 31 04:04:34 2022
batch 10, train loss = 0.48, mean loss = 0.46
Mon Jan 31 04:05:28 2022
batch 20, train loss = 0.32, mean loss = 0.46
Mon Jan 31 04:06:22 2022
batch 30, train loss = 0.54, mean loss = 0.46
Mon Jan 31 04:07:16 2022
batch 40, train loss = 0.29, mean loss = 0.46
Mon Jan 31 04:08:10 2022
batch 50, train loss = 0.48, mean loss = 0.47
Mon Jan 31 04:09:04 2022
batch 60, train loss = 0.33, mean loss = 0.47
Mon Jan 31 04:09:58 2022
train Loss: 0.47

batch 0, val loss = 0.14, mean loss = 0.14
Mon Jan 31 04:10:48 2022
batch 10, val loss = 0.12, mean loss = 0.12
Mon Jan 31 04:11:43 2022
val Loss: 0.12

epoch 29 was done for 471.613985 seconds
Epoch 30/299
----------
Mon Jan 31 04:12:20 2022
batch 0, train loss = 0.36, mean loss = 0.36
Mon Jan 31 04:12:26 2022
batch 10, train loss = 0.53, mean loss = 0.48
Mon Jan 31 04:13:20 2022
batch 20, train loss = 0.32, mean loss = 0.47
Mon Jan 31 04:14:14 2022
batch 30, train loss = 0.51, mean loss = 0.47
Mon Jan 31 04:15:08 2022
batch 40, train loss = 0.35, mean loss = 0.47
Mon Jan 31 04:16:02 2022
batch 50, train loss = 0.47, mean loss = 0.48
Mon Jan 31 04:16:56 2022
batch 60, train loss = 0.38, mean loss = 0.48
Mon Jan 31 04:17:50 2022
train Loss: 0.48

batch 0, val loss = 0.13, mean loss = 0.13
Mon Jan 31 04:18:41 2022
batch 10, val loss = 0.13, mean loss = 0.12
Mon Jan 31 04:19:36 2022
val Loss: 0.12

epoch 30 was done for 472.615473 seconds
Epoch 31/299
----------
Mon Jan 31 04:20:13 2022
batch 0, train loss = 0.35, mean loss = 0.35
Mon Jan 31 04:20:18 2022
batch 10, train loss = 0.49, mean loss = 0.48
Mon Jan 31 04:21:13 2022
batch 20, train loss = 0.37, mean loss = 0.48
Mon Jan 31 04:22:08 2022
batch 30, train loss = 0.53, mean loss = 0.49
Mon Jan 31 04:23:03 2022
batch 40, train loss = 0.36, mean loss = 0.48
Mon Jan 31 04:23:58 2022
batch 50, train loss = 0.49, mean loss = 0.48
Mon Jan 31 04:24:53 2022
batch 60, train loss = 0.30, mean loss = 0.48
Mon Jan 31 04:25:48 2022
train Loss: 0.48

batch 0, val loss = 0.12, mean loss = 0.12
Mon Jan 31 04:26:39 2022
batch 10, val loss = 0.13, mean loss = 0.12
Mon Jan 31 04:27:35 2022
val Loss: 0.12

epoch 31 was done for 479.807547 seconds
Epoch 32/299
----------
Mon Jan 31 04:28:13 2022
batch 0, train loss = 0.30, mean loss = 0.30
Mon Jan 31 04:28:18 2022
batch 10, train loss = 0.47, mean loss = 0.44
Mon Jan 31 04:29:12 2022
batch 20, train loss = 0.32, mean loss = 0.45
Mon Jan 31 04:30:06 2022
batch 30, train loss = 0.58, mean loss = 0.45
Mon Jan 31 04:30:59 2022
batch 40, train loss = 0.28, mean loss = 0.45
Mon Jan 31 04:31:53 2022
batch 50, train loss = 0.48, mean loss = 0.46
Mon Jan 31 04:32:47 2022
batch 60, train loss = 0.33, mean loss = 0.47
Mon Jan 31 04:33:42 2022
train Loss: 0.47

batch 0, val loss = 0.14, mean loss = 0.14
Mon Jan 31 04:34:33 2022
batch 10, val loss = 0.13, mean loss = 0.13
Mon Jan 31 04:35:27 2022
val Loss: 0.13

epoch 32 was done for 471.616715 seconds
Epoch 33/299
----------
Mon Jan 31 04:36:04 2022
batch 0, train loss = 0.36, mean loss = 0.36
Mon Jan 31 04:36:10 2022
batch 10, train loss = 0.50, mean loss = 0.47
Mon Jan 31 04:37:04 2022
batch 20, train loss = 0.34, mean loss = 0.47
Mon Jan 31 04:37:58 2022
batch 30, train loss = 0.49, mean loss = 0.47
Mon Jan 31 04:38:52 2022
batch 40, train loss = 0.33, mean loss = 0.47
Mon Jan 31 04:39:47 2022
batch 50, train loss = 0.48, mean loss = 0.47
Mon Jan 31 04:40:41 2022
batch 60, train loss = 0.30, mean loss = 0.47
Mon Jan 31 04:41:35 2022
train Loss: 0.47

batch 0, val loss = 0.14, mean loss = 0.14
Mon Jan 31 04:42:26 2022
batch 10, val loss = 0.12, mean loss = 0.12
Mon Jan 31 04:43:20 2022
val Loss: 0.12

epoch 33 was done for 473.695659 seconds
Epoch 34/299
----------
Mon Jan 31 04:43:58 2022
batch 0, train loss = 0.36, mean loss = 0.36
Mon Jan 31 04:44:04 2022
batch 10, train loss = 0.56, mean loss = 0.48
Mon Jan 31 04:44:59 2022
batch 20, train loss = 0.35, mean loss = 0.48
Mon Jan 31 04:45:54 2022
batch 30, train loss = 0.51, mean loss = 0.49
Mon Jan 31 04:46:49 2022
batch 40, train loss = 0.30, mean loss = 0.48
Mon Jan 31 04:47:44 2022
batch 50, train loss = 0.47, mean loss = 0.48
Mon Jan 31 04:48:39 2022
batch 60, train loss = 0.29, mean loss = 0.47
Mon Jan 31 04:49:35 2022
train Loss: 0.47

batch 0, val loss = 0.12, mean loss = 0.12
Mon Jan 31 04:50:26 2022
batch 10, val loss = 0.12, mean loss = 0.13
Mon Jan 31 04:51:22 2022
val Loss: 0.13

epoch 34 was done for 482.291820 seconds
Epoch 35/299
----------
Mon Jan 31 04:52:00 2022
batch 0, train loss = 0.38, mean loss = 0.38
Mon Jan 31 04:52:06 2022
batch 10, train loss = 0.58, mean loss = 0.47
Mon Jan 31 04:53:00 2022
batch 20, train loss = 0.29, mean loss = 0.46
Mon Jan 31 04:53:54 2022
batch 30, train loss = 0.47, mean loss = 0.46
Mon Jan 31 04:54:49 2022
batch 40, train loss = 0.28, mean loss = 0.46
Mon Jan 31 04:55:43 2022
batch 50, train loss = 0.47, mean loss = 0.46
Mon Jan 31 04:56:38 2022
batch 60, train loss = 0.23, mean loss = 0.45
Mon Jan 31 04:57:32 2022
train Loss: 0.45

batch 0, val loss = 0.13, mean loss = 0.13
Mon Jan 31 04:58:23 2022
batch 10, val loss = 0.12, mean loss = 0.12
Mon Jan 31 04:59:18 2022
val Loss: 0.12

epoch 35 was done for 475.643214 seconds
Epoch 36/299
----------
Mon Jan 31 04:59:56 2022
batch 0, train loss = 0.26, mean loss = 0.26
Mon Jan 31 05:00:01 2022
batch 10, train loss = 0.51, mean loss = 0.45
Mon Jan 31 05:00:56 2022
batch 20, train loss = 0.35, mean loss = 0.45
Mon Jan 31 05:01:50 2022
batch 30, train loss = 0.54, mean loss = 0.46
Mon Jan 31 05:02:45 2022
batch 40, train loss = 0.25, mean loss = 0.46
Mon Jan 31 05:03:39 2022
batch 50, train loss = 0.47, mean loss = 0.46
Mon Jan 31 05:04:33 2022
batch 60, train loss = 0.26, mean loss = 0.45
Mon Jan 31 05:05:28 2022
train Loss: 0.45

batch 0, val loss = 0.13, mean loss = 0.13
Mon Jan 31 05:06:19 2022
batch 10, val loss = 0.12, mean loss = 0.12
Mon Jan 31 05:07:14 2022
val Loss: 0.12

epoch 36 was done for 475.555868 seconds
Epoch 37/299
----------
Mon Jan 31 05:07:51 2022
batch 0, train loss = 0.28, mean loss = 0.28
Mon Jan 31 05:07:57 2022
batch 10, train loss = 0.47, mean loss = 0.44
Mon Jan 31 05:08:51 2022
batch 20, train loss = 0.32, mean loss = 0.44
Mon Jan 31 05:09:45 2022
batch 30, train loss = 0.52, mean loss = 0.45
Mon Jan 31 05:10:39 2022
batch 40, train loss = 0.32, mean loss = 0.46
Mon Jan 31 05:11:33 2022
batch 50, train loss = 0.50, mean loss = 0.46
Mon Jan 31 05:12:27 2022
batch 60, train loss = 0.28, mean loss = 0.46
Mon Jan 31 05:13:21 2022
train Loss: 0.46

batch 0, val loss = 0.13, mean loss = 0.13
Mon Jan 31 05:14:12 2022
batch 10, val loss = 0.12, mean loss = 0.12
Mon Jan 31 05:15:08 2022
val Loss: 0.12

epoch 37 was done for 474.740338 seconds
Epoch 38/299
----------
Mon Jan 31 05:15:46 2022
batch 0, train loss = 0.26, mean loss = 0.26
Mon Jan 31 05:15:52 2022
batch 10, train loss = 0.46, mean loss = 0.42
Mon Jan 31 05:16:46 2022
batch 20, train loss = 0.29, mean loss = 0.42
Mon Jan 31 05:17:41 2022
batch 30, train loss = 0.53, mean loss = 0.44
Mon Jan 31 05:18:35 2022
batch 40, train loss = 0.26, mean loss = 0.43
Mon Jan 31 05:19:30 2022
batch 50, train loss = 0.47, mean loss = 0.44
Mon Jan 31 05:20:24 2022
batch 60, train loss = 0.27, mean loss = 0.44
Mon Jan 31 05:21:19 2022
train Loss: 0.44

batch 0, val loss = 0.12, mean loss = 0.12
Mon Jan 31 05:22:10 2022
batch 10, val loss = 0.12, mean loss = 0.12
Mon Jan 31 05:23:05 2022
val Loss: 0.12

epoch 38 was done for 476.502034 seconds
Epoch 39/299
----------
Mon Jan 31 05:23:43 2022
batch 0, train loss = 0.25, mean loss = 0.25
Mon Jan 31 05:23:48 2022
batch 10, train loss = 0.46, mean loss = 0.42
Mon Jan 31 05:24:43 2022
batch 20, train loss = 0.25, mean loss = 0.42
Mon Jan 31 05:25:37 2022
batch 30, train loss = 0.52, mean loss = 0.43
Mon Jan 31 05:26:32 2022
batch 40, train loss = 0.25, mean loss = 0.43
Mon Jan 31 05:27:26 2022
batch 50, train loss = 0.49, mean loss = 0.44
Mon Jan 31 05:28:20 2022
batch 60, train loss = 0.26, mean loss = 0.44
Mon Jan 31 05:29:15 2022
train Loss: 0.44

batch 0, val loss = 0.12, mean loss = 0.12
Mon Jan 31 05:30:06 2022
batch 10, val loss = 0.13, mean loss = 0.12
Mon Jan 31 05:31:01 2022
val Loss: 0.12

epoch 39 was done for 475.683071 seconds
Epoch 40/299
----------
Mon Jan 31 05:31:38 2022
batch 0, train loss = 0.25, mean loss = 0.25
Mon Jan 31 05:31:44 2022
batch 10, train loss = 0.49, mean loss = 0.45
Mon Jan 31 05:32:38 2022
batch 20, train loss = 0.28, mean loss = 0.44
Mon Jan 31 05:33:32 2022
batch 30, train loss = 0.51, mean loss = 0.45
Mon Jan 31 05:34:26 2022
batch 40, train loss = 0.25, mean loss = 0.44
Mon Jan 31 05:35:20 2022
batch 50, train loss = 0.47, mean loss = 0.45
Mon Jan 31 05:36:14 2022
batch 60, train loss = 0.31, mean loss = 0.45
Mon Jan 31 05:37:08 2022
train Loss: 0.45

batch 0, val loss = 0.13, mean loss = 0.13
Mon Jan 31 05:37:59 2022
batch 10, val loss = 0.11, mean loss = 0.13
Mon Jan 31 05:38:55 2022
val Loss: 0.12

epoch 40 was done for 475.064313 seconds
Epoch 41/299
----------
Mon Jan 31 05:39:33 2022
batch 0, train loss = 0.30, mean loss = 0.30
Mon Jan 31 05:39:39 2022
batch 10, train loss = 0.51, mean loss = 0.44
Mon Jan 31 05:40:33 2022
batch 20, train loss = 0.29, mean loss = 0.44
Mon Jan 31 05:41:27 2022
batch 30, train loss = 0.51, mean loss = 0.45
Mon Jan 31 05:42:21 2022
batch 40, train loss = 0.28, mean loss = 0.45
Mon Jan 31 05:43:16 2022
batch 50, train loss = 0.50, mean loss = 0.46
Mon Jan 31 05:44:10 2022
batch 60, train loss = 0.23, mean loss = 0.45
Mon Jan 31 05:45:04 2022
train Loss: 0.46

batch 0, val loss = 0.12, mean loss = 0.12
Mon Jan 31 05:45:55 2022
batch 10, val loss = 0.13, mean loss = 0.12
Mon Jan 31 05:46:49 2022
val Loss: 0.12

epoch 41 was done for 473.213215 seconds
Epoch 42/299
----------
Mon Jan 31 05:47:27 2022
batch 0, train loss = 0.26, mean loss = 0.26
Mon Jan 31 05:47:32 2022
batch 10, train loss = 0.52, mean loss = 0.44
Mon Jan 31 05:48:26 2022
batch 20, train loss = 0.26, mean loss = 0.44
Mon Jan 31 05:49:21 2022
batch 30, train loss = 0.48, mean loss = 0.44
Mon Jan 31 05:50:15 2022
batch 40, train loss = 0.26, mean loss = 0.44
Mon Jan 31 05:51:10 2022
batch 50, train loss = 0.49, mean loss = 0.45
Mon Jan 31 05:52:04 2022
batch 60, train loss = 0.27, mean loss = 0.44
Mon Jan 31 05:52:58 2022
train Loss: 0.45

batch 0, val loss = 0.12, mean loss = 0.12
Mon Jan 31 05:53:49 2022
batch 10, val loss = 0.13, mean loss = 0.12
Mon Jan 31 05:54:44 2022
val Loss: 0.12

epoch 42 was done for 475.008020 seconds
Epoch 43/299
----------
Mon Jan 31 05:55:22 2022
batch 0, train loss = 0.24, mean loss = 0.24
Mon Jan 31 05:55:27 2022
batch 10, train loss = 0.45, mean loss = 0.42
Mon Jan 31 05:56:21 2022
batch 20, train loss = 0.24, mean loss = 0.42
Mon Jan 31 05:57:15 2022
batch 30, train loss = 0.51, mean loss = 0.43
Mon Jan 31 05:58:09 2022
batch 40, train loss = 0.28, mean loss = 0.44
Mon Jan 31 05:59:03 2022
batch 50, train loss = 0.49, mean loss = 0.45
Mon Jan 31 05:59:57 2022
batch 60, train loss = 0.32, mean loss = 0.45
Mon Jan 31 06:00:51 2022
train Loss: 0.45

batch 0, val loss = 0.12, mean loss = 0.12
Mon Jan 31 06:01:42 2022
batch 10, val loss = 0.12, mean loss = 0.12
Mon Jan 31 06:02:38 2022
val Loss: 0.12

epoch 43 was done for 474.395641 seconds
Epoch 44/299
----------
Mon Jan 31 06:03:16 2022
batch 0, train loss = 0.34, mean loss = 0.34
Mon Jan 31 06:03:22 2022
batch 10, train loss = 0.53, mean loss = 0.46
Mon Jan 31 06:04:16 2022
batch 20, train loss = 0.27, mean loss = 0.45
Mon Jan 31 06:05:10 2022
batch 30, train loss = 0.52, mean loss = 0.46
Mon Jan 31 06:06:05 2022
batch 40, train loss = 0.28, mean loss = 0.46
Mon Jan 31 06:06:59 2022
batch 50, train loss = 0.53, mean loss = 0.47
Mon Jan 31 06:07:54 2022
batch 60, train loss = 0.38, mean loss = 0.47
Mon Jan 31 06:08:48 2022
train Loss: 0.47

batch 0, val loss = 0.13, mean loss = 0.13
Mon Jan 31 06:09:39 2022
batch 10, val loss = 0.12, mean loss = 0.12
Mon Jan 31 06:10:34 2022
val Loss: 0.12

epoch 44 was done for 476.017889 seconds
Epoch 45/299
----------
Mon Jan 31 06:11:12 2022
batch 0, train loss = 0.39, mean loss = 0.39
Mon Jan 31 06:11:18 2022
batch 10, train loss = 0.54, mean loss = 0.50
Mon Jan 31 06:12:12 2022
batch 20, train loss = 0.31, mean loss = 0.48
Mon Jan 31 06:13:06 2022
batch 30, train loss = 0.54, mean loss = 0.48
Mon Jan 31 06:14:01 2022
batch 40, train loss = 0.30, mean loss = 0.48
Mon Jan 31 06:14:55 2022
batch 50, train loss = 0.49, mean loss = 0.48
Mon Jan 31 06:15:50 2022
batch 60, train loss = 0.31, mean loss = 0.47
Mon Jan 31 06:16:44 2022
train Loss: 0.47

batch 0, val loss = 0.12, mean loss = 0.12
Mon Jan 31 06:17:35 2022
batch 10, val loss = 0.12, mean loss = 0.12
Mon Jan 31 06:18:30 2022
val Loss: 0.12

epoch 45 was done for 475.619522 seconds
Epoch 46/299
----------
Mon Jan 31 06:19:08 2022
batch 0, train loss = 0.31, mean loss = 0.31
Mon Jan 31 06:19:13 2022
batch 10, train loss = 0.51, mean loss = 0.47
Mon Jan 31 06:20:07 2022
batch 20, train loss = 0.33, mean loss = 0.47
Mon Jan 31 06:21:01 2022
batch 30, train loss = 0.52, mean loss = 0.47
Mon Jan 31 06:21:55 2022
batch 40, train loss = 0.35, mean loss = 0.47
Mon Jan 31 06:22:49 2022
batch 50, train loss = 0.47, mean loss = 0.47
Mon Jan 31 06:23:43 2022
batch 60, train loss = 0.25, mean loss = 0.46
Mon Jan 31 06:24:37 2022
train Loss: 0.46

batch 0, val loss = 0.12, mean loss = 0.12
Mon Jan 31 06:25:29 2022
batch 10, val loss = 0.11, mean loss = 0.12
Mon Jan 31 06:26:25 2022
val Loss: 0.12

epoch 46 was done for 474.876606 seconds
Epoch 47/299
----------
Mon Jan 31 06:27:03 2022
batch 0, train loss = 0.27, mean loss = 0.27
Mon Jan 31 06:27:08 2022
batch 10, train loss = 0.52, mean loss = 0.44
Mon Jan 31 06:28:02 2022
batch 20, train loss = 0.27, mean loss = 0.44
Mon Jan 31 06:28:57 2022
batch 30, train loss = 0.52, mean loss = 0.45
Mon Jan 31 06:29:52 2022
batch 40, train loss = 0.27, mean loss = 0.45
Mon Jan 31 06:30:47 2022
batch 50, train loss = 0.46, mean loss = 0.45
Mon Jan 31 06:31:42 2022
batch 60, train loss = 0.21, mean loss = 0.44
Mon Jan 31 06:32:37 2022
train Loss: 0.44

batch 0, val loss = 0.12, mean loss = 0.12
Mon Jan 31 06:33:33 2022
batch 10, val loss = 0.13, mean loss = 0.12
Mon Jan 31 06:34:37 2022
val Loss: 0.12

epoch 47 was done for 493.850704 seconds
Epoch 48/299
----------
Mon Jan 31 06:35:16 2022
batch 0, train loss = 0.24, mean loss = 0.24
Mon Jan 31 06:35:22 2022
batch 10, train loss = 0.49, mean loss = 0.43
Mon Jan 31 06:36:17 2022
batch 20, train loss = 0.25, mean loss = 0.43
Mon Jan 31 06:37:13 2022
batch 30, train loss = 0.54, mean loss = 0.44
Mon Jan 31 06:38:08 2022
batch 40, train loss = 0.21, mean loss = 0.44
Mon Jan 31 06:39:04 2022
batch 50, train loss = 0.47, mean loss = 0.44
Mon Jan 31 06:39:59 2022
batch 60, train loss = 0.20, mean loss = 0.43
Mon Jan 31 06:40:54 2022
train Loss: 0.43

batch 0, val loss = 0.12, mean loss = 0.12
Mon Jan 31 06:41:45 2022
batch 10, val loss = 0.12, mean loss = 0.12
Mon Jan 31 06:42:41 2022
val Loss: 0.12

epoch 48 was done for 482.639113 seconds
Epoch 49/299
----------
Mon Jan 31 06:43:19 2022
batch 0, train loss = 0.19, mean loss = 0.19
Mon Jan 31 06:43:25 2022
batch 10, train loss = 0.47, mean loss = 0.43
Mon Jan 31 06:44:20 2022
batch 20, train loss = 0.25, mean loss = 0.43
Mon Jan 31 06:45:14 2022
batch 30, train loss = 0.47, mean loss = 0.44
Mon Jan 31 06:46:09 2022
batch 40, train loss = 0.27, mean loss = 0.44
Mon Jan 31 06:47:04 2022
batch 50, train loss = 0.47, mean loss = 0.44
Mon Jan 31 06:47:58 2022
batch 60, train loss = 0.22, mean loss = 0.44
Mon Jan 31 06:48:53 2022
train Loss: 0.44

batch 0, val loss = 0.13, mean loss = 0.13
Mon Jan 31 06:49:45 2022
batch 10, val loss = 0.13, mean loss = 0.13
Mon Jan 31 06:50:41 2022
val Loss: 0.12

epoch 49 was done for 479.920959 seconds
Epoch 50/299
----------
Mon Jan 31 06:51:19 2022
batch 0, train loss = 0.23, mean loss = 0.23
Mon Jan 31 06:51:24 2022
batch 10, train loss = 0.48, mean loss = 0.43
Mon Jan 31 06:52:19 2022
batch 20, train loss = 0.24, mean loss = 0.42
Mon Jan 31 06:53:13 2022
batch 30, train loss = 0.55, mean loss = 0.43
Mon Jan 31 06:54:07 2022
batch 40, train loss = 0.24, mean loss = 0.44
Mon Jan 31 06:55:01 2022
batch 50, train loss = 0.47, mean loss = 0.44
Mon Jan 31 06:55:55 2022
batch 60, train loss = 0.22, mean loss = 0.44
Mon Jan 31 06:56:49 2022
train Loss: 0.44

batch 0, val loss = 0.12, mean loss = 0.12
Mon Jan 31 06:57:39 2022
batch 10, val loss = 0.13, mean loss = 0.12
Mon Jan 31 06:58:34 2022
val Loss: 0.12

epoch 50 was done for 472.912276 seconds
Epoch 51/299
----------
Mon Jan 31 06:59:12 2022
batch 0, train loss = 0.22, mean loss = 0.22
Mon Jan 31 06:59:17 2022
batch 10, train loss = 0.48, mean loss = 0.43
Mon Jan 31 07:00:12 2022
batch 20, train loss = 0.22, mean loss = 0.43
Mon Jan 31 07:01:07 2022
batch 30, train loss = 0.49, mean loss = 0.44
Mon Jan 31 07:02:01 2022
batch 40, train loss = 0.30, mean loss = 0.44
Mon Jan 31 07:02:56 2022
batch 50, train loss = 0.54, mean loss = 0.46
Mon Jan 31 07:03:50 2022
batch 60, train loss = 0.30, mean loss = 0.45
Mon Jan 31 07:04:45 2022
train Loss: 0.46

batch 0, val loss = 0.12, mean loss = 0.12
Mon Jan 31 07:05:36 2022
batch 10, val loss = 0.12, mean loss = 0.12
Mon Jan 31 07:06:32 2022
val Loss: 0.12

epoch 51 was done for 477.699738 seconds
Epoch 52/299
----------
Mon Jan 31 07:07:10 2022
batch 0, train loss = 0.25, mean loss = 0.25
Mon Jan 31 07:07:15 2022
batch 10, train loss = 0.50, mean loss = 0.46
Mon Jan 31 07:08:09 2022
batch 20, train loss = 0.26, mean loss = 0.44
Mon Jan 31 07:09:04 2022
batch 30, train loss = 0.50, mean loss = 0.44
Mon Jan 31 07:09:58 2022
batch 40, train loss = 0.28, mean loss = 0.44
Mon Jan 31 07:10:53 2022
batch 50, train loss = 0.52, mean loss = 0.46
Mon Jan 31 07:11:47 2022
batch 60, train loss = 0.28, mean loss = 0.45
Mon Jan 31 07:12:42 2022
train Loss: 0.46

batch 0, val loss = 0.12, mean loss = 0.12
Mon Jan 31 07:13:33 2022
batch 10, val loss = 0.12, mean loss = 0.12
Mon Jan 31 07:14:29 2022
val Loss: 0.12

epoch 52 was done for 477.564079 seconds
Epoch 53/299
----------
Mon Jan 31 07:15:07 2022
batch 0, train loss = 0.27, mean loss = 0.27
Mon Jan 31 07:15:13 2022
batch 10, train loss = 0.54, mean loss = 0.48
Mon Jan 31 07:16:07 2022
batch 20, train loss = 0.27, mean loss = 0.46
Mon Jan 31 07:17:02 2022
batch 30, train loss = 0.49, mean loss = 0.46
Mon Jan 31 07:17:57 2022
batch 40, train loss = 0.28, mean loss = 0.46
Mon Jan 31 07:18:52 2022
batch 50, train loss = 0.50, mean loss = 0.46
Mon Jan 31 07:19:46 2022
batch 60, train loss = 0.33, mean loss = 0.46
Mon Jan 31 07:20:41 2022
train Loss: 0.46

batch 0, val loss = 0.12, mean loss = 0.12
Mon Jan 31 07:21:32 2022
batch 10, val loss = 0.12, mean loss = 0.12
Mon Jan 31 07:22:27 2022
val Loss: 0.12

epoch 53 was done for 478.224933 seconds
Epoch 54/299
----------
Mon Jan 31 07:23:05 2022
batch 0, train loss = 0.27, mean loss = 0.27
Mon Jan 31 07:23:11 2022
batch 10, train loss = 0.48, mean loss = 0.45
Mon Jan 31 07:24:06 2022
batch 20, train loss = 0.30, mean loss = 0.45
Mon Jan 31 07:25:00 2022
batch 30, train loss = 0.52, mean loss = 0.45
Mon Jan 31 07:25:55 2022
batch 40, train loss = 0.24, mean loss = 0.45
Mon Jan 31 07:26:50 2022
batch 50, train loss = 0.48, mean loss = 0.45
Mon Jan 31 07:27:45 2022
batch 60, train loss = 0.26, mean loss = 0.45
Mon Jan 31 07:28:41 2022
train Loss: 0.45

batch 0, val loss = 0.13, mean loss = 0.13
Mon Jan 31 07:29:32 2022
batch 10, val loss = 0.12, mean loss = 0.13
Mon Jan 31 07:30:27 2022
val Loss: 0.13

epoch 54 was done for 479.611271 seconds
Epoch 55/299
----------
Mon Jan 31 07:31:05 2022
batch 0, train loss = 0.31, mean loss = 0.31
Mon Jan 31 07:31:10 2022
batch 10, train loss = 0.52, mean loss = 0.45
Mon Jan 31 07:32:07 2022
batch 20, train loss = 0.28, mean loss = 0.45
Mon Jan 31 07:33:02 2022
batch 30, train loss = 0.53, mean loss = 0.45
Mon Jan 31 07:33:56 2022
batch 40, train loss = 0.26, mean loss = 0.45
Mon Jan 31 07:34:50 2022
batch 50, train loss = 0.50, mean loss = 0.45
Mon Jan 31 07:35:45 2022
batch 60, train loss = 0.28, mean loss = 0.45
Mon Jan 31 07:36:39 2022
train Loss: 0.45

batch 0, val loss = 0.12, mean loss = 0.12
Mon Jan 31 07:37:30 2022
batch 10, val loss = 0.12, mean loss = 0.13
Mon Jan 31 07:38:27 2022
val Loss: 0.13

epoch 55 was done for 479.763534 seconds
Epoch 56/299
----------
Mon Jan 31 07:39:05 2022
batch 0, train loss = 0.25, mean loss = 0.25
Mon Jan 31 07:39:10 2022
batch 10, train loss = 0.48, mean loss = 0.46
Mon Jan 31 07:40:04 2022
batch 20, train loss = 0.29, mean loss = 0.45
Mon Jan 31 07:41:07 2022
batch 30, train loss = 0.46, mean loss = 0.46
Mon Jan 31 07:42:01 2022
batch 40, train loss = 0.27, mean loss = 0.45
Mon Jan 31 07:42:55 2022
batch 50, train loss = 0.52, mean loss = 0.46
Mon Jan 31 07:43:49 2022
batch 60, train loss = 0.29, mean loss = 0.45
Mon Jan 31 07:44:44 2022
train Loss: 0.46

batch 0, val loss = 0.13, mean loss = 0.13
Mon Jan 31 07:45:41 2022
batch 10, val loss = 0.13, mean loss = 0.13
Mon Jan 31 07:46:36 2022
val Loss: 0.13

epoch 56 was done for 488.341972 seconds
Epoch 57/299
----------
Mon Jan 31 07:47:13 2022
batch 0, train loss = 0.29, mean loss = 0.29
Mon Jan 31 07:47:19 2022
batch 10, train loss = 0.52, mean loss = 0.46
Mon Jan 31 07:48:17 2022
batch 20, train loss = 0.32, mean loss = 0.47
Mon Jan 31 07:49:11 2022
batch 30, train loss = 0.50, mean loss = 0.47
Mon Jan 31 07:50:06 2022
batch 40, train loss = 0.25, mean loss = 0.46
Mon Jan 31 07:51:00 2022
batch 50, train loss = 0.53, mean loss = 0.46
Mon Jan 31 07:51:55 2022
batch 60, train loss = 0.26, mean loss = 0.46
Mon Jan 31 07:52:49 2022
train Loss: 0.46

batch 0, val loss = 0.12, mean loss = 0.12
Mon Jan 31 07:53:40 2022
batch 10, val loss = 0.13, mean loss = 0.12
Mon Jan 31 07:54:36 2022
val Loss: 0.12

epoch 57 was done for 481.422624 seconds
Epoch 58/299
----------
Mon Jan 31 07:55:15 2022
batch 0, train loss = 0.34, mean loss = 0.34
Mon Jan 31 07:55:20 2022
batch 10, train loss = 0.52, mean loss = 0.45
Mon Jan 31 07:56:14 2022
batch 20, train loss = 0.31, mean loss = 0.45
Mon Jan 31 07:57:09 2022
batch 30, train loss = 0.53, mean loss = 0.47
Mon Jan 31 07:58:04 2022
batch 40, train loss = 0.29, mean loss = 0.46
Mon Jan 31 07:58:59 2022
batch 50, train loss = 0.54, mean loss = 0.47
Mon Jan 31 07:59:55 2022
batch 60, train loss = 0.34, mean loss = 0.47
Mon Jan 31 08:00:51 2022
train Loss: 0.47

batch 0, val loss = 0.13, mean loss = 0.13
Mon Jan 31 08:01:43 2022
batch 10, val loss = 0.12, mean loss = 0.13
Mon Jan 31 08:02:47 2022
val Loss: 0.12

epoch 58 was done for 494.296685 seconds
Epoch 59/299
----------
Mon Jan 31 08:03:29 2022
batch 0, train loss = 0.31, mean loss = 0.31
Mon Jan 31 08:03:34 2022
batch 10, train loss = 0.49, mean loss = 0.46
Mon Jan 31 08:04:42 2022
batch 20, train loss = 0.31, mean loss = 0.45
Mon Jan 31 08:05:39 2022
batch 30, train loss = 0.50, mean loss = 0.46
Mon Jan 31 08:06:35 2022
batch 40, train loss = 0.28, mean loss = 0.45
Mon Jan 31 08:07:31 2022
batch 50, train loss = 0.52, mean loss = 0.46
Mon Jan 31 08:08:26 2022
batch 60, train loss = 0.29, mean loss = 0.46
Mon Jan 31 08:09:20 2022
train Loss: 0.46

batch 0, val loss = 0.13, mean loss = 0.13
Mon Jan 31 08:10:11 2022
batch 10, val loss = 0.13, mean loss = 0.12
Mon Jan 31 08:11:06 2022
val Loss: 0.12

epoch 59 was done for 494.345144 seconds
Epoch 60/299
----------
Mon Jan 31 08:11:43 2022
batch 0, train loss = 0.30, mean loss = 0.30
Mon Jan 31 08:11:49 2022
batch 10, train loss = 0.48, mean loss = 0.44
Mon Jan 31 08:12:43 2022
batch 20, train loss = 0.26, mean loss = 0.43
Mon Jan 31 08:13:37 2022
batch 30, train loss = 0.48, mean loss = 0.44
Mon Jan 31 08:14:32 2022
batch 40, train loss = 0.27, mean loss = 0.44
Mon Jan 31 08:15:26 2022
batch 50, train loss = 0.50, mean loss = 0.45
Mon Jan 31 08:16:20 2022
batch 60, train loss = 0.26, mean loss = 0.44
Mon Jan 31 08:17:14 2022
train Loss: 0.44

batch 0, val loss = 0.12, mean loss = 0.12
Mon Jan 31 08:18:05 2022
batch 10, val loss = 0.12, mean loss = 0.12
Mon Jan 31 08:19:00 2022
val Loss: 0.12

epoch 60 was done for 474.556326 seconds
Epoch 61/299
----------
Mon Jan 31 08:19:38 2022
batch 0, train loss = 0.27, mean loss = 0.27
Mon Jan 31 08:19:43 2022
batch 10, train loss = 0.47, mean loss = 0.44
Mon Jan 31 08:20:37 2022
batch 20, train loss = 0.26, mean loss = 0.43
Mon Jan 31 08:21:32 2022
batch 30, train loss = 0.50, mean loss = 0.44
Mon Jan 31 08:22:26 2022
batch 40, train loss = 0.25, mean loss = 0.44
Mon Jan 31 08:23:20 2022
batch 50, train loss = 0.54, mean loss = 0.45
Mon Jan 31 08:24:14 2022
batch 60, train loss = 0.28, mean loss = 0.45
Mon Jan 31 08:25:08 2022
train Loss: 0.45

batch 0, val loss = 0.10, mean loss = 0.10
Mon Jan 31 08:25:59 2022
batch 10, val loss = 0.11, mean loss = 0.12
Mon Jan 31 08:26:55 2022
val Loss: 0.12

epoch 61 was done for 475.427758 seconds
Epoch 62/299
----------
Mon Jan 31 08:27:33 2022
batch 0, train loss = 0.28, mean loss = 0.28
Mon Jan 31 08:27:42 2022
batch 10, train loss = 0.46, mean loss = 0.44
Mon Jan 31 08:28:38 2022
batch 20, train loss = 0.28, mean loss = 0.43
Mon Jan 31 08:29:33 2022
batch 30, train loss = 0.50, mean loss = 0.44
Mon Jan 31 08:30:29 2022
batch 40, train loss = 0.29, mean loss = 0.45
Mon Jan 31 08:31:23 2022
batch 50, train loss = 0.53, mean loss = 0.45
Mon Jan 31 08:32:18 2022
batch 60, train loss = 0.34, mean loss = 0.45
Mon Jan 31 08:33:15 2022
train Loss: 0.45

batch 0, val loss = 0.13, mean loss = 0.13
Mon Jan 31 08:34:08 2022
batch 10, val loss = 0.12, mean loss = 0.13
Mon Jan 31 08:35:04 2022
val Loss: 0.13

epoch 62 was done for 491.166415 seconds
Epoch 63/299
----------
Mon Jan 31 08:35:44 2022
batch 0, train loss = 0.27, mean loss = 0.27
Mon Jan 31 08:35:50 2022
batch 10, train loss = 0.48, mean loss = 0.45
Mon Jan 31 08:36:45 2022
batch 20, train loss = 0.25, mean loss = 0.44
Mon Jan 31 08:37:40 2022
batch 30, train loss = 0.48, mean loss = 0.44
Mon Jan 31 08:38:34 2022
batch 40, train loss = 0.26, mean loss = 0.44
Mon Jan 31 08:39:29 2022
batch 50, train loss = 0.53, mean loss = 0.45
Mon Jan 31 08:40:25 2022
batch 60, train loss = 0.29, mean loss = 0.45
Mon Jan 31 08:41:20 2022
train Loss: 0.45

batch 0, val loss = 0.14, mean loss = 0.14
Mon Jan 31 08:42:15 2022
batch 10, val loss = 0.12, mean loss = 0.13
Mon Jan 31 08:43:12 2022
val Loss: 0.12

epoch 63 was done for 486.396578 seconds
Epoch 64/299
----------
Mon Jan 31 08:43:51 2022
batch 0, train loss = 0.27, mean loss = 0.27
Mon Jan 31 08:43:56 2022
batch 10, train loss = 0.48, mean loss = 0.44
Mon Jan 31 08:44:51 2022
batch 20, train loss = 0.26, mean loss = 0.43
Mon Jan 31 08:45:45 2022
batch 30, train loss = 0.48, mean loss = 0.43
Mon Jan 31 08:46:39 2022
batch 40, train loss = 0.30, mean loss = 0.44
Mon Jan 31 08:47:33 2022
batch 50, train loss = 0.51, mean loss = 0.44
Mon Jan 31 08:48:28 2022
batch 60, train loss = 0.29, mean loss = 0.45
Mon Jan 31 08:49:27 2022
train Loss: 0.45

batch 0, val loss = 0.13, mean loss = 0.13
Mon Jan 31 08:50:22 2022
batch 10, val loss = 0.12, mean loss = 0.13
Mon Jan 31 08:51:23 2022
val Loss: 0.13

epoch 64 was done for 491.138008 seconds
Epoch 65/299
----------
Mon Jan 31 08:52:02 2022
batch 0, train loss = 0.25, mean loss = 0.25
Mon Jan 31 08:52:07 2022
batch 10, train loss = 0.47, mean loss = 0.44
Mon Jan 31 08:53:02 2022
batch 20, train loss = 0.27, mean loss = 0.43
Mon Jan 31 08:53:57 2022
batch 30, train loss = 0.47, mean loss = 0.43
Mon Jan 31 08:55:01 2022
batch 40, train loss = 0.25, mean loss = 0.43
Mon Jan 31 08:56:08 2022
batch 50, train loss = 0.48, mean loss = 0.44
Mon Jan 31 08:57:15 2022
batch 60, train loss = 0.27, mean loss = 0.44
Mon Jan 31 08:58:22 2022
train Loss: 0.44

batch 0, val loss = 0.12, mean loss = 0.12
Mon Jan 31 08:59:25 2022
batch 10, val loss = 0.11, mean loss = 0.12
Mon Jan 31 09:00:34 2022
val Loss: 0.12

epoch 65 was done for 558.447142 seconds
Epoch 66/299
----------
Mon Jan 31 09:01:20 2022
batch 0, train loss = 0.22, mean loss = 0.22
Mon Jan 31 09:01:27 2022
batch 10, train loss = 0.48, mean loss = 0.44
Mon Jan 31 09:02:35 2022
batch 20, train loss = 0.23, mean loss = 0.42
Mon Jan 31 09:03:43 2022
batch 30, train loss = 0.46, mean loss = 0.43
Mon Jan 31 09:04:51 2022
batch 40, train loss = 0.19, mean loss = 0.43
Mon Jan 31 09:05:59 2022
batch 50, train loss = 0.49, mean loss = 0.44
Mon Jan 31 09:07:07 2022
batch 60, train loss = 0.25, mean loss = 0.44
Mon Jan 31 09:08:21 2022
train Loss: 0.44

batch 0, val loss = 0.13, mean loss = 0.13
Mon Jan 31 09:09:25 2022
batch 10, val loss = 0.11, mean loss = 0.12
Mon Jan 31 09:10:34 2022
val Loss: 0.12

epoch 66 was done for 599.936143 seconds
Epoch 67/299
----------
Mon Jan 31 09:11:20 2022
batch 0, train loss = 0.20, mean loss = 0.20
Mon Jan 31 09:11:27 2022
batch 10, train loss = 0.46, mean loss = 0.43
Mon Jan 31 09:12:35 2022
batch 20, train loss = 0.21, mean loss = 0.41
Mon Jan 31 09:13:43 2022
batch 30, train loss = 0.46, mean loss = 0.42
Mon Jan 31 09:14:52 2022
batch 40, train loss = 0.17, mean loss = 0.42
Mon Jan 31 09:16:00 2022
batch 50, train loss = 0.49, mean loss = 0.43
Mon Jan 31 09:17:08 2022
batch 60, train loss = 0.22, mean loss = 0.43
Mon Jan 31 09:18:16 2022
train Loss: 0.43

batch 0, val loss = 0.13, mean loss = 0.13
Mon Jan 31 09:19:20 2022
batch 10, val loss = 0.12, mean loss = 0.13
Mon Jan 31 09:20:29 2022
val Loss: 0.13

epoch 67 was done for 595.666582 seconds
Epoch 68/299
----------
Mon Jan 31 09:21:16 2022
batch 0, train loss = 0.19, mean loss = 0.19
Mon Jan 31 09:21:23 2022
batch 10, train loss = 0.46, mean loss = 0.43
Mon Jan 31 09:22:31 2022
batch 20, train loss = 0.20, mean loss = 0.41
Mon Jan 31 09:23:38 2022
batch 30, train loss = 0.47, mean loss = 0.42
Mon Jan 31 09:24:46 2022
batch 40, train loss = 0.18, mean loss = 0.41
Mon Jan 31 09:25:56 2022
batch 50, train loss = 0.49, mean loss = 0.43
Mon Jan 31 09:27:04 2022
batch 60, train loss = 0.20, mean loss = 0.43
Mon Jan 31 09:28:13 2022
train Loss: 0.43

batch 0, val loss = 0.12, mean loss = 0.12
Mon Jan 31 09:29:17 2022
batch 10, val loss = 0.13, mean loss = 0.13
Mon Jan 31 09:30:25 2022
val Loss: 0.13

epoch 68 was done for 595.951299 seconds
Epoch 69/299
----------
Mon Jan 31 09:31:12 2022
batch 0, train loss = 0.22, mean loss = 0.22
Mon Jan 31 09:31:19 2022
batch 10, train loss = 0.48, mean loss = 0.43
Mon Jan 31 09:32:26 2022
batch 20, train loss = 0.23, mean loss = 0.43
Mon Jan 31 09:33:35 2022
batch 30, train loss = 0.48, mean loss = 0.43
Mon Jan 31 09:34:43 2022
batch 40, train loss = 0.18, mean loss = 0.43
Mon Jan 31 09:35:51 2022
batch 50, train loss = 0.49, mean loss = 0.43
Mon Jan 31 09:37:00 2022
batch 60, train loss = 0.18, mean loss = 0.43
Mon Jan 31 09:38:09 2022
train Loss: 0.44

batch 0, val loss = 0.12, mean loss = 0.12
Mon Jan 31 09:39:12 2022
batch 10, val loss = 0.13, mean loss = 0.12
Mon Jan 31 09:40:21 2022
val Loss: 0.13

epoch 69 was done for 595.557714 seconds
Epoch 70/299
----------
Mon Jan 31 09:41:07 2022
batch 0, train loss = 0.27, mean loss = 0.27
Mon Jan 31 09:41:14 2022
batch 10, train loss = 0.48, mean loss = 0.43
Mon Jan 31 09:42:23 2022
batch 20, train loss = 0.27, mean loss = 0.44
Mon Jan 31 09:43:31 2022
batch 30, train loss = 0.49, mean loss = 0.44
Mon Jan 31 09:44:39 2022
batch 40, train loss = 0.22, mean loss = 0.43
Mon Jan 31 09:45:48 2022
batch 50, train loss = 0.49, mean loss = 0.44
Mon Jan 31 09:46:58 2022
batch 60, train loss = 0.23, mean loss = 0.44
Mon Jan 31 09:48:07 2022
train Loss: 0.44

batch 0, val loss = 0.11, mean loss = 0.11
Mon Jan 31 09:49:11 2022
batch 10, val loss = 0.12, mean loss = 0.12
Mon Jan 31 09:50:23 2022
val Loss: 0.12

epoch 70 was done for 602.072222 seconds
Epoch 71/299
----------
Mon Jan 31 09:51:09 2022
batch 0, train loss = 0.29, mean loss = 0.29
Mon Jan 31 09:51:16 2022
batch 10, train loss = 0.46, mean loss = 0.44
Mon Jan 31 09:52:25 2022
batch 20, train loss = 0.28, mean loss = 0.44
Mon Jan 31 09:53:33 2022
batch 30, train loss = 0.48, mean loss = 0.44
Mon Jan 31 09:54:41 2022
batch 40, train loss = 0.23, mean loss = 0.44
Mon Jan 31 09:55:49 2022
batch 50, train loss = 0.45, mean loss = 0.44
Mon Jan 31 09:56:57 2022
batch 60, train loss = 0.23, mean loss = 0.44
Mon Jan 31 09:58:05 2022
train Loss: 0.44

batch 0, val loss = 0.13, mean loss = 0.13
Mon Jan 31 09:59:10 2022
batch 10, val loss = 0.12, mean loss = 0.13
Mon Jan 31 10:00:20 2022
val Loss: 0.13

epoch 71 was done for 598.029531 seconds
Epoch 72/299
----------
Mon Jan 31 10:01:08 2022
batch 0, train loss = 0.25, mean loss = 0.25
Mon Jan 31 10:01:14 2022
batch 10, train loss = 0.49, mean loss = 0.43
Mon Jan 31 10:02:23 2022
batch 20, train loss = 0.27, mean loss = 0.43
Mon Jan 31 10:03:31 2022
batch 30, train loss = 0.48, mean loss = 0.44
Mon Jan 31 10:04:39 2022
batch 40, train loss = 0.28, mean loss = 0.43
Mon Jan 31 10:05:47 2022
batch 50, train loss = 0.45, mean loss = 0.44
Mon Jan 31 10:06:56 2022
batch 60, train loss = 0.24, mean loss = 0.43
Mon Jan 31 10:08:04 2022
train Loss: 0.44

batch 0, val loss = 0.13, mean loss = 0.13
Mon Jan 31 10:09:08 2022
batch 10, val loss = 0.11, mean loss = 0.12
Mon Jan 31 10:10:16 2022
val Loss: 0.12

epoch 72 was done for 595.272208 seconds
Epoch 73/299
----------
Mon Jan 31 10:11:03 2022
batch 0, train loss = 0.24, mean loss = 0.24
Mon Jan 31 10:11:10 2022
batch 10, train loss = 0.47, mean loss = 0.44
Mon Jan 31 10:12:18 2022
batch 20, train loss = 0.25, mean loss = 0.43
Mon Jan 31 10:13:27 2022
batch 30, train loss = 0.45, mean loss = 0.44
Mon Jan 31 10:14:36 2022
batch 40, train loss = 0.25, mean loss = 0.43
Mon Jan 31 10:15:44 2022
batch 50, train loss = 0.46, mean loss = 0.44
Mon Jan 31 10:16:53 2022
batch 60, train loss = 0.23, mean loss = 0.43
Mon Jan 31 10:18:02 2022
train Loss: 0.43

batch 0, val loss = 0.13, mean loss = 0.13
Mon Jan 31 10:19:06 2022
batch 10, val loss = 0.12, mean loss = 0.13
Mon Jan 31 10:20:15 2022
val Loss: 0.13

epoch 73 was done for 599.013576 seconds
Epoch 74/299
----------
Mon Jan 31 10:21:02 2022
batch 0, train loss = 0.25, mean loss = 0.25
Mon Jan 31 10:21:09 2022
batch 10, train loss = 0.48, mean loss = 0.43
Mon Jan 31 10:22:18 2022
batch 20, train loss = 0.25, mean loss = 0.43
Mon Jan 31 10:23:28 2022
batch 30, train loss = 0.46, mean loss = 0.44
Mon Jan 31 10:24:37 2022
batch 40, train loss = 0.24, mean loss = 0.43
Mon Jan 31 10:25:44 2022
batch 50, train loss = 0.46, mean loss = 0.43
Mon Jan 31 10:26:52 2022
batch 60, train loss = 0.23, mean loss = 0.43
Mon Jan 31 10:28:01 2022
train Loss: 0.43

batch 0, val loss = 0.13, mean loss = 0.13
Mon Jan 31 10:29:05 2022
batch 10, val loss = 0.12, mean loss = 0.13
Mon Jan 31 10:30:14 2022
val Loss: 0.13

epoch 74 was done for 599.271674 seconds
Epoch 75/299
----------
Mon Jan 31 10:31:01 2022
batch 0, train loss = 0.23, mean loss = 0.23
Mon Jan 31 10:31:08 2022
batch 10, train loss = 0.47, mean loss = 0.42
Mon Jan 31 10:32:16 2022
batch 20, train loss = 0.23, mean loss = 0.42
Mon Jan 31 10:33:26 2022
batch 30, train loss = 0.46, mean loss = 0.43
Mon Jan 31 10:34:35 2022
batch 40, train loss = 0.23, mean loss = 0.42
Mon Jan 31 10:35:43 2022
batch 50, train loss = 0.49, mean loss = 0.43
Mon Jan 31 10:36:52 2022
batch 60, train loss = 0.21, mean loss = 0.42
Mon Jan 31 10:38:01 2022
train Loss: 0.42

batch 0, val loss = 0.12, mean loss = 0.12
Mon Jan 31 10:39:05 2022
batch 10, val loss = 0.12, mean loss = 0.12
Mon Jan 31 10:40:15 2022
val Loss: 0.13

epoch 75 was done for 600.088806 seconds
Epoch 76/299
----------
Mon Jan 31 10:41:01 2022
batch 0, train loss = 0.21, mean loss = 0.21
Mon Jan 31 10:41:08 2022
batch 10, train loss = 0.48, mean loss = 0.41
Mon Jan 31 10:42:17 2022
batch 20, train loss = 0.22, mean loss = 0.41
Mon Jan 31 10:43:25 2022
batch 30, train loss = 0.47, mean loss = 0.42
Mon Jan 31 10:44:34 2022
batch 40, train loss = 0.23, mean loss = 0.41
Mon Jan 31 10:45:43 2022
batch 50, train loss = 0.49, mean loss = 0.42
Mon Jan 31 10:46:52 2022
batch 60, train loss = 0.21, mean loss = 0.42
Mon Jan 31 10:48:02 2022
train Loss: 0.42

batch 0, val loss = 0.12, mean loss = 0.12
Mon Jan 31 10:49:07 2022
batch 10, val loss = 0.13, mean loss = 0.13
Mon Jan 31 10:50:17 2022
val Loss: 0.13

epoch 76 was done for 603.451355 seconds
Epoch 77/299
----------
Mon Jan 31 10:51:05 2022
batch 0, train loss = 0.17, mean loss = 0.17
Mon Jan 31 10:51:11 2022
batch 10, train loss = 0.49, mean loss = 0.42
Mon Jan 31 10:52:20 2022
batch 20, train loss = 0.18, mean loss = 0.41
Mon Jan 31 10:53:30 2022
batch 30, train loss = 0.47, mean loss = 0.42
Mon Jan 31 10:54:39 2022
batch 40, train loss = 0.16, mean loss = 0.41
Mon Jan 31 10:55:48 2022
batch 50, train loss = 0.46, mean loss = 0.42
Mon Jan 31 10:56:58 2022
batch 60, train loss = 0.18, mean loss = 0.41
Mon Jan 31 10:58:08 2022
train Loss: 0.41

batch 0, val loss = 0.12, mean loss = 0.12
Mon Jan 31 10:59:13 2022
batch 10, val loss = 0.13, mean loss = 0.12
Mon Jan 31 11:00:22 2022
val Loss: 0.13

epoch 77 was done for 606.524044 seconds
Epoch 78/299
----------
Mon Jan 31 11:01:11 2022
batch 0, train loss = 0.19, mean loss = 0.19
Mon Jan 31 11:01:18 2022
batch 10, train loss = 0.49, mean loss = 0.41
Mon Jan 31 11:02:29 2022
batch 20, train loss = 0.16, mean loss = 0.40
Mon Jan 31 11:03:38 2022
batch 30, train loss = 0.49, mean loss = 0.41
Mon Jan 31 11:04:47 2022
batch 40, train loss = 0.15, mean loss = 0.41
Mon Jan 31 11:05:57 2022
batch 50, train loss = 0.49, mean loss = 0.41
Mon Jan 31 11:07:06 2022
batch 60, train loss = 0.15, mean loss = 0.41
Mon Jan 31 11:08:15 2022
train Loss: 0.41

batch 0, val loss = 0.13, mean loss = 0.13
Mon Jan 31 11:09:21 2022
batch 10, val loss = 0.13, mean loss = 0.13
Mon Jan 31 11:10:30 2022
val Loss: 0.13

epoch 78 was done for 605.412255 seconds
Epoch 79/299
----------
Mon Jan 31 11:11:17 2022
batch 0, train loss = 0.18, mean loss = 0.18
Mon Jan 31 11:11:23 2022
batch 10, train loss = 0.48, mean loss = 0.40
Mon Jan 31 11:12:31 2022
batch 20, train loss = 0.18, mean loss = 0.40
Mon Jan 31 11:13:39 2022
batch 30, train loss = 0.49, mean loss = 0.41
Mon Jan 31 11:14:50 2022
batch 40, train loss = 0.17, mean loss = 0.41
Mon Jan 31 11:15:58 2022
batch 50, train loss = 0.48, mean loss = 0.41
Mon Jan 31 11:17:07 2022
batch 60, train loss = 0.16, mean loss = 0.41
Mon Jan 31 11:18:17 2022
train Loss: 0.41

batch 0, val loss = 0.13, mean loss = 0.13
Mon Jan 31 11:19:22 2022
batch 10, val loss = 0.13, mean loss = 0.13
Mon Jan 31 11:20:32 2022
val Loss: 0.13

epoch 79 was done for 601.454644 seconds
Epoch 80/299
----------
Mon Jan 31 11:21:18 2022
batch 0, train loss = 0.17, mean loss = 0.17
Mon Jan 31 11:21:25 2022
batch 10, train loss = 0.48, mean loss = 0.41
Mon Jan 31 11:22:33 2022
batch 20, train loss = 0.19, mean loss = 0.40
Mon Jan 31 11:23:42 2022
batch 30, train loss = 0.46, mean loss = 0.41
Mon Jan 31 11:24:50 2022
batch 40, train loss = 0.18, mean loss = 0.41
Mon Jan 31 11:25:59 2022
batch 50, train loss = 0.46, mean loss = 0.41
Mon Jan 31 11:27:07 2022
batch 60, train loss = 0.17, mean loss = 0.41
Mon Jan 31 11:28:17 2022
train Loss: 0.41

batch 0, val loss = 0.13, mean loss = 0.13
Mon Jan 31 11:29:21 2022
batch 10, val loss = 0.12, mean loss = 0.13
Mon Jan 31 11:30:30 2022
val Loss: 0.13

epoch 80 was done for 597.757182 seconds
Epoch 81/299
----------
Mon Jan 31 11:31:16 2022
batch 0, train loss = 0.15, mean loss = 0.15
Mon Jan 31 11:31:23 2022
batch 10, train loss = 0.46, mean loss = 0.40
Mon Jan 31 11:32:32 2022
batch 20, train loss = 0.17, mean loss = 0.40
Mon Jan 31 11:33:41 2022
batch 30, train loss = 0.45, mean loss = 0.41
Mon Jan 31 11:34:50 2022
batch 40, train loss = 0.16, mean loss = 0.40
Mon Jan 31 11:35:59 2022
batch 50, train loss = 0.46, mean loss = 0.41
Mon Jan 31 11:37:07 2022
batch 60, train loss = 0.15, mean loss = 0.40
Mon Jan 31 11:38:16 2022
train Loss: 0.41

batch 0, val loss = 0.13, mean loss = 0.13
Mon Jan 31 11:39:20 2022
batch 10, val loss = 0.13, mean loss = 0.13
Mon Jan 31 11:40:30 2022
val Loss: 0.13

epoch 81 was done for 600.078700 seconds
Epoch 82/299
----------
Mon Jan 31 11:41:16 2022
batch 0, train loss = 0.18, mean loss = 0.18
Mon Jan 31 11:41:23 2022
batch 10, train loss = 0.47, mean loss = 0.40
Mon Jan 31 11:42:35 2022
batch 20, train loss = 0.18, mean loss = 0.39
Mon Jan 31 11:43:43 2022
batch 30, train loss = 0.46, mean loss = 0.40
Mon Jan 31 11:44:52 2022
batch 40, train loss = 0.17, mean loss = 0.40
Mon Jan 31 11:46:00 2022
batch 50, train loss = 0.48, mean loss = 0.41
Mon Jan 31 11:47:10 2022
batch 60, train loss = 0.15, mean loss = 0.40
Mon Jan 31 11:48:20 2022
train Loss: 0.41

batch 0, val loss = 0.13, mean loss = 0.13
Mon Jan 31 11:49:24 2022
batch 10, val loss = 0.13, mean loss = 0.13
Mon Jan 31 11:50:33 2022
val Loss: 0.13

epoch 82 was done for 603.669322 seconds
Epoch 83/299
----------
Mon Jan 31 11:51:20 2022
batch 0, train loss = 0.19, mean loss = 0.19
Mon Jan 31 11:51:27 2022
batch 10, train loss = 0.47, mean loss = 0.40
Mon Jan 31 11:52:36 2022
batch 20, train loss = 0.19, mean loss = 0.40
Mon Jan 31 11:53:46 2022
batch 30, train loss = 0.45, mean loss = 0.41
Mon Jan 31 11:54:57 2022
batch 40, train loss = 0.18, mean loss = 0.41
Mon Jan 31 11:56:07 2022
batch 50, train loss = 0.45, mean loss = 0.41
Mon Jan 31 11:57:17 2022
batch 60, train loss = 0.17, mean loss = 0.41
Mon Jan 31 11:58:27 2022
train Loss: 0.41

batch 0, val loss = 0.13, mean loss = 0.13
Mon Jan 31 11:59:32 2022
batch 10, val loss = 0.12, mean loss = 0.13
Mon Jan 31 12:00:41 2022
val Loss: 0.13

epoch 83 was done for 608.821366 seconds
Epoch 84/299
----------
Mon Jan 31 12:01:28 2022
batch 0, train loss = 0.16, mean loss = 0.16
Mon Jan 31 12:01:35 2022
batch 10, train loss = 0.48, mean loss = 0.41
Mon Jan 31 12:02:45 2022
batch 20, train loss = 0.17, mean loss = 0.40
Mon Jan 31 12:03:54 2022
batch 30, train loss = 0.47, mean loss = 0.41
Mon Jan 31 12:05:14 2022
batch 40, train loss = 0.17, mean loss = 0.41
Mon Jan 31 12:06:25 2022
batch 50, train loss = 0.45, mean loss = 0.41
Mon Jan 31 12:07:34 2022
batch 60, train loss = 0.17, mean loss = 0.41
Mon Jan 31 12:08:43 2022
train Loss: 0.41

batch 0, val loss = 0.14, mean loss = 0.14
Mon Jan 31 12:09:48 2022
batch 10, val loss = 0.12, mean loss = 0.14
Mon Jan 31 12:10:58 2022
val Loss: 0.14

epoch 84 was done for 615.437896 seconds
Epoch 85/299
----------
Mon Jan 31 12:11:44 2022
batch 0, train loss = 0.22, mean loss = 0.22
Mon Jan 31 12:11:51 2022
batch 10, train loss = 0.47, mean loss = 0.41
Mon Jan 31 12:12:59 2022
batch 20, train loss = 0.22, mean loss = 0.40
Mon Jan 31 12:14:08 2022
batch 30, train loss = 0.46, mean loss = 0.41
Mon Jan 31 12:15:16 2022
batch 40, train loss = 0.22, mean loss = 0.41
Mon Jan 31 12:16:26 2022
batch 50, train loss = 0.45, mean loss = 0.41
Mon Jan 31 12:17:35 2022
batch 60, train loss = 0.19, mean loss = 0.41
Mon Jan 31 12:18:45 2022
train Loss: 0.41

batch 0, val loss = 0.13, mean loss = 0.13
Mon Jan 31 12:19:49 2022
batch 10, val loss = 0.12, mean loss = 0.13
Mon Jan 31 12:20:59 2022
val Loss: 0.13

epoch 85 was done for 601.153297 seconds
Epoch 86/299
----------
Mon Jan 31 12:21:45 2022
batch 0, train loss = 0.17, mean loss = 0.17
Mon Jan 31 12:21:52 2022
batch 10, train loss = 0.46, mean loss = 0.41
Mon Jan 31 12:23:01 2022
batch 20, train loss = 0.22, mean loss = 0.40
Mon Jan 31 12:24:10 2022
batch 30, train loss = 0.46, mean loss = 0.41
Mon Jan 31 12:25:20 2022
batch 40, train loss = 0.18, mean loss = 0.40
Mon Jan 31 12:26:28 2022
batch 50, train loss = 0.45, mean loss = 0.41
Mon Jan 31 12:27:37 2022
batch 60, train loss = 0.16, mean loss = 0.40
Mon Jan 31 12:28:46 2022
train Loss: 0.40

batch 0, val loss = 0.14, mean loss = 0.14
Mon Jan 31 12:29:50 2022
batch 10, val loss = 0.13, mean loss = 0.13
Mon Jan 31 12:30:59 2022
val Loss: 0.13

epoch 86 was done for 603.405341 seconds
Epoch 87/299
----------
Mon Jan 31 12:31:48 2022
batch 0, train loss = 0.13, mean loss = 0.13
Mon Jan 31 12:31:55 2022
batch 10, train loss = 0.47, mean loss = 0.40
Mon Jan 31 12:33:03 2022
batch 20, train loss = 0.15, mean loss = 0.39
Mon Jan 31 12:34:12 2022
batch 30, train loss = 0.46, mean loss = 0.40
Mon Jan 31 12:35:20 2022
batch 40, train loss = 0.15, mean loss = 0.39
Mon Jan 31 12:36:29 2022
batch 50, train loss = 0.46, mean loss = 0.40
Mon Jan 31 12:37:37 2022
batch 60, train loss = 0.14, mean loss = 0.39
Mon Jan 31 12:38:47 2022
train Loss: 0.39

batch 0, val loss = 0.13, mean loss = 0.13
Mon Jan 31 12:39:57 2022
batch 10, val loss = 0.12, mean loss = 0.13
Mon Jan 31 12:41:06 2022
val Loss: 0.13

epoch 87 was done for 603.745868 seconds
Epoch 88/299
----------
Mon Jan 31 12:41:52 2022
batch 0, train loss = 0.11, mean loss = 0.11
Mon Jan 31 12:41:59 2022
batch 10, train loss = 0.46, mean loss = 0.39
Mon Jan 31 12:43:07 2022
batch 20, train loss = 0.14, mean loss = 0.39
Mon Jan 31 12:44:15 2022
batch 30, train loss = 0.45, mean loss = 0.40
Mon Jan 31 12:45:25 2022
batch 40, train loss = 0.12, mean loss = 0.39
Mon Jan 31 12:46:33 2022
batch 50, train loss = 0.48, mean loss = 0.40
Mon Jan 31 12:47:42 2022
batch 60, train loss = 0.13, mean loss = 0.39
Mon Jan 31 12:48:51 2022
train Loss: 0.40

batch 0, val loss = 0.12, mean loss = 0.12
Mon Jan 31 12:49:57 2022
batch 10, val loss = 0.12, mean loss = 0.12
Mon Jan 31 12:51:05 2022
val Loss: 0.12

epoch 88 was done for 599.251278 seconds
Epoch 89/299
----------
Mon Jan 31 12:51:51 2022
batch 0, train loss = 0.14, mean loss = 0.14
Mon Jan 31 12:51:58 2022
batch 10, train loss = 0.45, mean loss = 0.39
Mon Jan 31 12:53:09 2022
batch 20, train loss = 0.16, mean loss = 0.40
Mon Jan 31 12:54:19 2022
batch 30, train loss = 0.47, mean loss = 0.41
Mon Jan 31 12:55:27 2022
batch 40, train loss = 0.16, mean loss = 0.40
Mon Jan 31 12:56:36 2022
batch 50, train loss = 0.50, mean loss = 0.41
Mon Jan 31 12:57:45 2022
batch 60, train loss = 0.16, mean loss = 0.41
Mon Jan 31 12:58:53 2022
train Loss: 0.41

batch 0, val loss = 0.12, mean loss = 0.12
Mon Jan 31 12:59:57 2022
batch 10, val loss = 0.12, mean loss = 0.12
Mon Jan 31 13:01:07 2022
val Loss: 0.12

epoch 89 was done for 602.854380 seconds
Epoch 90/299
----------
Mon Jan 31 13:01:54 2022
batch 0, train loss = 0.23, mean loss = 0.23
Mon Jan 31 13:02:01 2022
batch 10, train loss = 0.47, mean loss = 0.41
Mon Jan 31 13:03:11 2022
batch 20, train loss = 0.24, mean loss = 0.41
Mon Jan 31 13:04:20 2022
batch 30, train loss = 0.47, mean loss = 0.42
Mon Jan 31 13:05:30 2022
