The activation script must be sourced, otherwise the virtual environment will not work.
Setting vars
iscuda= True
iscuda= True
iscuda= True
opt.wandb =  
opt.wandb =  
opt.wandb =  
93
93
93
file to frame csv ../../csv/598frame.csv
file to frame csv ../../csv/598frame.csv
file to frame csv ../../csv/598frame.csv
iscuda= True
PyTorch Version:  1.8.1
Torchvision Version:  0.9.0a0
opt:
 Namespace(ampl=441, aug_gt='orient', batch_output=2, bs=15, cencrop=700, center=False, chidden_dim=[96, 128, 256, 256, 256], classicnorm=False, cmscrop=0, conTrain='', criterion='L1', csvname='598csv9', datapath='/p/project/delia-mp/cherepashkin1/phenoseed/', dfname='598frame', downsample=1, epoch=300, expdescr='', expnum='e068', feature_extract=False, framelim=6000, gradient_predivide_factor=1.0, gttype='single_file', haf=True, hidden_dim=[9], inputt='img', kernel_sizes=[7, 3, 3, 3, 3, 3], lb='orient', loadh5=False, localexp='', lr=5e-05, machine='jureca', maintain=False, maintain_line=False, man_dist=False, measure_time=False, merging='color', minmax=False, minmax3dimage=False, minmax_f=True, minmax_fn='', model_name='', netname=['cnet'], ngpu=4, noise_input=False, noise_output=False, normalize=False, num_input_images=3, num_sam_points=500, num_workers=0, outputt='orient', parallel='horovod', pin_memory=False, print_minibatch=10, pscale=100, rand_angle=False, rescale=500, rot_dirs=False, rotate_output=False, save_output=True, single_folder=False, specie='598', standardize=255, steplr=[1000.0, 1.0], transappendix='_image', ufmodel=100000, updateFraction=0.25, use_adasum=False, use_cuda=True, use_existing_csv=True, use_pretrained=False, use_sep_csv=True, view_sep=False, wandb='', weight_decay=0, zero_angle=True)
sys.argv:
 ['../../main.py', '-datapath', '/p/project/delia-mp/cherepashkin1/phenoseed/', '-epoch', '300', '-bs', '15', '-num_input_images', '3', '-framelim', '6000', '-criterion', 'L1', '-localexp', '', '-lr', '5e-5', '-expnum', 'e068', '-hidden_dim', '9', '-inputt', 'img', '-outputt', 'orient', '-lb', 'orient', '-no_loadh5', '-minmax_fn', '', '-parallel', 'horovod', '-machine', 'jureca', '-merging', 'color', '-aug_gt', 'orient', '-updateFraction', '0.25', '-steplr', '1000', '1', '-print_minibatch', '10', '-dfname', '598frame']
seed =  0
path were main.py is located= ../../
opt.wandb =  
93
file to frame csv ../../csv/598frame.csv
lframe's length after laoding =  5283
lframe's length after laoding =  5283
lframe's length after laoding =  5283
lframe's length after laoding =  5283
lframe len after excluding all exceptions= 5200
lframe len after excluding all exceptions= 5200
lframe len after excluding all exceptions= 5200
lframe len after excluding all exceptions= 5200
len train =  4160
len train =  4160
len train =  4160
len train =  4160
train consists of 277 full batches with 15 tensors with 3 views
the last batch has size of 5 tensors with 3 views
val consists of 69 full batches with 15 tensors with 3 views
the last batch has size of 5 tensors with 3 views
Epoch 0/299
----------
Mon Jan 31 00:14:52 2022
batch 0, train loss = 0.53, mean loss = 0.53
Mon Jan 31 00:15:01 2022
batch 10, train loss = 3.69, mean loss = 5.59
Mon Jan 31 00:15:57 2022
batch 20, train loss = 2.85, mean loss = 4.53
Mon Jan 31 00:16:53 2022
batch 30, train loss = 2.41, mean loss = 3.77
Mon Jan 31 00:17:47 2022
batch 40, train loss = 2.11, mean loss = 3.32
Mon Jan 31 00:18:42 2022
batch 50, train loss = 1.28, mean loss = 3.01
Mon Jan 31 00:19:36 2022
batch 60, train loss = 1.45, mean loss = 2.76
Mon Jan 31 00:20:31 2022
train Loss: 2.58

batch 0, val loss = 0.15, mean loss = 0.15
Mon Jan 31 00:21:22 2022
batch 10, val loss = 0.13, mean loss = 0.13
Mon Jan 31 00:22:14 2022
val Loss: 0.13

epoch 0 was done for 478.482540 seconds
Epoch 1/299
----------
Mon Jan 31 00:22:51 2022
batch 0, train loss = 1.42, mean loss = 1.42
Mon Jan 31 00:22:56 2022
batch 10, train loss = 1.35, mean loss = 1.23
Mon Jan 31 00:23:50 2022
batch 20, train loss = 0.84, mean loss = 1.16
Mon Jan 31 00:24:44 2022
batch 30, train loss = 1.02, mean loss = 1.17
Mon Jan 31 00:25:38 2022
batch 40, train loss = 0.97, mean loss = 1.12
Mon Jan 31 00:26:32 2022
batch 50, train loss = 0.89, mean loss = 1.10
Mon Jan 31 00:27:25 2022
batch 60, train loss = 0.69, mean loss = 1.06
Mon Jan 31 00:28:19 2022
train Loss: 1.05

batch 0, val loss = 0.13, mean loss = 0.13
Mon Jan 31 00:29:09 2022
batch 10, val loss = 0.13, mean loss = 0.13
Mon Jan 31 00:30:01 2022
val Loss: 0.13

epoch 1 was done for 466.324283 seconds
Epoch 2/299
----------
Mon Jan 31 00:30:37 2022
batch 0, train loss = 0.72, mean loss = 0.72
Mon Jan 31 00:30:42 2022
batch 10, train loss = 0.87, mean loss = 0.91
Mon Jan 31 00:31:36 2022
batch 20, train loss = 0.88, mean loss = 0.88
Mon Jan 31 00:32:30 2022
batch 30, train loss = 1.06, mean loss = 0.90
Mon Jan 31 00:33:23 2022
batch 40, train loss = 0.94, mean loss = 0.90
Mon Jan 31 00:34:17 2022
batch 50, train loss = 0.90, mean loss = 0.90
Mon Jan 31 00:35:10 2022
batch 60, train loss = 0.86, mean loss = 0.90
Mon Jan 31 00:36:04 2022
train Loss: 0.91

batch 0, val loss = 0.14, mean loss = 0.14
Mon Jan 31 00:36:54 2022
batch 10, val loss = 0.12, mean loss = 0.12
Mon Jan 31 00:37:48 2022
val Loss: 0.12

epoch 2 was done for 467.549275 seconds
Epoch 3/299
----------
Mon Jan 31 00:38:24 2022
batch 0, train loss = 0.78, mean loss = 0.78
Mon Jan 31 00:38:30 2022
batch 10, train loss = 0.90, mean loss = 0.88
Mon Jan 31 00:39:23 2022
batch 20, train loss = 0.78, mean loss = 0.87
Mon Jan 31 00:40:17 2022
batch 30, train loss = 1.12, mean loss = 0.91
Mon Jan 31 00:41:11 2022
batch 40, train loss = 0.98, mean loss = 0.92
Mon Jan 31 00:42:05 2022
batch 50, train loss = 0.83, mean loss = 0.93
Mon Jan 31 00:42:58 2022
batch 60, train loss = 0.99, mean loss = 0.93
Mon Jan 31 00:43:52 2022
train Loss: 0.93

batch 0, val loss = 0.11, mean loss = 0.11
Mon Jan 31 00:44:42 2022
batch 10, val loss = 0.13, mean loss = 0.12
Mon Jan 31 00:45:35 2022
val Loss: 0.12

epoch 3 was done for 467.571371 seconds
Epoch 4/299
----------
Mon Jan 31 00:46:12 2022
batch 0, train loss = 0.86, mean loss = 0.86
Mon Jan 31 00:46:17 2022
batch 10, train loss = 1.04, mean loss = 0.87
Mon Jan 31 00:47:11 2022
batch 20, train loss = 0.81, mean loss = 0.88
Mon Jan 31 00:48:04 2022
batch 30, train loss = 0.87, mean loss = 0.94
Mon Jan 31 00:48:58 2022
batch 40, train loss = 1.05, mean loss = 0.96
Mon Jan 31 00:49:51 2022
batch 50, train loss = 1.17, mean loss = 0.96
Mon Jan 31 00:50:45 2022
batch 60, train loss = 0.84, mean loss = 0.96
Mon Jan 31 00:51:40 2022
train Loss: 0.96

batch 0, val loss = 0.16, mean loss = 0.16
Mon Jan 31 00:52:30 2022
batch 10, val loss = 0.13, mean loss = 0.15
Mon Jan 31 00:53:24 2022
val Loss: 0.15

epoch 4 was done for 468.561326 seconds
Epoch 5/299
----------
Mon Jan 31 00:54:01 2022
batch 0, train loss = 1.01, mean loss = 1.01
Mon Jan 31 00:54:06 2022
batch 10, train loss = 0.96, mean loss = 0.85
Mon Jan 31 00:55:00 2022
batch 20, train loss = 0.72, mean loss = 0.82
Mon Jan 31 00:55:54 2022
batch 30, train loss = 0.71, mean loss = 0.83
Mon Jan 31 00:56:48 2022
batch 40, train loss = 1.10, mean loss = 0.86
Mon Jan 31 00:57:42 2022
batch 50, train loss = 0.95, mean loss = 0.88
Mon Jan 31 00:58:35 2022
batch 60, train loss = 0.83, mean loss = 0.88
Mon Jan 31 00:59:29 2022
train Loss: 0.89

batch 0, val loss = 0.13, mean loss = 0.13
Mon Jan 31 01:00:20 2022
batch 10, val loss = 0.12, mean loss = 0.14
Mon Jan 31 01:01:13 2022
val Loss: 0.14

epoch 5 was done for 469.644707 seconds
Epoch 6/299
----------
Mon Jan 31 01:01:50 2022
batch 0, train loss = 0.87, mean loss = 0.87
Mon Jan 31 01:01:56 2022
batch 10, train loss = 0.89, mean loss = 0.94
Mon Jan 31 01:02:49 2022
batch 20, train loss = 0.92, mean loss = 0.93
Mon Jan 31 01:03:43 2022
batch 30, train loss = 0.78, mean loss = 0.90
Mon Jan 31 01:04:36 2022
batch 40, train loss = 1.03, mean loss = 0.91
Mon Jan 31 01:05:30 2022
batch 50, train loss = 0.93, mean loss = 0.91
Mon Jan 31 01:06:23 2022
batch 60, train loss = 0.84, mean loss = 0.90
Mon Jan 31 01:07:17 2022
train Loss: 0.90

batch 0, val loss = 0.13, mean loss = 0.13
Mon Jan 31 01:08:07 2022
batch 10, val loss = 0.12, mean loss = 0.14
Mon Jan 31 01:09:00 2022
val Loss: 0.15

epoch 6 was done for 466.125428 seconds
Epoch 7/299
----------
Mon Jan 31 01:09:36 2022
batch 0, train loss = 0.75, mean loss = 0.75
Mon Jan 31 01:09:42 2022
batch 10, train loss = 0.95, mean loss = 0.90
Mon Jan 31 01:10:35 2022
batch 20, train loss = 0.69, mean loss = 0.87
Mon Jan 31 01:11:29 2022
batch 30, train loss = 0.63, mean loss = 0.86
Mon Jan 31 01:12:23 2022
batch 40, train loss = 0.74, mean loss = 0.83
Mon Jan 31 01:13:16 2022
batch 50, train loss = 0.72, mean loss = 0.81
Mon Jan 31 01:14:10 2022
batch 60, train loss = 0.73, mean loss = 0.79
Mon Jan 31 01:15:04 2022
train Loss: 0.78

batch 0, val loss = 0.13, mean loss = 0.13
Mon Jan 31 01:15:54 2022
batch 10, val loss = 0.14, mean loss = 0.12
Mon Jan 31 01:16:47 2022
val Loss: 0.12

epoch 7 was done for 467.372155 seconds
Epoch 8/299
----------
Mon Jan 31 01:17:24 2022
batch 0, train loss = 0.70, mean loss = 0.70
Mon Jan 31 01:17:29 2022
batch 10, train loss = 0.78, mean loss = 0.65
Mon Jan 31 01:18:22 2022
batch 20, train loss = 0.46, mean loss = 0.65
Mon Jan 31 01:19:16 2022
batch 30, train loss = 0.75, mean loss = 0.66
Mon Jan 31 01:20:10 2022
batch 40, train loss = 0.63, mean loss = 0.65
Mon Jan 31 01:21:03 2022
batch 50, train loss = 0.61, mean loss = 0.65
Mon Jan 31 01:21:57 2022
batch 60, train loss = 0.65, mean loss = 0.65
Mon Jan 31 01:22:51 2022
train Loss: 0.64

batch 0, val loss = 0.11, mean loss = 0.11
Mon Jan 31 01:23:41 2022
batch 10, val loss = 0.11, mean loss = 0.13
Mon Jan 31 01:24:35 2022
val Loss: 0.14

epoch 8 was done for 467.728606 seconds
Epoch 9/299
----------
Mon Jan 31 01:25:11 2022
batch 0, train loss = 0.56, mean loss = 0.56
Mon Jan 31 01:25:17 2022
batch 10, train loss = 0.64, mean loss = 0.63
Mon Jan 31 01:26:10 2022
batch 20, train loss = 0.53, mean loss = 0.62
Mon Jan 31 01:27:04 2022
batch 30, train loss = 0.69, mean loss = 0.62
Mon Jan 31 01:27:58 2022
batch 40, train loss = 0.54, mean loss = 0.62
Mon Jan 31 01:28:52 2022
batch 50, train loss = 0.58, mean loss = 0.62
Mon Jan 31 01:29:45 2022
batch 60, train loss = 0.54, mean loss = 0.61
Mon Jan 31 01:30:39 2022
train Loss: 0.61

batch 0, val loss = 0.12, mean loss = 0.12
Mon Jan 31 01:31:29 2022
batch 10, val loss = 0.14, mean loss = 0.13
Mon Jan 31 01:32:22 2022
val Loss: 0.13

epoch 9 was done for 467.045157 seconds
Epoch 10/299
----------
Mon Jan 31 01:32:59 2022
batch 0, train loss = 0.52, mean loss = 0.52
Mon Jan 31 01:33:04 2022
batch 10, train loss = 0.65, mean loss = 0.65
Mon Jan 31 01:33:57 2022
batch 20, train loss = 0.52, mean loss = 0.66
Mon Jan 31 01:34:51 2022
batch 30, train loss = 0.63, mean loss = 0.66
Mon Jan 31 01:35:45 2022
batch 40, train loss = 0.58, mean loss = 0.65
Mon Jan 31 01:36:39 2022
batch 50, train loss = 0.58, mean loss = 0.64
Mon Jan 31 01:37:32 2022
batch 60, train loss = 0.48, mean loss = 0.63
Mon Jan 31 01:38:26 2022
train Loss: 0.63

batch 0, val loss = 0.13, mean loss = 0.13
Mon Jan 31 01:39:17 2022
batch 10, val loss = 0.15, mean loss = 0.14
Mon Jan 31 01:40:10 2022
val Loss: 0.13

epoch 10 was done for 467.802553 seconds
Epoch 11/299
----------
Mon Jan 31 01:40:46 2022
batch 0, train loss = 0.56, mean loss = 0.56
Mon Jan 31 01:40:52 2022
batch 10, train loss = 0.79, mean loss = 0.68
Mon Jan 31 01:41:45 2022
batch 20, train loss = 0.56, mean loss = 0.67
Mon Jan 31 01:42:40 2022
batch 30, train loss = 0.74, mean loss = 0.70
Mon Jan 31 01:43:33 2022
batch 40, train loss = 0.65, mean loss = 0.70
Mon Jan 31 01:44:27 2022
batch 50, train loss = 0.59, mean loss = 0.72
Mon Jan 31 01:45:21 2022
batch 60, train loss = 0.73, mean loss = 0.71
Mon Jan 31 01:46:15 2022
train Loss: 0.70

batch 0, val loss = 0.13, mean loss = 0.13
Mon Jan 31 01:47:05 2022
batch 10, val loss = 0.12, mean loss = 0.12
Mon Jan 31 01:47:59 2022
val Loss: 0.12

epoch 11 was done for 468.793866 seconds
Epoch 12/299
----------
Mon Jan 31 01:48:35 2022
batch 0, train loss = 0.72, mean loss = 0.72
Mon Jan 31 01:48:41 2022
batch 10, train loss = 0.71, mean loss = 0.67
Mon Jan 31 01:49:34 2022
batch 20, train loss = 0.59, mean loss = 0.69
Mon Jan 31 01:50:28 2022
batch 30, train loss = 0.59, mean loss = 0.66
Mon Jan 31 01:51:22 2022
batch 40, train loss = 0.44, mean loss = 0.64
Mon Jan 31 01:52:16 2022
batch 50, train loss = 0.47, mean loss = 0.63
Mon Jan 31 01:53:09 2022
batch 60, train loss = 0.54, mean loss = 0.62
Mon Jan 31 01:54:03 2022
train Loss: 0.62

batch 0, val loss = 0.12, mean loss = 0.12
Mon Jan 31 01:54:53 2022
batch 10, val loss = 0.12, mean loss = 0.13
Mon Jan 31 01:55:46 2022
val Loss: 0.13

epoch 12 was done for 467.632090 seconds
Epoch 13/299
----------
Mon Jan 31 01:56:23 2022
batch 0, train loss = 0.73, mean loss = 0.73
Mon Jan 31 01:56:28 2022
batch 10, train loss = 0.76, mean loss = 0.65
Mon Jan 31 01:57:22 2022
batch 20, train loss = 0.47, mean loss = 0.65
Mon Jan 31 01:58:16 2022
batch 30, train loss = 0.64, mean loss = 0.64
Mon Jan 31 01:59:10 2022
batch 40, train loss = 0.61, mean loss = 0.63
Mon Jan 31 02:00:04 2022
batch 50, train loss = 0.57, mean loss = 0.63
Mon Jan 31 02:00:57 2022
batch 60, train loss = 0.55, mean loss = 0.63
Mon Jan 31 02:01:51 2022
train Loss: 0.63

batch 0, val loss = 0.14, mean loss = 0.14
Mon Jan 31 02:02:42 2022
batch 10, val loss = 0.14, mean loss = 0.14
Mon Jan 31 02:03:35 2022
val Loss: 0.14

epoch 13 was done for 468.877280 seconds
Epoch 14/299
----------
Mon Jan 31 02:04:12 2022
batch 0, train loss = 0.64, mean loss = 0.64
Mon Jan 31 02:04:17 2022
batch 10, train loss = 0.62, mean loss = 0.65
Mon Jan 31 02:05:10 2022
batch 20, train loss = 0.52, mean loss = 0.65
Mon Jan 31 02:06:05 2022
batch 30, train loss = 0.64, mean loss = 0.63
Mon Jan 31 02:06:59 2022
batch 40, train loss = 0.56, mean loss = 0.63
Mon Jan 31 02:07:53 2022
batch 50, train loss = 0.56, mean loss = 0.62
Mon Jan 31 02:08:47 2022
batch 60, train loss = 0.66, mean loss = 0.62
Mon Jan 31 02:09:41 2022
train Loss: 0.62

batch 0, val loss = 0.13, mean loss = 0.13
Mon Jan 31 02:10:31 2022
batch 10, val loss = 0.12, mean loss = 0.13
Mon Jan 31 02:11:25 2022
val Loss: 0.13

epoch 14 was done for 470.567531 seconds
Epoch 15/299
----------
Mon Jan 31 02:12:02 2022
batch 0, train loss = 0.76, mean loss = 0.76
Mon Jan 31 02:12:08 2022
batch 10, train loss = 0.77, mean loss = 0.67
Mon Jan 31 02:13:01 2022
batch 20, train loss = 0.49, mean loss = 0.69
Mon Jan 31 02:13:55 2022
batch 30, train loss = 0.72, mean loss = 0.69
Mon Jan 31 02:14:49 2022
batch 40, train loss = 0.56, mean loss = 0.68
Mon Jan 31 02:15:43 2022
batch 50, train loss = 0.77, mean loss = 0.66
Mon Jan 31 02:16:36 2022
batch 60, train loss = 0.46, mean loss = 0.65
Mon Jan 31 02:17:31 2022
train Loss: 0.65

batch 0, val loss = 0.11, mean loss = 0.11
Mon Jan 31 02:18:23 2022
batch 10, val loss = 0.12, mean loss = 0.12
Mon Jan 31 02:19:17 2022
val Loss: 0.12

epoch 15 was done for 471.683163 seconds
Epoch 16/299
----------
Mon Jan 31 02:19:54 2022
batch 0, train loss = 0.51, mean loss = 0.51
Mon Jan 31 02:19:59 2022
batch 10, train loss = 0.66, mean loss = 0.60
Mon Jan 31 02:20:53 2022
batch 20, train loss = 0.48, mean loss = 0.61
Mon Jan 31 02:21:49 2022
batch 30, train loss = 0.45, mean loss = 0.62
Mon Jan 31 02:22:43 2022
batch 40, train loss = 0.53, mean loss = 0.62
Mon Jan 31 02:23:37 2022
batch 50, train loss = 0.70, mean loss = 0.61
Mon Jan 31 02:24:31 2022
batch 60, train loss = 0.39, mean loss = 0.60
Mon Jan 31 02:25:25 2022
train Loss: 0.60

batch 0, val loss = 0.11, mean loss = 0.11
Mon Jan 31 02:26:15 2022
batch 10, val loss = 0.12, mean loss = 0.13
Mon Jan 31 02:27:08 2022
val Loss: 0.12

epoch 16 was done for 470.892026 seconds
Epoch 17/299
----------
Mon Jan 31 02:27:45 2022
batch 0, train loss = 0.39, mean loss = 0.39
Mon Jan 31 02:27:50 2022
batch 10, train loss = 0.58, mean loss = 0.63
Mon Jan 31 02:28:44 2022
batch 20, train loss = 0.60, mean loss = 0.62
Mon Jan 31 02:29:38 2022
batch 30, train loss = 0.66, mean loss = 0.60
Mon Jan 31 02:30:31 2022
batch 40, train loss = 0.43, mean loss = 0.59
Mon Jan 31 02:31:25 2022
batch 50, train loss = 0.56, mean loss = 0.61
Mon Jan 31 02:32:19 2022
batch 60, train loss = 0.67, mean loss = 0.61
Mon Jan 31 02:33:13 2022
train Loss: 0.60

batch 0, val loss = 0.12, mean loss = 0.12
Mon Jan 31 02:34:03 2022
batch 10, val loss = 0.13, mean loss = 0.13
Mon Jan 31 02:34:57 2022
val Loss: 0.13

epoch 17 was done for 468.417265 seconds
Epoch 18/299
----------
Mon Jan 31 02:35:33 2022
batch 0, train loss = 0.58, mean loss = 0.58
Mon Jan 31 02:35:39 2022
batch 10, train loss = 0.74, mean loss = 0.67
Mon Jan 31 02:36:32 2022
batch 20, train loss = 0.61, mean loss = 0.66
Mon Jan 31 02:37:26 2022
batch 30, train loss = 0.62, mean loss = 0.68
Mon Jan 31 02:38:20 2022
batch 40, train loss = 0.61, mean loss = 0.66
Mon Jan 31 02:39:14 2022
batch 50, train loss = 0.62, mean loss = 0.65
Mon Jan 31 02:40:07 2022
batch 60, train loss = 0.50, mean loss = 0.64
Mon Jan 31 02:41:01 2022
train Loss: 0.63

batch 0, val loss = 0.11, mean loss = 0.11
Mon Jan 31 02:41:51 2022
batch 10, val loss = 0.12, mean loss = 0.12
Mon Jan 31 02:42:44 2022
val Loss: 0.12

epoch 18 was done for 466.992711 seconds
Epoch 19/299
----------
Mon Jan 31 02:43:20 2022
batch 0, train loss = 0.39, mean loss = 0.39
Mon Jan 31 02:43:26 2022
batch 10, train loss = 0.49, mean loss = 0.55
Mon Jan 31 02:44:19 2022
batch 20, train loss = 0.41, mean loss = 0.54
Mon Jan 31 02:45:13 2022
batch 30, train loss = 0.65, mean loss = 0.55
Mon Jan 31 02:46:06 2022
batch 40, train loss = 0.56, mean loss = 0.55
Mon Jan 31 02:47:00 2022
batch 50, train loss = 0.56, mean loss = 0.57
Mon Jan 31 02:47:54 2022
batch 60, train loss = 0.52, mean loss = 0.57
Mon Jan 31 02:48:48 2022
train Loss: 0.57

batch 0, val loss = 0.14, mean loss = 0.14
Mon Jan 31 02:49:38 2022
batch 10, val loss = 0.12, mean loss = 0.13
Mon Jan 31 02:50:31 2022
val Loss: 0.12

epoch 19 was done for 467.054109 seconds
Epoch 20/299
----------
Mon Jan 31 02:51:07 2022
batch 0, train loss = 0.53, mean loss = 0.53
Mon Jan 31 02:51:13 2022
batch 10, train loss = 0.53, mean loss = 0.57
Mon Jan 31 02:52:06 2022
batch 20, train loss = 0.37, mean loss = 0.55
Mon Jan 31 02:53:00 2022
batch 30, train loss = 0.60, mean loss = 0.55
Mon Jan 31 02:53:54 2022
batch 40, train loss = 0.43, mean loss = 0.55
Mon Jan 31 02:54:48 2022
batch 50, train loss = 0.60, mean loss = 0.56
Mon Jan 31 02:55:42 2022
batch 60, train loss = 0.44, mean loss = 0.56
Mon Jan 31 02:56:36 2022
train Loss: 0.56

batch 0, val loss = 0.14, mean loss = 0.14
Mon Jan 31 02:57:26 2022
batch 10, val loss = 0.13, mean loss = 0.12
Mon Jan 31 02:58:19 2022
val Loss: 0.12

epoch 20 was done for 468.484615 seconds
Epoch 21/299
----------
Mon Jan 31 02:58:56 2022
batch 0, train loss = 0.54, mean loss = 0.54
Mon Jan 31 02:59:01 2022
batch 10, train loss = 0.66, mean loss = 0.61
Mon Jan 31 02:59:54 2022
batch 20, train loss = 0.49, mean loss = 0.59
Mon Jan 31 03:00:48 2022
batch 30, train loss = 0.64, mean loss = 0.60
Mon Jan 31 03:01:42 2022
batch 40, train loss = 0.50, mean loss = 0.60
Mon Jan 31 03:02:36 2022
batch 50, train loss = 0.60, mean loss = 0.60
Mon Jan 31 03:03:29 2022
batch 60, train loss = 0.48, mean loss = 0.59
Mon Jan 31 03:04:23 2022
train Loss: 0.60

batch 0, val loss = 0.14, mean loss = 0.14
Mon Jan 31 03:05:13 2022
batch 10, val loss = 0.14, mean loss = 0.13
Mon Jan 31 03:06:05 2022
val Loss: 0.13

epoch 21 was done for 465.959779 seconds
Epoch 22/299
----------
Mon Jan 31 03:06:42 2022
batch 0, train loss = 0.55, mean loss = 0.55
Mon Jan 31 03:06:47 2022
batch 10, train loss = 0.73, mean loss = 0.62
Mon Jan 31 03:07:40 2022
batch 20, train loss = 0.59, mean loss = 0.64
Mon Jan 31 03:08:34 2022
batch 30, train loss = 0.62, mean loss = 0.64
Mon Jan 31 03:09:28 2022
batch 40, train loss = 0.42, mean loss = 0.61
Mon Jan 31 03:10:22 2022
batch 50, train loss = 0.49, mean loss = 0.59
Mon Jan 31 03:11:15 2022
batch 60, train loss = 0.35, mean loss = 0.57
Mon Jan 31 03:12:09 2022
train Loss: 0.56

batch 0, val loss = 0.13, mean loss = 0.13
Mon Jan 31 03:12:59 2022
batch 10, val loss = 0.13, mean loss = 0.12
Mon Jan 31 03:13:52 2022
val Loss: 0.13

epoch 22 was done for 466.488796 seconds
Epoch 23/299
----------
Mon Jan 31 03:14:28 2022
batch 0, train loss = 0.36, mean loss = 0.36
Mon Jan 31 03:14:34 2022
batch 10, train loss = 0.56, mean loss = 0.51
Mon Jan 31 03:15:27 2022
batch 20, train loss = 0.47, mean loss = 0.51
Mon Jan 31 03:16:21 2022
batch 30, train loss = 0.62, mean loss = 0.52
Mon Jan 31 03:17:14 2022
batch 40, train loss = 0.41, mean loss = 0.54
Mon Jan 31 03:18:08 2022
batch 50, train loss = 0.57, mean loss = 0.53
Mon Jan 31 03:19:02 2022
batch 60, train loss = 0.38, mean loss = 0.53
Mon Jan 31 03:19:55 2022
train Loss: 0.53

batch 0, val loss = 0.11, mean loss = 0.11
Mon Jan 31 03:20:45 2022
batch 10, val loss = 0.12, mean loss = 0.12
Mon Jan 31 03:21:39 2022
val Loss: 0.13

epoch 23 was done for 466.985024 seconds
Epoch 24/299
----------
Mon Jan 31 03:22:15 2022
batch 0, train loss = 0.45, mean loss = 0.45
Mon Jan 31 03:22:21 2022
batch 10, train loss = 0.60, mean loss = 0.54
Mon Jan 31 03:23:14 2022
batch 20, train loss = 0.43, mean loss = 0.53
Mon Jan 31 03:24:08 2022
batch 30, train loss = 0.52, mean loss = 0.52
Mon Jan 31 03:25:01 2022
batch 40, train loss = 0.31, mean loss = 0.50
Mon Jan 31 03:25:55 2022
batch 50, train loss = 0.48, mean loss = 0.50
Mon Jan 31 03:26:49 2022
batch 60, train loss = 0.40, mean loss = 0.50
Mon Jan 31 03:27:42 2022
train Loss: 0.50

batch 0, val loss = 0.12, mean loss = 0.12
Mon Jan 31 03:28:32 2022
batch 10, val loss = 0.13, mean loss = 0.13
Mon Jan 31 03:29:25 2022
val Loss: 0.12

epoch 24 was done for 466.288220 seconds
Epoch 25/299
----------
Mon Jan 31 03:30:01 2022
batch 0, train loss = 0.49, mean loss = 0.49
Mon Jan 31 03:30:07 2022
batch 10, train loss = 0.60, mean loss = 0.55
Mon Jan 31 03:31:00 2022
batch 20, train loss = 0.39, mean loss = 0.55
Mon Jan 31 03:31:54 2022
batch 30, train loss = 0.65, mean loss = 0.55
Mon Jan 31 03:32:48 2022
batch 40, train loss = 0.41, mean loss = 0.55
Mon Jan 31 03:33:42 2022
batch 50, train loss = 0.58, mean loss = 0.55
Mon Jan 31 03:34:35 2022
batch 60, train loss = 0.46, mean loss = 0.56
Mon Jan 31 03:35:29 2022
train Loss: 0.56

batch 0, val loss = 0.13, mean loss = 0.13
Mon Jan 31 03:36:19 2022
batch 10, val loss = 0.12, mean loss = 0.12
Mon Jan 31 03:37:12 2022
val Loss: 0.12

epoch 25 was done for 467.030212 seconds
Epoch 26/299
----------
Mon Jan 31 03:37:48 2022
batch 0, train loss = 0.57, mean loss = 0.57
Mon Jan 31 03:37:54 2022
batch 10, train loss = 0.61, mean loss = 0.57
Mon Jan 31 03:38:47 2022
batch 20, train loss = 0.43, mean loss = 0.58
Mon Jan 31 03:39:41 2022
batch 30, train loss = 0.58, mean loss = 0.57
Mon Jan 31 03:40:35 2022
batch 40, train loss = 0.38, mean loss = 0.55
Mon Jan 31 03:41:29 2022
batch 50, train loss = 0.53, mean loss = 0.55
Mon Jan 31 03:42:22 2022
batch 60, train loss = 0.36, mean loss = 0.55
Mon Jan 31 03:43:16 2022
train Loss: 0.55

batch 0, val loss = 0.12, mean loss = 0.12
Mon Jan 31 03:44:06 2022
batch 10, val loss = 0.10, mean loss = 0.13
Mon Jan 31 03:45:00 2022
val Loss: 0.13

epoch 26 was done for 467.620406 seconds
Epoch 27/299
----------
Mon Jan 31 03:45:36 2022
batch 0, train loss = 0.41, mean loss = 0.41
Mon Jan 31 03:45:41 2022
batch 10, train loss = 0.63, mean loss = 0.54
Mon Jan 31 03:46:35 2022
batch 20, train loss = 0.44, mean loss = 0.55
Mon Jan 31 03:47:29 2022
batch 30, train loss = 0.51, mean loss = 0.54
Mon Jan 31 03:48:22 2022
batch 40, train loss = 0.37, mean loss = 0.53
Mon Jan 31 03:49:16 2022
batch 50, train loss = 0.53, mean loss = 0.52
Mon Jan 31 03:50:10 2022
batch 60, train loss = 0.41, mean loss = 0.52
Mon Jan 31 03:51:03 2022
train Loss: 0.52

batch 0, val loss = 0.14, mean loss = 0.14
Mon Jan 31 03:51:53 2022
batch 10, val loss = 0.12, mean loss = 0.14
Mon Jan 31 03:52:46 2022
val Loss: 0.13

epoch 27 was done for 466.148598 seconds
Epoch 28/299
----------
Mon Jan 31 03:53:22 2022
batch 0, train loss = 0.44, mean loss = 0.44
Mon Jan 31 03:53:28 2022
batch 10, train loss = 0.60, mean loss = 0.54
Mon Jan 31 03:54:21 2022
batch 20, train loss = 0.46, mean loss = 0.56
Mon Jan 31 03:55:15 2022
batch 30, train loss = 0.59, mean loss = 0.56
Mon Jan 31 03:56:09 2022
batch 40, train loss = 0.50, mean loss = 0.56
Mon Jan 31 03:57:02 2022
batch 50, train loss = 0.49, mean loss = 0.55
Mon Jan 31 03:57:56 2022
batch 60, train loss = 0.36, mean loss = 0.54
Mon Jan 31 03:58:50 2022
train Loss: 0.53

batch 0, val loss = 0.14, mean loss = 0.14
Mon Jan 31 03:59:40 2022
batch 10, val loss = 0.14, mean loss = 0.13
Mon Jan 31 04:00:33 2022
val Loss: 0.13

epoch 28 was done for 466.940152 seconds
Epoch 29/299
----------
Mon Jan 31 04:01:09 2022
batch 0, train loss = 0.36, mean loss = 0.36
Mon Jan 31 04:01:15 2022
batch 10, train loss = 0.50, mean loss = 0.50
Mon Jan 31 04:02:08 2022
batch 20, train loss = 0.43, mean loss = 0.51
Mon Jan 31 04:03:02 2022
batch 30, train loss = 0.63, mean loss = 0.50
Mon Jan 31 04:03:55 2022
batch 40, train loss = 0.37, mean loss = 0.50
Mon Jan 31 04:04:49 2022
batch 50, train loss = 0.54, mean loss = 0.50
Mon Jan 31 04:05:43 2022
batch 60, train loss = 0.35, mean loss = 0.50
Mon Jan 31 04:06:37 2022
train Loss: 0.50

batch 0, val loss = 0.14, mean loss = 0.14
Mon Jan 31 04:07:27 2022
batch 10, val loss = 0.12, mean loss = 0.12
Mon Jan 31 04:08:20 2022
val Loss: 0.12

epoch 29 was done for 467.344729 seconds
Epoch 30/299
----------
Mon Jan 31 04:08:57 2022
batch 0, train loss = 0.38, mean loss = 0.38
Mon Jan 31 04:09:02 2022
batch 10, train loss = 0.62, mean loss = 0.53
Mon Jan 31 04:09:55 2022
batch 20, train loss = 0.44, mean loss = 0.53
Mon Jan 31 04:10:49 2022
batch 30, train loss = 0.67, mean loss = 0.55
Mon Jan 31 04:11:43 2022
batch 40, train loss = 0.51, mean loss = 0.55
Mon Jan 31 04:12:37 2022
batch 50, train loss = 0.63, mean loss = 0.55
Mon Jan 31 04:13:30 2022
batch 60, train loss = 0.36, mean loss = 0.55
Mon Jan 31 04:14:24 2022
train Loss: 0.55

batch 0, val loss = 0.14, mean loss = 0.14
Mon Jan 31 04:15:14 2022
batch 10, val loss = 0.12, mean loss = 0.13
Mon Jan 31 04:16:07 2022
val Loss: 0.13

epoch 30 was done for 466.199368 seconds
Epoch 31/299
----------
Mon Jan 31 04:16:43 2022
batch 0, train loss = 0.53, mean loss = 0.53
Mon Jan 31 04:16:48 2022
batch 10, train loss = 0.62, mean loss = 0.56
Mon Jan 31 04:17:41 2022
batch 20, train loss = 0.48, mean loss = 0.55
Mon Jan 31 04:18:35 2022
batch 30, train loss = 0.55, mean loss = 0.54
Mon Jan 31 04:19:29 2022
batch 40, train loss = 0.47, mean loss = 0.53
Mon Jan 31 04:20:22 2022
batch 50, train loss = 0.52, mean loss = 0.54
Mon Jan 31 04:21:16 2022
batch 60, train loss = 0.36, mean loss = 0.53
Mon Jan 31 04:22:09 2022
train Loss: 0.52

batch 0, val loss = 0.14, mean loss = 0.14
Mon Jan 31 04:23:00 2022
batch 10, val loss = 0.13, mean loss = 0.14
Mon Jan 31 04:23:52 2022
val Loss: 0.13

epoch 31 was done for 465.303036 seconds
Epoch 32/299
----------
Mon Jan 31 04:24:28 2022
batch 0, train loss = 0.35, mean loss = 0.35
Mon Jan 31 04:24:33 2022
batch 10, train loss = 0.56, mean loss = 0.48
Mon Jan 31 04:25:27 2022
batch 20, train loss = 0.33, mean loss = 0.48
Mon Jan 31 04:26:21 2022
batch 30, train loss = 0.60, mean loss = 0.48
Mon Jan 31 04:27:14 2022
batch 40, train loss = 0.33, mean loss = 0.48
Mon Jan 31 04:28:08 2022
batch 50, train loss = 0.53, mean loss = 0.49
Mon Jan 31 04:29:02 2022
batch 60, train loss = 0.36, mean loss = 0.49
Mon Jan 31 04:29:55 2022
train Loss: 0.49

batch 0, val loss = 0.12, mean loss = 0.12
Mon Jan 31 04:30:46 2022
batch 10, val loss = 0.12, mean loss = 0.13
Mon Jan 31 04:31:39 2022
val Loss: 0.13

epoch 32 was done for 467.547212 seconds
Epoch 33/299
----------
Mon Jan 31 04:32:16 2022
batch 0, train loss = 0.40, mean loss = 0.40
Mon Jan 31 04:32:21 2022
batch 10, train loss = 0.58, mean loss = 0.54
Mon Jan 31 04:33:15 2022
batch 20, train loss = 0.47, mean loss = 0.55
Mon Jan 31 04:34:09 2022
batch 30, train loss = 0.65, mean loss = 0.56
Mon Jan 31 04:35:02 2022
batch 40, train loss = 0.49, mean loss = 0.57
Mon Jan 31 04:35:56 2022
batch 50, train loss = 0.51, mean loss = 0.56
Mon Jan 31 04:36:50 2022
batch 60, train loss = 0.32, mean loss = 0.55
Mon Jan 31 04:37:44 2022
train Loss: 0.55

batch 0, val loss = 0.14, mean loss = 0.14
Mon Jan 31 04:38:34 2022
batch 10, val loss = 0.12, mean loss = 0.12
Mon Jan 31 04:39:27 2022
val Loss: 0.12

epoch 33 was done for 468.190588 seconds
Epoch 34/299
----------
Mon Jan 31 04:40:04 2022
batch 0, train loss = 0.33, mean loss = 0.33
Mon Jan 31 04:40:09 2022
batch 10, train loss = 0.52, mean loss = 0.49
Mon Jan 31 04:41:03 2022
batch 20, train loss = 0.38, mean loss = 0.49
Mon Jan 31 04:41:57 2022
batch 30, train loss = 0.51, mean loss = 0.50
Mon Jan 31 04:42:51 2022
batch 40, train loss = 0.32, mean loss = 0.49
Mon Jan 31 04:43:46 2022
batch 50, train loss = 0.52, mean loss = 0.49
Mon Jan 31 04:44:40 2022
batch 60, train loss = 0.28, mean loss = 0.49
Mon Jan 31 04:45:34 2022
train Loss: 0.49

batch 0, val loss = 0.14, mean loss = 0.14
Mon Jan 31 04:46:25 2022
batch 10, val loss = 0.14, mean loss = 0.13
Mon Jan 31 04:47:18 2022
val Loss: 0.13

epoch 34 was done for 470.748831 seconds
Epoch 35/299
----------
Mon Jan 31 04:47:55 2022
batch 0, train loss = 0.27, mean loss = 0.27
Mon Jan 31 04:48:00 2022
batch 10, train loss = 0.49, mean loss = 0.49
Mon Jan 31 04:48:54 2022
batch 20, train loss = 0.42, mean loss = 0.49
Mon Jan 31 04:49:49 2022
batch 30, train loss = 0.62, mean loss = 0.49
Mon Jan 31 04:50:43 2022
batch 40, train loss = 0.24, mean loss = 0.49
Mon Jan 31 04:51:37 2022
batch 50, train loss = 0.46, mean loss = 0.49
Mon Jan 31 04:52:31 2022
batch 60, train loss = 0.35, mean loss = 0.49
Mon Jan 31 04:53:26 2022
train Loss: 0.49

batch 0, val loss = 0.12, mean loss = 0.12
Mon Jan 31 04:54:16 2022
batch 10, val loss = 0.14, mean loss = 0.12
Mon Jan 31 04:55:10 2022
val Loss: 0.12

epoch 35 was done for 471.835572 seconds
Epoch 36/299
----------
Mon Jan 31 04:55:46 2022
batch 0, train loss = 0.41, mean loss = 0.41
Mon Jan 31 04:55:52 2022
batch 10, train loss = 0.55, mean loss = 0.51
Mon Jan 31 04:56:45 2022
batch 20, train loss = 0.39, mean loss = 0.53
Mon Jan 31 04:57:40 2022
batch 30, train loss = 0.60, mean loss = 0.52
Mon Jan 31 04:58:33 2022
batch 40, train loss = 0.35, mean loss = 0.52
Mon Jan 31 04:59:28 2022
batch 50, train loss = 0.61, mean loss = 0.53
Mon Jan 31 05:00:21 2022
batch 60, train loss = 0.36, mean loss = 0.53
Mon Jan 31 05:01:15 2022
train Loss: 0.53

batch 0, val loss = 0.12, mean loss = 0.12
Mon Jan 31 05:02:06 2022
batch 10, val loss = 0.12, mean loss = 0.12
Mon Jan 31 05:02:59 2022
val Loss: 0.12

epoch 36 was done for 468.505345 seconds
Epoch 37/299
----------
Mon Jan 31 05:03:35 2022
batch 0, train loss = 0.35, mean loss = 0.35
Mon Jan 31 05:03:40 2022
batch 10, train loss = 0.52, mean loss = 0.50
Mon Jan 31 05:04:34 2022
batch 20, train loss = 0.32, mean loss = 0.49
Mon Jan 31 05:05:28 2022
batch 30, train loss = 0.48, mean loss = 0.49
Mon Jan 31 05:06:22 2022
batch 40, train loss = 0.34, mean loss = 0.49
Mon Jan 31 05:07:16 2022
batch 50, train loss = 0.52, mean loss = 0.50
Mon Jan 31 05:08:10 2022
batch 60, train loss = 0.37, mean loss = 0.50
Mon Jan 31 05:09:04 2022
train Loss: 0.51

batch 0, val loss = 0.14, mean loss = 0.14
Mon Jan 31 05:09:54 2022
batch 10, val loss = 0.12, mean loss = 0.12
Mon Jan 31 05:10:48 2022
val Loss: 0.12

epoch 37 was done for 469.091549 seconds
Epoch 38/299
----------
Mon Jan 31 05:11:24 2022
batch 0, train loss = 0.45, mean loss = 0.45
Mon Jan 31 05:11:29 2022
batch 10, train loss = 0.66, mean loss = 0.56
Mon Jan 31 05:12:23 2022
batch 20, train loss = 0.38, mean loss = 0.57
Mon Jan 31 05:13:17 2022
batch 30, train loss = 0.58, mean loss = 0.57
Mon Jan 31 05:14:11 2022
batch 40, train loss = 0.32, mean loss = 0.55
Mon Jan 31 05:15:05 2022
batch 50, train loss = 0.50, mean loss = 0.54
Mon Jan 31 05:15:59 2022
batch 60, train loss = 0.30, mean loss = 0.53
Mon Jan 31 05:16:53 2022
train Loss: 0.52

batch 0, val loss = 0.12, mean loss = 0.12
Mon Jan 31 05:17:44 2022
batch 10, val loss = 0.13, mean loss = 0.13
Mon Jan 31 05:18:37 2022
val Loss: 0.12

epoch 38 was done for 470.226363 seconds
Epoch 39/299
----------
Mon Jan 31 05:19:14 2022
batch 0, train loss = 0.31, mean loss = 0.31
Mon Jan 31 05:19:20 2022
batch 10, train loss = 0.53, mean loss = 0.47
Mon Jan 31 05:20:13 2022
batch 20, train loss = 0.32, mean loss = 0.48
Mon Jan 31 05:21:08 2022
batch 30, train loss = 0.73, mean loss = 0.51
Mon Jan 31 05:22:02 2022
batch 40, train loss = 0.29, mean loss = 0.51
Mon Jan 31 05:22:56 2022
batch 50, train loss = 0.52, mean loss = 0.52
Mon Jan 31 05:23:49 2022
batch 60, train loss = 0.36, mean loss = 0.52
Mon Jan 31 05:24:43 2022
train Loss: 0.53

batch 0, val loss = 0.12, mean loss = 0.12
Mon Jan 31 05:25:34 2022
batch 10, val loss = 0.11, mean loss = 0.13
Mon Jan 31 05:26:27 2022
val Loss: 0.13

epoch 39 was done for 469.492820 seconds
Epoch 40/299
----------
Mon Jan 31 05:27:04 2022
batch 0, train loss = 0.35, mean loss = 0.35
Mon Jan 31 05:27:09 2022
batch 10, train loss = 0.56, mean loss = 0.57
Mon Jan 31 05:28:03 2022
batch 20, train loss = 0.45, mean loss = 0.58
Mon Jan 31 05:28:57 2022
batch 30, train loss = 0.63, mean loss = 0.59
Mon Jan 31 05:29:51 2022
batch 40, train loss = 0.44, mean loss = 0.58
Mon Jan 31 05:30:45 2022
batch 50, train loss = 0.63, mean loss = 0.60
Mon Jan 31 05:31:39 2022
batch 60, train loss = 0.36, mean loss = 0.60
Mon Jan 31 05:32:33 2022
train Loss: 0.60

batch 0, val loss = 0.14, mean loss = 0.14
Mon Jan 31 05:33:24 2022
batch 10, val loss = 0.13, mean loss = 0.13
Mon Jan 31 05:34:18 2022
val Loss: 0.13

epoch 40 was done for 470.957641 seconds
Epoch 41/299
----------
Mon Jan 31 05:34:55 2022
batch 0, train loss = 0.52, mean loss = 0.52
Mon Jan 31 05:35:00 2022
batch 10, train loss = 0.61, mean loss = 0.54
Mon Jan 31 05:35:54 2022
batch 20, train loss = 0.57, mean loss = 0.57
Mon Jan 31 05:36:48 2022
batch 30, train loss = 0.71, mean loss = 0.59
Mon Jan 31 05:37:42 2022
batch 40, train loss = 0.37, mean loss = 0.58
Mon Jan 31 05:38:36 2022
batch 50, train loss = 0.62, mean loss = 0.58
Mon Jan 31 05:39:30 2022
batch 60, train loss = 0.36, mean loss = 0.57
Mon Jan 31 05:40:24 2022
train Loss: 0.57

batch 0, val loss = 0.12, mean loss = 0.12
Mon Jan 31 05:41:15 2022
batch 10, val loss = 0.13, mean loss = 0.12
Mon Jan 31 05:42:08 2022
val Loss: 0.12

epoch 41 was done for 470.657738 seconds
Epoch 42/299
----------
Mon Jan 31 05:42:45 2022
batch 0, train loss = 0.50, mean loss = 0.50
Mon Jan 31 05:42:51 2022
batch 10, train loss = 0.61, mean loss = 0.55
Mon Jan 31 05:43:45 2022
batch 20, train loss = 0.39, mean loss = 0.56
Mon Jan 31 05:44:39 2022
batch 30, train loss = 0.57, mean loss = 0.56
Mon Jan 31 05:45:33 2022
batch 40, train loss = 0.41, mean loss = 0.55
Mon Jan 31 05:46:27 2022
batch 50, train loss = 0.58, mean loss = 0.56
Mon Jan 31 05:47:21 2022
batch 60, train loss = 0.52, mean loss = 0.56
Mon Jan 31 05:48:15 2022
train Loss: 0.57

batch 0, val loss = 0.11, mean loss = 0.11
Mon Jan 31 05:49:06 2022
batch 10, val loss = 0.13, mean loss = 0.13
Mon Jan 31 05:49:59 2022
val Loss: 0.13

epoch 42 was done for 470.305010 seconds
Epoch 43/299
----------
Mon Jan 31 05:50:36 2022
batch 0, train loss = 0.47, mean loss = 0.47
Mon Jan 31 05:50:41 2022
batch 10, train loss = 0.60, mean loss = 0.61
Mon Jan 31 05:51:35 2022
batch 20, train loss = 0.47, mean loss = 0.60
Mon Jan 31 05:52:29 2022
batch 30, train loss = 0.73, mean loss = 0.59
Mon Jan 31 05:53:23 2022
batch 40, train loss = 0.47, mean loss = 0.59
Mon Jan 31 05:54:18 2022
batch 50, train loss = 0.58, mean loss = 0.57
Mon Jan 31 05:55:12 2022
batch 60, train loss = 0.40, mean loss = 0.57
Mon Jan 31 05:56:06 2022
train Loss: 0.57

batch 0, val loss = 0.12, mean loss = 0.12
Mon Jan 31 05:56:56 2022
batch 10, val loss = 0.13, mean loss = 0.13
Mon Jan 31 05:57:50 2022
val Loss: 0.13

epoch 43 was done for 470.815471 seconds
Epoch 44/299
----------
Mon Jan 31 05:58:26 2022
batch 0, train loss = 0.47, mean loss = 0.47
Mon Jan 31 05:58:32 2022
batch 10, train loss = 0.58, mean loss = 0.55
Mon Jan 31 05:59:26 2022
batch 20, train loss = 0.56, mean loss = 0.57
Mon Jan 31 06:00:20 2022
batch 30, train loss = 0.57, mean loss = 0.56
Mon Jan 31 06:01:14 2022
batch 40, train loss = 0.45, mean loss = 0.55
Mon Jan 31 06:02:09 2022
batch 50, train loss = 0.52, mean loss = 0.54
Mon Jan 31 06:03:03 2022
batch 60, train loss = 0.43, mean loss = 0.54
Mon Jan 31 06:03:57 2022
train Loss: 0.54

batch 0, val loss = 0.14, mean loss = 0.14
Mon Jan 31 06:04:48 2022
batch 10, val loss = 0.12, mean loss = 0.13
Mon Jan 31 06:05:42 2022
val Loss: 0.13

epoch 44 was done for 472.315109 seconds
Epoch 45/299
----------
Mon Jan 31 06:06:19 2022
batch 0, train loss = 0.43, mean loss = 0.43
Mon Jan 31 06:06:24 2022
batch 10, train loss = 0.62, mean loss = 0.54
Mon Jan 31 06:07:18 2022
batch 20, train loss = 0.35, mean loss = 0.53
Mon Jan 31 06:08:13 2022
batch 30, train loss = 0.53, mean loss = 0.54
Mon Jan 31 06:09:07 2022
batch 40, train loss = 0.38, mean loss = 0.52
Mon Jan 31 06:10:01 2022
batch 50, train loss = 0.52, mean loss = 0.52
Mon Jan 31 06:10:55 2022
batch 60, train loss = 0.38, mean loss = 0.51
Mon Jan 31 06:11:49 2022
train Loss: 0.52

batch 0, val loss = 0.16, mean loss = 0.16
Mon Jan 31 06:12:40 2022
batch 10, val loss = 0.12, mean loss = 0.13
Mon Jan 31 06:13:33 2022
val Loss: 0.13

epoch 45 was done for 471.214128 seconds
Epoch 46/299
----------
Mon Jan 31 06:14:10 2022
batch 0, train loss = 0.49, mean loss = 0.49
Mon Jan 31 06:14:15 2022
batch 10, train loss = 0.48, mean loss = 0.54
Mon Jan 31 06:15:10 2022
batch 20, train loss = 0.46, mean loss = 0.53
Mon Jan 31 06:16:04 2022
batch 30, train loss = 0.47, mean loss = 0.53
Mon Jan 31 06:16:58 2022
batch 40, train loss = 0.53, mean loss = 0.53
Mon Jan 31 06:17:52 2022
batch 50, train loss = 0.51, mean loss = 0.52
Mon Jan 31 06:18:46 2022
batch 60, train loss = 0.42, mean loss = 0.52
Mon Jan 31 06:19:41 2022
train Loss: 0.52

batch 0, val loss = 0.13, mean loss = 0.13
Mon Jan 31 06:20:31 2022
batch 10, val loss = 0.13, mean loss = 0.13
Mon Jan 31 06:21:25 2022
val Loss: 0.13

epoch 46 was done for 471.403801 seconds
Epoch 47/299
----------
Mon Jan 31 06:22:01 2022
batch 0, train loss = 0.31, mean loss = 0.31
Mon Jan 31 06:22:07 2022
batch 10, train loss = 0.53, mean loss = 0.53
Mon Jan 31 06:23:01 2022
batch 20, train loss = 0.33, mean loss = 0.51
Mon Jan 31 06:23:55 2022
batch 30, train loss = 0.54, mean loss = 0.52
Mon Jan 31 06:24:49 2022
batch 40, train loss = 0.32, mean loss = 0.50
Mon Jan 31 06:25:43 2022
batch 50, train loss = 0.55, mean loss = 0.51
Mon Jan 31 06:26:37 2022
batch 60, train loss = 0.32, mean loss = 0.50
Mon Jan 31 06:27:32 2022
train Loss: 0.50

batch 0, val loss = 0.12, mean loss = 0.12
Mon Jan 31 06:28:22 2022
batch 10, val loss = 0.12, mean loss = 0.12
Mon Jan 31 06:29:16 2022
val Loss: 0.12

epoch 47 was done for 471.982827 seconds
Epoch 48/299
----------
Mon Jan 31 06:29:53 2022
batch 0, train loss = 0.34, mean loss = 0.34
Mon Jan 31 06:29:59 2022
batch 10, train loss = 0.51, mean loss = 0.49
Mon Jan 31 06:30:53 2022
batch 20, train loss = 0.37, mean loss = 0.50
Mon Jan 31 06:31:47 2022
batch 30, train loss = 0.55, mean loss = 0.51
Mon Jan 31 06:32:41 2022
batch 40, train loss = 0.34, mean loss = 0.49
Mon Jan 31 06:33:39 2022
batch 50, train loss = 0.51, mean loss = 0.49
Mon Jan 31 06:34:52 2022
batch 60, train loss = 0.32, mean loss = 0.49
Mon Jan 31 06:35:48 2022
train Loss: 0.49

batch 0, val loss = 0.11, mean loss = 0.11
Mon Jan 31 06:36:42 2022
batch 10, val loss = 0.12, mean loss = 0.13
Mon Jan 31 06:37:36 2022
val Loss: 0.13

epoch 48 was done for 500.312404 seconds
Epoch 49/299
----------
Mon Jan 31 06:38:14 2022
batch 0, train loss = 0.38, mean loss = 0.38
Mon Jan 31 06:38:19 2022
batch 10, train loss = 0.54, mean loss = 0.50
Mon Jan 31 06:39:13 2022
batch 20, train loss = 0.44, mean loss = 0.50
Mon Jan 31 06:40:08 2022
batch 30, train loss = 0.51, mean loss = 0.50
Mon Jan 31 06:41:02 2022
batch 40, train loss = 0.42, mean loss = 0.49
Mon Jan 31 06:41:56 2022
batch 50, train loss = 0.51, mean loss = 0.49
Mon Jan 31 06:42:50 2022
batch 60, train loss = 0.37, mean loss = 0.48
Mon Jan 31 06:43:45 2022
train Loss: 0.49

batch 0, val loss = 0.13, mean loss = 0.13
Mon Jan 31 06:44:35 2022
batch 10, val loss = 0.12, mean loss = 0.13
Mon Jan 31 06:45:29 2022
val Loss: 0.13

epoch 49 was done for 472.042561 seconds
Epoch 50/299
----------
Mon Jan 31 06:46:06 2022
batch 0, train loss = 0.41, mean loss = 0.41
Mon Jan 31 06:46:11 2022
batch 10, train loss = 0.48, mean loss = 0.50
Mon Jan 31 06:47:05 2022
batch 20, train loss = 0.43, mean loss = 0.50
Mon Jan 31 06:47:59 2022
batch 30, train loss = 0.51, mean loss = 0.50
Mon Jan 31 06:48:53 2022
batch 40, train loss = 0.36, mean loss = 0.49
Mon Jan 31 06:49:48 2022
batch 50, train loss = 0.49, mean loss = 0.48
Mon Jan 31 06:50:42 2022
batch 60, train loss = 0.32, mean loss = 0.48
Mon Jan 31 06:51:37 2022
train Loss: 0.47

batch 0, val loss = 0.13, mean loss = 0.13
Mon Jan 31 06:52:27 2022
batch 10, val loss = 0.14, mean loss = 0.13
Mon Jan 31 06:53:21 2022
val Loss: 0.13

epoch 50 was done for 472.786502 seconds
Epoch 51/299
----------
Mon Jan 31 06:53:58 2022
batch 0, train loss = 0.35, mean loss = 0.35
Mon Jan 31 06:54:04 2022
batch 10, train loss = 0.44, mean loss = 0.46
Mon Jan 31 06:54:58 2022
batch 20, train loss = 0.29, mean loss = 0.45
Mon Jan 31 06:55:52 2022
batch 30, train loss = 0.43, mean loss = 0.45
Mon Jan 31 06:56:46 2022
batch 40, train loss = 0.30, mean loss = 0.44
Mon Jan 31 06:57:41 2022
batch 50, train loss = 0.43, mean loss = 0.44
Mon Jan 31 06:58:35 2022
batch 60, train loss = 0.27, mean loss = 0.44
Mon Jan 31 06:59:29 2022
train Loss: 0.44

batch 0, val loss = 0.13, mean loss = 0.13
Mon Jan 31 07:00:20 2022
batch 10, val loss = 0.14, mean loss = 0.12
Mon Jan 31 07:01:13 2022
val Loss: 0.12

epoch 51 was done for 471.281721 seconds
Epoch 52/299
----------
Mon Jan 31 07:01:50 2022
batch 0, train loss = 0.32, mean loss = 0.32
Mon Jan 31 07:01:55 2022
batch 10, train loss = 0.42, mean loss = 0.44
Mon Jan 31 07:02:49 2022
batch 20, train loss = 0.32, mean loss = 0.45
Mon Jan 31 07:03:44 2022
batch 30, train loss = 0.39, mean loss = 0.45
Mon Jan 31 07:04:38 2022
batch 40, train loss = 0.31, mean loss = 0.43
Mon Jan 31 07:05:32 2022
batch 50, train loss = 0.40, mean loss = 0.43
Mon Jan 31 07:06:26 2022
batch 60, train loss = 0.26, mean loss = 0.42
Mon Jan 31 07:07:21 2022
train Loss: 0.42

batch 0, val loss = 0.13, mean loss = 0.13
Mon Jan 31 07:08:12 2022
batch 10, val loss = 0.12, mean loss = 0.12
Mon Jan 31 07:09:05 2022
val Loss: 0.12

epoch 52 was done for 471.976449 seconds
Epoch 53/299
----------
Mon Jan 31 07:09:42 2022
batch 0, train loss = 0.23, mean loss = 0.23
Mon Jan 31 07:09:47 2022
batch 10, train loss = 0.43, mean loss = 0.42
Mon Jan 31 07:10:41 2022
batch 20, train loss = 0.26, mean loss = 0.43
Mon Jan 31 07:11:36 2022
batch 30, train loss = 0.45, mean loss = 0.44
Mon Jan 31 07:12:30 2022
batch 40, train loss = 0.30, mean loss = 0.43
Mon Jan 31 07:13:24 2022
batch 50, train loss = 0.44, mean loss = 0.43
Mon Jan 31 07:14:18 2022
batch 60, train loss = 0.25, mean loss = 0.43
Mon Jan 31 07:15:13 2022
train Loss: 0.43

batch 0, val loss = 0.14, mean loss = 0.14
Mon Jan 31 07:16:03 2022
batch 10, val loss = 0.12, mean loss = 0.12
Mon Jan 31 07:16:57 2022
val Loss: 0.12

epoch 53 was done for 471.878498 seconds
Epoch 54/299
----------
Mon Jan 31 07:17:34 2022
batch 0, train loss = 0.25, mean loss = 0.25
Mon Jan 31 07:17:39 2022
batch 10, train loss = 0.47, mean loss = 0.43
Mon Jan 31 07:18:33 2022
batch 20, train loss = 0.29, mean loss = 0.44
Mon Jan 31 07:19:28 2022
batch 30, train loss = 0.49, mean loss = 0.44
Mon Jan 31 07:20:22 2022
batch 40, train loss = 0.26, mean loss = 0.44
Mon Jan 31 07:21:16 2022
batch 50, train loss = 0.44, mean loss = 0.44
Mon Jan 31 07:22:10 2022
batch 60, train loss = 0.28, mean loss = 0.43
Mon Jan 31 07:23:04 2022
train Loss: 0.43

batch 0, val loss = 0.12, mean loss = 0.12
Mon Jan 31 07:23:55 2022
batch 10, val loss = 0.13, mean loss = 0.13
Mon Jan 31 07:24:48 2022
val Loss: 0.12

epoch 54 was done for 470.588873 seconds
Epoch 55/299
----------
Mon Jan 31 07:25:24 2022
batch 0, train loss = 0.28, mean loss = 0.28
Mon Jan 31 07:25:30 2022
batch 10, train loss = 0.52, mean loss = 0.46
Mon Jan 31 07:26:24 2022
batch 20, train loss = 0.38, mean loss = 0.46
Mon Jan 31 07:27:18 2022
batch 30, train loss = 0.49, mean loss = 0.46
Mon Jan 31 07:28:13 2022
batch 40, train loss = 0.30, mean loss = 0.45
Mon Jan 31 07:29:07 2022
batch 50, train loss = 0.42, mean loss = 0.44
Mon Jan 31 07:30:01 2022
batch 60, train loss = 0.28, mean loss = 0.43
Mon Jan 31 07:30:55 2022
train Loss: 0.43

batch 0, val loss = 0.12, mean loss = 0.12
Mon Jan 31 07:31:48 2022
batch 10, val loss = 0.13, mean loss = 0.12
Mon Jan 31 07:32:41 2022
val Loss: 0.12

epoch 55 was done for 472.856392 seconds
Epoch 56/299
----------
Mon Jan 31 07:33:17 2022
batch 0, train loss = 0.28, mean loss = 0.28
Mon Jan 31 07:33:22 2022
batch 10, train loss = 0.45, mean loss = 0.43
Mon Jan 31 07:34:16 2022
batch 20, train loss = 0.30, mean loss = 0.43
Mon Jan 31 07:35:10 2022
batch 30, train loss = 0.43, mean loss = 0.43
Mon Jan 31 07:36:04 2022
batch 40, train loss = 0.23, mean loss = 0.42
Mon Jan 31 07:36:58 2022
batch 50, train loss = 0.41, mean loss = 0.42
Mon Jan 31 07:37:51 2022
batch 60, train loss = 0.27, mean loss = 0.42
Mon Jan 31 07:38:45 2022
train Loss: 0.41

batch 0, val loss = 0.12, mean loss = 0.12
Mon Jan 31 07:39:35 2022
batch 10, val loss = 0.13, mean loss = 0.13
Mon Jan 31 07:40:32 2022
val Loss: 0.12

epoch 56 was done for 474.375237 seconds
Epoch 57/299
----------
Mon Jan 31 07:41:11 2022
batch 0, train loss = 0.25, mean loss = 0.25
Mon Jan 31 07:41:17 2022
batch 10, train loss = 0.41, mean loss = 0.42
Mon Jan 31 07:42:11 2022
batch 20, train loss = 0.24, mean loss = 0.42
Mon Jan 31 07:43:05 2022
batch 30, train loss = 0.41, mean loss = 0.42
Mon Jan 31 07:43:59 2022
batch 40, train loss = 0.22, mean loss = 0.42
Mon Jan 31 07:44:54 2022
batch 50, train loss = 0.40, mean loss = 0.41
Mon Jan 31 07:45:52 2022
batch 60, train loss = 0.19, mean loss = 0.41
Mon Jan 31 07:46:46 2022
train Loss: 0.40

batch 0, val loss = 0.11, mean loss = 0.11
Mon Jan 31 07:47:39 2022
batch 10, val loss = 0.14, mean loss = 0.12
Mon Jan 31 07:48:33 2022
val Loss: 0.12

epoch 57 was done for 477.516635 seconds
Epoch 58/299
----------
Mon Jan 31 07:49:09 2022
batch 0, train loss = 0.20, mean loss = 0.20
Mon Jan 31 07:49:14 2022
batch 10, train loss = 0.42, mean loss = 0.39
Mon Jan 31 07:50:08 2022
batch 20, train loss = 0.19, mean loss = 0.40
Mon Jan 31 07:51:02 2022
batch 30, train loss = 0.41, mean loss = 0.41
Mon Jan 31 07:51:56 2022
batch 40, train loss = 0.16, mean loss = 0.40
Mon Jan 31 07:52:50 2022
batch 50, train loss = 0.42, mean loss = 0.40
Mon Jan 31 07:53:43 2022
batch 60, train loss = 0.20, mean loss = 0.40
Mon Jan 31 07:54:37 2022
train Loss: 0.40

batch 0, val loss = 0.11, mean loss = 0.11
Mon Jan 31 07:55:30 2022
batch 10, val loss = 0.14, mean loss = 0.13
Mon Jan 31 07:56:23 2022
val Loss: 0.13

epoch 58 was done for 470.272314 seconds
Epoch 59/299
----------
Mon Jan 31 07:56:59 2022
batch 0, train loss = 0.20, mean loss = 0.20
Mon Jan 31 07:57:05 2022
batch 10, train loss = 0.45, mean loss = 0.42
Mon Jan 31 07:57:59 2022
batch 20, train loss = 0.25, mean loss = 0.43
Mon Jan 31 07:58:54 2022
batch 30, train loss = 0.49, mean loss = 0.44
Mon Jan 31 07:59:50 2022
batch 40, train loss = 0.31, mean loss = 0.44
Mon Jan 31 08:00:47 2022
batch 50, train loss = 0.49, mean loss = 0.44
Mon Jan 31 08:01:44 2022
batch 60, train loss = 0.28, mean loss = 0.44
Mon Jan 31 08:03:04 2022
train Loss: 0.44

batch 0, val loss = 0.13, mean loss = 0.13
Mon Jan 31 08:04:14 2022
batch 10, val loss = 0.12, mean loss = 0.13
Mon Jan 31 08:05:23 2022
val Loss: 0.12

epoch 59 was done for 547.025483 seconds
Epoch 60/299
----------
Mon Jan 31 08:06:06 2022
batch 0, train loss = 0.29, mean loss = 0.29
Mon Jan 31 08:06:14 2022
batch 10, train loss = 0.45, mean loss = 0.44
Mon Jan 31 08:07:12 2022
batch 20, train loss = 0.34, mean loss = 0.44
Mon Jan 31 08:08:09 2022
batch 30, train loss = 0.49, mean loss = 0.44
Mon Jan 31 08:09:05 2022
batch 40, train loss = 0.32, mean loss = 0.44
Mon Jan 31 08:10:00 2022
batch 50, train loss = 0.47, mean loss = 0.43
Mon Jan 31 08:10:53 2022
batch 60, train loss = 0.23, mean loss = 0.43
Mon Jan 31 08:11:47 2022
train Loss: 0.43

batch 0, val loss = 0.12, mean loss = 0.12
Mon Jan 31 08:12:38 2022
batch 10, val loss = 0.12, mean loss = 0.12
Mon Jan 31 08:13:31 2022
val Loss: 0.12

epoch 60 was done for 481.290767 seconds
Epoch 61/299
----------
Mon Jan 31 08:14:08 2022
batch 0, train loss = 0.32, mean loss = 0.32
Mon Jan 31 08:14:13 2022
batch 10, train loss = 0.46, mean loss = 0.46
Mon Jan 31 08:15:07 2022
batch 20, train loss = 0.29, mean loss = 0.45
Mon Jan 31 08:16:01 2022
batch 30, train loss = 0.48, mean loss = 0.45
Mon Jan 31 08:16:54 2022
batch 40, train loss = 0.28, mean loss = 0.44
Mon Jan 31 08:17:48 2022
batch 50, train loss = 0.44, mean loss = 0.44
Mon Jan 31 08:18:42 2022
batch 60, train loss = 0.21, mean loss = 0.43
Mon Jan 31 08:19:36 2022
train Loss: 0.43

batch 0, val loss = 0.13, mean loss = 0.13
Mon Jan 31 08:20:27 2022
batch 10, val loss = 0.12, mean loss = 0.12
Mon Jan 31 08:21:20 2022
val Loss: 0.12

epoch 61 was done for 469.007871 seconds
Epoch 62/299
----------
Mon Jan 31 08:21:57 2022
batch 0, train loss = 0.20, mean loss = 0.20
Mon Jan 31 08:22:02 2022
batch 10, train loss = 0.47, mean loss = 0.42
Mon Jan 31 08:22:56 2022
batch 20, train loss = 0.27, mean loss = 0.42
Mon Jan 31 08:23:50 2022
batch 30, train loss = 0.46, mean loss = 0.44
Mon Jan 31 08:24:44 2022
batch 40, train loss = 0.26, mean loss = 0.42
Mon Jan 31 08:25:38 2022
batch 50, train loss = 0.41, mean loss = 0.42
Mon Jan 31 08:26:31 2022
batch 60, train loss = 0.23, mean loss = 0.41
Mon Jan 31 08:27:25 2022
train Loss: 0.41

batch 0, val loss = 0.12, mean loss = 0.12
Mon Jan 31 08:28:24 2022
batch 10, val loss = 0.11, mean loss = 0.13
Mon Jan 31 08:29:17 2022
val Loss: 0.13

epoch 62 was done for 478.039837 seconds
Epoch 63/299
----------
Mon Jan 31 08:29:55 2022
batch 0, train loss = 0.17, mean loss = 0.17
Mon Jan 31 08:30:00 2022
batch 10, train loss = 0.45, mean loss = 0.40
Mon Jan 31 08:30:54 2022
batch 20, train loss = 0.18, mean loss = 0.39
Mon Jan 31 08:31:51 2022
batch 30, train loss = 0.50, mean loss = 0.41
Mon Jan 31 08:32:47 2022
batch 40, train loss = 0.21, mean loss = 0.41
Mon Jan 31 08:33:42 2022
batch 50, train loss = 0.42, mean loss = 0.41
Mon Jan 31 08:34:43 2022
batch 60, train loss = 0.20, mean loss = 0.40
Mon Jan 31 08:35:45 2022
train Loss: 0.41

batch 0, val loss = 0.13, mean loss = 0.13
Mon Jan 31 08:36:41 2022
batch 10, val loss = 0.12, mean loss = 0.13
Mon Jan 31 08:37:41 2022
val Loss: 0.13

epoch 63 was done for 506.523754 seconds
Epoch 64/299
----------
Mon Jan 31 08:38:21 2022
batch 0, train loss = 0.26, mean loss = 0.26
Mon Jan 31 08:38:27 2022
batch 10, train loss = 0.46, mean loss = 0.40
Mon Jan 31 08:39:24 2022
batch 20, train loss = 0.26, mean loss = 0.42
Mon Jan 31 08:40:19 2022
batch 30, train loss = 0.47, mean loss = 0.41
Mon Jan 31 08:41:13 2022
batch 40, train loss = 0.22, mean loss = 0.41
Mon Jan 31 08:42:07 2022
batch 50, train loss = 0.43, mean loss = 0.41
Mon Jan 31 08:43:01 2022
batch 60, train loss = 0.19, mean loss = 0.40
Mon Jan 31 08:44:00 2022
train Loss: 0.40

batch 0, val loss = 0.13, mean loss = 0.13
Mon Jan 31 08:45:00 2022
batch 10, val loss = 0.10, mean loss = 0.12
Mon Jan 31 08:46:03 2022
val Loss: 0.12

epoch 64 was done for 504.576441 seconds
Epoch 65/299
----------
Mon Jan 31 08:46:46 2022
batch 0, train loss = 0.24, mean loss = 0.24
Mon Jan 31 08:46:52 2022
batch 10, train loss = 0.43, mean loss = 0.40
Mon Jan 31 08:47:55 2022
batch 20, train loss = 0.29, mean loss = 0.41
Mon Jan 31 08:48:59 2022
batch 30, train loss = 0.44, mean loss = 0.41
Mon Jan 31 08:50:03 2022
batch 40, train loss = 0.20, mean loss = 0.41
Mon Jan 31 08:51:12 2022
batch 50, train loss = 0.42, mean loss = 0.41
Mon Jan 31 08:52:17 2022
batch 60, train loss = 0.21, mean loss = 0.40
Mon Jan 31 08:53:22 2022
train Loss: 0.40

batch 0, val loss = 0.12, mean loss = 0.12
Mon Jan 31 08:54:24 2022
batch 10, val loss = 0.14, mean loss = 0.13
Mon Jan 31 08:55:29 2022
val Loss: 0.12

epoch 65 was done for 568.724162 seconds
Epoch 66/299
----------
Mon Jan 31 08:56:14 2022
batch 0, train loss = 0.21, mean loss = 0.21
Mon Jan 31 08:56:21 2022
batch 10, train loss = 0.41, mean loss = 0.42
Mon Jan 31 08:57:28 2022
batch 20, train loss = 0.26, mean loss = 0.42
Mon Jan 31 08:58:35 2022
batch 30, train loss = 0.42, mean loss = 0.43
Mon Jan 31 08:59:41 2022
batch 40, train loss = 0.20, mean loss = 0.42
Mon Jan 31 09:00:48 2022
batch 50, train loss = 0.44, mean loss = 0.43
Mon Jan 31 09:01:56 2022
batch 60, train loss = 0.19, mean loss = 0.42
Mon Jan 31 09:03:03 2022
train Loss: 0.42

batch 0, val loss = 0.12, mean loss = 0.12
Mon Jan 31 09:04:07 2022
batch 10, val loss = 0.15, mean loss = 0.12
Mon Jan 31 09:05:14 2022
val Loss: 0.12

epoch 66 was done for 586.282326 seconds
Epoch 67/299
----------
Mon Jan 31 09:06:01 2022
batch 0, train loss = 0.21, mean loss = 0.21
Mon Jan 31 09:06:07 2022
batch 10, train loss = 0.44, mean loss = 0.42
Mon Jan 31 09:07:14 2022
batch 20, train loss = 0.20, mean loss = 0.42
Mon Jan 31 09:08:27 2022
batch 30, train loss = 0.49, mean loss = 0.44
Mon Jan 31 09:09:34 2022
batch 40, train loss = 0.19, mean loss = 0.43
Mon Jan 31 09:10:41 2022
batch 50, train loss = 0.47, mean loss = 0.43
Mon Jan 31 09:11:49 2022
batch 60, train loss = 0.19, mean loss = 0.43
Mon Jan 31 09:12:56 2022
train Loss: 0.43

batch 0, val loss = 0.12, mean loss = 0.12
Mon Jan 31 09:13:58 2022
batch 10, val loss = 0.13, mean loss = 0.13
Mon Jan 31 09:15:05 2022
val Loss: 0.13

epoch 67 was done for 590.637647 seconds
Epoch 68/299
----------
Mon Jan 31 09:15:51 2022
batch 0, train loss = 0.28, mean loss = 0.28
Mon Jan 31 09:15:58 2022
batch 10, train loss = 0.47, mean loss = 0.42
Mon Jan 31 09:17:04 2022
batch 20, train loss = 0.29, mean loss = 0.43
Mon Jan 31 09:18:12 2022
batch 30, train loss = 0.51, mean loss = 0.43
Mon Jan 31 09:19:19 2022
batch 40, train loss = 0.27, mean loss = 0.43
Mon Jan 31 09:20:26 2022
batch 50, train loss = 0.46, mean loss = 0.43
Mon Jan 31 09:21:33 2022
batch 60, train loss = 0.22, mean loss = 0.43
Mon Jan 31 09:22:41 2022
train Loss: 0.43

batch 0, val loss = 0.12, mean loss = 0.12
Mon Jan 31 09:23:43 2022
batch 10, val loss = 0.13, mean loss = 0.12
Mon Jan 31 09:24:51 2022
val Loss: 0.13

epoch 68 was done for 585.324465 seconds
Epoch 69/299
----------
Mon Jan 31 09:25:37 2022
batch 0, train loss = 0.23, mean loss = 0.23
Mon Jan 31 09:25:44 2022
batch 10, train loss = 0.47, mean loss = 0.42
Mon Jan 31 09:26:51 2022
batch 20, train loss = 0.27, mean loss = 0.41
Mon Jan 31 09:27:59 2022
batch 30, train loss = 0.51, mean loss = 0.42
Mon Jan 31 09:29:07 2022
batch 40, train loss = 0.25, mean loss = 0.41
Mon Jan 31 09:30:14 2022
batch 50, train loss = 0.44, mean loss = 0.41
Mon Jan 31 09:31:22 2022
batch 60, train loss = 0.18, mean loss = 0.41
Mon Jan 31 09:32:29 2022
train Loss: 0.41

batch 0, val loss = 0.13, mean loss = 0.13
Mon Jan 31 09:33:32 2022
batch 10, val loss = 0.13, mean loss = 0.13
Mon Jan 31 09:34:39 2022
val Loss: 0.13

epoch 69 was done for 587.991288 seconds
Epoch 70/299
----------
Mon Jan 31 09:35:25 2022
batch 0, train loss = 0.23, mean loss = 0.23
Mon Jan 31 09:35:31 2022
batch 10, train loss = 0.48, mean loss = 0.40
Mon Jan 31 09:36:38 2022
batch 20, train loss = 0.26, mean loss = 0.40
Mon Jan 31 09:37:46 2022
batch 30, train loss = 0.50, mean loss = 0.41
Mon Jan 31 09:38:53 2022
batch 40, train loss = 0.24, mean loss = 0.40
Mon Jan 31 09:40:00 2022
batch 50, train loss = 0.41, mean loss = 0.40
Mon Jan 31 09:41:08 2022
batch 60, train loss = 0.20, mean loss = 0.40
Mon Jan 31 09:42:15 2022
train Loss: 0.40

batch 0, val loss = 0.12, mean loss = 0.12
Mon Jan 31 09:43:18 2022
batch 10, val loss = 0.13, mean loss = 0.13
Mon Jan 31 09:44:25 2022
val Loss: 0.13

epoch 70 was done for 586.274834 seconds
Epoch 71/299
----------
Mon Jan 31 09:45:11 2022
batch 0, train loss = 0.19, mean loss = 0.19
Mon Jan 31 09:45:17 2022
batch 10, train loss = 0.44, mean loss = 0.41
Mon Jan 31 09:46:25 2022
batch 20, train loss = 0.22, mean loss = 0.40
Mon Jan 31 09:47:32 2022
batch 30, train loss = 0.48, mean loss = 0.41
Mon Jan 31 09:48:39 2022
batch 40, train loss = 0.20, mean loss = 0.41
Mon Jan 31 09:49:46 2022
batch 50, train loss = 0.42, mean loss = 0.41
Mon Jan 31 09:50:56 2022
batch 60, train loss = 0.19, mean loss = 0.40
Mon Jan 31 09:52:03 2022
train Loss: 0.40

batch 0, val loss = 0.13, mean loss = 0.13
Mon Jan 31 09:53:06 2022
batch 10, val loss = 0.12, mean loss = 0.13
Mon Jan 31 09:54:13 2022
val Loss: 0.13

epoch 71 was done for 587.486094 seconds
Epoch 72/299
----------
Mon Jan 31 09:54:58 2022
batch 0, train loss = 0.22, mean loss = 0.22
Mon Jan 31 09:55:05 2022
batch 10, train loss = 0.45, mean loss = 0.41
Mon Jan 31 09:56:11 2022
batch 20, train loss = 0.25, mean loss = 0.41
Mon Jan 31 09:57:18 2022
batch 30, train loss = 0.45, mean loss = 0.42
Mon Jan 31 09:58:25 2022
batch 40, train loss = 0.18, mean loss = 0.41
Mon Jan 31 09:59:33 2022
batch 50, train loss = 0.42, mean loss = 0.41
Mon Jan 31 10:00:41 2022
batch 60, train loss = 0.16, mean loss = 0.40
Mon Jan 31 10:01:48 2022
train Loss: 0.40

batch 0, val loss = 0.14, mean loss = 0.14
Mon Jan 31 10:02:51 2022
batch 10, val loss = 0.12, mean loss = 0.12
Mon Jan 31 10:03:57 2022
val Loss: 0.12

epoch 72 was done for 585.038503 seconds
Epoch 73/299
----------
Mon Jan 31 10:04:43 2022
batch 0, train loss = 0.19, mean loss = 0.19
Mon Jan 31 10:04:49 2022
batch 10, train loss = 0.44, mean loss = 0.40
Mon Jan 31 10:05:56 2022
batch 20, train loss = 0.20, mean loss = 0.40
Mon Jan 31 10:07:04 2022
batch 30, train loss = 0.43, mean loss = 0.40
Mon Jan 31 10:08:11 2022
batch 40, train loss = 0.18, mean loss = 0.40
Mon Jan 31 10:09:17 2022
batch 50, train loss = 0.42, mean loss = 0.40
Mon Jan 31 10:10:24 2022
batch 60, train loss = 0.17, mean loss = 0.39
Mon Jan 31 10:11:31 2022
train Loss: 0.39

batch 0, val loss = 0.13, mean loss = 0.13
Mon Jan 31 10:12:34 2022
batch 10, val loss = 0.12, mean loss = 0.12
Mon Jan 31 10:13:42 2022
val Loss: 0.12

epoch 73 was done for 584.609543 seconds
Epoch 74/299
----------
Mon Jan 31 10:14:28 2022
batch 0, train loss = 0.16, mean loss = 0.16
Mon Jan 31 10:14:34 2022
batch 10, train loss = 0.42, mean loss = 0.40
Mon Jan 31 10:15:40 2022
batch 20, train loss = 0.18, mean loss = 0.39
Mon Jan 31 10:16:46 2022
batch 30, train loss = 0.45, mean loss = 0.39
Mon Jan 31 10:17:52 2022
batch 40, train loss = 0.14, mean loss = 0.39
Mon Jan 31 10:18:59 2022
batch 50, train loss = 0.43, mean loss = 0.39
Mon Jan 31 10:20:06 2022
batch 60, train loss = 0.14, mean loss = 0.38
Mon Jan 31 10:21:13 2022
train Loss: 0.39

batch 0, val loss = 0.09, mean loss = 0.09
Mon Jan 31 10:22:18 2022
batch 10, val loss = 0.12, mean loss = 0.12
Mon Jan 31 10:23:25 2022
val Loss: 0.12

epoch 74 was done for 582.532632 seconds
Epoch 75/299
----------
Mon Jan 31 10:24:11 2022
batch 0, train loss = 0.15, mean loss = 0.15
Mon Jan 31 10:24:17 2022
batch 10, train loss = 0.45, mean loss = 0.40
Mon Jan 31 10:25:24 2022
batch 20, train loss = 0.17, mean loss = 0.39
Mon Jan 31 10:26:30 2022
batch 30, train loss = 0.47, mean loss = 0.40
Mon Jan 31 10:27:37 2022
batch 40, train loss = 0.16, mean loss = 0.39
Mon Jan 31 10:28:43 2022
batch 50, train loss = 0.44, mean loss = 0.39
Mon Jan 31 10:29:49 2022
batch 60, train loss = 0.18, mean loss = 0.39
Mon Jan 31 10:30:55 2022
train Loss: 0.39

batch 0, val loss = 0.13, mean loss = 0.13
Mon Jan 31 10:31:58 2022
batch 10, val loss = 0.13, mean loss = 0.13
Mon Jan 31 10:33:04 2022
val Loss: 0.13

epoch 75 was done for 578.572234 seconds
Epoch 76/299
----------
Mon Jan 31 10:33:49 2022
batch 0, train loss = 0.18, mean loss = 0.18
Mon Jan 31 10:33:55 2022
batch 10, train loss = 0.49, mean loss = 0.42
Mon Jan 31 10:35:02 2022
batch 20, train loss = 0.28, mean loss = 0.43
Mon Jan 31 10:36:09 2022
batch 30, train loss = 0.47, mean loss = 0.43
Mon Jan 31 10:37:15 2022
batch 40, train loss = 0.32, mean loss = 0.42
Mon Jan 31 10:38:21 2022
batch 50, train loss = 0.44, mean loss = 0.42
Mon Jan 31 10:39:27 2022
batch 60, train loss = 0.23, mean loss = 0.41
Mon Jan 31 10:40:32 2022
train Loss: 0.41

batch 0, val loss = 0.13, mean loss = 0.13
Mon Jan 31 10:41:35 2022
batch 10, val loss = 0.13, mean loss = 0.13
Mon Jan 31 10:42:41 2022
val Loss: 0.13

epoch 76 was done for 577.383914 seconds
Epoch 77/299
----------
Mon Jan 31 10:43:27 2022
batch 0, train loss = 0.24, mean loss = 0.24
Mon Jan 31 10:43:33 2022
batch 10, train loss = 0.48, mean loss = 0.40
Mon Jan 31 10:44:39 2022
batch 20, train loss = 0.24, mean loss = 0.41
Mon Jan 31 10:45:46 2022
batch 30, train loss = 0.47, mean loss = 0.42
Mon Jan 31 10:46:51 2022
batch 40, train loss = 0.21, mean loss = 0.41
Mon Jan 31 10:47:57 2022
batch 50, train loss = 0.41, mean loss = 0.41
Mon Jan 31 10:49:04 2022
batch 60, train loss = 0.17, mean loss = 0.40
Mon Jan 31 10:50:11 2022
train Loss: 0.40

batch 0, val loss = 0.13, mean loss = 0.13
Mon Jan 31 10:51:12 2022
