The activation script must be sourced, otherwise the virtual environment will not work.
Setting vars
iscuda= True
opt.wandb =  
iscuda= True
93
opt.wandb =  
93
file to frame csv ../../csv/598frame.csv
file to frame csv ../../csv/598frame.csv
iscuda= True
iscuda= True
PyTorch Version:  1.8.1
Torchvision Version:  0.9.0a0
opt:
 Namespace(ampl=441, aug_gt='orient', batch_output=2, bs=15, cencrop=700, center=False, chidden_dim=[96, 128, 256, 256, 256], classicnorm=False, cmscrop=0, conTrain='', criterion='L2', csvname='598csv9', datapath='/p/project/delia-mp/cherepashkin1/phenoseed/', dfname='598frame', downsample=1, epoch=300, expdescr='', expnum='e068', feature_extract=False, framelim=6000, gradient_predivide_factor=1.0, gttype='single_file', haf=True, hidden_dim=[9], inputt='img', kernel_sizes=[7, 3, 3, 3, 3, 3], lb='orient', loadh5=False, localexp='', lr=5e-05, machine='jureca', maintain=False, maintain_line=False, man_dist=False, measure_time=False, merging='batch', minmax=False, minmax3dimage=False, minmax_f=True, minmax_fn='', model_name='', netname=['cnet'], ngpu=4, noise_input=False, noise_output=False, normalize=False, num_input_images=3, num_sam_points=500, num_workers=0, outputt='orient', parallel='horovod', pin_memory=False, print_minibatch=10, pscale=100, rand_angle=False, rescale=500, rot_dirs=False, rotate_output=False, save_output=True, single_folder=False, specie='598', standardize=255, steplr=[1000.0, 1.0], transappendix='_image', ufmodel=100000, updateFraction=0.25, use_adasum=False, use_cuda=True, use_existing_csv=True, use_pretrained=False, use_sep_csv=True, view_sep=False, wandb='', weight_decay=0, zero_angle=True)
sys.argv:
 ['../../main.py', '-datapath', '/p/project/delia-mp/cherepashkin1/phenoseed/', '-epoch', '300', '-bs', '15', '-num_input_images', '3', '-framelim', '6000', '-criterion', 'L2', '-localexp', '', '-lr', '5e-5', '-expnum', 'e068', '-hidden_dim', '9', '-inputt', 'img', '-outputt', 'orient', '-lb', 'orient', '-no_loadh5', '-minmax_fn', '', '-parallel', 'horovod', '-machine', 'jureca', '-merging', 'batch', '-aug_gt', 'orient', '-updateFraction', '0.25', '-steplr', '1000', '1', '-print_minibatch', '10', '-dfname', '598frame']
seed =  0
path were main.py is located= ../../
opt.wandb =  
93
opt.wandb =  
file to frame csv ../../csv/598frame.csv
93
file to frame csv ../../csv/598frame.csv
lframe's length after laoding =  5283
lframe's length after laoding =  5283
lframe's length after laoding =  5283
lframe's length after laoding =  5283
lframe len after excluding all exceptions= 5200
lframe len after excluding all exceptions= 5200
lframe len after excluding all exceptions= 5200
lframe len after excluding all exceptions= 5200
len train =  4160
len train =  4160
len train =  4160
len train =  4160
train consists of 277 full batches with 15 tensors with 3 views
the last batch has size of 5 tensors with 3 views
val consists of 69 full batches with 15 tensors with 3 views
the last batch has size of 5 tensors with 3 views
Epoch 0/299
----------
Sun Jan 30 23:49:57 2022
batch 0, train loss = 0.52, mean loss = 0.52
Sun Jan 30 23:50:10 2022
batch 10, train loss = 16.31, mean loss = 34.05
Sun Jan 30 23:51:21 2022
batch 20, train loss = 14.47, mean loss = 27.28
Sun Jan 30 23:52:31 2022
batch 30, train loss = 9.74, mean loss = 20.22
Sun Jan 30 23:53:41 2022
batch 40, train loss = 1.65, mean loss = 16.29
Sun Jan 30 23:54:50 2022
batch 50, train loss = 1.71, mean loss = 13.90
Sun Jan 30 23:55:59 2022
batch 60, train loss = 2.59, mean loss = 11.93
Sun Jan 30 23:57:09 2022
train Loss: 10.65

batch 0, val loss = 0.02, mean loss = 0.02
Sun Jan 30 23:58:13 2022
batch 10, val loss = 0.02, mean loss = 0.02
Sun Jan 30 23:59:23 2022
val Loss: 0.02

epoch 0 was done for 612.648151 seconds
Epoch 1/299
----------
Mon Jan 31 00:00:10 2022
batch 0, train loss = 0.89, mean loss = 0.89
Mon Jan 31 00:00:15 2022
batch 10, train loss = 1.34, mean loss = 1.41
Mon Jan 31 00:01:09 2022
batch 20, train loss = 0.88, mean loss = 1.20
Mon Jan 31 00:02:04 2022
batch 30, train loss = 0.85, mean loss = 1.09
Mon Jan 31 00:02:57 2022
batch 40, train loss = 0.58, mean loss = 1.00
Mon Jan 31 00:03:51 2022
batch 50, train loss = 0.58, mean loss = 0.93
Mon Jan 31 00:04:45 2022
batch 60, train loss = 0.51, mean loss = 0.87
Mon Jan 31 00:05:38 2022
train Loss: 0.82

batch 0, val loss = 0.03, mean loss = 0.03
Mon Jan 31 00:06:28 2022
batch 10, val loss = 0.02, mean loss = 0.03
Mon Jan 31 00:07:22 2022
val Loss: 0.03

epoch 1 was done for 469.254997 seconds
Epoch 2/299
----------
Mon Jan 31 00:07:59 2022
batch 0, train loss = 0.48, mean loss = 0.48
Mon Jan 31 00:08:05 2022
batch 10, train loss = 0.42, mean loss = 0.44
Mon Jan 31 00:08:59 2022
batch 20, train loss = 0.43, mean loss = 0.44
Mon Jan 31 00:09:54 2022
batch 30, train loss = 0.42, mean loss = 0.43
Mon Jan 31 00:10:49 2022
batch 40, train loss = 0.36, mean loss = 0.42
Mon Jan 31 00:11:43 2022
batch 50, train loss = 0.36, mean loss = 0.41
Mon Jan 31 00:12:38 2022
batch 60, train loss = 0.35, mean loss = 0.41
Mon Jan 31 00:13:33 2022
train Loss: 0.40

batch 0, val loss = 0.03, mean loss = 0.03
Mon Jan 31 00:14:24 2022
batch 10, val loss = 0.03, mean loss = 0.03
Mon Jan 31 00:15:18 2022
val Loss: 0.03

epoch 2 was done for 476.797798 seconds
Epoch 3/299
----------
Mon Jan 31 00:15:56 2022
batch 0, train loss = 0.31, mean loss = 0.31
Mon Jan 31 00:16:01 2022
batch 10, train loss = 0.33, mean loss = 0.35
Mon Jan 31 00:16:55 2022
batch 20, train loss = 0.34, mean loss = 0.35
Mon Jan 31 00:17:49 2022
batch 30, train loss = 0.36, mean loss = 0.35
Mon Jan 31 00:18:42 2022
batch 40, train loss = 0.32, mean loss = 0.35
Mon Jan 31 00:19:36 2022
batch 50, train loss = 0.33, mean loss = 0.35
Mon Jan 31 00:20:29 2022
batch 60, train loss = 0.33, mean loss = 0.35
Mon Jan 31 00:21:23 2022
train Loss: 0.35

batch 0, val loss = 0.03, mean loss = 0.03
Mon Jan 31 00:22:13 2022
batch 10, val loss = 0.03, mean loss = 0.03
Mon Jan 31 00:23:07 2022
val Loss: 0.03

epoch 3 was done for 467.749189 seconds
Epoch 4/299
----------
Mon Jan 31 00:23:44 2022
batch 0, train loss = 0.30, mean loss = 0.30
Mon Jan 31 00:23:49 2022
batch 10, train loss = 0.32, mean loss = 0.34
Mon Jan 31 00:24:43 2022
batch 20, train loss = 0.33, mean loss = 0.34
Mon Jan 31 00:25:36 2022
batch 30, train loss = 0.36, mean loss = 0.34
Mon Jan 31 00:26:30 2022
batch 40, train loss = 0.29, mean loss = 0.34
Mon Jan 31 00:27:23 2022
batch 50, train loss = 0.31, mean loss = 0.34
Mon Jan 31 00:28:17 2022
batch 60, train loss = 0.29, mean loss = 0.33
Mon Jan 31 00:29:11 2022
train Loss: 0.33

batch 0, val loss = 0.03, mean loss = 0.03
Mon Jan 31 00:30:01 2022
batch 10, val loss = 0.03, mean loss = 0.03
Mon Jan 31 00:30:55 2022
val Loss: 0.03

epoch 4 was done for 468.221055 seconds
Epoch 5/299
----------
Mon Jan 31 00:31:32 2022
batch 0, train loss = 0.29, mean loss = 0.29
Mon Jan 31 00:31:37 2022
batch 10, train loss = 0.33, mean loss = 0.32
Mon Jan 31 00:32:32 2022
batch 20, train loss = 0.32, mean loss = 0.33
Mon Jan 31 00:33:26 2022
batch 30, train loss = 0.36, mean loss = 0.33
Mon Jan 31 00:34:20 2022
batch 40, train loss = 0.27, mean loss = 0.33
Mon Jan 31 00:35:14 2022
batch 50, train loss = 0.31, mean loss = 0.33
Mon Jan 31 00:36:08 2022
batch 60, train loss = 0.28, mean loss = 0.32
Mon Jan 31 00:37:02 2022
train Loss: 0.33

batch 0, val loss = 0.03, mean loss = 0.03
Mon Jan 31 00:37:52 2022
batch 10, val loss = 0.03, mean loss = 0.03
Mon Jan 31 00:38:47 2022
val Loss: 0.03

epoch 5 was done for 472.563025 seconds
Epoch 6/299
----------
Mon Jan 31 00:39:24 2022
batch 0, train loss = 0.27, mean loss = 0.27
Mon Jan 31 00:39:30 2022
batch 10, train loss = 0.32, mean loss = 0.32
Mon Jan 31 00:40:23 2022
batch 20, train loss = 0.30, mean loss = 0.32
Mon Jan 31 00:41:17 2022
batch 30, train loss = 0.35, mean loss = 0.32
Mon Jan 31 00:42:11 2022
batch 40, train loss = 0.25, mean loss = 0.32
Mon Jan 31 00:43:04 2022
batch 50, train loss = 0.30, mean loss = 0.32
Mon Jan 31 00:43:57 2022
batch 60, train loss = 0.27, mean loss = 0.32
Mon Jan 31 00:44:51 2022
train Loss: 0.32

batch 0, val loss = 0.03, mean loss = 0.03
Mon Jan 31 00:45:41 2022
batch 10, val loss = 0.02, mean loss = 0.03
Mon Jan 31 00:46:35 2022
val Loss: 0.03

epoch 6 was done for 467.265237 seconds
Epoch 7/299
----------
Mon Jan 31 00:47:12 2022
batch 0, train loss = 0.26, mean loss = 0.26
Mon Jan 31 00:47:17 2022
batch 10, train loss = 0.31, mean loss = 0.31
Mon Jan 31 00:48:10 2022
batch 20, train loss = 0.29, mean loss = 0.31
Mon Jan 31 00:49:04 2022
batch 30, train loss = 0.34, mean loss = 0.32
Mon Jan 31 00:49:58 2022
batch 40, train loss = 0.25, mean loss = 0.31
Mon Jan 31 00:50:51 2022
batch 50, train loss = 0.30, mean loss = 0.32
Mon Jan 31 00:51:44 2022
batch 60, train loss = 0.26, mean loss = 0.31
Mon Jan 31 00:52:38 2022
train Loss: 0.31

batch 0, val loss = 0.03, mean loss = 0.03
Mon Jan 31 00:53:28 2022
batch 10, val loss = 0.03, mean loss = 0.03
Mon Jan 31 00:54:22 2022
val Loss: 0.03

epoch 7 was done for 467.319029 seconds
Epoch 8/299
----------
Mon Jan 31 00:54:59 2022
batch 0, train loss = 0.26, mean loss = 0.26
Mon Jan 31 00:55:04 2022
batch 10, train loss = 0.31, mean loss = 0.31
Mon Jan 31 00:55:58 2022
batch 20, train loss = 0.29, mean loss = 0.31
Mon Jan 31 00:56:51 2022
batch 30, train loss = 0.34, mean loss = 0.32
Mon Jan 31 00:57:45 2022
batch 40, train loss = 0.24, mean loss = 0.31
Mon Jan 31 00:58:38 2022
batch 50, train loss = 0.30, mean loss = 0.31
Mon Jan 31 00:59:32 2022
batch 60, train loss = 0.25, mean loss = 0.31
Mon Jan 31 01:00:25 2022
train Loss: 0.31

batch 0, val loss = 0.02, mean loss = 0.02
Mon Jan 31 01:01:16 2022
batch 10, val loss = 0.03, mean loss = 0.03
Mon Jan 31 01:02:11 2022
val Loss: 0.03

epoch 8 was done for 469.299506 seconds
Epoch 9/299
----------
Mon Jan 31 01:02:48 2022
batch 0, train loss = 0.25, mean loss = 0.25
Mon Jan 31 01:02:54 2022
batch 10, train loss = 0.31, mean loss = 0.31
Mon Jan 31 01:03:47 2022
batch 20, train loss = 0.28, mean loss = 0.31
Mon Jan 31 01:04:41 2022
batch 30, train loss = 0.34, mean loss = 0.31
Mon Jan 31 01:05:35 2022
batch 40, train loss = 0.23, mean loss = 0.31
Mon Jan 31 01:06:28 2022
batch 50, train loss = 0.29, mean loss = 0.31
Mon Jan 31 01:07:22 2022
batch 60, train loss = 0.24, mean loss = 0.31
Mon Jan 31 01:08:16 2022
train Loss: 0.31

batch 0, val loss = 0.03, mean loss = 0.03
Mon Jan 31 01:09:06 2022
batch 10, val loss = 0.03, mean loss = 0.03
Mon Jan 31 01:10:00 2022
val Loss: 0.03

epoch 9 was done for 468.939902 seconds
Epoch 10/299
----------
Mon Jan 31 01:10:37 2022
batch 0, train loss = 0.24, mean loss = 0.24
Mon Jan 31 01:10:43 2022
batch 10, train loss = 0.30, mean loss = 0.31
Mon Jan 31 01:11:36 2022
batch 20, train loss = 0.27, mean loss = 0.31
Mon Jan 31 01:12:30 2022
batch 30, train loss = 0.34, mean loss = 0.31
Mon Jan 31 01:13:24 2022
batch 40, train loss = 0.23, mean loss = 0.31
Mon Jan 31 01:14:18 2022
batch 50, train loss = 0.29, mean loss = 0.31
Mon Jan 31 01:15:12 2022
batch 60, train loss = 0.23, mean loss = 0.31
Mon Jan 31 01:16:05 2022
train Loss: 0.31

batch 0, val loss = 0.03, mean loss = 0.03
Mon Jan 31 01:16:56 2022
batch 10, val loss = 0.03, mean loss = 0.03
Mon Jan 31 01:17:50 2022
val Loss: 0.03

epoch 10 was done for 469.682119 seconds
Epoch 11/299
----------
Mon Jan 31 01:18:27 2022
batch 0, train loss = 0.24, mean loss = 0.24
Mon Jan 31 01:18:32 2022
batch 10, train loss = 0.30, mean loss = 0.31
Mon Jan 31 01:19:26 2022
batch 20, train loss = 0.27, mean loss = 0.31
Mon Jan 31 01:20:20 2022
batch 30, train loss = 0.33, mean loss = 0.31
Mon Jan 31 01:21:13 2022
batch 40, train loss = 0.22, mean loss = 0.31
Mon Jan 31 01:22:07 2022
batch 50, train loss = 0.29, mean loss = 0.31
Mon Jan 31 01:23:00 2022
batch 60, train loss = 0.23, mean loss = 0.31
Mon Jan 31 01:23:55 2022
train Loss: 0.31

batch 0, val loss = 0.03, mean loss = 0.03
Mon Jan 31 01:24:45 2022
batch 10, val loss = 0.03, mean loss = 0.03
Mon Jan 31 01:25:40 2022
val Loss: 0.02

epoch 11 was done for 469.834503 seconds
Epoch 12/299
----------
Mon Jan 31 01:26:17 2022
batch 0, train loss = 0.23, mean loss = 0.23
Mon Jan 31 01:26:22 2022
batch 10, train loss = 0.30, mean loss = 0.31
Mon Jan 31 01:27:15 2022
batch 20, train loss = 0.26, mean loss = 0.31
Mon Jan 31 01:28:09 2022
batch 30, train loss = 0.33, mean loss = 0.31
Mon Jan 31 01:29:02 2022
batch 40, train loss = 0.21, mean loss = 0.31
Mon Jan 31 01:29:56 2022
batch 50, train loss = 0.29, mean loss = 0.31
Mon Jan 31 01:30:49 2022
batch 60, train loss = 0.22, mean loss = 0.31
Mon Jan 31 01:31:43 2022
train Loss: 0.31

batch 0, val loss = 0.03, mean loss = 0.03
Mon Jan 31 01:32:33 2022
batch 10, val loss = 0.03, mean loss = 0.03
Mon Jan 31 01:33:27 2022
val Loss: 0.02

epoch 12 was done for 467.171414 seconds
Epoch 13/299
----------
Mon Jan 31 01:34:04 2022
batch 0, train loss = 0.23, mean loss = 0.23
Mon Jan 31 01:34:09 2022
batch 10, train loss = 0.30, mean loss = 0.31
Mon Jan 31 01:35:03 2022
batch 20, train loss = 0.26, mean loss = 0.31
Mon Jan 31 01:35:57 2022
batch 30, train loss = 0.34, mean loss = 0.31
Mon Jan 31 01:36:51 2022
batch 40, train loss = 0.21, mean loss = 0.31
Mon Jan 31 01:37:44 2022
batch 50, train loss = 0.29, mean loss = 0.31
Mon Jan 31 01:38:38 2022
batch 60, train loss = 0.21, mean loss = 0.31
Mon Jan 31 01:39:31 2022
train Loss: 0.31

batch 0, val loss = 0.03, mean loss = 0.03
Mon Jan 31 01:40:22 2022
batch 10, val loss = 0.03, mean loss = 0.03
Mon Jan 31 01:41:16 2022
val Loss: 0.02

epoch 13 was done for 469.607014 seconds
Epoch 14/299
----------
Mon Jan 31 01:41:54 2022
batch 0, train loss = 0.22, mean loss = 0.22
Mon Jan 31 01:41:59 2022
batch 10, train loss = 0.30, mean loss = 0.31
Mon Jan 31 01:42:53 2022
batch 20, train loss = 0.25, mean loss = 0.31
Mon Jan 31 01:43:47 2022
batch 30, train loss = 0.34, mean loss = 0.31
Mon Jan 31 01:44:41 2022
batch 40, train loss = 0.20, mean loss = 0.31
Mon Jan 31 01:45:34 2022
batch 50, train loss = 0.29, mean loss = 0.31
Mon Jan 31 01:46:28 2022
batch 60, train loss = 0.21, mean loss = 0.31
Mon Jan 31 01:47:22 2022
train Loss: 0.31

batch 0, val loss = 0.02, mean loss = 0.02
Mon Jan 31 01:48:13 2022
batch 10, val loss = 0.03, mean loss = 0.03
Mon Jan 31 01:49:08 2022
val Loss: 0.02

epoch 14 was done for 471.889534 seconds
Epoch 15/299
----------
Mon Jan 31 01:49:45 2022
batch 0, train loss = 0.21, mean loss = 0.21
Mon Jan 31 01:49:51 2022
batch 10, train loss = 0.30, mean loss = 0.30
Mon Jan 31 01:50:44 2022
batch 20, train loss = 0.25, mean loss = 0.31
Mon Jan 31 01:51:38 2022
batch 30, train loss = 0.34, mean loss = 0.31
Mon Jan 31 01:52:32 2022
batch 40, train loss = 0.19, mean loss = 0.31
Mon Jan 31 01:53:25 2022
batch 50, train loss = 0.29, mean loss = 0.31
Mon Jan 31 01:54:19 2022
batch 60, train loss = 0.20, mean loss = 0.31
Mon Jan 31 01:55:13 2022
train Loss: 0.31

batch 0, val loss = 0.02, mean loss = 0.02
Mon Jan 31 01:56:03 2022
batch 10, val loss = 0.03, mean loss = 0.03
Mon Jan 31 01:56:57 2022
val Loss: 0.02

epoch 15 was done for 468.925148 seconds
Epoch 16/299
----------
Mon Jan 31 01:57:34 2022
batch 0, train loss = 0.21, mean loss = 0.21
Mon Jan 31 01:57:40 2022
batch 10, train loss = 0.29, mean loss = 0.30
Mon Jan 31 01:58:34 2022
batch 20, train loss = 0.24, mean loss = 0.30
Mon Jan 31 01:59:28 2022
batch 30, train loss = 0.34, mean loss = 0.31
Mon Jan 31 02:00:22 2022
batch 40, train loss = 0.18, mean loss = 0.31
Mon Jan 31 02:01:16 2022
batch 50, train loss = 0.29, mean loss = 0.31
Mon Jan 31 02:02:10 2022
batch 60, train loss = 0.19, mean loss = 0.31
Mon Jan 31 02:03:05 2022
train Loss: 0.31

batch 0, val loss = 0.02, mean loss = 0.02
Mon Jan 31 02:03:55 2022
batch 10, val loss = 0.03, mean loss = 0.03
Mon Jan 31 02:04:50 2022
val Loss: 0.02

epoch 16 was done for 472.638428 seconds
Epoch 17/299
----------
Mon Jan 31 02:05:27 2022
batch 0, train loss = 0.20, mean loss = 0.20
Mon Jan 31 02:05:32 2022
batch 10, train loss = 0.29, mean loss = 0.30
Mon Jan 31 02:06:26 2022
batch 20, train loss = 0.23, mean loss = 0.30
Mon Jan 31 02:07:20 2022
batch 30, train loss = 0.34, mean loss = 0.31
Mon Jan 31 02:08:13 2022
batch 40, train loss = 0.18, mean loss = 0.31
Mon Jan 31 02:09:07 2022
batch 50, train loss = 0.29, mean loss = 0.31
Mon Jan 31 02:10:01 2022
batch 60, train loss = 0.18, mean loss = 0.31
Mon Jan 31 02:10:55 2022
train Loss: 0.31

batch 0, val loss = 0.02, mean loss = 0.02
Mon Jan 31 02:11:45 2022
batch 10, val loss = 0.03, mean loss = 0.03
Mon Jan 31 02:12:40 2022
val Loss: 0.02

epoch 17 was done for 470.395481 seconds
Epoch 18/299
----------
Mon Jan 31 02:13:17 2022
batch 0, train loss = 0.19, mean loss = 0.19
Mon Jan 31 02:13:23 2022
batch 10, train loss = 0.29, mean loss = 0.30
Mon Jan 31 02:14:16 2022
batch 20, train loss = 0.22, mean loss = 0.30
Mon Jan 31 02:15:10 2022
batch 30, train loss = 0.35, mean loss = 0.31
Mon Jan 31 02:16:03 2022
batch 40, train loss = 0.17, mean loss = 0.31
Mon Jan 31 02:16:57 2022
batch 50, train loss = 0.29, mean loss = 0.31
Mon Jan 31 02:17:51 2022
batch 60, train loss = 0.17, mean loss = 0.31
Mon Jan 31 02:18:47 2022
train Loss: 0.31

batch 0, val loss = 0.02, mean loss = 0.02
Mon Jan 31 02:19:37 2022
batch 10, val loss = 0.02, mean loss = 0.03
Mon Jan 31 02:20:31 2022
val Loss: 0.02

epoch 18 was done for 470.528752 seconds
Epoch 19/299
----------
Mon Jan 31 02:21:08 2022
batch 0, train loss = 0.19, mean loss = 0.19
Mon Jan 31 02:21:13 2022
batch 10, train loss = 0.29, mean loss = 0.30
Mon Jan 31 02:22:07 2022
batch 20, train loss = 0.22, mean loss = 0.30
Mon Jan 31 02:23:01 2022
batch 30, train loss = 0.35, mean loss = 0.31
Mon Jan 31 02:23:55 2022
batch 40, train loss = 0.16, mean loss = 0.31
Mon Jan 31 02:24:49 2022
batch 50, train loss = 0.30, mean loss = 0.31
Mon Jan 31 02:25:43 2022
batch 60, train loss = 0.16, mean loss = 0.31
Mon Jan 31 02:26:37 2022
train Loss: 0.31

batch 0, val loss = 0.02, mean loss = 0.02
Mon Jan 31 02:27:27 2022
batch 10, val loss = 0.02, mean loss = 0.03
Mon Jan 31 02:28:21 2022
val Loss: 0.02

epoch 19 was done for 470.083553 seconds
Epoch 20/299
----------
Mon Jan 31 02:28:58 2022
batch 0, train loss = 0.18, mean loss = 0.18
Mon Jan 31 02:29:03 2022
batch 10, train loss = 0.29, mean loss = 0.30
Mon Jan 31 02:29:57 2022
batch 20, train loss = 0.21, mean loss = 0.30
Mon Jan 31 02:30:51 2022
batch 30, train loss = 0.35, mean loss = 0.31
Mon Jan 31 02:31:45 2022
batch 40, train loss = 0.15, mean loss = 0.31
Mon Jan 31 02:32:39 2022
batch 50, train loss = 0.30, mean loss = 0.31
Mon Jan 31 02:33:32 2022
batch 60, train loss = 0.16, mean loss = 0.31
Mon Jan 31 02:34:26 2022
train Loss: 0.31

batch 0, val loss = 0.02, mean loss = 0.02
Mon Jan 31 02:35:17 2022
batch 10, val loss = 0.02, mean loss = 0.03
Mon Jan 31 02:36:12 2022
val Loss: 0.02

epoch 20 was done for 470.897965 seconds
Epoch 21/299
----------
Mon Jan 31 02:36:49 2022
batch 0, train loss = 0.17, mean loss = 0.17
Mon Jan 31 02:36:54 2022
batch 10, train loss = 0.29, mean loss = 0.30
Mon Jan 31 02:37:48 2022
batch 20, train loss = 0.20, mean loss = 0.30
Mon Jan 31 02:38:42 2022
batch 30, train loss = 0.35, mean loss = 0.31
Mon Jan 31 02:39:35 2022
batch 40, train loss = 0.14, mean loss = 0.30
Mon Jan 31 02:40:29 2022
batch 50, train loss = 0.30, mean loss = 0.31
Mon Jan 31 02:41:23 2022
batch 60, train loss = 0.15, mean loss = 0.30
Mon Jan 31 02:42:16 2022
train Loss: 0.31

batch 0, val loss = 0.02, mean loss = 0.02
Mon Jan 31 02:43:07 2022
batch 10, val loss = 0.02, mean loss = 0.03
Mon Jan 31 02:44:01 2022
val Loss: 0.02

epoch 21 was done for 469.249304 seconds
Epoch 22/299
----------
Mon Jan 31 02:44:38 2022
batch 0, train loss = 0.17, mean loss = 0.17
Mon Jan 31 02:44:44 2022
batch 10, train loss = 0.29, mean loss = 0.30
Mon Jan 31 02:45:38 2022
batch 20, train loss = 0.19, mean loss = 0.30
Mon Jan 31 02:46:32 2022
batch 30, train loss = 0.35, mean loss = 0.31
Mon Jan 31 02:47:26 2022
batch 40, train loss = 0.13, mean loss = 0.30
Mon Jan 31 02:48:20 2022
batch 50, train loss = 0.30, mean loss = 0.31
Mon Jan 31 02:49:13 2022
batch 60, train loss = 0.14, mean loss = 0.30
Mon Jan 31 02:50:07 2022
train Loss: 0.31

batch 0, val loss = 0.02, mean loss = 0.02
Mon Jan 31 02:50:58 2022
batch 10, val loss = 0.02, mean loss = 0.03
Mon Jan 31 02:51:52 2022
val Loss: 0.02

epoch 22 was done for 471.161013 seconds
Epoch 23/299
----------
Mon Jan 31 02:52:29 2022
batch 0, train loss = 0.16, mean loss = 0.16
Mon Jan 31 02:52:35 2022
batch 10, train loss = 0.29, mean loss = 0.30
Mon Jan 31 02:53:28 2022
batch 20, train loss = 0.18, mean loss = 0.30
Mon Jan 31 02:54:22 2022
batch 30, train loss = 0.35, mean loss = 0.31
Mon Jan 31 02:55:16 2022
batch 40, train loss = 0.12, mean loss = 0.30
Mon Jan 31 02:56:10 2022
batch 50, train loss = 0.30, mean loss = 0.31
Mon Jan 31 02:57:04 2022
batch 60, train loss = 0.13, mean loss = 0.30
Mon Jan 31 02:57:58 2022
train Loss: 0.31

batch 0, val loss = 0.02, mean loss = 0.02
Mon Jan 31 02:58:48 2022
batch 10, val loss = 0.02, mean loss = 0.03
Mon Jan 31 02:59:42 2022
val Loss: 0.02

epoch 23 was done for 470.110168 seconds
Epoch 24/299
----------
Mon Jan 31 03:00:19 2022
batch 0, train loss = 0.15, mean loss = 0.15
Mon Jan 31 03:00:25 2022
batch 10, train loss = 0.29, mean loss = 0.30
Mon Jan 31 03:01:18 2022
batch 20, train loss = 0.17, mean loss = 0.30
Mon Jan 31 03:02:12 2022
batch 30, train loss = 0.35, mean loss = 0.31
Mon Jan 31 03:03:06 2022
batch 40, train loss = 0.12, mean loss = 0.30
Mon Jan 31 03:04:00 2022
batch 50, train loss = 0.30, mean loss = 0.31
Mon Jan 31 03:04:53 2022
batch 60, train loss = 0.12, mean loss = 0.30
Mon Jan 31 03:05:47 2022
train Loss: 0.31

batch 0, val loss = 0.02, mean loss = 0.02
Mon Jan 31 03:06:38 2022
batch 10, val loss = 0.02, mean loss = 0.03
Mon Jan 31 03:07:32 2022
val Loss: 0.03

epoch 24 was done for 469.671238 seconds
Epoch 25/299
----------
Mon Jan 31 03:08:09 2022
batch 0, train loss = 0.15, mean loss = 0.15
Mon Jan 31 03:08:15 2022
batch 10, train loss = 0.30, mean loss = 0.30
Mon Jan 31 03:09:08 2022
batch 20, train loss = 0.16, mean loss = 0.30
Mon Jan 31 03:10:02 2022
batch 30, train loss = 0.36, mean loss = 0.31
Mon Jan 31 03:10:56 2022
batch 40, train loss = 0.11, mean loss = 0.30
Mon Jan 31 03:11:50 2022
batch 50, train loss = 0.30, mean loss = 0.31
Mon Jan 31 03:12:44 2022
batch 60, train loss = 0.11, mean loss = 0.30
Mon Jan 31 03:13:38 2022
train Loss: 0.31

batch 0, val loss = 0.03, mean loss = 0.03
Mon Jan 31 03:14:28 2022
batch 10, val loss = 0.02, mean loss = 0.03
Mon Jan 31 03:15:22 2022
val Loss: 0.03

epoch 25 was done for 470.251613 seconds
Epoch 26/299
----------
Mon Jan 31 03:15:59 2022
batch 0, train loss = 0.14, mean loss = 0.14
Mon Jan 31 03:16:05 2022
batch 10, train loss = 0.30, mean loss = 0.30
Mon Jan 31 03:16:58 2022
batch 20, train loss = 0.15, mean loss = 0.30
Mon Jan 31 03:17:52 2022
batch 30, train loss = 0.36, mean loss = 0.31
Mon Jan 31 03:18:46 2022
batch 40, train loss = 0.10, mean loss = 0.30
Mon Jan 31 03:19:39 2022
batch 50, train loss = 0.30, mean loss = 0.31
Mon Jan 31 03:20:33 2022
batch 60, train loss = 0.10, mean loss = 0.30
Mon Jan 31 03:21:27 2022
train Loss: 0.31

batch 0, val loss = 0.03, mean loss = 0.03
Mon Jan 31 03:22:17 2022
batch 10, val loss = 0.02, mean loss = 0.03
Mon Jan 31 03:23:11 2022
val Loss: 0.03

epoch 26 was done for 468.714688 seconds
Epoch 27/299
----------
Mon Jan 31 03:23:48 2022
batch 0, train loss = 0.13, mean loss = 0.13
Mon Jan 31 03:23:54 2022
batch 10, train loss = 0.30, mean loss = 0.30
Mon Jan 31 03:24:47 2022
batch 20, train loss = 0.14, mean loss = 0.30
Mon Jan 31 03:25:41 2022
batch 30, train loss = 0.36, mean loss = 0.31
Mon Jan 31 03:26:35 2022
batch 40, train loss = 0.09, mean loss = 0.30
Mon Jan 31 03:27:29 2022
batch 50, train loss = 0.30, mean loss = 0.31
Mon Jan 31 03:28:23 2022
batch 60, train loss = 0.10, mean loss = 0.31
Mon Jan 31 03:29:17 2022
train Loss: 0.31

batch 0, val loss = 0.03, mean loss = 0.03
Mon Jan 31 03:30:07 2022
batch 10, val loss = 0.02, mean loss = 0.03
Mon Jan 31 03:31:02 2022
val Loss: 0.03

epoch 27 was done for 470.703983 seconds
Epoch 28/299
----------
Mon Jan 31 03:31:39 2022
batch 0, train loss = 0.12, mean loss = 0.12
Mon Jan 31 03:31:44 2022
batch 10, train loss = 0.30, mean loss = 0.30
Mon Jan 31 03:32:38 2022
batch 20, train loss = 0.12, mean loss = 0.30
Mon Jan 31 03:33:33 2022
batch 30, train loss = 0.36, mean loss = 0.31
Mon Jan 31 03:34:27 2022
batch 40, train loss = 0.09, mean loss = 0.31
Mon Jan 31 03:35:21 2022
batch 50, train loss = 0.31, mean loss = 0.31
Mon Jan 31 03:36:15 2022
batch 60, train loss = 0.09, mean loss = 0.31
Mon Jan 31 03:37:09 2022
train Loss: 0.31

batch 0, val loss = 0.03, mean loss = 0.03
Mon Jan 31 03:37:59 2022
batch 10, val loss = 0.02, mean loss = 0.03
Mon Jan 31 03:38:54 2022
val Loss: 0.03

epoch 28 was done for 472.317839 seconds
Epoch 29/299
----------
Mon Jan 31 03:39:31 2022
batch 0, train loss = 0.11, mean loss = 0.11
Mon Jan 31 03:39:37 2022
batch 10, train loss = 0.31, mean loss = 0.30
Mon Jan 31 03:40:30 2022
batch 20, train loss = 0.11, mean loss = 0.30
Mon Jan 31 03:41:24 2022
batch 30, train loss = 0.37, mean loss = 0.31
Mon Jan 31 03:42:18 2022
batch 40, train loss = 0.08, mean loss = 0.31
Mon Jan 31 03:43:12 2022
batch 50, train loss = 0.31, mean loss = 0.31
Mon Jan 31 03:44:05 2022
batch 60, train loss = 0.08, mean loss = 0.31
Mon Jan 31 03:44:59 2022
train Loss: 0.31

batch 0, val loss = 0.03, mean loss = 0.03
Mon Jan 31 03:45:50 2022
batch 10, val loss = 0.02, mean loss = 0.03
Mon Jan 31 03:46:43 2022
val Loss: 0.03

epoch 29 was done for 469.170168 seconds
Epoch 30/299
----------
Mon Jan 31 03:47:20 2022
batch 0, train loss = 0.11, mean loss = 0.11
Mon Jan 31 03:47:26 2022
batch 10, train loss = 0.32, mean loss = 0.30
Mon Jan 31 03:48:20 2022
batch 20, train loss = 0.11, mean loss = 0.30
Mon Jan 31 03:49:14 2022
batch 30, train loss = 0.39, mean loss = 0.32
Mon Jan 31 03:50:08 2022
batch 40, train loss = 0.10, mean loss = 0.32
Mon Jan 31 03:51:02 2022
batch 50, train loss = 0.34, mean loss = 0.32
Mon Jan 31 03:51:56 2022
batch 60, train loss = 0.14, mean loss = 0.33
Mon Jan 31 03:52:50 2022
train Loss: 0.33

batch 0, val loss = 0.03, mean loss = 0.03
Mon Jan 31 03:53:41 2022
batch 10, val loss = 0.02, mean loss = 0.03
Mon Jan 31 03:54:35 2022
val Loss: 0.03

epoch 30 was done for 472.213128 seconds
Epoch 31/299
----------
Mon Jan 31 03:55:13 2022
batch 0, train loss = 0.11, mean loss = 0.11
Mon Jan 31 03:55:18 2022
batch 10, train loss = 0.31, mean loss = 0.32
Mon Jan 31 03:56:13 2022
batch 20, train loss = 0.11, mean loss = 0.32
Mon Jan 31 03:57:07 2022
batch 30, train loss = 0.39, mean loss = 0.32
Mon Jan 31 03:58:01 2022
batch 40, train loss = 0.08, mean loss = 0.32
Mon Jan 31 03:58:55 2022
batch 50, train loss = 0.41, mean loss = 0.33
Mon Jan 31 03:59:49 2022
batch 60, train loss = 0.10, mean loss = 0.33
Mon Jan 31 04:00:44 2022
train Loss: 0.35

batch 0, val loss = 0.03, mean loss = 0.03
Mon Jan 31 04:01:34 2022
batch 10, val loss = 0.02, mean loss = 0.02
Mon Jan 31 04:02:29 2022
val Loss: 0.02

epoch 31 was done for 474.467435 seconds
Epoch 32/299
----------
Mon Jan 31 04:03:07 2022
batch 0, train loss = 0.13, mean loss = 0.13
Mon Jan 31 04:03:12 2022
batch 10, train loss = 0.39, mean loss = 0.45
Mon Jan 31 04:04:07 2022
batch 20, train loss = 0.22, mean loss = 0.44
Mon Jan 31 04:05:02 2022
batch 30, train loss = 0.58, mean loss = 0.45
Mon Jan 31 04:05:57 2022
batch 40, train loss = 0.15, mean loss = 0.44
Mon Jan 31 04:06:52 2022
batch 50, train loss = 0.47, mean loss = 0.45
Mon Jan 31 04:07:47 2022
batch 60, train loss = 0.20, mean loss = 0.44
Mon Jan 31 04:08:42 2022
train Loss: 0.44

batch 0, val loss = 0.03, mean loss = 0.03
Mon Jan 31 04:09:34 2022
batch 10, val loss = 0.02, mean loss = 0.03
Mon Jan 31 04:10:30 2022
val Loss: 0.03

epoch 32 was done for 480.939510 seconds
Epoch 33/299
----------
Mon Jan 31 04:11:08 2022
batch 0, train loss = 0.22, mean loss = 0.22
Mon Jan 31 04:11:13 2022
batch 10, train loss = 0.38, mean loss = 0.36
Mon Jan 31 04:12:08 2022
batch 20, train loss = 0.19, mean loss = 0.36
Mon Jan 31 04:13:02 2022
batch 30, train loss = 0.45, mean loss = 0.37
Mon Jan 31 04:13:56 2022
batch 40, train loss = 0.13, mean loss = 0.37
Mon Jan 31 04:14:50 2022
batch 50, train loss = 0.38, mean loss = 0.37
Mon Jan 31 04:15:44 2022
batch 60, train loss = 0.16, mean loss = 0.37
Mon Jan 31 04:16:39 2022
train Loss: 0.38

batch 0, val loss = 0.03, mean loss = 0.03
Mon Jan 31 04:17:30 2022
batch 10, val loss = 0.03, mean loss = 0.03
Mon Jan 31 04:18:24 2022
val Loss: 0.03

epoch 33 was done for 473.524930 seconds
Epoch 34/299
----------
Mon Jan 31 04:19:01 2022
batch 0, train loss = 0.15, mean loss = 0.15
Mon Jan 31 04:19:07 2022
batch 10, train loss = 0.60, mean loss = 0.49
Mon Jan 31 04:20:01 2022
batch 20, train loss = 0.32, mean loss = 0.48
Mon Jan 31 04:20:56 2022
batch 30, train loss = 0.46, mean loss = 0.47
Mon Jan 31 04:21:51 2022
batch 40, train loss = 0.13, mean loss = 0.47
Mon Jan 31 04:22:46 2022
batch 50, train loss = 0.52, mean loss = 0.49
Mon Jan 31 04:23:40 2022
batch 60, train loss = 0.32, mean loss = 0.49
Mon Jan 31 04:24:35 2022
train Loss: 0.50

batch 0, val loss = 0.03, mean loss = 0.03
Mon Jan 31 04:25:26 2022
batch 10, val loss = 0.03, mean loss = 0.03
Mon Jan 31 04:26:22 2022
val Loss: 0.03

epoch 34 was done for 478.443193 seconds
Epoch 35/299
----------
Mon Jan 31 04:27:00 2022
batch 0, train loss = 0.40, mean loss = 0.40
Mon Jan 31 04:27:05 2022
batch 10, train loss = 0.69, mean loss = 0.63
Mon Jan 31 04:28:00 2022
batch 20, train loss = 0.59, mean loss = 0.67
Mon Jan 31 04:28:54 2022
batch 30, train loss = 0.50, mean loss = 0.67
Mon Jan 31 04:29:48 2022
batch 40, train loss = 0.35, mean loss = 0.66
Mon Jan 31 04:30:42 2022
batch 50, train loss = 0.56, mean loss = 0.65
Mon Jan 31 04:31:36 2022
batch 60, train loss = 0.37, mean loss = 0.63
Mon Jan 31 04:32:30 2022
train Loss: 0.62

batch 0, val loss = 0.03, mean loss = 0.03
Mon Jan 31 04:33:21 2022
batch 10, val loss = 0.02, mean loss = 0.03
Mon Jan 31 04:34:15 2022
val Loss: 0.02

epoch 35 was done for 473.036143 seconds
Epoch 36/299
----------
Mon Jan 31 04:34:53 2022
batch 0, train loss = 0.22, mean loss = 0.22
Mon Jan 31 04:34:58 2022
batch 10, train loss = 0.66, mean loss = 0.57
Mon Jan 31 04:35:53 2022
batch 20, train loss = 0.37, mean loss = 0.58
Mon Jan 31 04:36:47 2022
batch 30, train loss = 0.76, mean loss = 0.61
Mon Jan 31 04:37:42 2022
batch 40, train loss = 0.41, mean loss = 0.61
Mon Jan 31 04:38:36 2022
batch 50, train loss = 1.04, mean loss = 0.64
Mon Jan 31 04:39:30 2022
batch 60, train loss = 0.70, mean loss = 0.66
Mon Jan 31 04:40:25 2022
train Loss: 0.67

batch 0, val loss = 0.03, mean loss = 0.03
Mon Jan 31 04:41:16 2022
batch 10, val loss = 0.03, mean loss = 0.03
Mon Jan 31 04:42:11 2022
val Loss: 0.03

epoch 36 was done for 475.521379 seconds
Epoch 37/299
----------
Mon Jan 31 04:42:48 2022
batch 0, train loss = 0.91, mean loss = 0.91
Mon Jan 31 04:42:54 2022
batch 10, train loss = 0.75, mean loss = 0.73
Mon Jan 31 04:43:48 2022
batch 20, train loss = 1.02, mean loss = 0.77
Mon Jan 31 04:44:43 2022
batch 30, train loss = 0.78, mean loss = 0.76
Mon Jan 31 04:45:37 2022
batch 40, train loss = 0.97, mean loss = 0.77
Mon Jan 31 04:46:31 2022
batch 50, train loss = 0.68, mean loss = 0.75
Mon Jan 31 04:47:25 2022
batch 60, train loss = 0.71, mean loss = 0.74
Mon Jan 31 04:48:19 2022
train Loss: 0.72

batch 0, val loss = 0.02, mean loss = 0.02
Mon Jan 31 04:49:10 2022
batch 10, val loss = 0.02, mean loss = 0.02
Mon Jan 31 04:50:05 2022
val Loss: 0.02

epoch 37 was done for 474.528553 seconds
Epoch 38/299
----------
Mon Jan 31 04:50:43 2022
batch 0, train loss = 0.44, mean loss = 0.44
Mon Jan 31 04:50:48 2022
batch 10, train loss = 0.45, mean loss = 0.55
Mon Jan 31 04:51:42 2022
batch 20, train loss = 0.45, mean loss = 0.55
Mon Jan 31 04:52:36 2022
batch 30, train loss = 0.49, mean loss = 0.53
Mon Jan 31 04:53:30 2022
batch 40, train loss = 0.33, mean loss = 0.51
Mon Jan 31 04:54:24 2022
batch 50, train loss = 0.51, mean loss = 0.50
Mon Jan 31 04:55:18 2022
batch 60, train loss = 0.25, mean loss = 0.49
Mon Jan 31 04:56:12 2022
train Loss: 0.48

batch 0, val loss = 0.03, mean loss = 0.03
Mon Jan 31 04:57:03 2022
batch 10, val loss = 0.03, mean loss = 0.03
Mon Jan 31 04:57:57 2022
val Loss: 0.03

epoch 38 was done for 471.704170 seconds
Epoch 39/299
----------
Mon Jan 31 04:58:35 2022
batch 0, train loss = 0.22, mean loss = 0.22
Mon Jan 31 04:58:40 2022
batch 10, train loss = 0.43, mean loss = 0.45
Mon Jan 31 04:59:35 2022
batch 20, train loss = 0.27, mean loss = 0.46
Mon Jan 31 05:00:30 2022
batch 30, train loss = 0.55, mean loss = 0.47
Mon Jan 31 05:01:24 2022
batch 40, train loss = 0.19, mean loss = 0.46
Mon Jan 31 05:02:19 2022
batch 50, train loss = 0.49, mean loss = 0.47
Mon Jan 31 05:03:14 2022
batch 60, train loss = 0.16, mean loss = 0.47
Mon Jan 31 05:04:08 2022
train Loss: 0.48

batch 0, val loss = 0.03, mean loss = 0.03
Mon Jan 31 05:04:59 2022
batch 10, val loss = 0.03, mean loss = 0.03
Mon Jan 31 05:05:55 2022
val Loss: 0.03

epoch 39 was done for 477.788641 seconds
Epoch 40/299
----------
Mon Jan 31 05:06:32 2022
batch 0, train loss = 0.27, mean loss = 0.27
Mon Jan 31 05:06:38 2022
batch 10, train loss = 0.52, mean loss = 0.50
Mon Jan 31 05:07:32 2022
batch 20, train loss = 0.44, mean loss = 0.51
Mon Jan 31 05:08:26 2022
batch 30, train loss = 0.71, mean loss = 0.52
Mon Jan 31 05:09:20 2022
batch 40, train loss = 0.26, mean loss = 0.52
Mon Jan 31 05:10:14 2022
batch 50, train loss = 0.42, mean loss = 0.53
Mon Jan 31 05:11:08 2022
batch 60, train loss = 0.40, mean loss = 0.53
Mon Jan 31 05:12:02 2022
train Loss: 0.53

batch 0, val loss = 0.02, mean loss = 0.02
Mon Jan 31 05:12:52 2022
batch 10, val loss = 0.02, mean loss = 0.02
Mon Jan 31 05:13:46 2022
val Loss: 0.02

epoch 40 was done for 471.575425 seconds
Epoch 41/299
----------
Mon Jan 31 05:14:24 2022
batch 0, train loss = 0.44, mean loss = 0.44
Mon Jan 31 05:14:29 2022
batch 10, train loss = 0.80, mean loss = 0.56
Mon Jan 31 05:15:24 2022
batch 20, train loss = 0.41, mean loss = 0.54
Mon Jan 31 05:16:18 2022
batch 30, train loss = 0.59, mean loss = 0.57
Mon Jan 31 05:17:12 2022
batch 40, train loss = 0.29, mean loss = 0.59
Mon Jan 31 05:18:06 2022
batch 50, train loss = 0.61, mean loss = 0.60
Mon Jan 31 05:19:00 2022
batch 60, train loss = 0.52, mean loss = 0.59
Mon Jan 31 05:19:55 2022
train Loss: 0.59

batch 0, val loss = 0.02, mean loss = 0.02
Mon Jan 31 05:20:45 2022
batch 10, val loss = 0.02, mean loss = 0.02
Mon Jan 31 05:21:40 2022
val Loss: 0.02

epoch 41 was done for 473.632301 seconds
Epoch 42/299
----------
Mon Jan 31 05:22:18 2022
batch 0, train loss = 0.56, mean loss = 0.56
Mon Jan 31 05:22:23 2022
batch 10, train loss = 0.83, mean loss = 0.61
Mon Jan 31 05:23:18 2022
batch 20, train loss = 0.30, mean loss = 0.62
Mon Jan 31 05:24:13 2022
batch 30, train loss = 0.66, mean loss = 0.65
Mon Jan 31 05:25:08 2022
batch 40, train loss = 0.49, mean loss = 0.65
Mon Jan 31 05:26:03 2022
batch 50, train loss = 0.73, mean loss = 0.64
Mon Jan 31 05:26:57 2022
batch 60, train loss = 0.28, mean loss = 0.63
Mon Jan 31 05:27:53 2022
train Loss: 0.63

batch 0, val loss = 0.03, mean loss = 0.03
Mon Jan 31 05:28:44 2022
batch 10, val loss = 0.03, mean loss = 0.03
Mon Jan 31 05:29:40 2022
val Loss: 0.03

epoch 42 was done for 480.139351 seconds
Epoch 43/299
----------
Mon Jan 31 05:30:18 2022
batch 0, train loss = 0.29, mean loss = 0.29
Mon Jan 31 05:30:23 2022
batch 10, train loss = 0.53, mean loss = 0.61
Mon Jan 31 05:31:18 2022
batch 20, train loss = 0.54, mean loss = 0.61
Mon Jan 31 05:32:12 2022
batch 30, train loss = 0.87, mean loss = 0.60
Mon Jan 31 05:33:06 2022
batch 40, train loss = 0.25, mean loss = 0.61
Mon Jan 31 05:34:00 2022
batch 50, train loss = 0.49, mean loss = 0.62
Mon Jan 31 05:34:53 2022
batch 60, train loss = 0.53, mean loss = 0.62
Mon Jan 31 05:35:47 2022
train Loss: 0.61

batch 0, val loss = 0.02, mean loss = 0.02
Mon Jan 31 05:36:38 2022
batch 10, val loss = 0.03, mean loss = 0.03
Mon Jan 31 05:37:32 2022
val Loss: 0.03

epoch 43 was done for 471.160824 seconds
Epoch 44/299
----------
Mon Jan 31 05:38:09 2022
batch 0, train loss = 0.49, mean loss = 0.49
Mon Jan 31 05:38:14 2022
batch 10, train loss = 0.66, mean loss = 0.53
Mon Jan 31 05:39:08 2022
batch 20, train loss = 0.22, mean loss = 0.53
Mon Jan 31 05:40:02 2022
batch 30, train loss = 0.50, mean loss = 0.54
Mon Jan 31 05:40:56 2022
batch 40, train loss = 0.59, mean loss = 0.56
Mon Jan 31 05:41:50 2022
batch 50, train loss = 0.64, mean loss = 0.55
Mon Jan 31 05:42:43 2022
batch 60, train loss = 0.29, mean loss = 0.55
Mon Jan 31 05:43:37 2022
train Loss: 0.56

batch 0, val loss = 0.02, mean loss = 0.02
Mon Jan 31 05:44:27 2022
batch 10, val loss = 0.03, mean loss = 0.02
Mon Jan 31 05:45:22 2022
val Loss: 0.02

epoch 44 was done for 470.027633 seconds
Epoch 45/299
----------
Mon Jan 31 05:45:59 2022
batch 0, train loss = 0.18, mean loss = 0.18
Mon Jan 31 05:46:04 2022
batch 10, train loss = 0.42, mean loss = 0.54
Mon Jan 31 05:46:59 2022
batch 20, train loss = 0.38, mean loss = 0.54
Mon Jan 31 05:47:53 2022
batch 30, train loss = 0.64, mean loss = 0.53
Mon Jan 31 05:48:48 2022
batch 40, train loss = 0.19, mean loss = 0.51
Mon Jan 31 05:49:42 2022
batch 50, train loss = 0.36, mean loss = 0.51
Mon Jan 31 05:50:37 2022
batch 60, train loss = 0.29, mean loss = 0.51
Mon Jan 31 05:51:32 2022
train Loss: 0.50

batch 0, val loss = 0.03, mean loss = 0.03
Mon Jan 31 05:52:23 2022
batch 10, val loss = 0.03, mean loss = 0.03
Mon Jan 31 05:53:18 2022
val Loss: 0.02

epoch 45 was done for 477.073674 seconds
Epoch 46/299
----------
Mon Jan 31 05:53:56 2022
batch 0, train loss = 0.29, mean loss = 0.29
Mon Jan 31 05:54:02 2022
batch 10, train loss = 0.52, mean loss = 0.43
Mon Jan 31 05:54:55 2022
batch 20, train loss = 0.20, mean loss = 0.41
Mon Jan 31 05:55:50 2022
batch 30, train loss = 0.42, mean loss = 0.42
Mon Jan 31 05:56:44 2022
batch 40, train loss = 0.17, mean loss = 0.41
Mon Jan 31 05:57:38 2022
batch 50, train loss = 0.41, mean loss = 0.41
Mon Jan 31 05:58:31 2022
batch 60, train loss = 0.22, mean loss = 0.41
Mon Jan 31 05:59:25 2022
train Loss: 0.40

batch 0, val loss = 0.03, mean loss = 0.03
Mon Jan 31 06:00:16 2022
batch 10, val loss = 0.03, mean loss = 0.03
Mon Jan 31 06:01:10 2022
val Loss: 0.03

epoch 46 was done for 470.956972 seconds
Epoch 47/299
----------
Mon Jan 31 06:01:47 2022
batch 0, train loss = 0.19, mean loss = 0.19
Mon Jan 31 06:01:52 2022
batch 10, train loss = 0.40, mean loss = 0.37
Mon Jan 31 06:02:46 2022
batch 20, train loss = 0.13, mean loss = 0.37
Mon Jan 31 06:03:40 2022
batch 30, train loss = 0.42, mean loss = 0.38
Mon Jan 31 06:04:33 2022
batch 40, train loss = 0.14, mean loss = 0.36
Mon Jan 31 06:05:28 2022
batch 50, train loss = 0.37, mean loss = 0.36
Mon Jan 31 06:06:22 2022
batch 60, train loss = 0.09, mean loss = 0.36
Mon Jan 31 06:07:16 2022
train Loss: 0.36

batch 0, val loss = 0.02, mean loss = 0.02
Mon Jan 31 06:08:06 2022
batch 10, val loss = 0.03, mean loss = 0.02
Mon Jan 31 06:09:01 2022
val Loss: 0.02

epoch 47 was done for 471.279445 seconds
Epoch 48/299
----------
Mon Jan 31 06:09:38 2022
batch 0, train loss = 0.11, mean loss = 0.11
Mon Jan 31 06:09:44 2022
batch 10, train loss = 0.37, mean loss = 0.34
Mon Jan 31 06:10:38 2022
batch 20, train loss = 0.11, mean loss = 0.34
Mon Jan 31 06:11:33 2022
batch 30, train loss = 0.44, mean loss = 0.35
Mon Jan 31 06:12:28 2022
batch 40, train loss = 0.12, mean loss = 0.35
Mon Jan 31 06:13:23 2022
batch 50, train loss = 0.38, mean loss = 0.36
Mon Jan 31 06:14:18 2022
batch 60, train loss = 0.08, mean loss = 0.35
Mon Jan 31 06:15:13 2022
train Loss: 0.35

batch 0, val loss = 0.02, mean loss = 0.02
Mon Jan 31 06:16:05 2022
batch 10, val loss = 0.03, mean loss = 0.02
Mon Jan 31 06:17:00 2022
val Loss: 0.02

epoch 48 was done for 480.202879 seconds
Epoch 49/299
----------
Mon Jan 31 06:17:39 2022
batch 0, train loss = 0.09, mean loss = 0.09
Mon Jan 31 06:17:44 2022
batch 10, train loss = 0.36, mean loss = 0.34
Mon Jan 31 06:18:38 2022
batch 20, train loss = 0.11, mean loss = 0.35
Mon Jan 31 06:19:32 2022
batch 30, train loss = 0.47, mean loss = 0.36
Mon Jan 31 06:20:26 2022
batch 40, train loss = 0.13, mean loss = 0.36
Mon Jan 31 06:21:19 2022
batch 50, train loss = 0.41, mean loss = 0.37
Mon Jan 31 06:22:13 2022
batch 60, train loss = 0.07, mean loss = 0.36
Mon Jan 31 06:23:07 2022
train Loss: 0.36

batch 0, val loss = 0.02, mean loss = 0.02
Mon Jan 31 06:23:57 2022
batch 10, val loss = 0.03, mean loss = 0.02
Mon Jan 31 06:24:51 2022
val Loss: 0.02

epoch 49 was done for 470.024754 seconds
Epoch 50/299
----------
Mon Jan 31 06:25:29 2022
batch 0, train loss = 0.08, mean loss = 0.08
Mon Jan 31 06:25:34 2022
batch 10, train loss = 0.35, mean loss = 0.36
Mon Jan 31 06:26:28 2022
batch 20, train loss = 0.15, mean loss = 0.37
Mon Jan 31 06:27:23 2022
batch 30, train loss = 0.55, mean loss = 0.38
Mon Jan 31 06:28:17 2022
batch 40, train loss = 0.12, mean loss = 0.38
Mon Jan 31 06:29:11 2022
batch 50, train loss = 0.42, mean loss = 0.39
Mon Jan 31 06:30:05 2022
batch 60, train loss = 0.08, mean loss = 0.39
Mon Jan 31 06:30:59 2022
train Loss: 0.39

batch 0, val loss = 0.02, mean loss = 0.02
Mon Jan 31 06:31:50 2022
batch 10, val loss = 0.03, mean loss = 0.02
Mon Jan 31 06:32:45 2022
val Loss: 0.02

epoch 50 was done for 475.615288 seconds
Epoch 51/299
----------
Mon Jan 31 06:33:24 2022
batch 0, train loss = 0.09, mean loss = 0.09
Mon Jan 31 06:33:31 2022
batch 10, train loss = 0.36, mean loss = 0.40
Mon Jan 31 06:34:44 2022
batch 20, train loss = 0.22, mean loss = 0.41
Mon Jan 31 06:35:42 2022
batch 30, train loss = 0.67, mean loss = 0.42
Mon Jan 31 06:36:38 2022
batch 40, train loss = 0.11, mean loss = 0.42
Mon Jan 31 06:37:33 2022
batch 50, train loss = 0.43, mean loss = 0.44
Mon Jan 31 06:38:27 2022
batch 60, train loss = 0.18, mean loss = 0.44
Mon Jan 31 06:39:22 2022
train Loss: 0.45

batch 0, val loss = 0.03, mean loss = 0.03
Mon Jan 31 06:40:13 2022
batch 10, val loss = 0.03, mean loss = 0.02
Mon Jan 31 06:41:08 2022
val Loss: 0.02

epoch 51 was done for 502.147271 seconds
Epoch 52/299
----------
Mon Jan 31 06:41:46 2022
batch 0, train loss = 0.19, mean loss = 0.19
Mon Jan 31 06:41:52 2022
batch 10, train loss = 0.45, mean loss = 0.47
Mon Jan 31 06:42:46 2022
batch 20, train loss = 0.33, mean loss = 0.49
Mon Jan 31 06:43:40 2022
batch 30, train loss = 0.82, mean loss = 0.50
Mon Jan 31 06:44:34 2022
batch 40, train loss = 0.13, mean loss = 0.50
Mon Jan 31 06:45:28 2022
batch 50, train loss = 0.44, mean loss = 0.53
Mon Jan 31 06:46:22 2022
batch 60, train loss = 0.34, mean loss = 0.54
Mon Jan 31 06:47:16 2022
train Loss: 0.55

batch 0, val loss = 0.03, mean loss = 0.03
Mon Jan 31 06:48:07 2022
batch 10, val loss = 0.03, mean loss = 0.03
Mon Jan 31 06:49:02 2022
val Loss: 0.03

epoch 52 was done for 472.884444 seconds
Epoch 53/299
----------
Mon Jan 31 06:49:39 2022
batch 0, train loss = 0.40, mean loss = 0.40
Mon Jan 31 06:49:45 2022
batch 10, train loss = 0.68, mean loss = 0.56
Mon Jan 31 06:50:39 2022
batch 20, train loss = 0.38, mean loss = 0.56
Mon Jan 31 06:51:34 2022
batch 30, train loss = 0.85, mean loss = 0.58
Mon Jan 31 06:52:28 2022
batch 40, train loss = 0.22, mean loss = 0.61
Mon Jan 31 06:53:23 2022
batch 50, train loss = 0.53, mean loss = 0.65
Mon Jan 31 06:54:17 2022
batch 60, train loss = 0.71, mean loss = 0.66
Mon Jan 31 06:55:11 2022
train Loss: 0.66

batch 0, val loss = 0.02, mean loss = 0.02
Mon Jan 31 06:56:01 2022
batch 10, val loss = 0.03, mean loss = 0.03
Mon Jan 31 06:56:57 2022
val Loss: 0.03

epoch 53 was done for 475.029761 seconds
Epoch 54/299
----------
Mon Jan 31 06:57:34 2022
batch 0, train loss = 0.79, mean loss = 0.79
Mon Jan 31 06:57:40 2022
batch 10, train loss = 0.98, mean loss = 0.66
Mon Jan 31 06:58:33 2022
batch 20, train loss = 0.21, mean loss = 0.66
Mon Jan 31 06:59:27 2022
batch 30, train loss = 0.45, mean loss = 0.70
Mon Jan 31 07:00:21 2022
batch 40, train loss = 0.75, mean loss = 0.73
Mon Jan 31 07:01:15 2022
batch 50, train loss = 0.98, mean loss = 0.72
Mon Jan 31 07:02:09 2022
batch 60, train loss = 0.40, mean loss = 0.71
Mon Jan 31 07:03:03 2022
train Loss: 0.72

batch 0, val loss = 0.02, mean loss = 0.02
Mon Jan 31 07:03:53 2022
batch 10, val loss = 0.03, mean loss = 0.03
Mon Jan 31 07:04:47 2022
val Loss: 0.03

epoch 54 was done for 470.111539 seconds
Epoch 55/299
----------
Mon Jan 31 07:05:24 2022
batch 0, train loss = 0.29, mean loss = 0.29
Mon Jan 31 07:05:30 2022
batch 10, train loss = 0.43, mean loss = 0.74
Mon Jan 31 07:06:24 2022
batch 20, train loss = 0.72, mean loss = 0.75
Mon Jan 31 07:07:18 2022
batch 30, train loss = 0.91, mean loss = 0.69
Mon Jan 31 07:08:11 2022
batch 40, train loss = 0.25, mean loss = 0.66
Mon Jan 31 07:09:06 2022
batch 50, train loss = 0.36, mean loss = 0.65
Mon Jan 31 07:09:59 2022
batch 60, train loss = 0.50, mean loss = 0.63
Mon Jan 31 07:10:54 2022
train Loss: 0.61

batch 0, val loss = 0.03, mean loss = 0.03
Mon Jan 31 07:11:44 2022
batch 10, val loss = 0.03, mean loss = 0.03
Mon Jan 31 07:12:39 2022
val Loss: 0.03

epoch 55 was done for 472.212802 seconds
Epoch 56/299
----------
Mon Jan 31 07:13:17 2022
batch 0, train loss = 0.42, mean loss = 0.42
Mon Jan 31 07:13:22 2022
batch 10, train loss = 0.47, mean loss = 0.41
Mon Jan 31 07:14:17 2022
batch 20, train loss = 0.19, mean loss = 0.41
Mon Jan 31 07:15:11 2022
batch 30, train loss = 0.44, mean loss = 0.40
Mon Jan 31 07:16:06 2022
batch 40, train loss = 0.17, mean loss = 0.39
Mon Jan 31 07:17:01 2022
batch 50, train loss = 0.37, mean loss = 0.38
Mon Jan 31 07:17:55 2022
batch 60, train loss = 0.12, mean loss = 0.37
Mon Jan 31 07:18:50 2022
train Loss: 0.37

batch 0, val loss = 0.03, mean loss = 0.03
Mon Jan 31 07:19:41 2022
batch 10, val loss = 0.03, mean loss = 0.02
Mon Jan 31 07:20:36 2022
val Loss: 0.03

epoch 56 was done for 477.247681 seconds
Epoch 57/299
----------
Mon Jan 31 07:21:14 2022
batch 0, train loss = 0.13, mean loss = 0.13
Mon Jan 31 07:21:19 2022
batch 10, train loss = 0.37, mean loss = 0.33
Mon Jan 31 07:22:13 2022
batch 20, train loss = 0.15, mean loss = 0.32
Mon Jan 31 07:23:07 2022
batch 30, train loss = 0.37, mean loss = 0.33
Mon Jan 31 07:24:00 2022
batch 40, train loss = 0.09, mean loss = 0.32
Mon Jan 31 07:24:54 2022
batch 50, train loss = 0.34, mean loss = 0.33
Mon Jan 31 07:25:48 2022
batch 60, train loss = 0.09, mean loss = 0.32
Mon Jan 31 07:26:42 2022
train Loss: 0.32

batch 0, val loss = 0.03, mean loss = 0.03
Mon Jan 31 07:27:33 2022
batch 10, val loss = 0.03, mean loss = 0.03
Mon Jan 31 07:28:28 2022
val Loss: 0.03

epoch 57 was done for 471.415135 seconds
Epoch 58/299
----------
Mon Jan 31 07:29:05 2022
batch 0, train loss = 0.11, mean loss = 0.11
Mon Jan 31 07:29:11 2022
batch 10, train loss = 0.39, mean loss = 0.32
Mon Jan 31 07:30:05 2022
batch 20, train loss = 0.12, mean loss = 0.32
Mon Jan 31 07:30:59 2022
batch 30, train loss = 0.38, mean loss = 0.33
Mon Jan 31 07:31:55 2022
batch 40, train loss = 0.09, mean loss = 0.33
Mon Jan 31 07:32:49 2022
batch 50, train loss = 0.35, mean loss = 0.33
Mon Jan 31 07:33:42 2022
batch 60, train loss = 0.08, mean loss = 0.33
Mon Jan 31 07:34:36 2022
train Loss: 0.33

batch 0, val loss = 0.03, mean loss = 0.03
Mon Jan 31 07:35:27 2022
batch 10, val loss = 0.02, mean loss = 0.03
Mon Jan 31 07:36:21 2022
val Loss: 0.03

epoch 58 was done for 473.119759 seconds
Epoch 59/299
----------
Mon Jan 31 07:36:58 2022
batch 0, train loss = 0.11, mean loss = 0.11
Mon Jan 31 07:37:04 2022
batch 10, train loss = 0.40, mean loss = 0.34
Mon Jan 31 07:37:59 2022
batch 20, train loss = 0.13, mean loss = 0.34
Mon Jan 31 07:38:54 2022
batch 30, train loss = 0.42, mean loss = 0.34
Mon Jan 31 07:39:48 2022
batch 40, train loss = 0.07, mean loss = 0.34
Mon Jan 31 07:40:50 2022
batch 50, train loss = 0.35, mean loss = 0.34
Mon Jan 31 07:41:44 2022
batch 60, train loss = 0.08, mean loss = 0.34
Mon Jan 31 07:42:39 2022
train Loss: 0.34

batch 0, val loss = 0.03, mean loss = 0.03
Mon Jan 31 07:43:30 2022
batch 10, val loss = 0.02, mean loss = 0.02
Mon Jan 31 07:44:25 2022
val Loss: 0.03

epoch 59 was done for 484.464063 seconds
Epoch 60/299
----------
Mon Jan 31 07:45:03 2022
batch 0, train loss = 0.10, mean loss = 0.10
Mon Jan 31 07:45:08 2022
batch 10, train loss = 0.40, mean loss = 0.35
Mon Jan 31 07:46:07 2022
batch 20, train loss = 0.13, mean loss = 0.35
Mon Jan 31 07:47:01 2022
batch 30, train loss = 0.44, mean loss = 0.35
Mon Jan 31 07:47:57 2022
batch 40, train loss = 0.06, mean loss = 0.35
Mon Jan 31 07:48:51 2022
batch 50, train loss = 0.37, mean loss = 0.35
Mon Jan 31 07:49:45 2022
batch 60, train loss = 0.09, mean loss = 0.35
Mon Jan 31 07:50:38 2022
train Loss: 0.36

batch 0, val loss = 0.03, mean loss = 0.03
Mon Jan 31 07:51:29 2022
batch 10, val loss = 0.02, mean loss = 0.03
Mon Jan 31 07:52:23 2022
val Loss: 0.03

epoch 60 was done for 477.167099 seconds
Epoch 61/299
----------
Mon Jan 31 07:53:00 2022
batch 0, train loss = 0.11, mean loss = 0.11
Mon Jan 31 07:53:05 2022
batch 10, train loss = 0.44, mean loss = 0.37
Mon Jan 31 07:53:59 2022
batch 20, train loss = 0.14, mean loss = 0.36
Mon Jan 31 07:54:53 2022
batch 30, train loss = 0.46, mean loss = 0.37
Mon Jan 31 07:55:49 2022
batch 40, train loss = 0.06, mean loss = 0.36
Mon Jan 31 07:56:43 2022
batch 50, train loss = 0.37, mean loss = 0.37
Mon Jan 31 07:57:36 2022
batch 60, train loss = 0.14, mean loss = 0.37
Mon Jan 31 07:58:31 2022
train Loss: 0.38

batch 0, val loss = 0.03, mean loss = 0.03
Mon Jan 31 07:59:27 2022
batch 10, val loss = 0.02, mean loss = 0.03
Mon Jan 31 08:00:22 2022
val Loss: 0.03

epoch 61 was done for 480.840256 seconds
Epoch 62/299
----------
Mon Jan 31 08:01:01 2022
batch 0, train loss = 0.18, mean loss = 0.18
Mon Jan 31 08:01:06 2022
batch 10, train loss = 0.57, mean loss = 0.40
Mon Jan 31 08:02:05 2022
batch 20, train loss = 0.13, mean loss = 0.39
Mon Jan 31 08:03:13 2022
batch 30, train loss = 0.46, mean loss = 0.40
Mon Jan 31 08:04:22 2022
batch 40, train loss = 0.09, mean loss = 0.40
Mon Jan 31 08:05:30 2022
batch 50, train loss = 0.43, mean loss = 0.41
Mon Jan 31 08:06:29 2022
batch 60, train loss = 0.24, mean loss = 0.41
Mon Jan 31 08:07:27 2022
train Loss: 0.42

batch 0, val loss = 0.03, mean loss = 0.03
Mon Jan 31 08:08:19 2022
batch 10, val loss = 0.03, mean loss = 0.03
Mon Jan 31 08:09:16 2022
val Loss: 0.03

epoch 62 was done for 532.814455 seconds
Epoch 63/299
----------
Mon Jan 31 08:09:54 2022
batch 0, train loss = 0.32, mean loss = 0.32
Mon Jan 31 08:09:59 2022
batch 10, train loss = 0.75, mean loss = 0.44
Mon Jan 31 08:10:53 2022
batch 20, train loss = 0.08, mean loss = 0.44
Mon Jan 31 08:11:47 2022
batch 30, train loss = 0.42, mean loss = 0.47
Mon Jan 31 08:12:41 2022
batch 40, train loss = 0.28, mean loss = 0.47
Mon Jan 31 08:13:35 2022
batch 50, train loss = 0.58, mean loss = 0.47
Mon Jan 31 08:14:29 2022
batch 60, train loss = 0.24, mean loss = 0.46
Mon Jan 31 08:15:23 2022
train Loss: 0.47

batch 0, val loss = 0.03, mean loss = 0.03
Mon Jan 31 08:16:13 2022
batch 10, val loss = 0.03, mean loss = 0.03
Mon Jan 31 08:17:08 2022
val Loss: 0.03

epoch 63 was done for 471.515232 seconds
Epoch 64/299
----------
Mon Jan 31 08:17:45 2022
batch 0, train loss = 0.30, mean loss = 0.30
Mon Jan 31 08:17:51 2022
batch 10, train loss = 0.68, mean loss = 0.48
Mon Jan 31 08:18:44 2022
batch 20, train loss = 0.16, mean loss = 0.50
Mon Jan 31 08:19:38 2022
batch 30, train loss = 0.60, mean loss = 0.52
Mon Jan 31 08:20:32 2022
batch 40, train loss = 0.40, mean loss = 0.52
Mon Jan 31 08:21:26 2022
batch 50, train loss = 0.69, mean loss = 0.52
Mon Jan 31 08:22:19 2022
batch 60, train loss = 0.09, mean loss = 0.51
Mon Jan 31 08:23:13 2022
train Loss: 0.51

batch 0, val loss = 0.02, mean loss = 0.02
Mon Jan 31 08:24:04 2022
batch 10, val loss = 0.03, mean loss = 0.03
Mon Jan 31 08:24:58 2022
val Loss: 0.03

epoch 64 was done for 470.453579 seconds
Epoch 65/299
----------
Mon Jan 31 08:25:36 2022
batch 0, train loss = 0.10, mean loss = 0.10
Mon Jan 31 08:25:41 2022
batch 10, train loss = 0.38, mean loss = 0.49
Mon Jan 31 08:26:35 2022
batch 20, train loss = 0.52, mean loss = 0.53
Mon Jan 31 08:27:29 2022
batch 30, train loss = 0.96, mean loss = 0.53
Mon Jan 31 08:28:31 2022
batch 40, train loss = 0.14, mean loss = 0.52
Mon Jan 31 08:29:25 2022
batch 50, train loss = 0.36, mean loss = 0.53
Mon Jan 31 08:30:20 2022
batch 60, train loss = 0.34, mean loss = 0.52
Mon Jan 31 08:31:14 2022
train Loss: 0.52

batch 0, val loss = 0.02, mean loss = 0.02
Mon Jan 31 08:32:08 2022
batch 10, val loss = 0.02, mean loss = 0.03
Mon Jan 31 08:33:05 2022
val Loss: 0.03

epoch 65 was done for 488.885665 seconds
Epoch 66/299
----------
Mon Jan 31 08:33:44 2022
batch 0, train loss = 0.34, mean loss = 0.34
Mon Jan 31 08:33:50 2022
batch 10, train loss = 0.54, mean loss = 0.41
Mon Jan 31 08:34:53 2022
batch 20, train loss = 0.15, mean loss = 0.40
Mon Jan 31 08:35:55 2022
batch 30, train loss = 0.43, mean loss = 0.41
Mon Jan 31 08:36:56 2022
batch 40, train loss = 0.24, mean loss = 0.42
Mon Jan 31 08:37:55 2022
batch 50, train loss = 0.47, mean loss = 0.42
Mon Jan 31 08:38:51 2022
batch 60, train loss = 0.17, mean loss = 0.41
Mon Jan 31 08:39:46 2022
train Loss: 0.41

batch 0, val loss = 0.02, mean loss = 0.02
Mon Jan 31 08:40:37 2022
batch 10, val loss = 0.03, mean loss = 0.03
Mon Jan 31 08:41:31 2022
val Loss: 0.03

epoch 66 was done for 506.329873 seconds
Epoch 67/299
----------
Mon Jan 31 08:42:11 2022
batch 0, train loss = 0.15, mean loss = 0.15
Mon Jan 31 08:42:17 2022
batch 10, train loss = 0.43, mean loss = 0.38
Mon Jan 31 08:43:21 2022
batch 20, train loss = 0.11, mean loss = 0.38
Mon Jan 31 08:44:26 2022
batch 30, train loss = 0.40, mean loss = 0.37
Mon Jan 31 08:45:29 2022
batch 40, train loss = 0.10, mean loss = 0.36
Mon Jan 31 08:46:33 2022
batch 50, train loss = 0.37, mean loss = 0.36
Mon Jan 31 08:47:37 2022
batch 60, train loss = 0.06, mean loss = 0.35
Mon Jan 31 08:48:42 2022
train Loss: 0.35

batch 0, val loss = 0.02, mean loss = 0.02
Mon Jan 31 08:49:42 2022
batch 10, val loss = 0.03, mean loss = 0.03
Mon Jan 31 08:50:51 2022
val Loss: 0.03

epoch 67 was done for 566.340442 seconds
Epoch 68/299
----------
Mon Jan 31 08:51:37 2022
batch 0, train loss = 0.09, mean loss = 0.09
Mon Jan 31 08:51:44 2022
batch 10, train loss = 0.40, mean loss = 0.33
Mon Jan 31 08:52:49 2022
batch 20, train loss = 0.10, mean loss = 0.35
Mon Jan 31 08:53:55 2022
batch 30, train loss = 0.50, mean loss = 0.36
Mon Jan 31 08:55:01 2022
batch 40, train loss = 0.07, mean loss = 0.36
Mon Jan 31 08:56:08 2022
batch 50, train loss = 0.39, mean loss = 0.36
Mon Jan 31 08:57:15 2022
batch 60, train loss = 0.07, mean loss = 0.36
Mon Jan 31 08:58:22 2022
train Loss: 0.36

batch 0, val loss = 0.03, mean loss = 0.03
Mon Jan 31 08:59:25 2022
batch 10, val loss = 0.02, mean loss = 0.03
Mon Jan 31 09:00:34 2022
val Loss: 0.03

epoch 68 was done for 583.762073 seconds
Epoch 69/299
----------
Mon Jan 31 09:01:21 2022
batch 0, train loss = 0.08, mean loss = 0.08
Mon Jan 31 09:01:27 2022
batch 10, train loss = 0.39, mean loss = 0.32
Mon Jan 31 09:02:35 2022
batch 20, train loss = 0.08, mean loss = 0.33
Mon Jan 31 09:03:43 2022
batch 30, train loss = 0.49, mean loss = 0.34
Mon Jan 31 09:04:51 2022
batch 40, train loss = 0.08, mean loss = 0.35
Mon Jan 31 09:05:59 2022
batch 50, train loss = 0.42, mean loss = 0.36
Mon Jan 31 09:07:07 2022
batch 60, train loss = 0.08, mean loss = 0.36
Mon Jan 31 09:08:21 2022
train Loss: 0.36

batch 0, val loss = 0.02, mean loss = 0.02
Mon Jan 31 09:09:25 2022
batch 10, val loss = 0.02, mean loss = 0.03
Mon Jan 31 09:10:34 2022
val Loss: 0.03

epoch 69 was done for 599.842063 seconds
Epoch 70/299
----------
Mon Jan 31 09:11:21 2022
batch 0, train loss = 0.08, mean loss = 0.08
Mon Jan 31 09:11:27 2022
batch 10, train loss = 0.40, mean loss = 0.32
Mon Jan 31 09:12:35 2022
batch 20, train loss = 0.05, mean loss = 0.33
Mon Jan 31 09:13:43 2022
batch 30, train loss = 0.46, mean loss = 0.34
Mon Jan 31 09:14:52 2022
batch 40, train loss = 0.08, mean loss = 0.35
Mon Jan 31 09:16:00 2022
batch 50, train loss = 0.43, mean loss = 0.35
Mon Jan 31 09:17:08 2022
batch 60, train loss = 0.08, mean loss = 0.36
Mon Jan 31 09:18:16 2022
train Loss: 0.36

batch 0, val loss = 0.02, mean loss = 0.02
Mon Jan 31 09:19:20 2022
batch 10, val loss = 0.03, mean loss = 0.03
Mon Jan 31 09:20:29 2022
val Loss: 0.03

epoch 70 was done for 595.573062 seconds
Epoch 71/299
----------
Mon Jan 31 09:21:16 2022
batch 0, train loss = 0.09, mean loss = 0.09
Mon Jan 31 09:21:23 2022
batch 10, train loss = 0.42, mean loss = 0.34
Mon Jan 31 09:22:31 2022
batch 20, train loss = 0.05, mean loss = 0.34
Mon Jan 31 09:23:38 2022
batch 30, train loss = 0.46, mean loss = 0.35
Mon Jan 31 09:24:46 2022
batch 40, train loss = 0.06, mean loss = 0.35
Mon Jan 31 09:25:56 2022
batch 50, train loss = 0.43, mean loss = 0.36
Mon Jan 31 09:27:04 2022
batch 60, train loss = 0.07, mean loss = 0.36
Mon Jan 31 09:28:13 2022
train Loss: 0.36

batch 0, val loss = 0.02, mean loss = 0.02
Mon Jan 31 09:29:17 2022
batch 10, val loss = 0.03, mean loss = 0.03
Mon Jan 31 09:30:25 2022
val Loss: 0.03

epoch 71 was done for 595.970103 seconds
Epoch 72/299
----------
Mon Jan 31 09:31:12 2022
batch 0, train loss = 0.08, mean loss = 0.08
Mon Jan 31 09:31:19 2022
batch 10, train loss = 0.44, mean loss = 0.36
Mon Jan 31 09:32:26 2022
batch 20, train loss = 0.07, mean loss = 0.37
Mon Jan 31 09:33:35 2022
batch 30, train loss = 0.47, mean loss = 0.37
Mon Jan 31 09:34:43 2022
batch 40, train loss = 0.05, mean loss = 0.36
Mon Jan 31 09:35:51 2022
batch 50, train loss = 0.42, mean loss = 0.37
Mon Jan 31 09:37:00 2022
batch 60, train loss = 0.07, mean loss = 0.36
Mon Jan 31 09:38:09 2022
train Loss: 0.37

batch 0, val loss = 0.02, mean loss = 0.02
Mon Jan 31 09:39:12 2022
batch 10, val loss = 0.03, mean loss = 0.03
Mon Jan 31 09:40:21 2022
val Loss: 0.03

epoch 72 was done for 595.803742 seconds
Epoch 73/299
----------
Mon Jan 31 09:41:08 2022
batch 0, train loss = 0.09, mean loss = 0.09
Mon Jan 31 09:41:14 2022
batch 10, train loss = 0.46, mean loss = 0.38
Mon Jan 31 09:42:23 2022
batch 20, train loss = 0.10, mean loss = 0.39
Mon Jan 31 09:43:31 2022
batch 30, train loss = 0.51, mean loss = 0.39
Mon Jan 31 09:44:39 2022
batch 40, train loss = 0.06, mean loss = 0.39
Mon Jan 31 09:45:48 2022
batch 50, train loss = 0.41, mean loss = 0.38
Mon Jan 31 09:46:58 2022
batch 60, train loss = 0.05, mean loss = 0.38
Mon Jan 31 09:48:07 2022
train Loss: 0.38

batch 0, val loss = 0.02, mean loss = 0.02
Mon Jan 31 09:49:11 2022
batch 10, val loss = 0.02, mean loss = 0.03
Mon Jan 31 09:50:23 2022
val Loss: 0.02

epoch 73 was done for 601.794756 seconds
Epoch 74/299
----------
Mon Jan 31 09:51:10 2022
batch 0, train loss = 0.08, mean loss = 0.08
Mon Jan 31 09:51:16 2022
batch 10, train loss = 0.47, mean loss = 0.40
Mon Jan 31 09:52:25 2022
batch 20, train loss = 0.14, mean loss = 0.42
Mon Jan 31 09:53:33 2022
batch 30, train loss = 0.56, mean loss = 0.42
Mon Jan 31 09:54:41 2022
batch 40, train loss = 0.07, mean loss = 0.42
Mon Jan 31 09:55:49 2022
batch 50, train loss = 0.44, mean loss = 0.42
Mon Jan 31 09:56:57 2022
batch 60, train loss = 0.07, mean loss = 0.40
Mon Jan 31 09:58:05 2022
train Loss: 0.41

batch 0, val loss = 0.02, mean loss = 0.02
Mon Jan 31 09:59:10 2022
batch 10, val loss = 0.02, mean loss = 0.03
Mon Jan 31 10:00:20 2022
val Loss: 0.03

epoch 74 was done for 598.199386 seconds
Epoch 75/299
----------
Mon Jan 31 10:01:08 2022
batch 0, train loss = 0.10, mean loss = 0.10
Mon Jan 31 10:01:14 2022
batch 10, train loss = 0.51, mean loss = 0.41
Mon Jan 31 10:02:23 2022
batch 20, train loss = 0.13, mean loss = 0.43
Mon Jan 31 10:03:31 2022
batch 30, train loss = 0.56, mean loss = 0.44
Mon Jan 31 10:04:39 2022
batch 40, train loss = 0.14, mean loss = 0.46
Mon Jan 31 10:05:47 2022
batch 50, train loss = 0.51, mean loss = 0.45
Mon Jan 31 10:06:56 2022
batch 60, train loss = 0.09, mean loss = 0.43
Mon Jan 31 10:08:04 2022
train Loss: 0.43

batch 0, val loss = 0.03, mean loss = 0.03
Mon Jan 31 10:09:08 2022
batch 10, val loss = 0.02, mean loss = 0.03
Mon Jan 31 10:10:16 2022
val Loss: 0.03

epoch 75 was done for 595.115358 seconds
Epoch 76/299
----------
Mon Jan 31 10:11:03 2022
batch 0, train loss = 0.12, mean loss = 0.12
Mon Jan 31 10:11:10 2022
batch 10, train loss = 0.50, mean loss = 0.39
Mon Jan 31 10:12:18 2022
batch 20, train loss = 0.08, mean loss = 0.40
Mon Jan 31 10:13:27 2022
batch 30, train loss = 0.53, mean loss = 0.44
Mon Jan 31 10:14:36 2022
batch 40, train loss = 0.20, mean loss = 0.46
Mon Jan 31 10:15:44 2022
batch 50, train loss = 0.57, mean loss = 0.46
Mon Jan 31 10:16:53 2022
batch 60, train loss = 0.07, mean loss = 0.44
Mon Jan 31 10:18:02 2022
train Loss: 0.44

batch 0, val loss = 0.02, mean loss = 0.02
Mon Jan 31 10:19:06 2022
batch 10, val loss = 0.03, mean loss = 0.03
Mon Jan 31 10:20:15 2022
val Loss: 0.03

epoch 76 was done for 598.947253 seconds
Epoch 77/299
----------
Mon Jan 31 10:21:02 2022
batch 0, train loss = 0.08, mean loss = 0.08
Mon Jan 31 10:21:09 2022
batch 10, train loss = 0.45, mean loss = 0.40
Mon Jan 31 10:22:18 2022
batch 20, train loss = 0.13, mean loss = 0.41
Mon Jan 31 10:23:28 2022
batch 30, train loss = 0.56, mean loss = 0.44
Mon Jan 31 10:24:37 2022
batch 40, train loss = 0.22, mean loss = 0.46
Mon Jan 31 10:25:44 2022
batch 50, train loss = 0.62, mean loss = 0.48
Mon Jan 31 10:26:52 2022
batch 60, train loss = 0.11, mean loss = 0.49
Mon Jan 31 10:28:01 2022
train Loss: 0.49

batch 0, val loss = 0.02, mean loss = 0.02
Mon Jan 31 10:29:05 2022
batch 10, val loss = 0.02, mean loss = 0.03
Mon Jan 31 10:30:14 2022
val Loss: 0.03

epoch 77 was done for 599.355471 seconds
Epoch 78/299
----------
Mon Jan 31 10:31:02 2022
batch 0, train loss = 0.12, mean loss = 0.12
Mon Jan 31 10:31:08 2022
batch 10, train loss = 0.46, mean loss = 0.40
Mon Jan 31 10:32:16 2022
batch 20, train loss = 0.21, mean loss = 0.41
Mon Jan 31 10:33:26 2022
batch 30, train loss = 0.67, mean loss = 0.43
Mon Jan 31 10:34:35 2022
batch 40, train loss = 0.14, mean loss = 0.45
Mon Jan 31 10:35:43 2022
batch 50, train loss = 0.47, mean loss = 0.49
Mon Jan 31 10:36:52 2022
batch 60, train loss = 0.39, mean loss = 0.51
Mon Jan 31 10:38:01 2022
train Loss: 0.51

batch 0, val loss = 0.02, mean loss = 0.02
Mon Jan 31 10:39:05 2022
batch 10, val loss = 0.02, mean loss = 0.02
Mon Jan 31 10:40:15 2022
val Loss: 0.02

epoch 78 was done for 600.113133 seconds
Epoch 79/299
----------
Mon Jan 31 10:41:02 2022
batch 0, train loss = 0.33, mean loss = 0.33
Mon Jan 31 10:41:08 2022
batch 10, train loss = 0.62, mean loss = 0.48
Mon Jan 31 10:42:17 2022
batch 20, train loss = 0.16, mean loss = 0.45
Mon Jan 31 10:43:25 2022
batch 30, train loss = 0.51, mean loss = 0.44
Mon Jan 31 10:44:34 2022
batch 40, train loss = 0.15, mean loss = 0.45
Mon Jan 31 10:45:43 2022
batch 50, train loss = 0.53, mean loss = 0.47
Mon Jan 31 10:46:52 2022
batch 60, train loss = 0.33, mean loss = 0.48
Mon Jan 31 10:48:02 2022
train Loss: 0.49

batch 0, val loss = 0.02, mean loss = 0.02
Mon Jan 31 10:49:07 2022
batch 10, val loss = 0.02, mean loss = 0.02
Mon Jan 31 10:50:17 2022
val Loss: 0.02

epoch 79 was done for 603.464458 seconds
Epoch 80/299
----------
Mon Jan 31 10:51:05 2022
batch 0, train loss = 0.28, mean loss = 0.28
Mon Jan 31 10:51:11 2022
batch 10, train loss = 0.59, mean loss = 0.52
Mon Jan 31 10:52:20 2022
batch 20, train loss = 0.16, mean loss = 0.52
Mon Jan 31 10:53:30 2022
batch 30, train loss = 0.50, mean loss = 0.49
Mon Jan 31 10:54:39 2022
batch 40, train loss = 0.23, mean loss = 0.47
Mon Jan 31 10:55:48 2022
batch 50, train loss = 0.57, mean loss = 0.46
Mon Jan 31 10:56:58 2022
batch 60, train loss = 0.12, mean loss = 0.45
Mon Jan 31 10:58:08 2022
train Loss: 0.47

batch 0, val loss = 0.02, mean loss = 0.02
Mon Jan 31 10:59:13 2022
batch 10, val loss = 0.03, mean loss = 0.03
Mon Jan 31 11:00:22 2022
val Loss: 0.03

epoch 80 was done for 606.210696 seconds
Epoch 81/299
----------
Mon Jan 31 11:01:11 2022
batch 0, train loss = 0.11, mean loss = 0.11
Mon Jan 31 11:01:18 2022
batch 10, train loss = 0.47, mean loss = 0.59
Mon Jan 31 11:02:29 2022
batch 20, train loss = 0.38, mean loss = 0.60
Mon Jan 31 11:03:38 2022
batch 30, train loss = 0.64, mean loss = 0.56
Mon Jan 31 11:04:47 2022
batch 40, train loss = 0.11, mean loss = 0.53
Mon Jan 31 11:05:57 2022
batch 50, train loss = 0.43, mean loss = 0.50
Mon Jan 31 11:07:06 2022
batch 60, train loss = 0.12, mean loss = 0.48
Mon Jan 31 11:08:15 2022
train Loss: 0.48

batch 0, val loss = 0.03, mean loss = 0.03
Mon Jan 31 11:09:21 2022
batch 10, val loss = 0.03, mean loss = 0.03
Mon Jan 31 11:10:30 2022
val Loss: 0.03

epoch 81 was done for 605.704854 seconds
Epoch 82/299
----------
Mon Jan 31 11:11:17 2022
batch 0, train loss = 0.16, mean loss = 0.16
Mon Jan 31 11:11:23 2022
batch 10, train loss = 0.56, mean loss = 0.46
Mon Jan 31 11:12:31 2022
batch 20, train loss = 0.17, mean loss = 0.47
Mon Jan 31 11:13:39 2022
batch 30, train loss = 0.52, mean loss = 0.50
Mon Jan 31 11:14:50 2022
batch 40, train loss = 0.28, mean loss = 0.52
Mon Jan 31 11:15:58 2022
batch 50, train loss = 0.54, mean loss = 0.51
Mon Jan 31 11:17:07 2022
batch 60, train loss = 0.17, mean loss = 0.50
Mon Jan 31 11:18:17 2022
train Loss: 0.49

batch 0, val loss = 0.03, mean loss = 0.03
Mon Jan 31 11:19:22 2022
batch 10, val loss = 0.03, mean loss = 0.03
Mon Jan 31 11:20:32 2022
val Loss: 0.03

epoch 82 was done for 601.581986 seconds
Epoch 83/299
----------
Mon Jan 31 11:21:19 2022
batch 0, train loss = 0.15, mean loss = 0.15
Mon Jan 31 11:21:25 2022
batch 10, train loss = 0.48, mean loss = 0.44
Mon Jan 31 11:22:33 2022
batch 20, train loss = 0.15, mean loss = 0.46
Mon Jan 31 11:23:42 2022
batch 30, train loss = 0.55, mean loss = 0.47
Mon Jan 31 11:24:50 2022
batch 40, train loss = 0.16, mean loss = 0.48
Mon Jan 31 11:25:59 2022
batch 50, train loss = 0.47, mean loss = 0.48
Mon Jan 31 11:27:07 2022
batch 60, train loss = 0.19, mean loss = 0.48
Mon Jan 31 11:28:17 2022
train Loss: 0.48

batch 0, val loss = 0.02, mean loss = 0.02
Mon Jan 31 11:29:21 2022
batch 10, val loss = 0.03, mean loss = 0.03
Mon Jan 31 11:30:30 2022
val Loss: 0.03

epoch 83 was done for 597.861238 seconds
Epoch 84/299
----------
Mon Jan 31 11:31:16 2022
batch 0, train loss = 0.12, mean loss = 0.12
Mon Jan 31 11:31:23 2022
batch 10, train loss = 0.45, mean loss = 0.48
Mon Jan 31 11:32:32 2022
batch 20, train loss = 0.15, mean loss = 0.48
Mon Jan 31 11:33:41 2022
batch 30, train loss = 0.53, mean loss = 0.49
Mon Jan 31 11:34:50 2022
batch 40, train loss = 0.14, mean loss = 0.49
Mon Jan 31 11:35:59 2022
batch 50, train loss = 0.51, mean loss = 0.49
Mon Jan 31 11:37:07 2022
batch 60, train loss = 0.19, mean loss = 0.49
Mon Jan 31 11:38:16 2022
train Loss: 0.49

batch 0, val loss = 0.02, mean loss = 0.02
Mon Jan 31 11:39:20 2022
batch 10, val loss = 0.02, mean loss = 0.03
Mon Jan 31 11:40:30 2022
val Loss: 0.03

epoch 84 was done for 599.863687 seconds
Epoch 85/299
----------
Mon Jan 31 11:41:16 2022
batch 0, train loss = 0.12, mean loss = 0.12
Mon Jan 31 11:41:23 2022
batch 10, train loss = 0.49, mean loss = 0.52
Mon Jan 31 11:42:35 2022
batch 20, train loss = 0.17, mean loss = 0.51
Mon Jan 31 11:43:43 2022
batch 30, train loss = 0.56, mean loss = 0.52
Mon Jan 31 11:44:52 2022
batch 40, train loss = 0.16, mean loss = 0.52
Mon Jan 31 11:46:00 2022
batch 50, train loss = 0.54, mean loss = 0.51
Mon Jan 31 11:47:10 2022
batch 60, train loss = 0.16, mean loss = 0.51
Mon Jan 31 11:48:20 2022
train Loss: 0.51

batch 0, val loss = 0.03, mean loss = 0.03
Mon Jan 31 11:49:24 2022
batch 10, val loss = 0.03, mean loss = 0.03
Mon Jan 31 11:50:33 2022
val Loss: 0.03

epoch 85 was done for 603.527420 seconds
Epoch 86/299
----------
Mon Jan 31 11:51:20 2022
batch 0, train loss = 0.12, mean loss = 0.12
Mon Jan 31 11:51:27 2022
batch 10, train loss = 0.49, mean loss = 0.54
Mon Jan 31 11:52:36 2022
batch 20, train loss = 0.17, mean loss = 0.52
Mon Jan 31 11:53:46 2022
batch 30, train loss = 0.57, mean loss = 0.54
Mon Jan 31 11:54:57 2022
batch 40, train loss = 0.19, mean loss = 0.56
Mon Jan 31 11:56:07 2022
batch 50, train loss = 0.62, mean loss = 0.55
Mon Jan 31 11:57:17 2022
batch 60, train loss = 0.14, mean loss = 0.54
Mon Jan 31 11:58:27 2022
train Loss: 0.53

batch 0, val loss = 0.02, mean loss = 0.02
Mon Jan 31 11:59:32 2022
batch 10, val loss = 0.03, mean loss = 0.03
Mon Jan 31 12:00:41 2022
val Loss: 0.03

epoch 86 was done for 609.083323 seconds
Epoch 87/299
----------
Mon Jan 31 12:01:29 2022
batch 0, train loss = 0.10, mean loss = 0.10
Mon Jan 31 12:01:35 2022
batch 10, train loss = 0.47, mean loss = 0.46
Mon Jan 31 12:02:45 2022
batch 20, train loss = 0.12, mean loss = 0.45
Mon Jan 31 12:03:54 2022
batch 30, train loss = 0.52, mean loss = 0.48
Mon Jan 31 12:05:14 2022
batch 40, train loss = 0.15, mean loss = 0.50
Mon Jan 31 12:06:25 2022
batch 50, train loss = 0.66, mean loss = 0.51
Mon Jan 31 12:07:34 2022
batch 60, train loss = 0.21, mean loss = 0.53
Mon Jan 31 12:08:43 2022
train Loss: 0.53

batch 0, val loss = 0.02, mean loss = 0.02
Mon Jan 31 12:09:48 2022
batch 10, val loss = 0.03, mean loss = 0.03
Mon Jan 31 12:10:58 2022
val Loss: 0.03

epoch 87 was done for 615.107488 seconds
Epoch 88/299
----------
Mon Jan 31 12:11:44 2022
batch 0, train loss = 0.12, mean loss = 0.12
Mon Jan 31 12:11:51 2022
batch 10, train loss = 0.49, mean loss = 0.50
Mon Jan 31 12:12:59 2022
batch 20, train loss = 0.13, mean loss = 0.46
Mon Jan 31 12:14:08 2022
batch 30, train loss = 0.51, mean loss = 0.48
Mon Jan 31 12:15:16 2022
batch 40, train loss = 0.15, mean loss = 0.48
Mon Jan 31 12:16:26 2022
batch 50, train loss = 0.60, mean loss = 0.50
Mon Jan 31 12:17:35 2022
batch 60, train loss = 0.28, mean loss = 0.53
Mon Jan 31 12:18:45 2022
train Loss: 0.54

batch 0, val loss = 0.03, mean loss = 0.03
Mon Jan 31 12:19:49 2022
batch 10, val loss = 0.02, mean loss = 0.02
Mon Jan 31 12:20:59 2022
val Loss: 0.02

epoch 88 was done for 601.310358 seconds
Epoch 89/299
----------
Mon Jan 31 12:21:45 2022
batch 0, train loss = 0.15, mean loss = 0.15
Mon Jan 31 12:21:52 2022
batch 10, train loss = 0.57, mean loss = 0.67
Mon Jan 31 12:23:01 2022
batch 20, train loss = 0.23, mean loss = 0.61
Mon Jan 31 12:24:10 2022
batch 30, train loss = 0.53, mean loss = 0.58
Mon Jan 31 12:25:20 2022
batch 40, train loss = 0.10, mean loss = 0.55
Mon Jan 31 12:26:28 2022
batch 50, train loss = 0.54, mean loss = 0.54
Mon Jan 31 12:27:37 2022
batch 60, train loss = 0.19, mean loss = 0.54
Mon Jan 31 12:28:46 2022
train Loss: 0.54

batch 0, val loss = 0.02, mean loss = 0.02
Mon Jan 31 12:29:50 2022
batch 10, val loss = 0.02, mean loss = 0.03
Mon Jan 31 12:30:59 2022
val Loss: 0.03

epoch 89 was done for 603.007766 seconds
Epoch 90/299
----------
Mon Jan 31 12:31:48 2022
batch 0, train loss = 0.12, mean loss = 0.12
Mon Jan 31 12:31:55 2022
batch 10, train loss = 0.59, mean loss = 0.60
Mon Jan 31 12:33:03 2022
batch 20, train loss = 0.16, mean loss = 0.56
Mon Jan 31 12:34:12 2022
batch 30, train loss = 0.55, mean loss = 0.58
Mon Jan 31 12:35:20 2022
batch 40, train loss = 0.18, mean loss = 0.57
Mon Jan 31 12:36:29 2022
batch 50, train loss = 0.55, mean loss = 0.57
Mon Jan 31 12:37:37 2022
batch 60, train loss = 0.20, mean loss = 0.57
Mon Jan 31 12:38:47 2022
train Loss: 0.57

batch 0, val loss = 0.03, mean loss = 0.03
Mon Jan 31 12:39:57 2022
batch 10, val loss = 0.03, mean loss = 0.03
Mon Jan 31 12:41:06 2022
val Loss: 0.03

epoch 90 was done for 603.815700 seconds
Epoch 91/299
----------
Mon Jan 31 12:41:52 2022
batch 0, train loss = 0.14, mean loss = 0.14
Mon Jan 31 12:41:59 2022
batch 10, train loss = 0.60, mean loss = 0.66
Mon Jan 31 12:43:07 2022
batch 20, train loss = 0.18, mean loss = 0.61
Mon Jan 31 12:44:15 2022
batch 30, train loss = 0.60, mean loss = 0.64
Mon Jan 31 12:45:25 2022
batch 40, train loss = 0.23, mean loss = 0.63
Mon Jan 31 12:46:33 2022
batch 50, train loss = 0.62, mean loss = 0.64
Mon Jan 31 12:47:42 2022
batch 60, train loss = 0.31, mean loss = 0.65
Mon Jan 31 12:48:51 2022
train Loss: 0.64

batch 0, val loss = 0.02, mean loss = 0.02
Mon Jan 31 12:49:57 2022
batch 10, val loss = 0.03, mean loss = 0.03
Mon Jan 31 12:51:05 2022
val Loss: 0.03

epoch 91 was done for 599.741850 seconds
Epoch 92/299
----------
Mon Jan 31 12:51:52 2022
batch 0, train loss = 0.14, mean loss = 0.14
Mon Jan 31 12:51:58 2022
batch 10, train loss = 0.58, mean loss = 0.68
Mon Jan 31 12:53:09 2022
batch 20, train loss = 0.21, mean loss = 0.62
Mon Jan 31 12:54:19 2022
batch 30, train loss = 0.61, mean loss = 0.64
Mon Jan 31 12:55:27 2022
batch 40, train loss = 0.22, mean loss = 0.64
Mon Jan 31 12:56:36 2022
batch 50, train loss = 0.56, mean loss = 0.64
Mon Jan 31 12:57:45 2022
batch 60, train loss = 0.31, mean loss = 0.64
Mon Jan 31 12:58:53 2022
train Loss: 0.64

batch 0, val loss = 0.02, mean loss = 0.02
Mon Jan 31 12:59:57 2022
batch 10, val loss = 0.03, mean loss = 0.03
Mon Jan 31 13:01:07 2022
val Loss: 0.03

epoch 92 was done for 602.597781 seconds
Epoch 93/299
----------
Mon Jan 31 13:01:55 2022
batch 0, train loss = 0.14, mean loss = 0.14
Mon Jan 31 13:02:01 2022
batch 10, train loss = 0.64, mean loss = 0.73
Mon Jan 31 13:03:11 2022
batch 20, train loss = 0.20, mean loss = 0.65
Mon Jan 31 13:04:20 2022
batch 30, train loss = 0.62, mean loss = 0.71
Mon Jan 31 13:05:30 2022
batch 40, train loss = 0.27, mean loss = 0.69
Mon Jan 31 13:06:39 2022
batch 50, train loss = 0.62, mean loss = 0.71
Mon Jan 31 13:07:48 2022
batch 60, train loss = 0.40, mean loss = 0.71
Mon Jan 31 13:08:57 2022
train Loss: 0.72

batch 0, val loss = 0.03, mean loss = 0.03
Mon Jan 31 13:10:02 2022
batch 10, val loss = 0.03, mean loss = 0.03
Mon Jan 31 13:11:11 2022
val Loss: 0.03

epoch 93 was done for 602.640693 seconds
Epoch 94/299
----------
Mon Jan 31 13:11:57 2022
batch 0, train loss = 0.19, mean loss = 0.19
Mon Jan 31 13:12:03 2022
batch 10, train loss = 0.66, mean loss = 0.79
Mon Jan 31 13:13:12 2022
batch 20, train loss = 0.20, mean loss = 0.68
Mon Jan 31 13:14:20 2022
batch 30, train loss = 0.60, mean loss = 0.68
Mon Jan 31 13:15:31 2022
batch 40, train loss = 0.24, mean loss = 0.66
Mon Jan 31 13:16:47 2022
batch 50, train loss = 0.53, mean loss = 0.65
Mon Jan 31 13:17:56 2022
batch 60, train loss = 0.23, mean loss = 0.63
Mon Jan 31 13:19:06 2022
train Loss: 0.63

batch 0, val loss = 0.03, mean loss = 0.03
Mon Jan 31 13:20:10 2022
batch 10, val loss = 0.03, mean loss = 0.03
Mon Jan 31 13:21:17 2022
val Loss: 0.03

epoch 94 was done for 606.491237 seconds
Epoch 95/299
----------
Mon Jan 31 13:22:04 2022
batch 0, train loss = 0.15, mean loss = 0.15
Mon Jan 31 13:22:10 2022
batch 10, train loss = 0.71, mean loss = 0.74
Mon Jan 31 13:23:20 2022
batch 20, train loss = 0.22, mean loss = 0.67
Mon Jan 31 13:24:32 2022
batch 30, train loss = 0.75, mean loss = 0.75
Mon Jan 31 13:25:41 2022
batch 40, train loss = 0.26, mean loss = 0.73
Mon Jan 31 13:26:51 2022
batch 50, train loss = 0.73, mean loss = 0.75
Mon Jan 31 13:28:00 2022
batch 60, train loss = 0.35, mean loss = 0.74
Mon Jan 31 13:29:15 2022
train Loss: 0.72

batch 0, val loss = 0.02, mean loss = 0.02
Mon Jan 31 13:30:20 2022
batch 10, val loss = 0.03, mean loss = 0.03
Mon Jan 31 13:31:30 2022
val Loss: 0.03

epoch 95 was done for 615.348747 seconds
Epoch 96/299
----------
Mon Jan 31 13:32:19 2022
batch 0, train loss = 0.15, mean loss = 0.15
Mon Jan 31 13:32:25 2022
batch 10, train loss = 0.61, mean loss = 0.55
Mon Jan 31 13:33:36 2022
batch 20, train loss = 0.16, mean loss = 0.52
Mon Jan 31 13:34:45 2022
batch 30, train loss = 0.63, mean loss = 0.61
Mon Jan 31 13:35:53 2022
batch 40, train loss = 0.21, mean loss = 0.60
Mon Jan 31 13:37:02 2022
batch 50, train loss = 0.67, mean loss = 0.65
Mon Jan 31 13:38:12 2022
batch 60, train loss = 0.38, mean loss = 0.65
Mon Jan 31 13:39:21 2022
train Loss: 0.67

batch 0, val loss = 0.03, mean loss = 0.03
Mon Jan 31 13:40:26 2022
batch 10, val loss = 0.03, mean loss = 0.03
Mon Jan 31 13:41:35 2022
val Loss: 0.03

epoch 96 was done for 604.948840 seconds
Epoch 97/299
----------
Mon Jan 31 13:42:24 2022
batch 0, train loss = 0.32, mean loss = 0.32
Mon Jan 31 13:42:30 2022
batch 10, train loss = 0.69, mean loss = 0.70
Mon Jan 31 13:43:38 2022
batch 20, train loss = 0.15, mean loss = 0.61
Mon Jan 31 13:44:46 2022
batch 30, train loss = 0.63, mean loss = 0.60
Mon Jan 31 13:45:54 2022
batch 40, train loss = 0.14, mean loss = 0.56
Mon Jan 31 13:47:03 2022
batch 50, train loss = 0.69, mean loss = 0.61
Mon Jan 31 13:48:11 2022
batch 60, train loss = 0.34, mean loss = 0.60
Mon Jan 31 13:49:20 2022
train Loss: 0.64

batch 0, val loss = 0.03, mean loss = 0.03
Mon Jan 31 13:50:24 2022
batch 10, val loss = 0.03, mean loss = 0.03
Mon Jan 31 13:51:32 2022
val Loss: 0.03

epoch 97 was done for 595.433658 seconds
Epoch 98/299
----------
Mon Jan 31 13:52:19 2022
batch 0, train loss = 0.29, mean loss = 0.29
Mon Jan 31 13:52:26 2022
batch 10, train loss = 0.85, mean loss = 0.83
Mon Jan 31 13:53:34 2022
batch 20, train loss = 0.31, mean loss = 0.75
Mon Jan 31 13:54:45 2022
batch 30, train loss = 0.82, mean loss = 0.78
Mon Jan 31 13:55:53 2022
batch 40, train loss = 0.28, mean loss = 0.76
Mon Jan 31 13:57:02 2022
batch 50, train loss = 0.80, mean loss = 0.77
Mon Jan 31 13:58:10 2022
batch 60, train loss = 0.28, mean loss = 0.74
Mon Jan 31 13:59:19 2022
train Loss: 0.76

batch 0, val loss = 0.03, mean loss = 0.03
Mon Jan 31 14:00:23 2022
batch 10, val loss = 0.03, mean loss = 0.03
Mon Jan 31 14:01:33 2022
val Loss: 0.03

epoch 98 was done for 599.812384 seconds
Epoch 99/299
----------
Mon Jan 31 14:02:19 2022
batch 0, train loss = 0.50, mean loss = 0.50
Mon Jan 31 14:02:26 2022
batch 10, train loss = 0.93, mean loss = 0.70
Mon Jan 31 14:03:34 2022
batch 20, train loss = 0.53, mean loss = 0.77
Mon Jan 31 14:04:43 2022
batch 30, train loss = 0.91, mean loss = 0.78
Mon Jan 31 14:05:54 2022
batch 40, train loss = 0.34, mean loss = 0.77
Mon Jan 31 14:07:07 2022
batch 50, train loss = 1.20, mean loss = 0.79
Mon Jan 31 14:08:18 2022
batch 60, train loss = 0.39, mean loss = 0.79
Mon Jan 31 14:09:29 2022
train Loss: 0.81

batch 0, val loss = 0.03, mean loss = 0.03
Mon Jan 31 14:10:33 2022
batch 10, val loss = 0.03, mean loss = 0.03
Mon Jan 31 14:11:42 2022
val Loss: 0.03

epoch 99 was done for 612.748740 seconds
Epoch 100/299
----------
Mon Jan 31 14:12:32 2022
batch 0, train loss = 0.73, mean loss = 0.73
Mon Jan 31 14:12:38 2022
batch 10, train loss = 0.73, mean loss = 0.71
Mon Jan 31 14:13:46 2022
batch 20, train loss = 0.75, mean loss = 0.78
Mon Jan 31 14:14:55 2022
batch 30, train loss = 0.70, mean loss = 0.76
Mon Jan 31 14:16:06 2022
batch 40, train loss = 0.57, mean loss = 0.76
Mon Jan 31 14:17:15 2022
batch 50, train loss = 0.94, mean loss = 0.76
Mon Jan 31 14:18:25 2022
batch 60, train loss = 0.58, mean loss = 0.76
Mon Jan 31 14:19:34 2022
train Loss: 0.75

batch 0, val loss = 0.03, mean loss = 0.03
Mon Jan 31 14:20:39 2022
batch 10, val loss = 0.03, mean loss = 0.03
Mon Jan 31 14:21:49 2022
val Loss: 0.03

epoch 100 was done for 603.803475 seconds
Epoch 101/299
----------
Mon Jan 31 14:22:36 2022
batch 0, train loss = 0.57, mean loss = 0.57
Mon Jan 31 14:22:42 2022
batch 10, train loss = 0.68, mean loss = 0.66
Mon Jan 31 14:23:51 2022
batch 20, train loss = 0.51, mean loss = 0.63
Mon Jan 31 14:25:00 2022
batch 30, train loss = 0.70, mean loss = 0.64
Mon Jan 31 14:26:10 2022
batch 40, train loss = 0.37, mean loss = 0.62
Mon Jan 31 14:27:24 2022
batch 50, train loss = 0.69, mean loss = 0.63
Mon Jan 31 14:28:32 2022
batch 60, train loss = 0.43, mean loss = 0.62
Mon Jan 31 14:29:44 2022
train Loss: 0.61

batch 0, val loss = 0.03, mean loss = 0.03
Mon Jan 31 14:30:49 2022
batch 10, val loss = 0.02, mean loss = 0.02
Mon Jan 31 14:31:59 2022
val Loss: 0.02

epoch 101 was done for 610.569256 seconds
Epoch 102/299
----------
Mon Jan 31 14:32:46 2022
batch 0, train loss = 0.56, mean loss = 0.56
Mon Jan 31 14:32:53 2022
batch 10, train loss = 0.49, mean loss = 0.52
Mon Jan 31 14:34:04 2022
batch 20, train loss = 0.45, mean loss = 0.51
Mon Jan 31 14:35:13 2022
batch 30, train loss = 0.43, mean loss = 0.50
Mon Jan 31 14:36:22 2022
batch 40, train loss = 0.43, mean loss = 0.49
Mon Jan 31 14:37:30 2022
batch 50, train loss = 0.38, mean loss = 0.48
Mon Jan 31 14:38:42 2022
batch 60, train loss = 0.29, mean loss = 0.46
Mon Jan 31 14:39:51 2022
train Loss: 0.45

batch 0, val loss = 0.03, mean loss = 0.03
Mon Jan 31 14:40:55 2022
batch 10, val loss = 0.02, mean loss = 0.02
Mon Jan 31 14:42:04 2022
val Loss: 0.02

epoch 102 was done for 604.841691 seconds
Epoch 103/299
----------
Mon Jan 31 14:42:51 2022
batch 0, train loss = 0.22, mean loss = 0.22
Mon Jan 31 14:42:58 2022
batch 10, train loss = 0.39, mean loss = 0.33
Mon Jan 31 14:44:07 2022
batch 20, train loss = 0.22, mean loss = 0.33
Mon Jan 31 14:45:15 2022
batch 30, train loss = 0.42, mean loss = 0.34
Mon Jan 31 14:46:25 2022
batch 40, train loss = 0.15, mean loss = 0.33
Mon Jan 31 14:47:33 2022
batch 50, train loss = 0.36, mean loss = 0.33
Mon Jan 31 14:48:44 2022
batch 60, train loss = 0.18, mean loss = 0.33
Mon Jan 31 14:49:53 2022
train Loss: 0.33

batch 0, val loss = 0.03, mean loss = 0.03
Mon Jan 31 14:50:59 2022
batch 10, val loss = 0.03, mean loss = 0.03
Mon Jan 31 14:52:10 2022
val Loss: 0.03

epoch 103 was done for 606.025088 seconds
Epoch 104/299
----------
Mon Jan 31 14:52:57 2022
batch 0, train loss = 0.23, mean loss = 0.23
Mon Jan 31 14:53:04 2022
batch 10, train loss = 0.38, mean loss = 0.34
Mon Jan 31 14:54:13 2022
batch 20, train loss = 0.26, mean loss = 0.35
Mon Jan 31 14:55:22 2022
batch 30, train loss = 0.42, mean loss = 0.35
Mon Jan 31 14:56:31 2022
batch 40, train loss = 0.27, mean loss = 0.36
Mon Jan 31 14:57:40 2022
batch 50, train loss = 0.36, mean loss = 0.36
Mon Jan 31 14:58:49 2022
batch 60, train loss = 0.28, mean loss = 0.36
Mon Jan 31 15:00:01 2022
train Loss: 0.36

batch 0, val loss = 0.03, mean loss = 0.03
Mon Jan 31 15:01:06 2022
batch 10, val loss = 0.03, mean loss = 0.03
Mon Jan 31 15:02:14 2022
val Loss: 0.03

epoch 104 was done for 604.019692 seconds
Epoch 105/299
----------
Mon Jan 31 15:03:01 2022
batch 0, train loss = 0.17, mean loss = 0.17
Mon Jan 31 15:03:07 2022
batch 10, train loss = 0.37, mean loss = 0.36
Mon Jan 31 15:04:15 2022
batch 20, train loss = 0.17, mean loss = 0.33
Mon Jan 31 15:05:24 2022
batch 30, train loss = 0.37, mean loss = 0.34
Mon Jan 31 15:06:32 2022
batch 40, train loss = 0.14, mean loss = 0.33
Mon Jan 31 15:07:41 2022
batch 50, train loss = 0.35, mean loss = 0.33
Mon Jan 31 15:08:49 2022
batch 60, train loss = 0.16, mean loss = 0.33
Mon Jan 31 15:09:58 2022
train Loss: 0.33

batch 0, val loss = 0.03, mean loss = 0.03
Mon Jan 31 15:11:01 2022
batch 10, val loss = 0.02, mean loss = 0.03
Mon Jan 31 15:12:09 2022
val Loss: 0.03

epoch 105 was done for 595.024621 seconds
Epoch 106/299
----------
Mon Jan 31 15:12:56 2022
batch 0, train loss = 0.17, mean loss = 0.17
Mon Jan 31 15:13:02 2022
batch 10, train loss = 0.34, mean loss = 0.32
Mon Jan 31 15:14:12 2022
batch 20, train loss = 0.19, mean loss = 0.31
Mon Jan 31 15:15:20 2022
batch 30, train loss = 0.37, mean loss = 0.32
Mon Jan 31 15:16:30 2022
batch 40, train loss = 0.18, mean loss = 0.32
Mon Jan 31 15:17:38 2022
batch 50, train loss = 0.32, mean loss = 0.32
Mon Jan 31 15:18:47 2022
batch 60, train loss = 0.20, mean loss = 0.32
Mon Jan 31 15:19:56 2022
train Loss: 0.32

batch 0, val loss = 0.03, mean loss = 0.03
Mon Jan 31 15:21:00 2022
batch 10, val loss = 0.03, mean loss = 0.03
Mon Jan 31 15:22:09 2022
val Loss: 0.03

epoch 106 was done for 599.681808 seconds
Epoch 107/299
----------
Mon Jan 31 15:22:56 2022
batch 0, train loss = 0.14, mean loss = 0.14
Mon Jan 31 15:23:02 2022
batch 10, train loss = 0.35, mean loss = 0.32
Mon Jan 31 15:24:11 2022
batch 20, train loss = 0.15, mean loss = 0.31
Mon Jan 31 15:25:20 2022
batch 30, train loss = 0.37, mean loss = 0.32
Mon Jan 31 15:26:29 2022
batch 40, train loss = 0.14, mean loss = 0.31
Mon Jan 31 15:27:38 2022
batch 50, train loss = 0.32, mean loss = 0.32
Mon Jan 31 15:28:48 2022
batch 60, train loss = 0.16, mean loss = 0.31
Mon Jan 31 15:29:56 2022
train Loss: 0.31

batch 0, val loss = 0.02, mean loss = 0.02
Mon Jan 31 15:31:01 2022
batch 10, val loss = 0.03, mean loss = 0.03
Mon Jan 31 15:32:09 2022
val Loss: 0.03

epoch 107 was done for 600.729974 seconds
Epoch 108/299
----------
Mon Jan 31 15:32:57 2022
batch 0, train loss = 0.13, mean loss = 0.13
Mon Jan 31 15:33:03 2022
batch 10, train loss = 0.34, mean loss = 0.31
Mon Jan 31 15:34:11 2022
batch 20, train loss = 0.14, mean loss = 0.30
Mon Jan 31 15:35:19 2022
batch 30, train loss = 0.37, mean loss = 0.31
Mon Jan 31 15:36:28 2022
batch 40, train loss = 0.14, mean loss = 0.31
Mon Jan 31 15:37:37 2022
batch 50, train loss = 0.33, mean loss = 0.32
Mon Jan 31 15:38:45 2022
batch 60, train loss = 0.17, mean loss = 0.32
Mon Jan 31 15:39:54 2022
train Loss: 0.32

batch 0, val loss = 0.03, mean loss = 0.03
Mon Jan 31 15:40:59 2022
batch 10, val loss = 0.03, mean loss = 0.03
Mon Jan 31 15:42:07 2022
val Loss: 0.03

epoch 108 was done for 597.092142 seconds
Epoch 109/299
----------
Mon Jan 31 15:42:54 2022
batch 0, train loss = 0.13, mean loss = 0.13
Mon Jan 31 15:43:00 2022
batch 10, train loss = 0.34, mean loss = 0.32
Mon Jan 31 15:44:07 2022
batch 20, train loss = 0.14, mean loss = 0.31
Mon Jan 31 15:45:17 2022
batch 30, train loss = 0.37, mean loss = 0.32
Mon Jan 31 15:46:25 2022
batch 40, train loss = 0.13, mean loss = 0.31
Mon Jan 31 15:47:34 2022
batch 50, train loss = 0.33, mean loss = 0.32
Mon Jan 31 15:48:42 2022
