The activation script must be sourced, otherwise the virtual environment will not work.
Setting vars
iscuda= True
iscuda= True
iscuda= True
opt.wandb =  
opt.wandb =  
opt.wandb =  
iscuda= True
PyTorch Version:  1.8.1
Torchvision Version:  0.9.0a0
opt:
 Namespace(ampl=441, aug_gt='orient', batch_output=2, bs=15, cencrop=700, center=False, chidden_dim=[96, 128, 256, 256, 256], classicnorm=False, cmscrop=0, conTrain='', criterion='L2', csvname='598csv9', datapath='/p/project/delia-mp/cherepashkin1/phenoseed/', dfname='598frame', downsample=1, epoch=300, expdescr='', expnum='e068', feature_extract=False, framelim=6000, gradient_predivide_factor=1.0, gttype='single_file', haf=True, hidden_dim=[9], inputt='img', kernel_sizes=[7, 3, 3, 3, 3, 3], lb='orient', loadh5=False, localexp='', lr=0.0001, machine='jureca', maintain=False, maintain_line=False, man_dist=False, measure_time=False, merging='batch', minmax=False, minmax3dimage=False, minmax_f=True, minmax_fn='', model_name='', netname=['cnet'], ngpu=4, noise_input=False, noise_output=False, normalize=False, num_input_images=3, num_sam_points=500, num_workers=0, outputt='orient', parallel='horovod', pin_memory=False, print_minibatch=10, pscale=100, rand_angle=False, rescale=500, rot_dirs=False, rotate_output=False, save_output=True, single_folder=False, specie='598', standardize=255, steplr=[1000.0, 1.0], transappendix='_image', ufmodel=100000, updateFraction=0.25, use_adasum=False, use_cuda=True, use_existing_csv=True, use_pretrained=False, use_sep_csv=True, view_sep=False, wandb='', weight_decay=0, zero_angle=True)
sys.argv:
 ['../../main.py', '-datapath', '/p/project/delia-mp/cherepashkin1/phenoseed/', '-epoch', '300', '-bs', '15', '-num_input_images', '3', '-framelim', '6000', '-criterion', 'L2', '-localexp', '', '-lr', '1e-4', '-expnum', 'e068', '-hidden_dim', '9', '-inputt', 'img', '-outputt', 'orient', '-lb', 'orient', '-no_loadh5', '-minmax_fn', '', '-parallel', 'horovod', '-machine', 'jureca', '-merging', 'batch', '-aug_gt', 'orient', '-updateFraction', '0.25', '-steplr', '1000', '1', '-print_minibatch', '10', '-dfname', '598frame']
seed =  0
path were main.py is located= ../../
93
93
93
file to frame csv ../../csv/598frame.csv
file to frame csv ../../csv/598frame.csv
file to frame csv ../../csv/598frame.csv
opt.wandb =  
93
file to frame csv ../../csv/598frame.csv
lframe's length after laoding =  5283
lframe's length after laoding =  5283
lframe's length after laoding =  5283
lframe's length after laoding =  5283
lframe len after excluding all exceptions= 5200
lframe len after excluding all exceptions= 5200
lframe len after excluding all exceptions= 5200
lframe len after excluding all exceptions= 5200
len train =  4160
len train =  4160
len train =  4160
len train =  4160
train consists of 277 full batches with 15 tensors with 3 views
the last batch has size of 5 tensors with 3 views
val consists of 69 full batches with 15 tensors with 3 views
the last batch has size of 5 tensors with 3 views
Epoch 0/299
----------
Sun Jan 30 23:49:58 2022
batch 0, train loss = 0.52, mean loss = 0.52
Sun Jan 30 23:50:10 2022
batch 10, train loss = 61.58, mean loss = 135.79
Sun Jan 30 23:51:21 2022
batch 20, train loss = 37.81, mean loss = 99.95
Sun Jan 30 23:52:31 2022
batch 30, train loss = 15.73, mean loss = 72.28
Sun Jan 30 23:53:41 2022
batch 40, train loss = 9.49, mean loss = 57.58
Sun Jan 30 23:54:50 2022
batch 50, train loss = 5.37, mean loss = 47.91
Sun Jan 30 23:55:59 2022
batch 60, train loss = 6.52, mean loss = 40.94
Sun Jan 30 23:57:09 2022
train Loss: 36.23

batch 0, val loss = 0.02, mean loss = 0.02
Sun Jan 30 23:58:13 2022
batch 10, val loss = 0.02, mean loss = 0.02
Sun Jan 30 23:59:23 2022
val Loss: 0.02

epoch 0 was done for 612.440055 seconds
Epoch 1/299
----------
Mon Jan 31 00:00:10 2022
batch 0, train loss = 4.53, mean loss = 4.53
Mon Jan 31 00:00:16 2022
batch 10, train loss = 3.28, mean loss = 3.54
Mon Jan 31 00:01:11 2022
batch 20, train loss = 2.79, mean loss = 3.40
Mon Jan 31 00:02:07 2022
batch 30, train loss = 3.21, mean loss = 3.00
Mon Jan 31 00:03:02 2022
batch 40, train loss = 0.99, mean loss = 2.74
Mon Jan 31 00:03:57 2022
batch 50, train loss = 1.71, mean loss = 2.62
Mon Jan 31 00:04:53 2022
batch 60, train loss = 1.72, mean loss = 2.42
Mon Jan 31 00:05:48 2022
train Loss: 2.28

batch 0, val loss = 0.02, mean loss = 0.02
Mon Jan 31 00:06:40 2022
batch 10, val loss = 0.02, mean loss = 0.02
Mon Jan 31 00:07:36 2022
val Loss: 0.02

epoch 1 was done for 484.926517 seconds
Epoch 2/299
----------
Mon Jan 31 00:08:15 2022
batch 0, train loss = 1.04, mean loss = 1.04
Mon Jan 31 00:08:21 2022
batch 10, train loss = 0.91, mean loss = 0.99
Mon Jan 31 00:09:17 2022
batch 20, train loss = 0.95, mean loss = 0.92
Mon Jan 31 00:10:14 2022
batch 30, train loss = 0.89, mean loss = 0.85
Mon Jan 31 00:11:11 2022
batch 40, train loss = 0.46, mean loss = 0.79
Mon Jan 31 00:12:08 2022
batch 50, train loss = 0.45, mean loss = 0.74
Mon Jan 31 00:13:04 2022
batch 60, train loss = 0.47, mean loss = 0.70
Mon Jan 31 00:14:01 2022
train Loss: 0.67

batch 0, val loss = 0.02, mean loss = 0.02
Mon Jan 31 00:14:55 2022
batch 10, val loss = 0.02, mean loss = 0.02
Mon Jan 31 00:15:52 2022
val Loss: 0.02

epoch 2 was done for 496.962035 seconds
Epoch 3/299
----------
Mon Jan 31 00:16:32 2022
batch 0, train loss = 0.40, mean loss = 0.40
Mon Jan 31 00:16:38 2022
batch 10, train loss = 0.43, mean loss = 0.42
Mon Jan 31 00:17:33 2022
batch 20, train loss = 0.39, mean loss = 0.43
Mon Jan 31 00:18:30 2022
batch 30, train loss = 0.45, mean loss = 0.42
Mon Jan 31 00:19:26 2022
batch 40, train loss = 0.33, mean loss = 0.42
Mon Jan 31 00:20:22 2022
batch 50, train loss = 0.37, mean loss = 0.43
Mon Jan 31 00:21:18 2022
batch 60, train loss = 0.41, mean loss = 0.42
Mon Jan 31 00:22:14 2022
train Loss: 0.42

batch 0, val loss = 0.02, mean loss = 0.02
Mon Jan 31 00:23:06 2022
batch 10, val loss = 0.02, mean loss = 0.02
Mon Jan 31 00:24:03 2022
val Loss: 0.02

epoch 3 was done for 490.035361 seconds
Epoch 4/299
----------
Mon Jan 31 00:24:42 2022
batch 0, train loss = 0.37, mean loss = 0.37
Mon Jan 31 00:24:48 2022
batch 10, train loss = 0.42, mean loss = 0.37
Mon Jan 31 00:25:44 2022
batch 20, train loss = 0.34, mean loss = 0.37
Mon Jan 31 00:26:41 2022
batch 30, train loss = 0.40, mean loss = 0.38
Mon Jan 31 00:27:37 2022
batch 40, train loss = 0.31, mean loss = 0.38
Mon Jan 31 00:28:34 2022
batch 50, train loss = 0.34, mean loss = 0.38
Mon Jan 31 00:29:30 2022
batch 60, train loss = 0.34, mean loss = 0.37
Mon Jan 31 00:30:27 2022
train Loss: 0.37

batch 0, val loss = 0.02, mean loss = 0.02
Mon Jan 31 00:31:19 2022
batch 10, val loss = 0.02, mean loss = 0.02
Mon Jan 31 00:32:16 2022
val Loss: 0.02

epoch 4 was done for 493.648783 seconds
Epoch 5/299
----------
Mon Jan 31 00:32:56 2022
batch 0, train loss = 0.32, mean loss = 0.32
Mon Jan 31 00:33:01 2022
batch 10, train loss = 0.39, mean loss = 0.35
Mon Jan 31 00:33:59 2022
batch 20, train loss = 0.33, mean loss = 0.34
Mon Jan 31 00:34:56 2022
batch 30, train loss = 0.36, mean loss = 0.35
Mon Jan 31 00:35:53 2022
batch 40, train loss = 0.28, mean loss = 0.35
Mon Jan 31 00:36:50 2022
batch 50, train loss = 0.32, mean loss = 0.35
Mon Jan 31 00:37:46 2022
batch 60, train loss = 0.32, mean loss = 0.35
Mon Jan 31 00:38:43 2022
train Loss: 0.35

batch 0, val loss = 0.02, mean loss = 0.02
Mon Jan 31 00:39:37 2022
batch 10, val loss = 0.02, mean loss = 0.02
Mon Jan 31 00:40:34 2022
val Loss: 0.02

epoch 5 was done for 497.483161 seconds
Epoch 6/299
----------
Mon Jan 31 00:41:13 2022
batch 0, train loss = 0.31, mean loss = 0.31
Mon Jan 31 00:41:19 2022
batch 10, train loss = 0.37, mean loss = 0.34
Mon Jan 31 00:42:15 2022
batch 20, train loss = 0.32, mean loss = 0.34
Mon Jan 31 00:43:12 2022
batch 30, train loss = 0.34, mean loss = 0.34
Mon Jan 31 00:44:08 2022
batch 40, train loss = 0.27, mean loss = 0.34
Mon Jan 31 00:45:05 2022
batch 50, train loss = 0.30, mean loss = 0.34
Mon Jan 31 00:46:01 2022
batch 60, train loss = 0.30, mean loss = 0.34
Mon Jan 31 00:46:58 2022
train Loss: 0.34

batch 0, val loss = 0.02, mean loss = 0.02
Mon Jan 31 00:47:51 2022
batch 10, val loss = 0.02, mean loss = 0.02
Mon Jan 31 00:48:48 2022
val Loss: 0.02

epoch 6 was done for 493.692208 seconds
Epoch 7/299
----------
Mon Jan 31 00:49:27 2022
batch 0, train loss = 0.29, mean loss = 0.29
Mon Jan 31 00:49:32 2022
batch 10, train loss = 0.34, mean loss = 0.34
Mon Jan 31 00:50:29 2022
batch 20, train loss = 0.32, mean loss = 0.34
Mon Jan 31 00:51:25 2022
batch 30, train loss = 0.34, mean loss = 0.34
Mon Jan 31 00:52:22 2022
batch 40, train loss = 0.28, mean loss = 0.33
Mon Jan 31 00:53:18 2022
batch 50, train loss = 0.30, mean loss = 0.34
Mon Jan 31 00:54:14 2022
batch 60, train loss = 0.29, mean loss = 0.33
Mon Jan 31 00:55:11 2022
train Loss: 0.33

batch 0, val loss = 0.02, mean loss = 0.02
Mon Jan 31 00:56:03 2022
batch 10, val loss = 0.02, mean loss = 0.02
Mon Jan 31 00:57:00 2022
val Loss: 0.02

epoch 7 was done for 491.872639 seconds
Epoch 8/299
----------
Mon Jan 31 00:57:39 2022
batch 0, train loss = 0.27, mean loss = 0.27
Mon Jan 31 00:57:44 2022
batch 10, train loss = 0.33, mean loss = 0.33
Mon Jan 31 00:58:40 2022
batch 20, train loss = 0.31, mean loss = 0.33
Mon Jan 31 00:59:36 2022
batch 30, train loss = 0.33, mean loss = 0.33
Mon Jan 31 01:00:31 2022
batch 40, train loss = 0.27, mean loss = 0.33
Mon Jan 31 01:01:27 2022
batch 50, train loss = 0.30, mean loss = 0.33
Mon Jan 31 01:02:22 2022
batch 60, train loss = 0.28, mean loss = 0.33
Mon Jan 31 01:03:18 2022
train Loss: 0.33

batch 0, val loss = 0.02, mean loss = 0.02
Mon Jan 31 01:04:10 2022
batch 10, val loss = 0.02, mean loss = 0.02
Mon Jan 31 01:05:06 2022
val Loss: 0.02

epoch 8 was done for 486.545018 seconds
Epoch 9/299
----------
Mon Jan 31 01:05:45 2022
batch 0, train loss = 0.27, mean loss = 0.27
Mon Jan 31 01:05:51 2022
batch 10, train loss = 0.32, mean loss = 0.32
Mon Jan 31 01:06:47 2022
batch 20, train loss = 0.30, mean loss = 0.32
Mon Jan 31 01:07:43 2022
batch 30, train loss = 0.33, mean loss = 0.33
Mon Jan 31 01:08:39 2022
batch 40, train loss = 0.26, mean loss = 0.33
Mon Jan 31 01:09:36 2022
batch 50, train loss = 0.30, mean loss = 0.33
Mon Jan 31 01:10:32 2022
batch 60, train loss = 0.28, mean loss = 0.33
Mon Jan 31 01:11:28 2022
train Loss: 0.33

batch 0, val loss = 0.02, mean loss = 0.02
Mon Jan 31 01:12:20 2022
batch 10, val loss = 0.02, mean loss = 0.02
Mon Jan 31 01:13:17 2022
val Loss: 0.02

epoch 9 was done for 490.745623 seconds
Epoch 10/299
----------
Mon Jan 31 01:13:56 2022
batch 0, train loss = 0.26, mean loss = 0.26
Mon Jan 31 01:14:02 2022
batch 10, train loss = 0.32, mean loss = 0.32
Mon Jan 31 01:14:58 2022
batch 20, train loss = 0.30, mean loss = 0.32
Mon Jan 31 01:15:55 2022
batch 30, train loss = 0.33, mean loss = 0.33
Mon Jan 31 01:16:51 2022
batch 40, train loss = 0.26, mean loss = 0.32
Mon Jan 31 01:17:48 2022
batch 50, train loss = 0.30, mean loss = 0.33
Mon Jan 31 01:18:44 2022
batch 60, train loss = 0.28, mean loss = 0.32
Mon Jan 31 01:19:41 2022
train Loss: 0.33

batch 0, val loss = 0.02, mean loss = 0.02
Mon Jan 31 01:20:33 2022
batch 10, val loss = 0.02, mean loss = 0.02
Mon Jan 31 01:21:30 2022
val Loss: 0.02

epoch 10 was done for 493.420349 seconds
Epoch 11/299
----------
Mon Jan 31 01:22:09 2022
batch 0, train loss = 0.26, mean loss = 0.26
Mon Jan 31 01:22:15 2022
batch 10, train loss = 0.32, mean loss = 0.32
Mon Jan 31 01:23:10 2022
batch 20, train loss = 0.30, mean loss = 0.32
Mon Jan 31 01:24:06 2022
batch 30, train loss = 0.32, mean loss = 0.33
Mon Jan 31 01:25:01 2022
batch 40, train loss = 0.26, mean loss = 0.32
Mon Jan 31 01:25:57 2022
batch 50, train loss = 0.30, mean loss = 0.33
Mon Jan 31 01:26:53 2022
batch 60, train loss = 0.27, mean loss = 0.32
Mon Jan 31 01:27:48 2022
train Loss: 0.32

batch 0, val loss = 0.02, mean loss = 0.02
Mon Jan 31 01:28:40 2022
batch 10, val loss = 0.02, mean loss = 0.02
Mon Jan 31 01:29:37 2022
val Loss: 0.02

epoch 11 was done for 485.745974 seconds
Epoch 12/299
----------
Mon Jan 31 01:30:15 2022
batch 0, train loss = 0.26, mean loss = 0.26
Mon Jan 31 01:30:21 2022
batch 10, train loss = 0.32, mean loss = 0.32
Mon Jan 31 01:31:17 2022
batch 20, train loss = 0.30, mean loss = 0.32
Mon Jan 31 01:32:13 2022
batch 30, train loss = 0.32, mean loss = 0.33
Mon Jan 31 01:33:09 2022
batch 40, train loss = 0.25, mean loss = 0.32
Mon Jan 31 01:34:05 2022
batch 50, train loss = 0.30, mean loss = 0.33
Mon Jan 31 01:35:01 2022
batch 60, train loss = 0.27, mean loss = 0.32
Mon Jan 31 01:35:58 2022
train Loss: 0.32

batch 0, val loss = 0.02, mean loss = 0.02
Mon Jan 31 01:36:50 2022
batch 10, val loss = 0.02, mean loss = 0.02
Mon Jan 31 01:37:47 2022
val Loss: 0.02

epoch 12 was done for 490.204888 seconds
Epoch 13/299
----------
Mon Jan 31 01:38:25 2022
batch 0, train loss = 0.26, mean loss = 0.26
Mon Jan 31 01:38:31 2022
batch 10, train loss = 0.32, mean loss = 0.32
Mon Jan 31 01:39:28 2022
batch 20, train loss = 0.29, mean loss = 0.32
Mon Jan 31 01:40:25 2022
batch 30, train loss = 0.32, mean loss = 0.33
Mon Jan 31 01:41:22 2022
batch 40, train loss = 0.25, mean loss = 0.32
Mon Jan 31 01:42:19 2022
batch 50, train loss = 0.30, mean loss = 0.33
Mon Jan 31 01:43:15 2022
batch 60, train loss = 0.27, mean loss = 0.32
Mon Jan 31 01:44:12 2022
train Loss: 0.33

batch 0, val loss = 0.02, mean loss = 0.02
Mon Jan 31 01:45:05 2022
batch 10, val loss = 0.02, mean loss = 0.02
Mon Jan 31 01:46:03 2022
val Loss: 0.02

epoch 13 was done for 496.617029 seconds
Epoch 14/299
----------
Mon Jan 31 01:46:42 2022
batch 0, train loss = 0.25, mean loss = 0.25
Mon Jan 31 01:46:48 2022
batch 10, train loss = 0.32, mean loss = 0.32
Mon Jan 31 01:47:43 2022
batch 20, train loss = 0.29, mean loss = 0.32
Mon Jan 31 01:48:39 2022
batch 30, train loss = 0.32, mean loss = 0.33
Mon Jan 31 01:49:35 2022
batch 40, train loss = 0.25, mean loss = 0.32
Mon Jan 31 01:50:31 2022
batch 50, train loss = 0.30, mean loss = 0.33
Mon Jan 31 01:51:27 2022
batch 60, train loss = 0.27, mean loss = 0.33
Mon Jan 31 01:52:23 2022
train Loss: 0.33

batch 0, val loss = 0.02, mean loss = 0.02
Mon Jan 31 01:53:15 2022
batch 10, val loss = 0.02, mean loss = 0.02
Mon Jan 31 01:54:12 2022
val Loss: 0.02

epoch 14 was done for 488.216603 seconds
Epoch 15/299
----------
Mon Jan 31 01:54:50 2022
batch 0, train loss = 0.25, mean loss = 0.25
Mon Jan 31 01:54:56 2022
batch 10, train loss = 0.32, mean loss = 0.32
Mon Jan 31 01:55:52 2022
batch 20, train loss = 0.29, mean loss = 0.32
Mon Jan 31 01:56:48 2022
batch 30, train loss = 0.32, mean loss = 0.33
Mon Jan 31 01:57:44 2022
batch 40, train loss = 0.25, mean loss = 0.32
Mon Jan 31 01:58:40 2022
batch 50, train loss = 0.30, mean loss = 0.33
Mon Jan 31 01:59:36 2022
batch 60, train loss = 0.26, mean loss = 0.33
Mon Jan 31 02:00:32 2022
train Loss: 0.33

batch 0, val loss = 0.02, mean loss = 0.02
Mon Jan 31 02:01:25 2022
batch 10, val loss = 0.02, mean loss = 0.02
Mon Jan 31 02:02:21 2022
val Loss: 0.02

epoch 15 was done for 489.927905 seconds
Epoch 16/299
----------
Mon Jan 31 02:03:00 2022
batch 0, train loss = 0.25, mean loss = 0.25
Mon Jan 31 02:03:06 2022
batch 10, train loss = 0.32, mean loss = 0.32
Mon Jan 31 02:04:02 2022
batch 20, train loss = 0.28, mean loss = 0.32
Mon Jan 31 02:04:59 2022
batch 30, train loss = 0.33, mean loss = 0.33
Mon Jan 31 02:05:56 2022
batch 40, train loss = 0.24, mean loss = 0.32
Mon Jan 31 02:06:53 2022
batch 50, train loss = 0.30, mean loss = 0.33
Mon Jan 31 02:07:50 2022
batch 60, train loss = 0.26, mean loss = 0.33
Mon Jan 31 02:08:46 2022
train Loss: 0.33

batch 0, val loss = 0.02, mean loss = 0.02
Mon Jan 31 02:09:39 2022
batch 10, val loss = 0.02, mean loss = 0.02
Mon Jan 31 02:10:37 2022
val Loss: 0.02

epoch 16 was done for 495.841436 seconds
Epoch 17/299
----------
Mon Jan 31 02:11:16 2022
batch 0, train loss = 0.25, mean loss = 0.25
Mon Jan 31 02:11:21 2022
batch 10, train loss = 0.32, mean loss = 0.32
Mon Jan 31 02:12:17 2022
batch 20, train loss = 0.28, mean loss = 0.32
Mon Jan 31 02:13:13 2022
batch 30, train loss = 0.33, mean loss = 0.33
Mon Jan 31 02:14:09 2022
batch 40, train loss = 0.23, mean loss = 0.32
Mon Jan 31 02:15:05 2022
batch 50, train loss = 0.30, mean loss = 0.33
Mon Jan 31 02:16:00 2022
batch 60, train loss = 0.25, mean loss = 0.32
Mon Jan 31 02:16:56 2022
train Loss: 0.32

batch 0, val loss = 0.02, mean loss = 0.02
Mon Jan 31 02:17:50 2022
batch 10, val loss = 0.02, mean loss = 0.02
Mon Jan 31 02:18:48 2022
val Loss: 0.02

epoch 17 was done for 490.245191 seconds
Epoch 18/299
----------
Mon Jan 31 02:19:26 2022
batch 0, train loss = 0.25, mean loss = 0.25
Mon Jan 31 02:19:32 2022
batch 10, train loss = 0.32, mean loss = 0.32
Mon Jan 31 02:20:28 2022
batch 20, train loss = 0.28, mean loss = 0.32
Mon Jan 31 02:21:24 2022
batch 30, train loss = 0.33, mean loss = 0.33
Mon Jan 31 02:22:21 2022
batch 40, train loss = 0.23, mean loss = 0.32
Mon Jan 31 02:23:17 2022
batch 50, train loss = 0.30, mean loss = 0.33
Mon Jan 31 02:24:13 2022
batch 60, train loss = 0.25, mean loss = 0.32
Mon Jan 31 02:25:09 2022
train Loss: 0.32

batch 0, val loss = 0.02, mean loss = 0.02
Mon Jan 31 02:26:02 2022
batch 10, val loss = 0.02, mean loss = 0.02
Mon Jan 31 02:26:59 2022
val Loss: 0.02

epoch 18 was done for 491.460348 seconds
Epoch 19/299
----------
Mon Jan 31 02:27:38 2022
batch 0, train loss = 0.24, mean loss = 0.24
Mon Jan 31 02:27:43 2022
batch 10, train loss = 0.32, mean loss = 0.32
Mon Jan 31 02:28:40 2022
batch 20, train loss = 0.28, mean loss = 0.32
Mon Jan 31 02:29:37 2022
batch 30, train loss = 0.33, mean loss = 0.33
Mon Jan 31 02:30:33 2022
batch 40, train loss = 0.22, mean loss = 0.32
Mon Jan 31 02:31:30 2022
batch 50, train loss = 0.30, mean loss = 0.32
Mon Jan 31 02:32:27 2022
batch 60, train loss = 0.24, mean loss = 0.32
Mon Jan 31 02:33:24 2022
train Loss: 0.32

batch 0, val loss = 0.02, mean loss = 0.02
Mon Jan 31 02:34:17 2022
batch 10, val loss = 0.02, mean loss = 0.02
Mon Jan 31 02:35:15 2022
val Loss: 0.02

epoch 19 was done for 496.862165 seconds
Epoch 20/299
----------
Mon Jan 31 02:35:54 2022
batch 0, train loss = 0.24, mean loss = 0.24
Mon Jan 31 02:36:00 2022
batch 10, train loss = 0.32, mean loss = 0.32
Mon Jan 31 02:36:57 2022
batch 20, train loss = 0.27, mean loss = 0.32
Mon Jan 31 02:37:53 2022
batch 30, train loss = 0.33, mean loss = 0.33
Mon Jan 31 02:38:50 2022
batch 40, train loss = 0.22, mean loss = 0.32
Mon Jan 31 02:39:47 2022
batch 50, train loss = 0.31, mean loss = 0.32
Mon Jan 31 02:40:43 2022
batch 60, train loss = 0.24, mean loss = 0.32
Mon Jan 31 02:41:40 2022
train Loss: 0.32

batch 0, val loss = 0.02, mean loss = 0.02
Mon Jan 31 02:42:33 2022
batch 10, val loss = 0.02, mean loss = 0.02
Mon Jan 31 02:43:29 2022
val Loss: 0.02

epoch 20 was done for 493.656299 seconds
Epoch 21/299
----------
Mon Jan 31 02:44:08 2022
batch 0, train loss = 0.24, mean loss = 0.24
Mon Jan 31 02:44:14 2022
batch 10, train loss = 0.32, mean loss = 0.32
Mon Jan 31 02:45:10 2022
batch 20, train loss = 0.27, mean loss = 0.32
Mon Jan 31 02:46:06 2022
batch 30, train loss = 0.33, mean loss = 0.33
Mon Jan 31 02:47:02 2022
batch 40, train loss = 0.21, mean loss = 0.32
Mon Jan 31 02:47:58 2022
batch 50, train loss = 0.31, mean loss = 0.32
Mon Jan 31 02:48:54 2022
batch 60, train loss = 0.23, mean loss = 0.32
Mon Jan 31 02:49:51 2022
train Loss: 0.32

batch 0, val loss = 0.02, mean loss = 0.02
Mon Jan 31 02:50:43 2022
batch 10, val loss = 0.02, mean loss = 0.02
Mon Jan 31 02:51:41 2022
val Loss: 0.02

epoch 21 was done for 491.316708 seconds
Epoch 22/299
----------
Mon Jan 31 02:52:19 2022
batch 0, train loss = 0.24, mean loss = 0.24
Mon Jan 31 02:52:25 2022
batch 10, train loss = 0.32, mean loss = 0.32
Mon Jan 31 02:53:21 2022
batch 20, train loss = 0.27, mean loss = 0.32
Mon Jan 31 02:54:18 2022
batch 30, train loss = 0.33, mean loss = 0.33
Mon Jan 31 02:55:14 2022
batch 40, train loss = 0.21, mean loss = 0.32
Mon Jan 31 02:56:10 2022
batch 50, train loss = 0.31, mean loss = 0.32
Mon Jan 31 02:57:06 2022
batch 60, train loss = 0.23, mean loss = 0.32
Mon Jan 31 02:58:02 2022
train Loss: 0.32

batch 0, val loss = 0.02, mean loss = 0.02
Mon Jan 31 02:58:54 2022
batch 10, val loss = 0.02, mean loss = 0.02
Mon Jan 31 02:59:50 2022
val Loss: 0.02

epoch 22 was done for 489.768310 seconds
Epoch 23/299
----------
Mon Jan 31 03:00:29 2022
batch 0, train loss = 0.23, mean loss = 0.23
Mon Jan 31 03:00:35 2022
batch 10, train loss = 0.32, mean loss = 0.32
Mon Jan 31 03:01:31 2022
batch 20, train loss = 0.27, mean loss = 0.32
Mon Jan 31 03:02:27 2022
batch 30, train loss = 0.33, mean loss = 0.33
Mon Jan 31 03:03:23 2022
batch 40, train loss = 0.21, mean loss = 0.32
Mon Jan 31 03:04:19 2022
batch 50, train loss = 0.31, mean loss = 0.32
Mon Jan 31 03:05:16 2022
batch 60, train loss = 0.23, mean loss = 0.32
Mon Jan 31 03:06:12 2022
train Loss: 0.32

batch 0, val loss = 0.02, mean loss = 0.02
Mon Jan 31 03:07:05 2022
batch 10, val loss = 0.02, mean loss = 0.02
Mon Jan 31 03:08:02 2022
val Loss: 0.02

epoch 23 was done for 491.361212 seconds
Epoch 24/299
----------
Mon Jan 31 03:08:41 2022
batch 0, train loss = 0.23, mean loss = 0.23
Mon Jan 31 03:08:46 2022
batch 10, train loss = 0.32, mean loss = 0.32
Mon Jan 31 03:09:43 2022
batch 20, train loss = 0.26, mean loss = 0.32
Mon Jan 31 03:10:39 2022
batch 30, train loss = 0.34, mean loss = 0.33
Mon Jan 31 03:11:36 2022
batch 40, train loss = 0.20, mean loss = 0.32
Mon Jan 31 03:12:32 2022
batch 50, train loss = 0.31, mean loss = 0.32
Mon Jan 31 03:13:29 2022
batch 60, train loss = 0.22, mean loss = 0.32
Mon Jan 31 03:14:26 2022
train Loss: 0.32

batch 0, val loss = 0.02, mean loss = 0.02
Mon Jan 31 03:15:19 2022
batch 10, val loss = 0.02, mean loss = 0.02
Mon Jan 31 03:16:16 2022
val Loss: 0.02

epoch 24 was done for 494.925424 seconds
Epoch 25/299
----------
Mon Jan 31 03:16:55 2022
batch 0, train loss = 0.23, mean loss = 0.23
Mon Jan 31 03:17:01 2022
batch 10, train loss = 0.32, mean loss = 0.32
Mon Jan 31 03:17:57 2022
batch 20, train loss = 0.26, mean loss = 0.32
Mon Jan 31 03:18:53 2022
batch 30, train loss = 0.34, mean loss = 0.33
Mon Jan 31 03:19:49 2022
batch 40, train loss = 0.20, mean loss = 0.32
Mon Jan 31 03:20:44 2022
batch 50, train loss = 0.31, mean loss = 0.32
Mon Jan 31 03:21:40 2022
batch 60, train loss = 0.22, mean loss = 0.32
Mon Jan 31 03:22:36 2022
train Loss: 0.32

batch 0, val loss = 0.02, mean loss = 0.02
Mon Jan 31 03:23:28 2022
batch 10, val loss = 0.02, mean loss = 0.02
Mon Jan 31 03:24:24 2022
val Loss: 0.02

epoch 25 was done for 487.439055 seconds
Epoch 26/299
----------
Mon Jan 31 03:25:03 2022
batch 0, train loss = 0.22, mean loss = 0.22
Mon Jan 31 03:25:09 2022
batch 10, train loss = 0.32, mean loss = 0.32
Mon Jan 31 03:26:05 2022
batch 20, train loss = 0.26, mean loss = 0.32
Mon Jan 31 03:27:01 2022
batch 30, train loss = 0.34, mean loss = 0.33
Mon Jan 31 03:27:57 2022
batch 40, train loss = 0.19, mean loss = 0.32
Mon Jan 31 03:28:53 2022
batch 50, train loss = 0.31, mean loss = 0.32
Mon Jan 31 03:29:49 2022
batch 60, train loss = 0.22, mean loss = 0.32
Mon Jan 31 03:30:46 2022
train Loss: 0.32

batch 0, val loss = 0.02, mean loss = 0.02
Mon Jan 31 03:31:39 2022
batch 10, val loss = 0.02, mean loss = 0.02
Mon Jan 31 03:32:36 2022
val Loss: 0.02

epoch 26 was done for 491.876801 seconds
Epoch 27/299
----------
Mon Jan 31 03:33:15 2022
batch 0, train loss = 0.22, mean loss = 0.22
Mon Jan 31 03:33:21 2022
batch 10, train loss = 0.32, mean loss = 0.32
Mon Jan 31 03:34:18 2022
batch 20, train loss = 0.25, mean loss = 0.32
Mon Jan 31 03:35:15 2022
batch 30, train loss = 0.34, mean loss = 0.33
Mon Jan 31 03:36:12 2022
batch 40, train loss = 0.19, mean loss = 0.32
Mon Jan 31 03:37:09 2022
batch 50, train loss = 0.31, mean loss = 0.32
Mon Jan 31 03:38:06 2022
batch 60, train loss = 0.21, mean loss = 0.32
Mon Jan 31 03:39:02 2022
train Loss: 0.32

batch 0, val loss = 0.02, mean loss = 0.02
Mon Jan 31 03:39:55 2022
batch 10, val loss = 0.02, mean loss = 0.02
Mon Jan 31 03:40:53 2022
val Loss: 0.02

epoch 27 was done for 497.233137 seconds
Epoch 28/299
----------
Mon Jan 31 03:41:32 2022
batch 0, train loss = 0.22, mean loss = 0.22
Mon Jan 31 03:41:38 2022
batch 10, train loss = 0.32, mean loss = 0.32
Mon Jan 31 03:42:34 2022
batch 20, train loss = 0.25, mean loss = 0.32
Mon Jan 31 03:43:30 2022
batch 30, train loss = 0.34, mean loss = 0.33
Mon Jan 31 03:44:26 2022
batch 40, train loss = 0.19, mean loss = 0.32
Mon Jan 31 03:45:22 2022
batch 50, train loss = 0.31, mean loss = 0.32
Mon Jan 31 03:46:18 2022
batch 60, train loss = 0.21, mean loss = 0.32
Mon Jan 31 03:47:15 2022
train Loss: 0.32

batch 0, val loss = 0.02, mean loss = 0.02
Mon Jan 31 03:48:08 2022
batch 10, val loss = 0.02, mean loss = 0.02
Mon Jan 31 03:49:04 2022
val Loss: 0.02

epoch 28 was done for 491.225241 seconds
Epoch 29/299
----------
Mon Jan 31 03:49:43 2022
batch 0, train loss = 0.22, mean loss = 0.22
Mon Jan 31 03:49:49 2022
batch 10, train loss = 0.32, mean loss = 0.32
Mon Jan 31 03:50:46 2022
batch 20, train loss = 0.25, mean loss = 0.32
Mon Jan 31 03:51:43 2022
batch 30, train loss = 0.34, mean loss = 0.33
Mon Jan 31 03:52:39 2022
batch 40, train loss = 0.18, mean loss = 0.32
Mon Jan 31 03:53:36 2022
batch 50, train loss = 0.31, mean loss = 0.33
Mon Jan 31 03:54:33 2022
batch 60, train loss = 0.21, mean loss = 0.32
Mon Jan 31 03:55:30 2022
train Loss: 0.33

batch 0, val loss = 0.02, mean loss = 0.02
Mon Jan 31 03:56:23 2022
batch 10, val loss = 0.02, mean loss = 0.02
Mon Jan 31 03:57:20 2022
val Loss: 0.02

epoch 29 was done for 495.901649 seconds
Epoch 30/299
----------
Mon Jan 31 03:57:59 2022
batch 0, train loss = 0.22, mean loss = 0.22
Mon Jan 31 03:58:05 2022
batch 10, train loss = 0.32, mean loss = 0.32
Mon Jan 31 03:59:02 2022
batch 20, train loss = 0.25, mean loss = 0.32
Mon Jan 31 03:59:59 2022
batch 30, train loss = 0.34, mean loss = 0.33
Mon Jan 31 04:00:56 2022
batch 40, train loss = 0.18, mean loss = 0.32
Mon Jan 31 04:01:52 2022
batch 50, train loss = 0.31, mean loss = 0.33
Mon Jan 31 04:02:49 2022
batch 60, train loss = 0.20, mean loss = 0.32
Mon Jan 31 04:03:46 2022
train Loss: 0.33

batch 0, val loss = 0.02, mean loss = 0.02
Mon Jan 31 04:04:39 2022
batch 10, val loss = 0.02, mean loss = 0.02
Mon Jan 31 04:05:36 2022
val Loss: 0.02

epoch 30 was done for 496.359012 seconds
Epoch 31/299
----------
Mon Jan 31 04:06:16 2022
batch 0, train loss = 0.22, mean loss = 0.22
Mon Jan 31 04:06:21 2022
batch 10, train loss = 0.32, mean loss = 0.32
Mon Jan 31 04:07:17 2022
batch 20, train loss = 0.24, mean loss = 0.32
Mon Jan 31 04:08:13 2022
batch 30, train loss = 0.34, mean loss = 0.33
Mon Jan 31 04:09:09 2022
batch 40, train loss = 0.18, mean loss = 0.32
Mon Jan 31 04:10:05 2022
batch 50, train loss = 0.31, mean loss = 0.33
Mon Jan 31 04:11:01 2022
batch 60, train loss = 0.20, mean loss = 0.33
Mon Jan 31 04:11:57 2022
train Loss: 0.33

batch 0, val loss = 0.02, mean loss = 0.02
Mon Jan 31 04:12:50 2022
batch 10, val loss = 0.02, mean loss = 0.02
Mon Jan 31 04:13:47 2022
val Loss: 0.02

epoch 31 was done for 490.277217 seconds
Epoch 32/299
----------
Mon Jan 31 04:14:26 2022
batch 0, train loss = 0.22, mean loss = 0.22
Mon Jan 31 04:14:32 2022
batch 10, train loss = 0.32, mean loss = 0.32
Mon Jan 31 04:15:28 2022
batch 20, train loss = 0.24, mean loss = 0.32
Mon Jan 31 04:16:25 2022
batch 30, train loss = 0.34, mean loss = 0.33
Mon Jan 31 04:17:22 2022
batch 40, train loss = 0.18, mean loss = 0.33
Mon Jan 31 04:18:19 2022
batch 50, train loss = 0.31, mean loss = 0.33
Mon Jan 31 04:19:15 2022
batch 60, train loss = 0.20, mean loss = 0.33
Mon Jan 31 04:20:12 2022
train Loss: 0.33

batch 0, val loss = 0.02, mean loss = 0.02
Mon Jan 31 04:21:04 2022
batch 10, val loss = 0.02, mean loss = 0.02
Mon Jan 31 04:22:01 2022
val Loss: 0.02

epoch 32 was done for 494.559300 seconds
Epoch 33/299
----------
Mon Jan 31 04:22:40 2022
batch 0, train loss = 0.22, mean loss = 0.22
Mon Jan 31 04:22:46 2022
batch 10, train loss = 0.32, mean loss = 0.32
Mon Jan 31 04:23:43 2022
batch 20, train loss = 0.24, mean loss = 0.32
Mon Jan 31 04:24:41 2022
batch 30, train loss = 0.35, mean loss = 0.33
Mon Jan 31 04:25:38 2022
batch 40, train loss = 0.18, mean loss = 0.33
Mon Jan 31 04:26:36 2022
batch 50, train loss = 0.31, mean loss = 0.33
Mon Jan 31 04:27:33 2022
batch 60, train loss = 0.20, mean loss = 0.33
Mon Jan 31 04:28:31 2022
train Loss: 0.33

batch 0, val loss = 0.02, mean loss = 0.02
Mon Jan 31 04:29:25 2022
batch 10, val loss = 0.02, mean loss = 0.02
Mon Jan 31 04:30:23 2022
val Loss: 0.02

epoch 33 was done for 502.411520 seconds
Epoch 34/299
----------
Mon Jan 31 04:31:03 2022
batch 0, train loss = 0.22, mean loss = 0.22
Mon Jan 31 04:31:08 2022
batch 10, train loss = 0.32, mean loss = 0.32
Mon Jan 31 04:32:05 2022
batch 20, train loss = 0.23, mean loss = 0.32
Mon Jan 31 04:33:02 2022
batch 30, train loss = 0.35, mean loss = 0.33
Mon Jan 31 04:33:59 2022
batch 40, train loss = 0.17, mean loss = 0.33
Mon Jan 31 04:34:55 2022
batch 50, train loss = 0.31, mean loss = 0.33
Mon Jan 31 04:35:52 2022
batch 60, train loss = 0.19, mean loss = 0.33
Mon Jan 31 04:36:49 2022
train Loss: 0.33

batch 0, val loss = 0.02, mean loss = 0.02
Mon Jan 31 04:37:42 2022
batch 10, val loss = 0.02, mean loss = 0.02
Mon Jan 31 04:38:39 2022
val Loss: 0.02

epoch 34 was done for 495.101396 seconds
Epoch 35/299
----------
Mon Jan 31 04:39:18 2022
batch 0, train loss = 0.22, mean loss = 0.22
Mon Jan 31 04:39:24 2022
batch 10, train loss = 0.32, mean loss = 0.32
Mon Jan 31 04:40:20 2022
batch 20, train loss = 0.23, mean loss = 0.32
Mon Jan 31 04:41:17 2022
batch 30, train loss = 0.35, mean loss = 0.33
Mon Jan 31 04:42:14 2022
batch 40, train loss = 0.17, mean loss = 0.33
Mon Jan 31 04:43:10 2022
batch 50, train loss = 0.31, mean loss = 0.33
Mon Jan 31 04:44:07 2022
batch 60, train loss = 0.19, mean loss = 0.33
Mon Jan 31 04:45:03 2022
train Loss: 0.33

batch 0, val loss = 0.02, mean loss = 0.02
Mon Jan 31 04:45:56 2022
batch 10, val loss = 0.02, mean loss = 0.02
Mon Jan 31 04:46:53 2022
val Loss: 0.02

epoch 35 was done for 494.504352 seconds
Epoch 36/299
----------
Mon Jan 31 04:47:32 2022
batch 0, train loss = 0.22, mean loss = 0.22
Mon Jan 31 04:47:38 2022
batch 10, train loss = 0.33, mean loss = 0.32
Mon Jan 31 04:48:34 2022
batch 20, train loss = 0.22, mean loss = 0.32
Mon Jan 31 04:49:30 2022
batch 30, train loss = 0.35, mean loss = 0.33
Mon Jan 31 04:50:25 2022
batch 40, train loss = 0.17, mean loss = 0.33
Mon Jan 31 04:51:21 2022
batch 50, train loss = 0.31, mean loss = 0.33
Mon Jan 31 04:52:17 2022
batch 60, train loss = 0.19, mean loss = 0.33
Mon Jan 31 04:53:13 2022
train Loss: 0.33

batch 0, val loss = 0.02, mean loss = 0.02
Mon Jan 31 04:54:05 2022
batch 10, val loss = 0.02, mean loss = 0.02
Mon Jan 31 04:55:01 2022
val Loss: 0.02

epoch 36 was done for 488.532163 seconds
Epoch 37/299
----------
Mon Jan 31 04:55:41 2022
batch 0, train loss = 0.21, mean loss = 0.21
Mon Jan 31 04:55:47 2022
batch 10, train loss = 0.33, mean loss = 0.32
Mon Jan 31 04:56:43 2022
batch 20, train loss = 0.22, mean loss = 0.32
Mon Jan 31 04:57:39 2022
batch 30, train loss = 0.35, mean loss = 0.33
Mon Jan 31 04:58:36 2022
batch 40, train loss = 0.17, mean loss = 0.33
Mon Jan 31 04:59:32 2022
batch 50, train loss = 0.31, mean loss = 0.33
Mon Jan 31 05:00:28 2022
batch 60, train loss = 0.18, mean loss = 0.33
Mon Jan 31 05:01:25 2022
train Loss: 0.33

batch 0, val loss = 0.02, mean loss = 0.02
Mon Jan 31 05:02:18 2022
batch 10, val loss = 0.02, mean loss = 0.02
Mon Jan 31 05:03:15 2022
val Loss: 0.02

epoch 37 was done for 493.254696 seconds
Epoch 38/299
----------
Mon Jan 31 05:03:54 2022
batch 0, train loss = 0.21, mean loss = 0.21
Mon Jan 31 05:04:00 2022
batch 10, train loss = 0.33, mean loss = 0.32
Mon Jan 31 05:04:57 2022
batch 20, train loss = 0.21, mean loss = 0.33
Mon Jan 31 05:05:54 2022
batch 30, train loss = 0.36, mean loss = 0.34
Mon Jan 31 05:06:51 2022
batch 40, train loss = 0.16, mean loss = 0.33
Mon Jan 31 05:07:49 2022
batch 50, train loss = 0.31, mean loss = 0.33
Mon Jan 31 05:08:46 2022
batch 60, train loss = 0.18, mean loss = 0.33
Mon Jan 31 05:09:43 2022
train Loss: 0.33

batch 0, val loss = 0.02, mean loss = 0.02
Mon Jan 31 05:10:36 2022
batch 10, val loss = 0.02, mean loss = 0.02
Mon Jan 31 05:11:33 2022
val Loss: 0.02

epoch 38 was done for 498.492316 seconds
Epoch 39/299
----------
Mon Jan 31 05:12:13 2022
batch 0, train loss = 0.21, mean loss = 0.21
Mon Jan 31 05:12:18 2022
batch 10, train loss = 0.33, mean loss = 0.32
Mon Jan 31 05:13:14 2022
batch 20, train loss = 0.21, mean loss = 0.33
Mon Jan 31 05:14:10 2022
batch 30, train loss = 0.36, mean loss = 0.34
Mon Jan 31 05:15:06 2022
batch 40, train loss = 0.16, mean loss = 0.33
Mon Jan 31 05:16:02 2022
batch 50, train loss = 0.31, mean loss = 0.33
Mon Jan 31 05:16:58 2022
batch 60, train loss = 0.17, mean loss = 0.33
Mon Jan 31 05:17:54 2022
train Loss: 0.34

batch 0, val loss = 0.02, mean loss = 0.02
Mon Jan 31 05:18:47 2022
batch 10, val loss = 0.02, mean loss = 0.02
Mon Jan 31 05:19:44 2022
val Loss: 0.02

epoch 39 was done for 489.849855 seconds
Epoch 40/299
----------
Mon Jan 31 05:20:22 2022
batch 0, train loss = 0.21, mean loss = 0.21
Mon Jan 31 05:20:28 2022
batch 10, train loss = 0.34, mean loss = 0.32
Mon Jan 31 05:21:25 2022
batch 20, train loss = 0.20, mean loss = 0.33
Mon Jan 31 05:22:22 2022
batch 30, train loss = 0.36, mean loss = 0.34
Mon Jan 31 05:23:19 2022
batch 40, train loss = 0.16, mean loss = 0.33
Mon Jan 31 05:24:15 2022
batch 50, train loss = 0.32, mean loss = 0.34
Mon Jan 31 05:25:12 2022
batch 60, train loss = 0.17, mean loss = 0.33
Mon Jan 31 05:26:09 2022
train Loss: 0.34

batch 0, val loss = 0.02, mean loss = 0.02
Mon Jan 31 05:27:02 2022
batch 10, val loss = 0.02, mean loss = 0.02
Mon Jan 31 05:27:59 2022
val Loss: 0.02

epoch 40 was done for 495.366245 seconds
Epoch 41/299
----------
Mon Jan 31 05:28:38 2022
batch 0, train loss = 0.20, mean loss = 0.20
Mon Jan 31 05:28:44 2022
batch 10, train loss = 0.34, mean loss = 0.32
Mon Jan 31 05:29:40 2022
batch 20, train loss = 0.20, mean loss = 0.33
Mon Jan 31 05:30:38 2022
batch 30, train loss = 0.36, mean loss = 0.34
Mon Jan 31 05:31:35 2022
batch 40, train loss = 0.16, mean loss = 0.34
Mon Jan 31 05:32:32 2022
batch 50, train loss = 0.32, mean loss = 0.34
Mon Jan 31 05:33:29 2022
batch 60, train loss = 0.16, mean loss = 0.33
Mon Jan 31 05:34:27 2022
train Loss: 0.34

batch 0, val loss = 0.02, mean loss = 0.02
Mon Jan 31 05:35:20 2022
batch 10, val loss = 0.02, mean loss = 0.02
Mon Jan 31 05:36:18 2022
val Loss: 0.02

epoch 41 was done for 499.741578 seconds
Epoch 42/299
----------
Mon Jan 31 05:36:58 2022
batch 0, train loss = 0.19, mean loss = 0.19
Mon Jan 31 05:37:03 2022
batch 10, train loss = 0.34, mean loss = 0.32
Mon Jan 31 05:37:59 2022
batch 20, train loss = 0.19, mean loss = 0.33
Mon Jan 31 05:38:56 2022
batch 30, train loss = 0.36, mean loss = 0.34
Mon Jan 31 05:39:52 2022
batch 40, train loss = 0.16, mean loss = 0.34
Mon Jan 31 05:40:48 2022
batch 50, train loss = 0.32, mean loss = 0.34
Mon Jan 31 05:41:44 2022
batch 60, train loss = 0.16, mean loss = 0.34
Mon Jan 31 05:42:40 2022
train Loss: 0.34

batch 0, val loss = 0.02, mean loss = 0.02
Mon Jan 31 05:43:32 2022
batch 10, val loss = 0.02, mean loss = 0.02
Mon Jan 31 05:44:28 2022
val Loss: 0.02

epoch 42 was done for 489.169185 seconds
Epoch 43/299
----------
Mon Jan 31 05:45:07 2022
batch 0, train loss = 0.18, mean loss = 0.18
Mon Jan 31 05:45:12 2022
batch 10, train loss = 0.34, mean loss = 0.32
Mon Jan 31 05:46:09 2022
batch 20, train loss = 0.19, mean loss = 0.33
Mon Jan 31 05:47:05 2022
batch 30, train loss = 0.36, mean loss = 0.34
Mon Jan 31 05:48:02 2022
batch 40, train loss = 0.16, mean loss = 0.34
Mon Jan 31 05:48:58 2022
batch 50, train loss = 0.33, mean loss = 0.34
Mon Jan 31 05:49:55 2022
batch 60, train loss = 0.15, mean loss = 0.34
Mon Jan 31 05:50:52 2022
train Loss: 0.34

batch 0, val loss = 0.02, mean loss = 0.02
Mon Jan 31 05:51:45 2022
batch 10, val loss = 0.02, mean loss = 0.02
Mon Jan 31 05:52:42 2022
val Loss: 0.02

epoch 43 was done for 494.588551 seconds
Epoch 44/299
----------
Mon Jan 31 05:53:21 2022
batch 0, train loss = 0.17, mean loss = 0.17
Mon Jan 31 05:53:27 2022
batch 10, train loss = 0.34, mean loss = 0.33
Mon Jan 31 05:54:24 2022
batch 20, train loss = 0.18, mean loss = 0.33
Mon Jan 31 05:55:22 2022
batch 30, train loss = 0.36, mean loss = 0.34
Mon Jan 31 05:56:19 2022
batch 40, train loss = 0.15, mean loss = 0.34
Mon Jan 31 05:57:17 2022
batch 50, train loss = 0.33, mean loss = 0.34
Mon Jan 31 05:58:14 2022
batch 60, train loss = 0.15, mean loss = 0.34
Mon Jan 31 05:59:11 2022
train Loss: 0.34

batch 0, val loss = 0.02, mean loss = 0.02
Mon Jan 31 06:00:05 2022
batch 10, val loss = 0.02, mean loss = 0.02
Mon Jan 31 06:01:03 2022
val Loss: 0.02

epoch 44 was done for 500.519314 seconds
Epoch 45/299
----------
Mon Jan 31 06:01:42 2022
batch 0, train loss = 0.16, mean loss = 0.16
Mon Jan 31 06:01:47 2022
batch 10, train loss = 0.34, mean loss = 0.33
Mon Jan 31 06:02:44 2022
batch 20, train loss = 0.19, mean loss = 0.33
Mon Jan 31 06:03:40 2022
batch 30, train loss = 0.36, mean loss = 0.34
Mon Jan 31 06:04:36 2022
batch 40, train loss = 0.15, mean loss = 0.34
Mon Jan 31 06:05:32 2022
batch 50, train loss = 0.36, mean loss = 0.35
Mon Jan 31 06:06:28 2022
batch 60, train loss = 0.14, mean loss = 0.35
Mon Jan 31 06:07:24 2022
train Loss: 0.35

batch 0, val loss = 0.02, mean loss = 0.02
Mon Jan 31 06:08:16 2022
batch 10, val loss = 0.02, mean loss = 0.02
Mon Jan 31 06:09:13 2022
val Loss: 0.02

epoch 45 was done for 489.998589 seconds
Epoch 46/299
----------
Mon Jan 31 06:09:52 2022
batch 0, train loss = 0.17, mean loss = 0.17
Mon Jan 31 06:09:58 2022
batch 10, train loss = 0.34, mean loss = 0.34
Mon Jan 31 06:10:54 2022
batch 20, train loss = 0.18, mean loss = 0.34
Mon Jan 31 06:11:51 2022
batch 30, train loss = 0.38, mean loss = 0.35
Mon Jan 31 06:12:48 2022
batch 40, train loss = 0.16, mean loss = 0.35
Mon Jan 31 06:13:45 2022
batch 50, train loss = 0.47, mean loss = 0.37
Mon Jan 31 06:14:41 2022
batch 60, train loss = 0.16, mean loss = 0.37
Mon Jan 31 06:15:37 2022
train Loss: 0.38

batch 0, val loss = 0.02, mean loss = 0.02
Mon Jan 31 06:16:30 2022
batch 10, val loss = 0.02, mean loss = 0.02
Mon Jan 31 06:17:27 2022
val Loss: 0.02

epoch 46 was done for 494.017929 seconds
Epoch 47/299
----------
Mon Jan 31 06:18:06 2022
batch 0, train loss = 0.19, mean loss = 0.19
Mon Jan 31 06:18:12 2022
batch 10, train loss = 0.40, mean loss = 0.38
Mon Jan 31 06:19:09 2022
batch 20, train loss = 0.21, mean loss = 0.38
Mon Jan 31 06:20:06 2022
batch 30, train loss = 0.41, mean loss = 0.40
Mon Jan 31 06:21:02 2022
batch 40, train loss = 0.16, mean loss = 0.40
Mon Jan 31 06:22:00 2022
batch 50, train loss = 0.39, mean loss = 0.41
Mon Jan 31 06:22:57 2022
batch 60, train loss = 0.41, mean loss = 0.42
Mon Jan 31 06:23:54 2022
train Loss: 0.44

batch 0, val loss = 0.02, mean loss = 0.02
Mon Jan 31 06:24:48 2022
batch 10, val loss = 0.02, mean loss = 0.02
Mon Jan 31 06:25:45 2022
val Loss: 0.02

epoch 47 was done for 499.070891 seconds
Epoch 48/299
----------
Mon Jan 31 06:26:25 2022
batch 0, train loss = 0.41, mean loss = 0.41
Mon Jan 31 06:26:31 2022
batch 10, train loss = 0.61, mean loss = 0.47
Mon Jan 31 06:27:27 2022
batch 20, train loss = 0.54, mean loss = 0.51
Mon Jan 31 06:28:24 2022
batch 30, train loss = 0.94, mean loss = 0.54
Mon Jan 31 06:29:21 2022
batch 40, train loss = 0.40, mean loss = 0.56
Mon Jan 31 06:30:17 2022
batch 50, train loss = 0.66, mean loss = 0.57
Mon Jan 31 06:31:14 2022
batch 60, train loss = 0.57, mean loss = 0.59
Mon Jan 31 06:32:11 2022
train Loss: 0.60

batch 0, val loss = 0.02, mean loss = 0.02
Mon Jan 31 06:33:04 2022
batch 10, val loss = 0.02, mean loss = 0.02
Mon Jan 31 06:34:01 2022
val Loss: 0.02

epoch 48 was done for 495.237836 seconds
Epoch 49/299
----------
Mon Jan 31 06:34:40 2022
batch 0, train loss = 0.83, mean loss = 0.83
Mon Jan 31 06:34:46 2022
batch 10, train loss = 0.79, mean loss = 0.65
Mon Jan 31 06:35:43 2022
batch 20, train loss = 0.39, mean loss = 0.63
Mon Jan 31 06:36:40 2022
batch 30, train loss = 0.51, mean loss = 0.59
Mon Jan 31 06:37:36 2022
batch 40, train loss = 0.28, mean loss = 0.55
Mon Jan 31 06:38:33 2022
batch 50, train loss = 0.78, mean loss = 0.55
Mon Jan 31 06:39:29 2022
batch 60, train loss = 0.24, mean loss = 0.55
Mon Jan 31 06:40:26 2022
train Loss: 0.58

batch 0, val loss = 0.02, mean loss = 0.02
Mon Jan 31 06:41:19 2022
batch 10, val loss = 0.02, mean loss = 0.02
Mon Jan 31 06:42:16 2022
val Loss: 0.02

epoch 49 was done for 494.760896 seconds
Epoch 50/299
----------
Mon Jan 31 06:42:55 2022
batch 0, train loss = 0.24, mean loss = 0.24
Mon Jan 31 06:43:01 2022
batch 10, train loss = 0.37, mean loss = 0.61
Mon Jan 31 06:43:57 2022
batch 20, train loss = 0.30, mean loss = 0.58
Mon Jan 31 06:44:53 2022
batch 30, train loss = 0.41, mean loss = 0.62
Mon Jan 31 06:45:49 2022
batch 40, train loss = 0.47, mean loss = 0.62
Mon Jan 31 06:46:45 2022
batch 50, train loss = 0.65, mean loss = 0.62
Mon Jan 31 06:47:41 2022
batch 60, train loss = 0.69, mean loss = 0.62
Mon Jan 31 06:48:37 2022
train Loss: 0.61

batch 0, val loss = 0.02, mean loss = 0.02
Mon Jan 31 06:49:29 2022
batch 10, val loss = 0.02, mean loss = 0.02
Mon Jan 31 06:50:26 2022
val Loss: 0.02

epoch 50 was done for 489.903449 seconds
Epoch 51/299
----------
Mon Jan 31 06:51:05 2022
batch 0, train loss = 0.54, mean loss = 0.54
Mon Jan 31 06:51:11 2022
batch 10, train loss = 0.58, mean loss = 0.58
Mon Jan 31 06:52:07 2022
batch 20, train loss = 0.54, mean loss = 0.57
Mon Jan 31 06:53:03 2022
batch 30, train loss = 0.49, mean loss = 0.56
Mon Jan 31 06:54:00 2022
batch 40, train loss = 0.41, mean loss = 0.55
Mon Jan 31 06:54:56 2022
batch 50, train loss = 0.36, mean loss = 0.54
Mon Jan 31 06:55:53 2022
batch 60, train loss = 0.25, mean loss = 0.52
Mon Jan 31 06:56:49 2022
train Loss: 0.51

batch 0, val loss = 0.02, mean loss = 0.02
Mon Jan 31 06:57:42 2022
batch 10, val loss = 0.02, mean loss = 0.02
Mon Jan 31 06:58:39 2022
val Loss: 0.02

epoch 51 was done for 492.829938 seconds
Epoch 52/299
----------
Mon Jan 31 06:59:18 2022
batch 0, train loss = 0.19, mean loss = 0.19
Mon Jan 31 06:59:23 2022
batch 10, train loss = 0.46, mean loss = 0.41
Mon Jan 31 07:00:20 2022
batch 20, train loss = 0.27, mean loss = 0.41
Mon Jan 31 07:01:18 2022
batch 30, train loss = 0.42, mean loss = 0.41
Mon Jan 31 07:02:15 2022
batch 40, train loss = 0.19, mean loss = 0.41
Mon Jan 31 07:03:12 2022
batch 50, train loss = 0.47, mean loss = 0.41
Mon Jan 31 07:04:09 2022
batch 60, train loss = 0.27, mean loss = 0.42
Mon Jan 31 07:05:06 2022
train Loss: 0.43

batch 0, val loss = 0.02, mean loss = 0.02
Mon Jan 31 07:06:00 2022
batch 10, val loss = 0.02, mean loss = 0.02
Mon Jan 31 07:06:57 2022
val Loss: 0.02

epoch 52 was done for 498.989634 seconds
Epoch 53/299
----------
Mon Jan 31 07:07:37 2022
batch 0, train loss = 0.35, mean loss = 0.35
Mon Jan 31 07:07:42 2022
batch 10, train loss = 0.54, mean loss = 0.52
Mon Jan 31 07:08:39 2022
batch 20, train loss = 0.30, mean loss = 0.51
Mon Jan 31 07:09:35 2022
batch 30, train loss = 0.46, mean loss = 0.51
Mon Jan 31 07:10:31 2022
batch 40, train loss = 0.17, mean loss = 0.50
Mon Jan 31 07:11:28 2022
batch 50, train loss = 0.62, mean loss = 0.51
Mon Jan 31 07:12:24 2022
batch 60, train loss = 0.36, mean loss = 0.51
Mon Jan 31 07:13:20 2022
train Loss: 0.52

batch 0, val loss = 0.02, mean loss = 0.02
Mon Jan 31 07:14:13 2022
batch 10, val loss = 0.02, mean loss = 0.02
Mon Jan 31 07:15:10 2022
val Loss: 0.02

epoch 53 was done for 491.872250 seconds
Epoch 54/299
----------
Mon Jan 31 07:15:49 2022
batch 0, train loss = 0.46, mean loss = 0.46
Mon Jan 31 07:15:54 2022
batch 10, train loss = 0.47, mean loss = 0.60
Mon Jan 31 07:16:51 2022
batch 20, train loss = 0.28, mean loss = 0.61
Mon Jan 31 07:17:48 2022
batch 30, train loss = 0.87, mean loss = 0.65
Mon Jan 31 07:18:44 2022
batch 40, train loss = 0.57, mean loss = 0.67
Mon Jan 31 07:19:41 2022
batch 50, train loss = 0.71, mean loss = 0.67
Mon Jan 31 07:20:37 2022
batch 60, train loss = 0.43, mean loss = 0.66
Mon Jan 31 07:21:34 2022
train Loss: 0.67

batch 0, val loss = 0.02, mean loss = 0.02
Mon Jan 31 07:22:26 2022
batch 10, val loss = 0.02, mean loss = 0.02
Mon Jan 31 07:23:23 2022
val Loss: 0.02

epoch 54 was done for 493.563063 seconds
Epoch 55/299
----------
Mon Jan 31 07:24:02 2022
batch 0, train loss = 0.53, mean loss = 0.53
Mon Jan 31 07:24:08 2022
batch 10, train loss = 0.82, mean loss = 0.73
Mon Jan 31 07:25:05 2022
batch 20, train loss = 0.83, mean loss = 0.78
Mon Jan 31 07:26:02 2022
batch 30, train loss = 0.72, mean loss = 0.79
Mon Jan 31 07:27:00 2022
batch 40, train loss = 0.51, mean loss = 0.80
Mon Jan 31 07:27:58 2022
batch 50, train loss = 0.91, mean loss = 0.80
Mon Jan 31 07:28:55 2022
batch 60, train loss = 0.69, mean loss = 0.79
Mon Jan 31 07:29:53 2022
train Loss: 0.77

batch 0, val loss = 0.02, mean loss = 0.02
Mon Jan 31 07:30:47 2022
batch 10, val loss = 0.02, mean loss = 0.02
Mon Jan 31 07:31:47 2022
val Loss: 0.02

epoch 55 was done for 504.177182 seconds
Epoch 56/299
----------
Mon Jan 31 07:32:26 2022
batch 0, train loss = 0.26, mean loss = 0.26
Mon Jan 31 07:32:32 2022
batch 10, train loss = 0.58, mean loss = 0.58
Mon Jan 31 07:33:28 2022
batch 20, train loss = 0.30, mean loss = 0.56
Mon Jan 31 07:34:24 2022
batch 30, train loss = 0.60, mean loss = 0.56
Mon Jan 31 07:35:21 2022
batch 40, train loss = 0.32, mean loss = 0.56
Mon Jan 31 07:36:17 2022
batch 50, train loss = 0.67, mean loss = 0.57
Mon Jan 31 07:37:13 2022
batch 60, train loss = 0.35, mean loss = 0.57
Mon Jan 31 07:38:09 2022
train Loss: 0.57

batch 0, val loss = 0.02, mean loss = 0.02
Mon Jan 31 07:39:01 2022
batch 10, val loss = 0.02, mean loss = 0.02
Mon Jan 31 07:39:58 2022
val Loss: 0.02

epoch 56 was done for 497.776300 seconds
Epoch 57/299
----------
Mon Jan 31 07:40:44 2022
batch 0, train loss = 0.41, mean loss = 0.41
Mon Jan 31 07:40:50 2022
batch 10, train loss = 0.49, mean loss = 0.56
Mon Jan 31 07:41:46 2022
batch 20, train loss = 0.43, mean loss = 0.57
Mon Jan 31 07:42:43 2022
batch 30, train loss = 0.56, mean loss = 0.60
Mon Jan 31 07:43:40 2022
batch 40, train loss = 0.34, mean loss = 0.61
Mon Jan 31 07:44:36 2022
batch 50, train loss = 0.79, mean loss = 0.64
Mon Jan 31 07:45:38 2022
batch 60, train loss = 0.38, mean loss = 0.64
Mon Jan 31 07:46:34 2022
train Loss: 0.65

batch 0, val loss = 0.02, mean loss = 0.02
Mon Jan 31 07:47:29 2022
batch 10, val loss = 0.02, mean loss = 0.02
Mon Jan 31 07:48:26 2022
val Loss: 0.02

epoch 57 was done for 501.323515 seconds
Epoch 58/299
----------
Mon Jan 31 07:49:05 2022
batch 0, train loss = 0.62, mean loss = 0.62
Mon Jan 31 07:49:11 2022
batch 10, train loss = 0.89, mean loss = 0.72
Mon Jan 31 07:50:08 2022
batch 20, train loss = 0.90, mean loss = 0.78
Mon Jan 31 07:51:05 2022
batch 30, train loss = 0.83, mean loss = 0.80
Mon Jan 31 07:52:02 2022
batch 40, train loss = 1.03, mean loss = 0.86
Mon Jan 31 07:52:59 2022
batch 50, train loss = 0.50, mean loss = 0.88
Mon Jan 31 07:53:56 2022
batch 60, train loss = 0.73, mean loss = 0.89
Mon Jan 31 07:54:53 2022
train Loss: 0.92

batch 0, val loss = 0.02, mean loss = 0.02
Mon Jan 31 07:55:48 2022
batch 10, val loss = 0.02, mean loss = 0.02
Mon Jan 31 07:56:46 2022
val Loss: 0.02

epoch 58 was done for 500.614466 seconds
Epoch 59/299
----------
Mon Jan 31 07:57:26 2022
batch 0, train loss = 0.54, mean loss = 0.54
Mon Jan 31 07:57:32 2022
batch 10, train loss = 1.42, mean loss = 1.13
Mon Jan 31 07:58:28 2022
batch 20, train loss = 0.74, mean loss = 1.10
Mon Jan 31 07:59:25 2022
batch 30, train loss = 1.58, mean loss = 1.13
Mon Jan 31 08:00:21 2022
batch 40, train loss = 0.95, mean loss = 1.13
Mon Jan 31 08:01:18 2022
batch 50, train loss = 1.53, mean loss = 1.15
Mon Jan 31 08:02:15 2022
batch 60, train loss = 1.15, mean loss = 1.13
Mon Jan 31 08:03:12 2022
train Loss: 1.10

batch 0, val loss = 0.03, mean loss = 0.03
Mon Jan 31 08:04:06 2022
batch 10, val loss = 0.02, mean loss = 0.03
Mon Jan 31 08:05:03 2022
val Loss: 0.03

epoch 59 was done for 496.440460 seconds
Epoch 60/299
----------
Mon Jan 31 08:05:42 2022
batch 0, train loss = 1.02, mean loss = 1.02
Mon Jan 31 08:05:48 2022
batch 10, train loss = 0.84, mean loss = 0.79
Mon Jan 31 08:06:45 2022
batch 20, train loss = 0.87, mean loss = 0.77
Mon Jan 31 08:07:41 2022
batch 30, train loss = 0.83, mean loss = 0.73
Mon Jan 31 08:08:38 2022
batch 40, train loss = 0.47, mean loss = 0.70
Mon Jan 31 08:09:35 2022
batch 50, train loss = 0.56, mean loss = 0.67
Mon Jan 31 08:10:31 2022
batch 60, train loss = 0.29, mean loss = 0.64
Mon Jan 31 08:11:27 2022
train Loss: 0.61

batch 0, val loss = 0.02, mean loss = 0.02
Mon Jan 31 08:12:20 2022
batch 10, val loss = 0.02, mean loss = 0.02
Mon Jan 31 08:13:17 2022
val Loss: 0.02

epoch 60 was done for 493.811025 seconds
Epoch 61/299
----------
Mon Jan 31 08:13:56 2022
batch 0, train loss = 0.28, mean loss = 0.28
Mon Jan 31 08:14:02 2022
batch 10, train loss = 0.38, mean loss = 0.39
Mon Jan 31 08:14:59 2022
batch 20, train loss = 0.28, mean loss = 0.39
Mon Jan 31 08:15:56 2022
batch 30, train loss = 0.39, mean loss = 0.39
Mon Jan 31 08:16:53 2022
batch 40, train loss = 0.28, mean loss = 0.39
Mon Jan 31 08:17:50 2022
batch 50, train loss = 0.40, mean loss = 0.40
Mon Jan 31 08:18:46 2022
batch 60, train loss = 0.21, mean loss = 0.39
Mon Jan 31 08:19:43 2022
train Loss: 0.39

batch 0, val loss = 0.02, mean loss = 0.02
Mon Jan 31 08:20:37 2022
batch 10, val loss = 0.02, mean loss = 0.02
Mon Jan 31 08:21:34 2022
val Loss: 0.02

epoch 61 was done for 497.254285 seconds
Epoch 62/299
----------
Mon Jan 31 08:22:14 2022
batch 0, train loss = 0.27, mean loss = 0.27
Mon Jan 31 08:22:19 2022
batch 10, train loss = 0.35, mean loss = 0.38
Mon Jan 31 08:23:16 2022
batch 20, train loss = 0.25, mean loss = 0.38
Mon Jan 31 08:24:12 2022
batch 30, train loss = 0.40, mean loss = 0.39
Mon Jan 31 08:25:09 2022
batch 40, train loss = 0.26, mean loss = 0.38
Mon Jan 31 08:26:06 2022
batch 50, train loss = 0.39, mean loss = 0.39
Mon Jan 31 08:27:02 2022
batch 60, train loss = 0.21, mean loss = 0.39
Mon Jan 31 08:28:07 2022
train Loss: 0.39

batch 0, val loss = 0.02, mean loss = 0.02
Mon Jan 31 08:29:00 2022
batch 10, val loss = 0.02, mean loss = 0.02
Mon Jan 31 08:30:00 2022
val Loss: 0.02

epoch 62 was done for 505.939425 seconds
Epoch 63/299
----------
Mon Jan 31 08:30:39 2022
batch 0, train loss = 0.21, mean loss = 0.21
Mon Jan 31 08:30:45 2022
batch 10, train loss = 0.36, mean loss = 0.37
Mon Jan 31 08:31:44 2022
batch 20, train loss = 0.27, mean loss = 0.38
Mon Jan 31 08:32:43 2022
batch 30, train loss = 0.39, mean loss = 0.38
Mon Jan 31 08:33:39 2022
batch 40, train loss = 0.24, mean loss = 0.37
Mon Jan 31 08:34:43 2022
batch 50, train loss = 0.36, mean loss = 0.38
Mon Jan 31 08:35:45 2022
batch 60, train loss = 0.17, mean loss = 0.38
Mon Jan 31 08:36:47 2022
train Loss: 0.38

batch 0, val loss = 0.02, mean loss = 0.02
Mon Jan 31 08:37:43 2022
batch 10, val loss = 0.02, mean loss = 0.02
Mon Jan 31 08:38:43 2022
val Loss: 0.02

epoch 63 was done for 524.681248 seconds
Epoch 64/299
----------
Mon Jan 31 08:39:24 2022
batch 0, train loss = 0.19, mean loss = 0.19
Mon Jan 31 08:39:30 2022
batch 10, train loss = 0.34, mean loss = 0.36
Mon Jan 31 08:40:28 2022
batch 20, train loss = 0.27, mean loss = 0.37
Mon Jan 31 08:41:25 2022
batch 30, train loss = 0.41, mean loss = 0.37
Mon Jan 31 08:42:24 2022
batch 40, train loss = 0.21, mean loss = 0.37
Mon Jan 31 08:43:26 2022
batch 50, train loss = 0.35, mean loss = 0.38
Mon Jan 31 08:44:27 2022
batch 60, train loss = 0.17, mean loss = 0.38
Mon Jan 31 08:45:27 2022
train Loss: 0.38

batch 0, val loss = 0.02, mean loss = 0.02
Mon Jan 31 08:46:24 2022
batch 10, val loss = 0.02, mean loss = 0.02
Mon Jan 31 08:47:24 2022
val Loss: 0.02

epoch 64 was done for 521.375262 seconds
Epoch 65/299
----------
Mon Jan 31 08:48:06 2022
batch 0, train loss = 0.19, mean loss = 0.19
Mon Jan 31 08:48:11 2022
batch 10, train loss = 0.35, mean loss = 0.37
Mon Jan 31 08:49:10 2022
batch 20, train loss = 0.27, mean loss = 0.38
Mon Jan 31 08:50:12 2022
batch 30, train loss = 0.45, mean loss = 0.38
Mon Jan 31 08:51:16 2022
batch 40, train loss = 0.20, mean loss = 0.38
Mon Jan 31 08:52:16 2022
batch 50, train loss = 0.35, mean loss = 0.38
Mon Jan 31 08:53:16 2022
batch 60, train loss = 0.17, mean loss = 0.38
Mon Jan 31 08:54:15 2022
train Loss: 0.39

batch 0, val loss = 0.02, mean loss = 0.02
Mon Jan 31 08:55:09 2022
batch 10, val loss = 0.02, mean loss = 0.02
Mon Jan 31 08:56:06 2022
val Loss: 0.02

epoch 65 was done for 519.324241 seconds
Epoch 66/299
----------
Mon Jan 31 08:56:45 2022
batch 0, train loss = 0.18, mean loss = 0.18
Mon Jan 31 08:56:51 2022
batch 10, train loss = 0.38, mean loss = 0.37
Mon Jan 31 08:57:47 2022
batch 20, train loss = 0.28, mean loss = 0.38
Mon Jan 31 08:58:44 2022
batch 30, train loss = 0.47, mean loss = 0.38
Mon Jan 31 08:59:41 2022
batch 40, train loss = 0.18, mean loss = 0.38
Mon Jan 31 09:00:48 2022
batch 50, train loss = 0.35, mean loss = 0.39
Mon Jan 31 09:01:56 2022
batch 60, train loss = 0.17, mean loss = 0.39
Mon Jan 31 09:03:03 2022
train Loss: 0.39

batch 0, val loss = 0.02, mean loss = 0.02
Mon Jan 31 09:04:07 2022
batch 10, val loss = 0.02, mean loss = 0.02
Mon Jan 31 09:05:14 2022
val Loss: 0.02

epoch 66 was done for 555.583675 seconds
Epoch 67/299
----------
Mon Jan 31 09:06:00 2022
batch 0, train loss = 0.19, mean loss = 0.19
Mon Jan 31 09:06:07 2022
batch 10, train loss = 0.40, mean loss = 0.37
Mon Jan 31 09:07:14 2022
batch 20, train loss = 0.27, mean loss = 0.38
Mon Jan 31 09:08:27 2022
batch 30, train loss = 0.47, mean loss = 0.39
Mon Jan 31 09:09:34 2022
batch 40, train loss = 0.16, mean loss = 0.38
Mon Jan 31 09:10:41 2022
batch 50, train loss = 0.34, mean loss = 0.39
Mon Jan 31 09:11:49 2022
batch 60, train loss = 0.18, mean loss = 0.39
Mon Jan 31 09:12:56 2022
train Loss: 0.39

batch 0, val loss = 0.02, mean loss = 0.02
Mon Jan 31 09:13:59 2022
batch 10, val loss = 0.02, mean loss = 0.03
Mon Jan 31 09:15:06 2022
val Loss: 0.03

epoch 67 was done for 591.045422 seconds
Epoch 68/299
----------
Mon Jan 31 09:15:51 2022
batch 0, train loss = 0.20, mean loss = 0.20
Mon Jan 31 09:15:58 2022
batch 10, train loss = 0.43, mean loss = 0.38
Mon Jan 31 09:17:04 2022
batch 20, train loss = 0.27, mean loss = 0.38
Mon Jan 31 09:18:12 2022
batch 30, train loss = 0.48, mean loss = 0.39
Mon Jan 31 09:19:19 2022
batch 40, train loss = 0.14, mean loss = 0.39
Mon Jan 31 09:20:26 2022
batch 50, train loss = 0.35, mean loss = 0.40
Mon Jan 31 09:21:33 2022
batch 60, train loss = 0.20, mean loss = 0.40
Mon Jan 31 09:22:41 2022
train Loss: 0.40

batch 0, val loss = 0.02, mean loss = 0.02
Mon Jan 31 09:23:44 2022
batch 10, val loss = 0.02, mean loss = 0.03
Mon Jan 31 09:24:51 2022
val Loss: 0.03

epoch 68 was done for 586.130526 seconds
Epoch 69/299
----------
Mon Jan 31 09:25:38 2022
batch 0, train loss = 0.23, mean loss = 0.23
Mon Jan 31 09:25:44 2022
batch 10, train loss = 0.49, mean loss = 0.39
Mon Jan 31 09:26:51 2022
batch 20, train loss = 0.26, mean loss = 0.38
Mon Jan 31 09:27:59 2022
batch 30, train loss = 0.49, mean loss = 0.40
Mon Jan 31 09:29:07 2022
batch 40, train loss = 0.13, mean loss = 0.40
Mon Jan 31 09:30:14 2022
batch 50, train loss = 0.36, mean loss = 0.41
Mon Jan 31 09:31:22 2022
batch 60, train loss = 0.23, mean loss = 0.41
Mon Jan 31 09:32:29 2022
train Loss: 0.41

batch 0, val loss = 0.03, mean loss = 0.03
Mon Jan 31 09:33:32 2022
batch 10, val loss = 0.02, mean loss = 0.03
Mon Jan 31 09:34:39 2022
val Loss: 0.03

epoch 69 was done for 587.247774 seconds
Epoch 70/299
----------
Mon Jan 31 09:35:25 2022
batch 0, train loss = 0.27, mean loss = 0.27
Mon Jan 31 09:35:31 2022
batch 10, train loss = 0.56, mean loss = 0.40
Mon Jan 31 09:36:38 2022
batch 20, train loss = 0.24, mean loss = 0.39
Mon Jan 31 09:37:46 2022
batch 30, train loss = 0.48, mean loss = 0.41
Mon Jan 31 09:38:53 2022
batch 40, train loss = 0.14, mean loss = 0.42
Mon Jan 31 09:40:00 2022
batch 50, train loss = 0.39, mean loss = 0.43
Mon Jan 31 09:41:08 2022
batch 60, train loss = 0.28, mean loss = 0.43
Mon Jan 31 09:42:15 2022
train Loss: 0.43

batch 0, val loss = 0.03, mean loss = 0.03
Mon Jan 31 09:43:18 2022
batch 10, val loss = 0.02, mean loss = 0.03
Mon Jan 31 09:44:25 2022
val Loss: 0.03

epoch 70 was done for 585.987455 seconds
Epoch 71/299
----------
Mon Jan 31 09:45:11 2022
batch 0, train loss = 0.33, mean loss = 0.33
Mon Jan 31 09:45:16 2022
batch 10, train loss = 0.64, mean loss = 0.42
Mon Jan 31 09:46:25 2022
batch 20, train loss = 0.20, mean loss = 0.41
Mon Jan 31 09:47:32 2022
batch 30, train loss = 0.46, mean loss = 0.44
Mon Jan 31 09:48:39 2022
batch 40, train loss = 0.19, mean loss = 0.45
Mon Jan 31 09:49:46 2022
batch 50, train loss = 0.49, mean loss = 0.45
Mon Jan 31 09:50:56 2022
batch 60, train loss = 0.32, mean loss = 0.45
Mon Jan 31 09:52:03 2022
train Loss: 0.45

batch 0, val loss = 0.03, mean loss = 0.03
Mon Jan 31 09:53:06 2022
batch 10, val loss = 0.03, mean loss = 0.03
Mon Jan 31 09:54:13 2022
val Loss: 0.03

epoch 71 was done for 587.897121 seconds
Epoch 72/299
----------
Mon Jan 31 09:54:59 2022
batch 0, train loss = 0.37, mean loss = 0.37
Mon Jan 31 09:55:05 2022
batch 10, train loss = 0.69, mean loss = 0.45
Mon Jan 31 09:56:11 2022
batch 20, train loss = 0.17, mean loss = 0.45
Mon Jan 31 09:57:18 2022
batch 30, train loss = 0.46, mean loss = 0.48
Mon Jan 31 09:58:25 2022
batch 40, train loss = 0.30, mean loss = 0.50
Mon Jan 31 09:59:33 2022
batch 50, train loss = 0.66, mean loss = 0.50
Mon Jan 31 10:00:41 2022
batch 60, train loss = 0.30, mean loss = 0.49
Mon Jan 31 10:01:48 2022
train Loss: 0.50

batch 0, val loss = 0.02, mean loss = 0.02
Mon Jan 31 10:02:51 2022
batch 10, val loss = 0.02, mean loss = 0.03
Mon Jan 31 10:03:58 2022
val Loss: 0.03

epoch 72 was done for 584.463660 seconds
Epoch 73/299
----------
Mon Jan 31 10:04:43 2022
batch 0, train loss = 0.34, mean loss = 0.34
Mon Jan 31 10:04:49 2022
batch 10, train loss = 0.63, mean loss = 0.51
Mon Jan 31 10:05:56 2022
batch 20, train loss = 0.25, mean loss = 0.52
Mon Jan 31 10:07:04 2022
batch 30, train loss = 0.61, mean loss = 0.56
Mon Jan 31 10:08:11 2022
batch 40, train loss = 0.44, mean loss = 0.56
Mon Jan 31 10:09:17 2022
batch 50, train loss = 0.79, mean loss = 0.57
Mon Jan 31 10:10:25 2022
batch 60, train loss = 0.31, mean loss = 0.57
Mon Jan 31 10:11:31 2022
train Loss: 0.59

batch 0, val loss = 0.02, mean loss = 0.02
Mon Jan 31 10:12:34 2022
batch 10, val loss = 0.02, mean loss = 0.02
Mon Jan 31 10:13:42 2022
val Loss: 0.02

epoch 73 was done for 584.972348 seconds
Epoch 74/299
----------
Mon Jan 31 10:14:28 2022
batch 0, train loss = 0.28, mean loss = 0.28
Mon Jan 31 10:14:34 2022
batch 10, train loss = 0.52, mean loss = 0.64
Mon Jan 31 10:15:40 2022
batch 20, train loss = 0.47, mean loss = 0.66
Mon Jan 31 10:16:46 2022
batch 30, train loss = 0.89, mean loss = 0.67
Mon Jan 31 10:17:52 2022
batch 40, train loss = 0.44, mean loss = 0.66
Mon Jan 31 10:18:59 2022
batch 50, train loss = 0.74, mean loss = 0.67
Mon Jan 31 10:20:06 2022
batch 60, train loss = 0.29, mean loss = 0.66
Mon Jan 31 10:21:13 2022
train Loss: 0.67

batch 0, val loss = 0.03, mean loss = 0.03
Mon Jan 31 10:22:18 2022
batch 10, val loss = 0.02, mean loss = 0.02
Mon Jan 31 10:23:25 2022
val Loss: 0.02

epoch 74 was done for 582.351350 seconds
Epoch 75/299
----------
Mon Jan 31 10:24:11 2022
batch 0, train loss = 0.29, mean loss = 0.29
Mon Jan 31 10:24:17 2022
batch 10, train loss = 0.52, mean loss = 0.63
Mon Jan 31 10:25:24 2022
batch 20, train loss = 0.59, mean loss = 0.64
Mon Jan 31 10:26:30 2022
batch 30, train loss = 0.97, mean loss = 0.64
Mon Jan 31 10:27:37 2022
batch 40, train loss = 0.37, mean loss = 0.65
Mon Jan 31 10:28:43 2022
batch 50, train loss = 0.55, mean loss = 0.68
Mon Jan 31 10:29:49 2022
batch 60, train loss = 0.56, mean loss = 0.69
Mon Jan 31 10:30:55 2022
train Loss: 0.69

batch 0, val loss = 0.03, mean loss = 0.03
Mon Jan 31 10:31:58 2022
batch 10, val loss = 0.03, mean loss = 0.03
Mon Jan 31 10:33:04 2022
val Loss: 0.02

epoch 75 was done for 578.530359 seconds
Epoch 76/299
----------
Mon Jan 31 10:33:49 2022
batch 0, train loss = 0.52, mean loss = 0.52
Mon Jan 31 10:33:55 2022
batch 10, train loss = 0.76, mean loss = 0.67
Mon Jan 31 10:35:02 2022
batch 20, train loss = 0.52, mean loss = 0.65
Mon Jan 31 10:36:09 2022
batch 30, train loss = 0.71, mean loss = 0.64
Mon Jan 31 10:37:15 2022
batch 40, train loss = 0.37, mean loss = 0.64
Mon Jan 31 10:38:21 2022
batch 50, train loss = 0.56, mean loss = 0.65
Mon Jan 31 10:39:27 2022
batch 60, train loss = 0.58, mean loss = 0.65
Mon Jan 31 10:40:32 2022
train Loss: 0.64

batch 0, val loss = 0.03, mean loss = 0.03
Mon Jan 31 10:41:35 2022
batch 10, val loss = 0.03, mean loss = 0.03
Mon Jan 31 10:42:41 2022
val Loss: 0.03

epoch 76 was done for 577.507754 seconds
Epoch 77/299
----------
Mon Jan 31 10:43:27 2022
batch 0, train loss = 0.56, mean loss = 0.56
Mon Jan 31 10:43:33 2022
batch 10, train loss = 0.74, mean loss = 0.54
Mon Jan 31 10:44:39 2022
batch 20, train loss = 0.27, mean loss = 0.55
Mon Jan 31 10:45:45 2022
batch 30, train loss = 0.52, mean loss = 0.55
Mon Jan 31 10:46:51 2022
batch 40, train loss = 0.39, mean loss = 0.54
Mon Jan 31 10:47:57 2022
batch 50, train loss = 0.55, mean loss = 0.53
Mon Jan 31 10:49:04 2022
batch 60, train loss = 0.26, mean loss = 0.52
Mon Jan 31 10:50:10 2022
train Loss: 0.52

batch 0, val loss = 0.03, mean loss = 0.03
Mon Jan 31 10:51:12 2022
batch 10, val loss = 0.02, mean loss = 0.03
Mon Jan 31 10:52:17 2022
val Loss: 0.03

epoch 77 was done for 576.058047 seconds
Epoch 78/299
----------
Mon Jan 31 10:53:03 2022
batch 0, train loss = 0.29, mean loss = 0.29
Mon Jan 31 10:53:09 2022
batch 10, train loss = 0.53, mean loss = 0.45
Mon Jan 31 10:54:14 2022
batch 20, train loss = 0.28, mean loss = 0.47
Mon Jan 31 10:55:18 2022
batch 30, train loss = 0.55, mean loss = 0.49
Mon Jan 31 10:56:25 2022
batch 40, train loss = 0.38, mean loss = 0.49
Mon Jan 31 10:57:31 2022
batch 50, train loss = 0.58, mean loss = 0.50
Mon Jan 31 10:58:36 2022
batch 60, train loss = 0.25, mean loss = 0.50
Mon Jan 31 10:59:41 2022
train Loss: 0.51

batch 0, val loss = 0.02, mean loss = 0.02
Mon Jan 31 11:00:41 2022
batch 10, val loss = 0.02, mean loss = 0.02
Mon Jan 31 11:01:46 2022
val Loss: 0.02

epoch 78 was done for 566.526854 seconds
Epoch 79/299
----------
Mon Jan 31 11:02:29 2022
batch 0, train loss = 0.25, mean loss = 0.25
Mon Jan 31 11:02:35 2022
batch 10, train loss = 0.52, mean loss = 0.51
Mon Jan 31 11:03:40 2022
batch 20, train loss = 0.42, mean loss = 0.51
Mon Jan 31 11:04:44 2022
batch 30, train loss = 0.69, mean loss = 0.51
Mon Jan 31 11:05:44 2022
batch 40, train loss = 0.25, mean loss = 0.50
Mon Jan 31 11:06:46 2022
batch 50, train loss = 0.43, mean loss = 0.51
Mon Jan 31 11:07:42 2022
batch 60, train loss = 0.31, mean loss = 0.50
Mon Jan 31 11:08:39 2022
train Loss: 0.50

batch 0, val loss = 0.02, mean loss = 0.02
Mon Jan 31 11:09:31 2022
batch 10, val loss = 0.02, mean loss = 0.02
Mon Jan 31 11:10:30 2022
val Loss: 0.02

epoch 79 was done for 527.928943 seconds
Epoch 80/299
----------
Mon Jan 31 11:11:17 2022
batch 0, train loss = 0.32, mean loss = 0.32
Mon Jan 31 11:11:23 2022
batch 10, train loss = 0.50, mean loss = 0.43
Mon Jan 31 11:12:31 2022
batch 20, train loss = 0.23, mean loss = 0.42
Mon Jan 31 11:13:39 2022
batch 30, train loss = 0.48, mean loss = 0.43
Mon Jan 31 11:14:50 2022
batch 40, train loss = 0.24, mean loss = 0.43
Mon Jan 31 11:15:58 2022
batch 50, train loss = 0.43, mean loss = 0.43
Mon Jan 31 11:17:07 2022
batch 60, train loss = 0.23, mean loss = 0.43
Mon Jan 31 11:18:17 2022
train Loss: 0.42

batch 0, val loss = 0.02, mean loss = 0.02
Mon Jan 31 11:19:22 2022
batch 10, val loss = 0.02, mean loss = 0.02
Mon Jan 31 11:20:32 2022
val Loss: 0.02

epoch 80 was done for 601.293281 seconds
Epoch 81/299
----------
Mon Jan 31 11:21:18 2022
batch 0, train loss = 0.21, mean loss = 0.21
Mon Jan 31 11:21:25 2022
batch 10, train loss = 0.41, mean loss = 0.38
Mon Jan 31 11:22:33 2022
batch 20, train loss = 0.17, mean loss = 0.37
Mon Jan 31 11:23:42 2022
batch 30, train loss = 0.43, mean loss = 0.37
Mon Jan 31 11:24:50 2022
batch 40, train loss = 0.15, mean loss = 0.37
Mon Jan 31 11:25:59 2022
batch 50, train loss = 0.35, mean loss = 0.37
Mon Jan 31 11:27:07 2022
batch 60, train loss = 0.14, mean loss = 0.37
Mon Jan 31 11:28:17 2022
train Loss: 0.37

batch 0, val loss = 0.02, mean loss = 0.02
Mon Jan 31 11:29:21 2022
batch 10, val loss = 0.02, mean loss = 0.02
Mon Jan 31 11:30:30 2022
val Loss: 0.02

epoch 81 was done for 597.659288 seconds
Epoch 82/299
----------
Mon Jan 31 11:31:16 2022
batch 0, train loss = 0.14, mean loss = 0.14
Mon Jan 31 11:31:23 2022
batch 10, train loss = 0.41, mean loss = 0.34
Mon Jan 31 11:32:32 2022
batch 20, train loss = 0.14, mean loss = 0.34
Mon Jan 31 11:33:41 2022
batch 30, train loss = 0.40, mean loss = 0.34
Mon Jan 31 11:34:50 2022
batch 40, train loss = 0.11, mean loss = 0.34
Mon Jan 31 11:35:59 2022
batch 50, train loss = 0.34, mean loss = 0.35
Mon Jan 31 11:37:07 2022
batch 60, train loss = 0.13, mean loss = 0.35
Mon Jan 31 11:38:16 2022
train Loss: 0.35

batch 0, val loss = 0.03, mean loss = 0.03
Mon Jan 31 11:39:20 2022
batch 10, val loss = 0.02, mean loss = 0.03
Mon Jan 31 11:40:30 2022
val Loss: 0.02

epoch 82 was done for 600.307379 seconds
Epoch 83/299
----------
Mon Jan 31 11:41:16 2022
batch 0, train loss = 0.14, mean loss = 0.14
Mon Jan 31 11:41:23 2022
batch 10, train loss = 0.43, mean loss = 0.34
Mon Jan 31 11:42:35 2022
batch 20, train loss = 0.12, mean loss = 0.34
Mon Jan 31 11:43:43 2022
batch 30, train loss = 0.38, mean loss = 0.34
Mon Jan 31 11:44:52 2022
batch 40, train loss = 0.11, mean loss = 0.34
Mon Jan 31 11:46:00 2022
batch 50, train loss = 0.36, mean loss = 0.35
Mon Jan 31 11:47:10 2022
batch 60, train loss = 0.13, mean loss = 0.35
Mon Jan 31 11:48:20 2022
train Loss: 0.35

batch 0, val loss = 0.03, mean loss = 0.03
Mon Jan 31 11:49:24 2022
batch 10, val loss = 0.02, mean loss = 0.03
Mon Jan 31 11:50:33 2022
val Loss: 0.02

epoch 83 was done for 603.628261 seconds
Epoch 84/299
----------
Mon Jan 31 11:51:20 2022
batch 0, train loss = 0.14, mean loss = 0.14
Mon Jan 31 11:51:27 2022
batch 10, train loss = 0.44, mean loss = 0.34
Mon Jan 31 11:52:36 2022
batch 20, train loss = 0.11, mean loss = 0.35
Mon Jan 31 11:53:46 2022
batch 30, train loss = 0.39, mean loss = 0.36
Mon Jan 31 11:54:57 2022
batch 40, train loss = 0.13, mean loss = 0.36
Mon Jan 31 11:56:07 2022
batch 50, train loss = 0.40, mean loss = 0.36
Mon Jan 31 11:57:17 2022
batch 60, train loss = 0.11, mean loss = 0.36
Mon Jan 31 11:58:27 2022
train Loss: 0.36

batch 0, val loss = 0.03, mean loss = 0.03
Mon Jan 31 11:59:32 2022
batch 10, val loss = 0.02, mean loss = 0.02
Mon Jan 31 12:00:41 2022
val Loss: 0.02

epoch 84 was done for 608.684214 seconds
Epoch 85/299
----------
Mon Jan 31 12:01:29 2022
batch 0, train loss = 0.13, mean loss = 0.13
Mon Jan 31 12:01:35 2022
batch 10, train loss = 0.44, mean loss = 0.36
Mon Jan 31 12:02:45 2022
batch 20, train loss = 0.12, mean loss = 0.36
Mon Jan 31 12:03:54 2022
batch 30, train loss = 0.41, mean loss = 0.37
Mon Jan 31 12:05:14 2022
batch 40, train loss = 0.15, mean loss = 0.37
Mon Jan 31 12:06:25 2022
batch 50, train loss = 0.43, mean loss = 0.38
Mon Jan 31 12:07:34 2022
batch 60, train loss = 0.10, mean loss = 0.38
Mon Jan 31 12:08:43 2022
train Loss: 0.38

batch 0, val loss = 0.02, mean loss = 0.02
Mon Jan 31 12:09:48 2022
batch 10, val loss = 0.02, mean loss = 0.02
Mon Jan 31 12:10:58 2022
val Loss: 0.02

epoch 85 was done for 615.621841 seconds
Epoch 86/299
----------
Mon Jan 31 12:11:44 2022
batch 0, train loss = 0.11, mean loss = 0.11
Mon Jan 31 12:11:51 2022
batch 10, train loss = 0.42, mean loss = 0.38
Mon Jan 31 12:12:59 2022
batch 20, train loss = 0.15, mean loss = 0.39
Mon Jan 31 12:14:08 2022
batch 30, train loss = 0.49, mean loss = 0.40
Mon Jan 31 12:15:16 2022
batch 40, train loss = 0.16, mean loss = 0.39
Mon Jan 31 12:16:26 2022
batch 50, train loss = 0.45, mean loss = 0.40
Mon Jan 31 12:17:35 2022
batch 60, train loss = 0.09, mean loss = 0.40
Mon Jan 31 12:18:45 2022
train Loss: 0.41

batch 0, val loss = 0.02, mean loss = 0.02
Mon Jan 31 12:19:49 2022
batch 10, val loss = 0.02, mean loss = 0.02
Mon Jan 31 12:20:59 2022
val Loss: 0.02

epoch 86 was done for 601.211193 seconds
Epoch 87/299
----------
Mon Jan 31 12:21:45 2022
batch 0, train loss = 0.10, mean loss = 0.10
Mon Jan 31 12:21:52 2022
batch 10, train loss = 0.40, mean loss = 0.41
Mon Jan 31 12:23:01 2022
batch 20, train loss = 0.24, mean loss = 0.42
Mon Jan 31 12:24:10 2022
batch 30, train loss = 0.63, mean loss = 0.43
Mon Jan 31 12:25:20 2022
batch 40, train loss = 0.13, mean loss = 0.42
Mon Jan 31 12:26:28 2022
batch 50, train loss = 0.40, mean loss = 0.44
Mon Jan 31 12:27:37 2022
batch 60, train loss = 0.16, mean loss = 0.44
Mon Jan 31 12:28:46 2022
train Loss: 0.45

batch 0, val loss = 0.02, mean loss = 0.02
Mon Jan 31 12:29:50 2022
batch 10, val loss = 0.02, mean loss = 0.02
Mon Jan 31 12:30:59 2022
val Loss: 0.02

epoch 87 was done for 602.907719 seconds
Epoch 88/299
----------
Mon Jan 31 12:31:48 2022
batch 0, train loss = 0.19, mean loss = 0.19
Mon Jan 31 12:31:55 2022
batch 10, train loss = 0.50, mean loss = 0.46
Mon Jan 31 12:33:03 2022
batch 20, train loss = 0.31, mean loss = 0.46
Mon Jan 31 12:34:12 2022
batch 30, train loss = 0.73, mean loss = 0.47
Mon Jan 31 12:35:20 2022
batch 40, train loss = 0.11, mean loss = 0.47
Mon Jan 31 12:36:29 2022
batch 50, train loss = 0.39, mean loss = 0.50
Mon Jan 31 12:37:37 2022
batch 60, train loss = 0.39, mean loss = 0.51
Mon Jan 31 12:38:47 2022
train Loss: 0.51

batch 0, val loss = 0.02, mean loss = 0.02
Mon Jan 31 12:39:57 2022
batch 10, val loss = 0.02, mean loss = 0.02
Mon Jan 31 12:41:06 2022
val Loss: 0.02

epoch 88 was done for 604.365847 seconds
Epoch 89/299
----------
Mon Jan 31 12:41:53 2022
batch 0, train loss = 0.45, mean loss = 0.45
Mon Jan 31 12:41:59 2022
batch 10, train loss = 0.74, mean loss = 0.50
Mon Jan 31 12:43:07 2022
batch 20, train loss = 0.19, mean loss = 0.49
Mon Jan 31 12:44:15 2022
batch 30, train loss = 0.58, mean loss = 0.53
Mon Jan 31 12:45:25 2022
batch 40, train loss = 0.31, mean loss = 0.54
Mon Jan 31 12:46:33 2022
batch 50, train loss = 0.55, mean loss = 0.55
Mon Jan 31 12:47:42 2022
batch 60, train loss = 0.43, mean loss = 0.56
Mon Jan 31 12:48:51 2022
train Loss: 0.55

batch 0, val loss = 0.02, mean loss = 0.02
Mon Jan 31 12:49:57 2022
batch 10, val loss = 0.02, mean loss = 0.02
Mon Jan 31 12:51:05 2022
val Loss: 0.02

epoch 89 was done for 598.970619 seconds
Epoch 90/299
----------
Mon Jan 31 12:51:52 2022
batch 0, train loss = 0.47, mean loss = 0.47
Mon Jan 31 12:51:58 2022
batch 10, train loss = 0.69, mean loss = 0.52
Mon Jan 31 12:53:09 2022
batch 20, train loss = 0.22, mean loss = 0.54
Mon Jan 31 12:54:19 2022
batch 30, train loss = 0.58, mean loss = 0.57
Mon Jan 31 12:55:27 2022
batch 40, train loss = 0.43, mean loss = 0.56
Mon Jan 31 12:56:36 2022
batch 50, train loss = 0.63, mean loss = 0.56
Mon Jan 31 12:57:45 2022
batch 60, train loss = 0.24, mean loss = 0.56
Mon Jan 31 12:58:53 2022
train Loss: 0.57

batch 0, val loss = 0.02, mean loss = 0.02
Mon Jan 31 12:59:57 2022
batch 10, val loss = 0.02, mean loss = 0.02
Mon Jan 31 13:01:07 2022
val Loss: 0.02

epoch 90 was done for 602.777219 seconds
Epoch 91/299
----------
Mon Jan 31 13:01:55 2022
batch 0, train loss = 0.26, mean loss = 0.26
Mon Jan 31 13:02:01 2022
