The activation script must be sourced, otherwise the virtual environment will not work.
Setting vars
iscuda= True
PyTorch Version:  1.8.1
Torchvision Version:  0.9.0a0
opt:
 Namespace(ampl=441, aug_gt='orient', batch_output=2, bs=15, cencrop=700, center=False, chidden_dim=[96, 128, 256, 256, 256], classicnorm=False, cmscrop=0, conTrain='', criterion='L2', csvname='598csv9', datapath='/p/project/delia-mp/cherepashkin1/phenoseed/', dfname='598frame', downsample=1, epoch=300, expdescr='', expnum='e068', feature_extract=False, framelim=6000, gradient_predivide_factor=1.0, gttype='single_file', haf=True, hidden_dim=[9], inputt='img', kernel_sizes=[7, 3, 3, 3, 3, 3], lb='orient', loadh5=False, localexp='', lr=5e-07, machine='jureca', maintain=False, maintain_line=False, man_dist=False, measure_time=False, merging='batch', minmax=False, minmax3dimage=False, minmax_f=True, minmax_fn='', model_name='', netname=['cnet'], ngpu=4, noise_input=False, noise_output=False, normalize=False, num_input_images=3, num_sam_points=500, num_workers=0, outputt='orient', parallel='horovod', pin_memory=False, print_minibatch=10, pscale=100, rand_angle=False, rescale=500, rot_dirs=False, rotate_output=False, save_output=True, single_folder=False, specie='598', standardize=255, steplr=[1000.0, 1.0], transappendix='_image', ufmodel=100000, updateFraction=0.25, use_adasum=False, use_cuda=True, use_existing_csv=True, use_pretrained=False, use_sep_csv=True, view_sep=False, wandb='', weight_decay=0, zero_angle=True)
sys.argv:
 ['../../main.py', '-datapath', '/p/project/delia-mp/cherepashkin1/phenoseed/', '-epoch', '300', '-bs', '15', '-num_input_images', '3', '-framelim', '6000', '-criterion', 'L2', '-localexp', '', '-lr', '5e-7', '-expnum', 'e068', '-hidden_dim', '9', '-inputt', 'img', '-outputt', 'orient', '-lb', 'orient', '-no_loadh5', '-minmax_fn', '', '-parallel', 'horovod', '-machine', 'jureca', '-merging', 'batch', '-aug_gt', 'orient', '-updateFraction', '0.25', '-steplr', '1000', '1', '-print_minibatch', '10', '-dfname', '598frame']
seed =  0
path were main.py is located= ../../
opt.wandb =  
iscuda= True
opt.wandb =  
93
93
file to frame csv ../../csv/598frame.csv
file to frame csv ../../csv/598frame.csv
iscuda= True
opt.wandb =  
93
file to frame csv ../../csv/598frame.csv
iscuda= True
opt.wandb =  
93
file to frame csv ../../csv/598frame.csv
lframe's length after laoding =  5283
lframe's length after laoding =  5283
lframe's length after laoding =  5283
lframe's length after laoding =  5283
lframe len after excluding all exceptions= 5200
lframe len after excluding all exceptions= 5200
lframe len after excluding all exceptions= 5200
lframe len after excluding all exceptions= 5200
len train =  4160
len train =  4160
len train =  4160
len train =  4160
train consists of 277 full batches with 15 tensors with 3 views
the last batch has size of 5 tensors with 3 views
val consists of 69 full batches with 15 tensors with 3 views
the last batch has size of 5 tensors with 3 views
Epoch 0/299
----------
Sun Jan 30 23:49:57 2022
batch 0, train loss = 0.52, mean loss = 0.52
Sun Jan 30 23:50:10 2022
batch 10, train loss = 0.39, mean loss = 0.44
Sun Jan 30 23:51:21 2022
batch 20, train loss = 0.41, mean loss = 0.43
Sun Jan 30 23:52:31 2022
batch 30, train loss = 0.38, mean loss = 0.42
Sun Jan 30 23:53:41 2022
batch 40, train loss = 0.34, mean loss = 0.41
Sun Jan 30 23:54:50 2022
batch 50, train loss = 0.39, mean loss = 0.41
Sun Jan 30 23:55:59 2022
batch 60, train loss = 0.39, mean loss = 0.41
Sun Jan 30 23:57:09 2022
train Loss: 0.40

batch 0, val loss = 0.03, mean loss = 0.03
Sun Jan 30 23:58:14 2022
batch 10, val loss = 0.02, mean loss = 0.03
Sun Jan 30 23:59:23 2022
val Loss: 0.03

epoch 0 was done for 612.760122 seconds
Epoch 1/299
----------
Mon Jan 31 00:00:10 2022
batch 0, train loss = 0.37, mean loss = 0.37
Mon Jan 31 00:00:15 2022
batch 10, train loss = 0.37, mean loss = 0.37
Mon Jan 31 00:01:09 2022
batch 20, train loss = 0.38, mean loss = 0.37
Mon Jan 31 00:02:04 2022
batch 30, train loss = 0.37, mean loss = 0.37
Mon Jan 31 00:02:58 2022
batch 40, train loss = 0.33, mean loss = 0.37
Mon Jan 31 00:03:52 2022
batch 50, train loss = 0.39, mean loss = 0.37
Mon Jan 31 00:04:46 2022
batch 60, train loss = 0.35, mean loss = 0.37
Mon Jan 31 00:05:40 2022
train Loss: 0.37

batch 0, val loss = 0.03, mean loss = 0.03
Mon Jan 31 00:06:30 2022
batch 10, val loss = 0.02, mean loss = 0.03
Mon Jan 31 00:07:24 2022
val Loss: 0.03

epoch 1 was done for 471.854159 seconds
Epoch 2/299
----------
Mon Jan 31 00:08:02 2022
batch 0, train loss = 0.36, mean loss = 0.36
Mon Jan 31 00:08:08 2022
batch 10, train loss = 0.36, mean loss = 0.35
Mon Jan 31 00:09:02 2022
batch 20, train loss = 0.36, mean loss = 0.35
Mon Jan 31 00:09:57 2022
batch 30, train loss = 0.35, mean loss = 0.36
Mon Jan 31 00:10:51 2022
batch 40, train loss = 0.31, mean loss = 0.35
Mon Jan 31 00:11:46 2022
batch 50, train loss = 0.37, mean loss = 0.36
Mon Jan 31 00:12:40 2022
batch 60, train loss = 0.34, mean loss = 0.35
Mon Jan 31 00:13:35 2022
train Loss: 0.36

batch 0, val loss = 0.03, mean loss = 0.03
Mon Jan 31 00:14:26 2022
batch 10, val loss = 0.02, mean loss = 0.03
Mon Jan 31 00:15:21 2022
val Loss: 0.03

epoch 2 was done for 477.621529 seconds
Epoch 3/299
----------
Mon Jan 31 00:16:00 2022
batch 0, train loss = 0.34, mean loss = 0.34
Mon Jan 31 00:16:05 2022
batch 10, train loss = 0.34, mean loss = 0.35
Mon Jan 31 00:16:59 2022
batch 20, train loss = 0.35, mean loss = 0.35
Mon Jan 31 00:17:53 2022
batch 30, train loss = 0.34, mean loss = 0.35
Mon Jan 31 00:18:47 2022
batch 40, train loss = 0.30, mean loss = 0.35
Mon Jan 31 00:19:41 2022
batch 50, train loss = 0.36, mean loss = 0.35
Mon Jan 31 00:20:35 2022
batch 60, train loss = 0.33, mean loss = 0.35
Mon Jan 31 00:21:29 2022
train Loss: 0.35

batch 0, val loss = 0.03, mean loss = 0.03
Mon Jan 31 00:22:20 2022
batch 10, val loss = 0.02, mean loss = 0.03
Mon Jan 31 00:23:14 2022
val Loss: 0.03

epoch 3 was done for 472.234916 seconds
Epoch 4/299
----------
Mon Jan 31 00:23:52 2022
batch 0, train loss = 0.33, mean loss = 0.33
Mon Jan 31 00:23:57 2022
batch 10, train loss = 0.34, mean loss = 0.34
Mon Jan 31 00:24:51 2022
batch 20, train loss = 0.34, mean loss = 0.34
Mon Jan 31 00:25:45 2022
batch 30, train loss = 0.34, mean loss = 0.34
Mon Jan 31 00:26:39 2022
batch 40, train loss = 0.29, mean loss = 0.34
Mon Jan 31 00:27:33 2022
batch 50, train loss = 0.36, mean loss = 0.34
Mon Jan 31 00:28:27 2022
batch 60, train loss = 0.32, mean loss = 0.34
Mon Jan 31 00:29:21 2022
train Loss: 0.34

batch 0, val loss = 0.03, mean loss = 0.03
Mon Jan 31 00:30:11 2022
batch 10, val loss = 0.03, mean loss = 0.03
Mon Jan 31 00:31:06 2022
val Loss: 0.03

epoch 4 was done for 471.915467 seconds
Epoch 5/299
----------
Mon Jan 31 00:31:44 2022
batch 0, train loss = 0.33, mean loss = 0.33
Mon Jan 31 00:31:49 2022
batch 10, train loss = 0.34, mean loss = 0.34
Mon Jan 31 00:32:44 2022
batch 20, train loss = 0.33, mean loss = 0.34
Mon Jan 31 00:33:38 2022
batch 30, train loss = 0.33, mean loss = 0.34
Mon Jan 31 00:34:33 2022
batch 40, train loss = 0.28, mean loss = 0.33
Mon Jan 31 00:35:27 2022
batch 50, train loss = 0.36, mean loss = 0.34
Mon Jan 31 00:36:21 2022
batch 60, train loss = 0.31, mean loss = 0.34
Mon Jan 31 00:37:16 2022
train Loss: 0.34

batch 0, val loss = 0.03, mean loss = 0.03
Mon Jan 31 00:38:07 2022
batch 10, val loss = 0.02, mean loss = 0.03
Mon Jan 31 00:39:02 2022
val Loss: 0.03

epoch 5 was done for 476.441369 seconds
Epoch 6/299
----------
Mon Jan 31 00:39:40 2022
batch 0, train loss = 0.32, mean loss = 0.32
Mon Jan 31 00:39:46 2022
batch 10, train loss = 0.34, mean loss = 0.33
Mon Jan 31 00:40:39 2022
batch 20, train loss = 0.32, mean loss = 0.33
Mon Jan 31 00:41:33 2022
batch 30, train loss = 0.33, mean loss = 0.33
Mon Jan 31 00:42:27 2022
batch 40, train loss = 0.28, mean loss = 0.33
Mon Jan 31 00:43:21 2022
batch 50, train loss = 0.36, mean loss = 0.33
Mon Jan 31 00:44:15 2022
batch 60, train loss = 0.30, mean loss = 0.33
Mon Jan 31 00:45:09 2022
train Loss: 0.33

batch 0, val loss = 0.03, mean loss = 0.03
Mon Jan 31 00:45:59 2022
batch 10, val loss = 0.03, mean loss = 0.03
Mon Jan 31 00:46:53 2022
val Loss: 0.03

epoch 6 was done for 470.669523 seconds
Epoch 7/299
----------
Mon Jan 31 00:47:31 2022
batch 0, train loss = 0.31, mean loss = 0.31
Mon Jan 31 00:47:36 2022
batch 10, train loss = 0.33, mean loss = 0.33
Mon Jan 31 00:48:30 2022
batch 20, train loss = 0.32, mean loss = 0.33
Mon Jan 31 00:49:24 2022
batch 30, train loss = 0.33, mean loss = 0.33
Mon Jan 31 00:50:18 2022
batch 40, train loss = 0.27, mean loss = 0.33
Mon Jan 31 00:51:12 2022
batch 50, train loss = 0.35, mean loss = 0.33
Mon Jan 31 00:52:06 2022
batch 60, train loss = 0.30, mean loss = 0.33
Mon Jan 31 00:53:00 2022
train Loss: 0.33

batch 0, val loss = 0.03, mean loss = 0.03
Mon Jan 31 00:53:51 2022
batch 10, val loss = 0.03, mean loss = 0.03
Mon Jan 31 00:54:46 2022
val Loss: 0.03

epoch 7 was done for 472.282956 seconds
Epoch 8/299
----------
Mon Jan 31 00:55:23 2022
batch 0, train loss = 0.31, mean loss = 0.31
Mon Jan 31 00:55:29 2022
batch 10, train loss = 0.33, mean loss = 0.33
Mon Jan 31 00:56:23 2022
batch 20, train loss = 0.31, mean loss = 0.33
Mon Jan 31 00:57:17 2022
batch 30, train loss = 0.33, mean loss = 0.33
Mon Jan 31 00:58:11 2022
batch 40, train loss = 0.27, mean loss = 0.33
Mon Jan 31 00:59:05 2022
batch 50, train loss = 0.35, mean loss = 0.33
Mon Jan 31 00:59:59 2022
batch 60, train loss = 0.29, mean loss = 0.33
Mon Jan 31 01:00:54 2022
train Loss: 0.33

batch 0, val loss = 0.03, mean loss = 0.03
Mon Jan 31 01:01:44 2022
batch 10, val loss = 0.03, mean loss = 0.03
Mon Jan 31 01:02:40 2022
val Loss: 0.03

epoch 8 was done for 474.707745 seconds
Epoch 9/299
----------
Mon Jan 31 01:03:18 2022
batch 0, train loss = 0.30, mean loss = 0.30
Mon Jan 31 01:03:23 2022
batch 10, train loss = 0.33, mean loss = 0.33
Mon Jan 31 01:04:18 2022
batch 20, train loss = 0.30, mean loss = 0.33
Mon Jan 31 01:05:12 2022
batch 30, train loss = 0.33, mean loss = 0.33
Mon Jan 31 01:06:06 2022
batch 40, train loss = 0.26, mean loss = 0.32
Mon Jan 31 01:07:01 2022
batch 50, train loss = 0.35, mean loss = 0.33
Mon Jan 31 01:07:55 2022
batch 60, train loss = 0.29, mean loss = 0.33
Mon Jan 31 01:08:49 2022
train Loss: 0.33

batch 0, val loss = 0.03, mean loss = 0.03
Mon Jan 31 01:09:40 2022
batch 10, val loss = 0.03, mean loss = 0.03
Mon Jan 31 01:10:35 2022
val Loss: 0.03

epoch 9 was done for 474.272994 seconds
Epoch 10/299
----------
Mon Jan 31 01:11:12 2022
batch 0, train loss = 0.30, mean loss = 0.30
Mon Jan 31 01:11:18 2022
batch 10, train loss = 0.33, mean loss = 0.33
Mon Jan 31 01:12:12 2022
batch 20, train loss = 0.30, mean loss = 0.32
Mon Jan 31 01:13:06 2022
batch 30, train loss = 0.32, mean loss = 0.33
Mon Jan 31 01:14:01 2022
batch 40, train loss = 0.26, mean loss = 0.32
Mon Jan 31 01:14:55 2022
batch 50, train loss = 0.35, mean loss = 0.32
Mon Jan 31 01:15:49 2022
batch 60, train loss = 0.28, mean loss = 0.32
Mon Jan 31 01:16:44 2022
train Loss: 0.33

batch 0, val loss = 0.03, mean loss = 0.03
Mon Jan 31 01:17:34 2022
batch 10, val loss = 0.03, mean loss = 0.03
Mon Jan 31 01:18:29 2022
val Loss: 0.03

epoch 10 was done for 474.823576 seconds
Epoch 11/299
----------
Mon Jan 31 01:19:07 2022
batch 0, train loss = 0.30, mean loss = 0.30
Mon Jan 31 01:19:12 2022
batch 10, train loss = 0.33, mean loss = 0.32
Mon Jan 31 01:20:06 2022
batch 20, train loss = 0.30, mean loss = 0.32
Mon Jan 31 01:21:01 2022
batch 30, train loss = 0.32, mean loss = 0.32
Mon Jan 31 01:21:55 2022
batch 40, train loss = 0.25, mean loss = 0.32
Mon Jan 31 01:22:49 2022
batch 50, train loss = 0.35, mean loss = 0.32
Mon Jan 31 01:23:43 2022
batch 60, train loss = 0.28, mean loss = 0.32
Mon Jan 31 01:24:37 2022
train Loss: 0.32

batch 0, val loss = 0.03, mean loss = 0.03
Mon Jan 31 01:25:28 2022
batch 10, val loss = 0.03, mean loss = 0.03
Mon Jan 31 01:26:24 2022
val Loss: 0.03

epoch 11 was done for 474.413751 seconds
Epoch 12/299
----------
Mon Jan 31 01:27:01 2022
batch 0, train loss = 0.29, mean loss = 0.29
Mon Jan 31 01:27:07 2022
batch 10, train loss = 0.32, mean loss = 0.32
Mon Jan 31 01:28:01 2022
batch 20, train loss = 0.29, mean loss = 0.32
Mon Jan 31 01:28:55 2022
batch 30, train loss = 0.32, mean loss = 0.32
Mon Jan 31 01:29:49 2022
batch 40, train loss = 0.25, mean loss = 0.32
Mon Jan 31 01:30:43 2022
batch 50, train loss = 0.35, mean loss = 0.32
Mon Jan 31 01:31:37 2022
batch 60, train loss = 0.27, mean loss = 0.32
Mon Jan 31 01:32:31 2022
train Loss: 0.32

batch 0, val loss = 0.03, mean loss = 0.03
Mon Jan 31 01:33:22 2022
batch 10, val loss = 0.03, mean loss = 0.03
Mon Jan 31 01:34:16 2022
val Loss: 0.03

epoch 12 was done for 472.047280 seconds
Epoch 13/299
----------
Mon Jan 31 01:34:53 2022
batch 0, train loss = 0.29, mean loss = 0.29
Mon Jan 31 01:34:59 2022
batch 10, train loss = 0.32, mean loss = 0.32
Mon Jan 31 01:35:53 2022
batch 20, train loss = 0.29, mean loss = 0.32
Mon Jan 31 01:36:48 2022
batch 30, train loss = 0.32, mean loss = 0.32
Mon Jan 31 01:37:42 2022
batch 40, train loss = 0.25, mean loss = 0.32
Mon Jan 31 01:38:36 2022
batch 50, train loss = 0.35, mean loss = 0.32
Mon Jan 31 01:39:30 2022
batch 60, train loss = 0.27, mean loss = 0.32
Mon Jan 31 01:40:25 2022
train Loss: 0.32

batch 0, val loss = 0.03, mean loss = 0.03
Mon Jan 31 01:41:16 2022
batch 10, val loss = 0.03, mean loss = 0.03
Mon Jan 31 01:42:11 2022
val Loss: 0.03

epoch 13 was done for 475.090588 seconds
Epoch 14/299
----------
Mon Jan 31 01:42:49 2022
batch 0, train loss = 0.28, mean loss = 0.28
Mon Jan 31 01:42:54 2022
batch 10, train loss = 0.32, mean loss = 0.32
Mon Jan 31 01:43:48 2022
batch 20, train loss = 0.28, mean loss = 0.32
Mon Jan 31 01:44:42 2022
batch 30, train loss = 0.32, mean loss = 0.32
Mon Jan 31 01:45:36 2022
batch 40, train loss = 0.24, mean loss = 0.32
Mon Jan 31 01:46:31 2022
batch 50, train loss = 0.35, mean loss = 0.32
Mon Jan 31 01:47:25 2022
batch 60, train loss = 0.26, mean loss = 0.32
Mon Jan 31 01:48:19 2022
train Loss: 0.32

batch 0, val loss = 0.03, mean loss = 0.03
Mon Jan 31 01:49:10 2022
batch 10, val loss = 0.03, mean loss = 0.03
Mon Jan 31 01:50:05 2022
val Loss: 0.03

epoch 14 was done for 474.574185 seconds
Epoch 15/299
----------
Mon Jan 31 01:50:43 2022
batch 0, train loss = 0.28, mean loss = 0.28
Mon Jan 31 01:50:49 2022
batch 10, train loss = 0.32, mean loss = 0.32
Mon Jan 31 01:51:42 2022
batch 20, train loss = 0.28, mean loss = 0.32
Mon Jan 31 01:52:37 2022
batch 30, train loss = 0.32, mean loss = 0.32
Mon Jan 31 01:53:31 2022
batch 40, train loss = 0.24, mean loss = 0.32
Mon Jan 31 01:54:25 2022
batch 50, train loss = 0.35, mean loss = 0.32
Mon Jan 31 01:55:19 2022
batch 60, train loss = 0.26, mean loss = 0.32
Mon Jan 31 01:56:13 2022
train Loss: 0.32

batch 0, val loss = 0.03, mean loss = 0.03
Mon Jan 31 01:57:04 2022
batch 10, val loss = 0.03, mean loss = 0.03
Mon Jan 31 01:57:58 2022
val Loss: 0.03

epoch 15 was done for 472.389306 seconds
Epoch 16/299
----------
Mon Jan 31 01:58:35 2022
batch 0, train loss = 0.27, mean loss = 0.27
Mon Jan 31 01:58:41 2022
batch 10, train loss = 0.32, mean loss = 0.32
Mon Jan 31 01:59:35 2022
batch 20, train loss = 0.28, mean loss = 0.32
Mon Jan 31 02:00:29 2022
batch 30, train loss = 0.32, mean loss = 0.32
Mon Jan 31 02:01:23 2022
batch 40, train loss = 0.24, mean loss = 0.31
Mon Jan 31 02:02:18 2022
batch 50, train loss = 0.34, mean loss = 0.32
Mon Jan 31 02:03:11 2022
batch 60, train loss = 0.25, mean loss = 0.32
Mon Jan 31 02:04:06 2022
train Loss: 0.32

batch 0, val loss = 0.03, mean loss = 0.03
Mon Jan 31 02:04:56 2022
batch 10, val loss = 0.03, mean loss = 0.03
Mon Jan 31 02:05:51 2022
val Loss: 0.03

epoch 16 was done for 473.058931 seconds
Epoch 17/299
----------
Mon Jan 31 02:06:29 2022
batch 0, train loss = 0.27, mean loss = 0.27
Mon Jan 31 02:06:34 2022
batch 10, train loss = 0.32, mean loss = 0.32
Mon Jan 31 02:07:28 2022
batch 20, train loss = 0.27, mean loss = 0.32
Mon Jan 31 02:08:23 2022
batch 30, train loss = 0.32, mean loss = 0.32
Mon Jan 31 02:09:17 2022
batch 40, train loss = 0.23, mean loss = 0.31
Mon Jan 31 02:10:11 2022
batch 50, train loss = 0.34, mean loss = 0.32
Mon Jan 31 02:11:05 2022
batch 60, train loss = 0.25, mean loss = 0.31
Mon Jan 31 02:11:59 2022
train Loss: 0.32

batch 0, val loss = 0.03, mean loss = 0.03
Mon Jan 31 02:12:50 2022
batch 10, val loss = 0.02, mean loss = 0.03
Mon Jan 31 02:13:45 2022
val Loss: 0.03

epoch 17 was done for 474.212451 seconds
Epoch 18/299
----------
Mon Jan 31 02:14:23 2022
batch 0, train loss = 0.27, mean loss = 0.27
Mon Jan 31 02:14:28 2022
batch 10, train loss = 0.32, mean loss = 0.32
Mon Jan 31 02:15:22 2022
batch 20, train loss = 0.27, mean loss = 0.31
Mon Jan 31 02:16:16 2022
batch 30, train loss = 0.32, mean loss = 0.32
Mon Jan 31 02:17:10 2022
batch 40, train loss = 0.23, mean loss = 0.31
Mon Jan 31 02:18:06 2022
batch 50, train loss = 0.34, mean loss = 0.31
Mon Jan 31 02:19:02 2022
batch 60, train loss = 0.25, mean loss = 0.31
Mon Jan 31 02:19:56 2022
train Loss: 0.32

batch 0, val loss = 0.03, mean loss = 0.03
Mon Jan 31 02:20:47 2022
batch 10, val loss = 0.02, mean loss = 0.03
Mon Jan 31 02:21:41 2022
val Loss: 0.03

epoch 18 was done for 475.926362 seconds
Epoch 19/299
----------
Mon Jan 31 02:22:19 2022
batch 0, train loss = 0.26, mean loss = 0.26
Mon Jan 31 02:22:24 2022
batch 10, train loss = 0.32, mean loss = 0.31
Mon Jan 31 02:23:18 2022
batch 20, train loss = 0.27, mean loss = 0.31
Mon Jan 31 02:24:13 2022
batch 30, train loss = 0.32, mean loss = 0.32
Mon Jan 31 02:25:07 2022
batch 40, train loss = 0.23, mean loss = 0.31
Mon Jan 31 02:26:01 2022
batch 50, train loss = 0.34, mean loss = 0.31
Mon Jan 31 02:26:55 2022
batch 60, train loss = 0.24, mean loss = 0.31
Mon Jan 31 02:27:50 2022
train Loss: 0.31

batch 0, val loss = 0.03, mean loss = 0.03
Mon Jan 31 02:28:40 2022
batch 10, val loss = 0.02, mean loss = 0.03
Mon Jan 31 02:29:35 2022
val Loss: 0.03

epoch 19 was done for 474.083937 seconds
Epoch 20/299
----------
Mon Jan 31 02:30:13 2022
batch 0, train loss = 0.26, mean loss = 0.26
Mon Jan 31 02:30:18 2022
batch 10, train loss = 0.32, mean loss = 0.31
Mon Jan 31 02:31:12 2022
batch 20, train loss = 0.26, mean loss = 0.31
Mon Jan 31 02:32:07 2022
batch 30, train loss = 0.32, mean loss = 0.31
Mon Jan 31 02:33:01 2022
batch 40, train loss = 0.22, mean loss = 0.31
Mon Jan 31 02:33:55 2022
batch 50, train loss = 0.34, mean loss = 0.31
Mon Jan 31 02:34:49 2022
batch 60, train loss = 0.24, mean loss = 0.31
Mon Jan 31 02:35:43 2022
train Loss: 0.31

batch 0, val loss = 0.03, mean loss = 0.03
Mon Jan 31 02:36:34 2022
batch 10, val loss = 0.03, mean loss = 0.03
Mon Jan 31 02:37:29 2022
val Loss: 0.03

epoch 20 was done for 474.231862 seconds
Epoch 21/299
----------
Mon Jan 31 02:38:07 2022
batch 0, train loss = 0.26, mean loss = 0.26
Mon Jan 31 02:38:12 2022
batch 10, train loss = 0.32, mean loss = 0.31
Mon Jan 31 02:39:06 2022
batch 20, train loss = 0.26, mean loss = 0.31
Mon Jan 31 02:40:01 2022
batch 30, train loss = 0.32, mean loss = 0.31
Mon Jan 31 02:40:55 2022
batch 40, train loss = 0.22, mean loss = 0.31
Mon Jan 31 02:41:49 2022
batch 50, train loss = 0.34, mean loss = 0.31
Mon Jan 31 02:42:43 2022
batch 60, train loss = 0.23, mean loss = 0.31
Mon Jan 31 02:43:38 2022
train Loss: 0.31

batch 0, val loss = 0.03, mean loss = 0.03
Mon Jan 31 02:44:29 2022
batch 10, val loss = 0.03, mean loss = 0.03
Mon Jan 31 02:45:23 2022
val Loss: 0.03

epoch 21 was done for 473.794126 seconds
Epoch 22/299
----------
Mon Jan 31 02:46:01 2022
batch 0, train loss = 0.25, mean loss = 0.25
Mon Jan 31 02:46:06 2022
batch 10, train loss = 0.32, mean loss = 0.31
Mon Jan 31 02:47:00 2022
batch 20, train loss = 0.26, mean loss = 0.31
Mon Jan 31 02:47:55 2022
batch 30, train loss = 0.32, mean loss = 0.31
Mon Jan 31 02:48:49 2022
batch 40, train loss = 0.22, mean loss = 0.31
Mon Jan 31 02:49:43 2022
batch 50, train loss = 0.34, mean loss = 0.31
Mon Jan 31 02:50:37 2022
batch 60, train loss = 0.23, mean loss = 0.31
Mon Jan 31 02:51:32 2022
train Loss: 0.31

batch 0, val loss = 0.03, mean loss = 0.03
Mon Jan 31 02:52:22 2022
batch 10, val loss = 0.03, mean loss = 0.03
Mon Jan 31 02:53:17 2022
val Loss: 0.03

epoch 22 was done for 473.921121 seconds
Epoch 23/299
----------
Mon Jan 31 02:53:55 2022
batch 0, train loss = 0.25, mean loss = 0.25
Mon Jan 31 02:54:00 2022
batch 10, train loss = 0.32, mean loss = 0.31
Mon Jan 31 02:54:54 2022
batch 20, train loss = 0.25, mean loss = 0.31
Mon Jan 31 02:55:49 2022
batch 30, train loss = 0.32, mean loss = 0.31
Mon Jan 31 02:56:43 2022
batch 40, train loss = 0.21, mean loss = 0.31
Mon Jan 31 02:57:38 2022
batch 50, train loss = 0.34, mean loss = 0.31
Mon Jan 31 02:58:32 2022
batch 60, train loss = 0.23, mean loss = 0.31
Mon Jan 31 02:59:26 2022
train Loss: 0.31

batch 0, val loss = 0.03, mean loss = 0.03
Mon Jan 31 03:00:17 2022
batch 10, val loss = 0.03, mean loss = 0.03
Mon Jan 31 03:01:12 2022
val Loss: 0.03

epoch 23 was done for 475.298227 seconds
Epoch 24/299
----------
Mon Jan 31 03:01:50 2022
batch 0, train loss = 0.25, mean loss = 0.25
Mon Jan 31 03:01:55 2022
batch 10, train loss = 0.32, mean loss = 0.31
Mon Jan 31 03:02:50 2022
batch 20, train loss = 0.25, mean loss = 0.31
Mon Jan 31 03:03:44 2022
batch 30, train loss = 0.32, mean loss = 0.31
Mon Jan 31 03:04:38 2022
batch 40, train loss = 0.21, mean loss = 0.31
Mon Jan 31 03:05:33 2022
batch 50, train loss = 0.34, mean loss = 0.31
Mon Jan 31 03:06:27 2022
batch 60, train loss = 0.22, mean loss = 0.31
Mon Jan 31 03:07:21 2022
train Loss: 0.31

batch 0, val loss = 0.03, mean loss = 0.03
Mon Jan 31 03:08:12 2022
batch 10, val loss = 0.03, mean loss = 0.03
Mon Jan 31 03:09:06 2022
val Loss: 0.03

epoch 24 was done for 473.916589 seconds
Epoch 25/299
----------
Mon Jan 31 03:09:44 2022
batch 0, train loss = 0.24, mean loss = 0.24
Mon Jan 31 03:09:49 2022
batch 10, train loss = 0.32, mean loss = 0.31
Mon Jan 31 03:10:43 2022
batch 20, train loss = 0.25, mean loss = 0.31
Mon Jan 31 03:11:38 2022
batch 30, train loss = 0.32, mean loss = 0.31
Mon Jan 31 03:12:32 2022
batch 40, train loss = 0.21, mean loss = 0.31
Mon Jan 31 03:13:27 2022
batch 50, train loss = 0.34, mean loss = 0.31
Mon Jan 31 03:14:20 2022
batch 60, train loss = 0.22, mean loss = 0.31
Mon Jan 31 03:15:15 2022
train Loss: 0.31

batch 0, val loss = 0.03, mean loss = 0.03
Mon Jan 31 03:16:06 2022
batch 10, val loss = 0.03, mean loss = 0.03
Mon Jan 31 03:17:01 2022
val Loss: 0.03

epoch 25 was done for 474.309033 seconds
Epoch 26/299
----------
Mon Jan 31 03:17:38 2022
batch 0, train loss = 0.24, mean loss = 0.24
Mon Jan 31 03:17:44 2022
batch 10, train loss = 0.32, mean loss = 0.31
Mon Jan 31 03:18:38 2022
batch 20, train loss = 0.24, mean loss = 0.31
Mon Jan 31 03:19:33 2022
batch 30, train loss = 0.32, mean loss = 0.31
Mon Jan 31 03:20:27 2022
batch 40, train loss = 0.21, mean loss = 0.31
Mon Jan 31 03:21:21 2022
batch 50, train loss = 0.34, mean loss = 0.31
Mon Jan 31 03:22:15 2022
batch 60, train loss = 0.22, mean loss = 0.31
Mon Jan 31 03:23:10 2022
train Loss: 0.31

batch 0, val loss = 0.03, mean loss = 0.03
Mon Jan 31 03:24:01 2022
batch 10, val loss = 0.03, mean loss = 0.03
Mon Jan 31 03:24:56 2022
val Loss: 0.03

epoch 26 was done for 475.140517 seconds
Epoch 27/299
----------
Mon Jan 31 03:25:33 2022
batch 0, train loss = 0.23, mean loss = 0.23
Mon Jan 31 03:25:39 2022
batch 10, train loss = 0.32, mean loss = 0.31
Mon Jan 31 03:26:33 2022
batch 20, train loss = 0.24, mean loss = 0.31
Mon Jan 31 03:27:27 2022
batch 30, train loss = 0.32, mean loss = 0.31
Mon Jan 31 03:28:21 2022
batch 40, train loss = 0.20, mean loss = 0.31
Mon Jan 31 03:29:16 2022
batch 50, train loss = 0.34, mean loss = 0.31
Mon Jan 31 03:30:10 2022
batch 60, train loss = 0.21, mean loss = 0.31
Mon Jan 31 03:31:04 2022
train Loss: 0.31

batch 0, val loss = 0.03, mean loss = 0.03
Mon Jan 31 03:31:55 2022
batch 10, val loss = 0.02, mean loss = 0.03
Mon Jan 31 03:32:50 2022
val Loss: 0.03

epoch 27 was done for 473.661697 seconds
Epoch 28/299
----------
Mon Jan 31 03:33:27 2022
batch 0, train loss = 0.23, mean loss = 0.23
Mon Jan 31 03:33:32 2022
batch 10, train loss = 0.32, mean loss = 0.31
Mon Jan 31 03:34:27 2022
batch 20, train loss = 0.24, mean loss = 0.31
Mon Jan 31 03:35:21 2022
batch 30, train loss = 0.32, mean loss = 0.31
Mon Jan 31 03:36:14 2022
batch 40, train loss = 0.20, mean loss = 0.31
Mon Jan 31 03:37:08 2022
batch 50, train loss = 0.34, mean loss = 0.31
Mon Jan 31 03:38:03 2022
batch 60, train loss = 0.21, mean loss = 0.31
Mon Jan 31 03:38:57 2022
train Loss: 0.31

batch 0, val loss = 0.03, mean loss = 0.03
Mon Jan 31 03:39:48 2022
batch 10, val loss = 0.03, mean loss = 0.03
Mon Jan 31 03:40:43 2022
val Loss: 0.03

epoch 28 was done for 473.738258 seconds
Epoch 29/299
----------
Mon Jan 31 03:41:21 2022
batch 0, train loss = 0.23, mean loss = 0.23
Mon Jan 31 03:41:26 2022
batch 10, train loss = 0.32, mean loss = 0.31
Mon Jan 31 03:42:20 2022
batch 20, train loss = 0.23, mean loss = 0.31
Mon Jan 31 03:43:15 2022
batch 30, train loss = 0.32, mean loss = 0.31
Mon Jan 31 03:44:09 2022
batch 40, train loss = 0.20, mean loss = 0.31
Mon Jan 31 03:45:04 2022
batch 50, train loss = 0.34, mean loss = 0.31
Mon Jan 31 03:45:58 2022
batch 60, train loss = 0.21, mean loss = 0.31
Mon Jan 31 03:46:53 2022
train Loss: 0.31

batch 0, val loss = 0.03, mean loss = 0.03
Mon Jan 31 03:47:43 2022
batch 10, val loss = 0.03, mean loss = 0.03
Mon Jan 31 03:48:38 2022
val Loss: 0.03

epoch 29 was done for 475.041039 seconds
Epoch 30/299
----------
Mon Jan 31 03:49:16 2022
batch 0, train loss = 0.22, mean loss = 0.22
Mon Jan 31 03:49:21 2022
batch 10, train loss = 0.32, mean loss = 0.31
Mon Jan 31 03:50:15 2022
batch 20, train loss = 0.23, mean loss = 0.31
Mon Jan 31 03:51:10 2022
batch 30, train loss = 0.32, mean loss = 0.31
Mon Jan 31 03:52:04 2022
batch 40, train loss = 0.19, mean loss = 0.31
Mon Jan 31 03:52:58 2022
batch 50, train loss = 0.34, mean loss = 0.31
Mon Jan 31 03:53:52 2022
batch 60, train loss = 0.20, mean loss = 0.30
Mon Jan 31 03:54:47 2022
train Loss: 0.31

batch 0, val loss = 0.03, mean loss = 0.03
Mon Jan 31 03:55:38 2022
batch 10, val loss = 0.03, mean loss = 0.03
Mon Jan 31 03:56:32 2022
val Loss: 0.03

epoch 30 was done for 473.528124 seconds
Epoch 31/299
----------
Mon Jan 31 03:57:09 2022
batch 0, train loss = 0.22, mean loss = 0.22
Mon Jan 31 03:57:15 2022
batch 10, train loss = 0.32, mean loss = 0.30
Mon Jan 31 03:58:09 2022
batch 20, train loss = 0.23, mean loss = 0.30
Mon Jan 31 03:59:03 2022
batch 30, train loss = 0.32, mean loss = 0.31
Mon Jan 31 03:59:57 2022
batch 40, train loss = 0.19, mean loss = 0.30
Mon Jan 31 04:00:52 2022
batch 50, train loss = 0.34, mean loss = 0.31
Mon Jan 31 04:01:46 2022
batch 60, train loss = 0.20, mean loss = 0.30
Mon Jan 31 04:02:40 2022
train Loss: 0.31

batch 0, val loss = 0.03, mean loss = 0.03
Mon Jan 31 04:03:31 2022
batch 10, val loss = 0.03, mean loss = 0.03
Mon Jan 31 04:04:26 2022
val Loss: 0.03

epoch 31 was done for 474.149734 seconds
Epoch 32/299
----------
Mon Jan 31 04:05:04 2022
batch 0, train loss = 0.22, mean loss = 0.22
Mon Jan 31 04:05:09 2022
batch 10, train loss = 0.32, mean loss = 0.30
Mon Jan 31 04:06:03 2022
batch 20, train loss = 0.22, mean loss = 0.30
Mon Jan 31 04:06:58 2022
batch 30, train loss = 0.32, mean loss = 0.31
Mon Jan 31 04:07:52 2022
batch 40, train loss = 0.19, mean loss = 0.30
Mon Jan 31 04:08:46 2022
batch 50, train loss = 0.34, mean loss = 0.31
Mon Jan 31 04:09:40 2022
batch 60, train loss = 0.20, mean loss = 0.30
Mon Jan 31 04:10:35 2022
train Loss: 0.31

batch 0, val loss = 0.03, mean loss = 0.03
Mon Jan 31 04:11:26 2022
batch 10, val loss = 0.03, mean loss = 0.03
Mon Jan 31 04:12:21 2022
val Loss: 0.03

epoch 32 was done for 474.898990 seconds
Epoch 33/299
----------
Mon Jan 31 04:12:58 2022
batch 0, train loss = 0.21, mean loss = 0.21
Mon Jan 31 04:13:04 2022
batch 10, train loss = 0.32, mean loss = 0.30
Mon Jan 31 04:13:58 2022
batch 20, train loss = 0.22, mean loss = 0.30
Mon Jan 31 04:14:52 2022
batch 30, train loss = 0.33, mean loss = 0.31
Mon Jan 31 04:15:46 2022
batch 40, train loss = 0.19, mean loss = 0.30
Mon Jan 31 04:16:40 2022
batch 50, train loss = 0.34, mean loss = 0.31
Mon Jan 31 04:17:34 2022
batch 60, train loss = 0.19, mean loss = 0.30
Mon Jan 31 04:18:29 2022
train Loss: 0.31

batch 0, val loss = 0.03, mean loss = 0.03
Mon Jan 31 04:19:19 2022
batch 10, val loss = 0.03, mean loss = 0.03
Mon Jan 31 04:20:14 2022
val Loss: 0.03

epoch 33 was done for 472.912969 seconds
Epoch 34/299
----------
Mon Jan 31 04:20:51 2022
batch 0, train loss = 0.21, mean loss = 0.21
Mon Jan 31 04:20:57 2022
batch 10, train loss = 0.32, mean loss = 0.30
Mon Jan 31 04:21:51 2022
batch 20, train loss = 0.22, mean loss = 0.30
Mon Jan 31 04:22:45 2022
batch 30, train loss = 0.33, mean loss = 0.31
Mon Jan 31 04:23:40 2022
batch 40, train loss = 0.18, mean loss = 0.30
Mon Jan 31 04:24:34 2022
batch 50, train loss = 0.34, mean loss = 0.31
Mon Jan 31 04:25:28 2022
batch 60, train loss = 0.19, mean loss = 0.30
Mon Jan 31 04:26:22 2022
train Loss: 0.31

batch 0, val loss = 0.03, mean loss = 0.03
Mon Jan 31 04:27:13 2022
batch 10, val loss = 0.03, mean loss = 0.03
Mon Jan 31 04:28:08 2022
val Loss: 0.03

epoch 34 was done for 474.402184 seconds
Epoch 35/299
----------
Mon Jan 31 04:28:46 2022
batch 0, train loss = 0.21, mean loss = 0.21
Mon Jan 31 04:28:51 2022
batch 10, train loss = 0.32, mean loss = 0.30
Mon Jan 31 04:29:45 2022
batch 20, train loss = 0.22, mean loss = 0.30
Mon Jan 31 04:30:40 2022
batch 30, train loss = 0.33, mean loss = 0.31
Mon Jan 31 04:31:34 2022
batch 40, train loss = 0.18, mean loss = 0.30
Mon Jan 31 04:32:29 2022
batch 50, train loss = 0.34, mean loss = 0.31
Mon Jan 31 04:33:23 2022
batch 60, train loss = 0.19, mean loss = 0.30
Mon Jan 31 04:34:17 2022
train Loss: 0.31

batch 0, val loss = 0.03, mean loss = 0.03
Mon Jan 31 04:35:08 2022
batch 10, val loss = 0.03, mean loss = 0.03
Mon Jan 31 04:36:03 2022
val Loss: 0.03

epoch 35 was done for 475.436477 seconds
Epoch 36/299
----------
Mon Jan 31 04:36:41 2022
batch 0, train loss = 0.20, mean loss = 0.20
Mon Jan 31 04:36:47 2022
batch 10, train loss = 0.32, mean loss = 0.30
Mon Jan 31 04:37:40 2022
batch 20, train loss = 0.21, mean loss = 0.30
Mon Jan 31 04:38:34 2022
batch 30, train loss = 0.33, mean loss = 0.31
Mon Jan 31 04:39:29 2022
batch 40, train loss = 0.18, mean loss = 0.30
Mon Jan 31 04:40:23 2022
batch 50, train loss = 0.34, mean loss = 0.30
Mon Jan 31 04:41:17 2022
batch 60, train loss = 0.18, mean loss = 0.30
Mon Jan 31 04:42:11 2022
train Loss: 0.31

batch 0, val loss = 0.03, mean loss = 0.03
Mon Jan 31 04:43:02 2022
batch 10, val loss = 0.03, mean loss = 0.03
Mon Jan 31 04:43:57 2022
val Loss: 0.03

epoch 36 was done for 473.315636 seconds
Epoch 37/299
----------
Mon Jan 31 04:44:34 2022
batch 0, train loss = 0.20, mean loss = 0.20
Mon Jan 31 04:44:40 2022
batch 10, train loss = 0.32, mean loss = 0.30
Mon Jan 31 04:45:34 2022
batch 20, train loss = 0.21, mean loss = 0.30
Mon Jan 31 04:46:29 2022
batch 30, train loss = 0.33, mean loss = 0.31
Mon Jan 31 04:47:23 2022
batch 40, train loss = 0.17, mean loss = 0.30
Mon Jan 31 04:48:17 2022
batch 50, train loss = 0.34, mean loss = 0.30
Mon Jan 31 04:49:11 2022
batch 60, train loss = 0.18, mean loss = 0.30
Mon Jan 31 04:50:05 2022
train Loss: 0.30

batch 0, val loss = 0.03, mean loss = 0.03
Mon Jan 31 04:50:56 2022
batch 10, val loss = 0.03, mean loss = 0.03
Mon Jan 31 04:51:51 2022
val Loss: 0.03

epoch 37 was done for 474.850523 seconds
Epoch 38/299
----------
Mon Jan 31 04:52:29 2022
batch 0, train loss = 0.20, mean loss = 0.20
Mon Jan 31 04:52:35 2022
batch 10, train loss = 0.32, mean loss = 0.30
Mon Jan 31 04:53:29 2022
batch 20, train loss = 0.21, mean loss = 0.30
Mon Jan 31 04:54:23 2022
batch 30, train loss = 0.33, mean loss = 0.30
Mon Jan 31 04:55:18 2022
batch 40, train loss = 0.17, mean loss = 0.30
Mon Jan 31 04:56:12 2022
batch 50, train loss = 0.34, mean loss = 0.30
Mon Jan 31 04:57:06 2022
batch 60, train loss = 0.18, mean loss = 0.30
Mon Jan 31 04:58:01 2022
train Loss: 0.30

batch 0, val loss = 0.03, mean loss = 0.03
Mon Jan 31 04:58:52 2022
batch 10, val loss = 0.02, mean loss = 0.03
Mon Jan 31 04:59:47 2022
val Loss: 0.03

epoch 38 was done for 475.481835 seconds
Epoch 39/299
----------
Mon Jan 31 05:00:25 2022
batch 0, train loss = 0.19, mean loss = 0.19
Mon Jan 31 05:00:30 2022
batch 10, train loss = 0.32, mean loss = 0.30
Mon Jan 31 05:01:24 2022
batch 20, train loss = 0.20, mean loss = 0.30
Mon Jan 31 05:02:18 2022
batch 30, train loss = 0.33, mean loss = 0.30
Mon Jan 31 05:03:12 2022
batch 40, train loss = 0.17, mean loss = 0.30
Mon Jan 31 05:04:07 2022
batch 50, train loss = 0.34, mean loss = 0.30
Mon Jan 31 05:05:01 2022
batch 60, train loss = 0.17, mean loss = 0.30
Mon Jan 31 05:05:55 2022
train Loss: 0.30

batch 0, val loss = 0.03, mean loss = 0.03
Mon Jan 31 05:06:46 2022
batch 10, val loss = 0.02, mean loss = 0.03
Mon Jan 31 05:07:40 2022
val Loss: 0.03

epoch 39 was done for 473.284875 seconds
Epoch 40/299
----------
Mon Jan 31 05:08:18 2022
batch 0, train loss = 0.19, mean loss = 0.19
Mon Jan 31 05:08:24 2022
batch 10, train loss = 0.32, mean loss = 0.30
Mon Jan 31 05:09:18 2022
batch 20, train loss = 0.20, mean loss = 0.30
Mon Jan 31 05:10:12 2022
batch 30, train loss = 0.33, mean loss = 0.30
Mon Jan 31 05:11:06 2022
batch 40, train loss = 0.17, mean loss = 0.30
Mon Jan 31 05:12:01 2022
batch 50, train loss = 0.34, mean loss = 0.30
Mon Jan 31 05:12:55 2022
batch 60, train loss = 0.17, mean loss = 0.30
Mon Jan 31 05:13:49 2022
train Loss: 0.30

batch 0, val loss = 0.03, mean loss = 0.03
Mon Jan 31 05:14:40 2022
batch 10, val loss = 0.02, mean loss = 0.03
Mon Jan 31 05:15:35 2022
val Loss: 0.03

epoch 40 was done for 474.627881 seconds
Epoch 41/299
----------
Mon Jan 31 05:16:13 2022
batch 0, train loss = 0.19, mean loss = 0.19
Mon Jan 31 05:16:18 2022
batch 10, train loss = 0.32, mean loss = 0.30
Mon Jan 31 05:17:12 2022
batch 20, train loss = 0.20, mean loss = 0.30
Mon Jan 31 05:18:07 2022
batch 30, train loss = 0.33, mean loss = 0.30
Mon Jan 31 05:19:01 2022
batch 40, train loss = 0.16, mean loss = 0.30
Mon Jan 31 05:19:55 2022
batch 50, train loss = 0.34, mean loss = 0.30
Mon Jan 31 05:20:49 2022
batch 60, train loss = 0.17, mean loss = 0.30
Mon Jan 31 05:21:44 2022
train Loss: 0.30

batch 0, val loss = 0.03, mean loss = 0.03
Mon Jan 31 05:22:35 2022
batch 10, val loss = 0.02, mean loss = 0.03
Mon Jan 31 05:23:30 2022
val Loss: 0.03

epoch 41 was done for 475.511844 seconds
Epoch 42/299
----------
Mon Jan 31 05:24:08 2022
batch 0, train loss = 0.18, mean loss = 0.18
Mon Jan 31 05:24:14 2022
batch 10, train loss = 0.32, mean loss = 0.30
Mon Jan 31 05:25:07 2022
batch 20, train loss = 0.19, mean loss = 0.30
Mon Jan 31 05:26:02 2022
batch 30, train loss = 0.33, mean loss = 0.30
Mon Jan 31 05:26:56 2022
batch 40, train loss = 0.16, mean loss = 0.30
Mon Jan 31 05:27:50 2022
batch 50, train loss = 0.34, mean loss = 0.30
Mon Jan 31 05:28:44 2022
batch 60, train loss = 0.17, mean loss = 0.30
Mon Jan 31 05:29:39 2022
train Loss: 0.30

batch 0, val loss = 0.03, mean loss = 0.03
Mon Jan 31 05:30:30 2022
batch 10, val loss = 0.02, mean loss = 0.03
Mon Jan 31 05:31:24 2022
val Loss: 0.03

epoch 42 was done for 473.516949 seconds
Epoch 43/299
----------
Mon Jan 31 05:32:02 2022
batch 0, train loss = 0.18, mean loss = 0.18
Mon Jan 31 05:32:07 2022
batch 10, train loss = 0.32, mean loss = 0.30
Mon Jan 31 05:33:01 2022
batch 20, train loss = 0.19, mean loss = 0.30
Mon Jan 31 05:33:56 2022
batch 30, train loss = 0.33, mean loss = 0.30
Mon Jan 31 05:34:50 2022
batch 40, train loss = 0.16, mean loss = 0.30
Mon Jan 31 05:35:44 2022
batch 50, train loss = 0.34, mean loss = 0.30
Mon Jan 31 05:36:38 2022
batch 60, train loss = 0.16, mean loss = 0.30
Mon Jan 31 05:37:32 2022
train Loss: 0.30

batch 0, val loss = 0.03, mean loss = 0.03
Mon Jan 31 05:38:23 2022
batch 10, val loss = 0.02, mean loss = 0.03
Mon Jan 31 05:39:18 2022
val Loss: 0.03

epoch 43 was done for 474.157132 seconds
Epoch 44/299
----------
Mon Jan 31 05:39:56 2022
batch 0, train loss = 0.18, mean loss = 0.18
Mon Jan 31 05:40:01 2022
batch 10, train loss = 0.32, mean loss = 0.30
Mon Jan 31 05:40:56 2022
batch 20, train loss = 0.19, mean loss = 0.30
Mon Jan 31 05:41:50 2022
batch 30, train loss = 0.33, mean loss = 0.30
Mon Jan 31 05:42:44 2022
batch 40, train loss = 0.16, mean loss = 0.30
Mon Jan 31 05:43:39 2022
batch 50, train loss = 0.34, mean loss = 0.30
Mon Jan 31 05:44:33 2022
batch 60, train loss = 0.16, mean loss = 0.30
Mon Jan 31 05:45:27 2022
train Loss: 0.30

batch 0, val loss = 0.03, mean loss = 0.03
Mon Jan 31 05:46:18 2022
batch 10, val loss = 0.02, mean loss = 0.03
Mon Jan 31 05:47:13 2022
val Loss: 0.03

epoch 44 was done for 474.366424 seconds
Epoch 45/299
----------
Mon Jan 31 05:47:50 2022
batch 0, train loss = 0.18, mean loss = 0.18
Mon Jan 31 05:47:56 2022
batch 10, train loss = 0.32, mean loss = 0.30
Mon Jan 31 05:48:50 2022
batch 20, train loss = 0.19, mean loss = 0.30
Mon Jan 31 05:49:44 2022
batch 30, train loss = 0.33, mean loss = 0.30
Mon Jan 31 05:50:38 2022
batch 40, train loss = 0.15, mean loss = 0.30
Mon Jan 31 05:51:33 2022
batch 50, train loss = 0.34, mean loss = 0.30
Mon Jan 31 05:52:27 2022
batch 60, train loss = 0.16, mean loss = 0.30
Mon Jan 31 05:53:21 2022
train Loss: 0.30

batch 0, val loss = 0.03, mean loss = 0.03
Mon Jan 31 05:54:12 2022
batch 10, val loss = 0.02, mean loss = 0.03
Mon Jan 31 05:55:06 2022
val Loss: 0.03

epoch 45 was done for 473.510159 seconds
Epoch 46/299
----------
Mon Jan 31 05:55:44 2022
batch 0, train loss = 0.17, mean loss = 0.17
Mon Jan 31 05:55:49 2022
batch 10, train loss = 0.32, mean loss = 0.30
Mon Jan 31 05:56:43 2022
batch 20, train loss = 0.18, mean loss = 0.30
Mon Jan 31 05:57:38 2022
batch 30, train loss = 0.33, mean loss = 0.30
Mon Jan 31 05:58:32 2022
batch 40, train loss = 0.15, mean loss = 0.30
Mon Jan 31 05:59:26 2022
batch 50, train loss = 0.34, mean loss = 0.30
Mon Jan 31 06:00:20 2022
batch 60, train loss = 0.15, mean loss = 0.30
Mon Jan 31 06:01:14 2022
train Loss: 0.30

batch 0, val loss = 0.03, mean loss = 0.03
Mon Jan 31 06:02:05 2022
batch 10, val loss = 0.02, mean loss = 0.03
Mon Jan 31 06:03:00 2022
val Loss: 0.03

epoch 46 was done for 473.663662 seconds
Epoch 47/299
----------
Mon Jan 31 06:03:37 2022
batch 0, train loss = 0.17, mean loss = 0.17
Mon Jan 31 06:03:43 2022
batch 10, train loss = 0.32, mean loss = 0.30
Mon Jan 31 06:04:37 2022
batch 20, train loss = 0.18, mean loss = 0.30
Mon Jan 31 06:05:32 2022
batch 30, train loss = 0.33, mean loss = 0.30
Mon Jan 31 06:06:26 2022
batch 40, train loss = 0.15, mean loss = 0.30
Mon Jan 31 06:07:20 2022
batch 50, train loss = 0.34, mean loss = 0.30
Mon Jan 31 06:08:14 2022
batch 60, train loss = 0.15, mean loss = 0.30
Mon Jan 31 06:09:09 2022
train Loss: 0.30

batch 0, val loss = 0.03, mean loss = 0.03
Mon Jan 31 06:10:00 2022
batch 10, val loss = 0.02, mean loss = 0.03
Mon Jan 31 06:10:54 2022
val Loss: 0.03

epoch 47 was done for 474.713830 seconds
Epoch 48/299
----------
Mon Jan 31 06:11:32 2022
batch 0, train loss = 0.17, mean loss = 0.17
Mon Jan 31 06:11:38 2022
batch 10, train loss = 0.32, mean loss = 0.30
Mon Jan 31 06:12:32 2022
batch 20, train loss = 0.18, mean loss = 0.30
Mon Jan 31 06:13:26 2022
batch 30, train loss = 0.33, mean loss = 0.30
Mon Jan 31 06:14:20 2022
batch 40, train loss = 0.15, mean loss = 0.30
Mon Jan 31 06:15:14 2022
batch 50, train loss = 0.34, mean loss = 0.30
Mon Jan 31 06:16:08 2022
batch 60, train loss = 0.15, mean loss = 0.30
Mon Jan 31 06:17:03 2022
train Loss: 0.30

batch 0, val loss = 0.03, mean loss = 0.03
Mon Jan 31 06:17:54 2022
batch 10, val loss = 0.02, mean loss = 0.03
Mon Jan 31 06:18:48 2022
val Loss: 0.03

epoch 48 was done for 473.433271 seconds
Epoch 49/299
----------
Mon Jan 31 06:19:26 2022
batch 0, train loss = 0.16, mean loss = 0.16
Mon Jan 31 06:19:31 2022
batch 10, train loss = 0.32, mean loss = 0.30
Mon Jan 31 06:20:25 2022
batch 20, train loss = 0.17, mean loss = 0.30
Mon Jan 31 06:21:20 2022
batch 30, train loss = 0.33, mean loss = 0.30
Mon Jan 31 06:22:14 2022
batch 40, train loss = 0.14, mean loss = 0.30
Mon Jan 31 06:23:08 2022
batch 50, train loss = 0.34, mean loss = 0.30
Mon Jan 31 06:24:02 2022
batch 60, train loss = 0.15, mean loss = 0.30
Mon Jan 31 06:24:56 2022
train Loss: 0.30

batch 0, val loss = 0.03, mean loss = 0.03
Mon Jan 31 06:25:47 2022
batch 10, val loss = 0.02, mean loss = 0.03
Mon Jan 31 06:26:42 2022
val Loss: 0.03

epoch 49 was done for 473.656828 seconds
Epoch 50/299
----------
Mon Jan 31 06:27:19 2022
batch 0, train loss = 0.16, mean loss = 0.16
Mon Jan 31 06:27:25 2022
batch 10, train loss = 0.32, mean loss = 0.29
Mon Jan 31 06:28:19 2022
batch 20, train loss = 0.17, mean loss = 0.30
Mon Jan 31 06:29:13 2022
batch 30, train loss = 0.33, mean loss = 0.30
Mon Jan 31 06:30:08 2022
batch 40, train loss = 0.14, mean loss = 0.30
Mon Jan 31 06:31:02 2022
batch 50, train loss = 0.34, mean loss = 0.30
Mon Jan 31 06:31:56 2022
batch 60, train loss = 0.14, mean loss = 0.30
Mon Jan 31 06:32:50 2022
train Loss: 0.30

batch 0, val loss = 0.03, mean loss = 0.03
Mon Jan 31 06:33:41 2022
batch 10, val loss = 0.02, mean loss = 0.03
Mon Jan 31 06:34:36 2022
val Loss: 0.03

epoch 50 was done for 474.078780 seconds
Epoch 51/299
----------
Mon Jan 31 06:35:13 2022
batch 0, train loss = 0.16, mean loss = 0.16
Mon Jan 31 06:35:19 2022
batch 10, train loss = 0.32, mean loss = 0.29
Mon Jan 31 06:36:13 2022
batch 20, train loss = 0.17, mean loss = 0.30
Mon Jan 31 06:37:07 2022
batch 30, train loss = 0.33, mean loss = 0.30
Mon Jan 31 06:38:01 2022
batch 40, train loss = 0.14, mean loss = 0.30
Mon Jan 31 06:38:56 2022
batch 50, train loss = 0.34, mean loss = 0.30
Mon Jan 31 06:39:50 2022
batch 60, train loss = 0.14, mean loss = 0.30
Mon Jan 31 06:40:44 2022
train Loss: 0.30

batch 0, val loss = 0.03, mean loss = 0.03
Mon Jan 31 06:41:35 2022
batch 10, val loss = 0.02, mean loss = 0.03
Mon Jan 31 06:42:30 2022
val Loss: 0.03

epoch 51 was done for 473.653989 seconds
Epoch 52/299
----------
Mon Jan 31 06:43:07 2022
batch 0, train loss = 0.16, mean loss = 0.16
Mon Jan 31 06:43:13 2022
batch 10, train loss = 0.32, mean loss = 0.29
Mon Jan 31 06:44:07 2022
batch 20, train loss = 0.17, mean loss = 0.30
Mon Jan 31 06:45:01 2022
batch 30, train loss = 0.34, mean loss = 0.30
Mon Jan 31 06:45:55 2022
batch 40, train loss = 0.13, mean loss = 0.30
Mon Jan 31 06:46:49 2022
batch 50, train loss = 0.34, mean loss = 0.30
Mon Jan 31 06:47:43 2022
batch 60, train loss = 0.14, mean loss = 0.30
Mon Jan 31 06:48:37 2022
train Loss: 0.30

batch 0, val loss = 0.03, mean loss = 0.03
Mon Jan 31 06:49:28 2022
batch 10, val loss = 0.02, mean loss = 0.03
Mon Jan 31 06:50:23 2022
val Loss: 0.03

epoch 52 was done for 473.227539 seconds
Epoch 53/299
----------
Mon Jan 31 06:51:00 2022
batch 0, train loss = 0.15, mean loss = 0.15
Mon Jan 31 06:51:06 2022
batch 10, train loss = 0.32, mean loss = 0.29
Mon Jan 31 06:52:00 2022
batch 20, train loss = 0.16, mean loss = 0.30
Mon Jan 31 06:52:55 2022
batch 30, train loss = 0.34, mean loss = 0.30
Mon Jan 31 06:53:49 2022
batch 40, train loss = 0.13, mean loss = 0.30
Mon Jan 31 06:54:43 2022
batch 50, train loss = 0.34, mean loss = 0.30
Mon Jan 31 06:55:37 2022
batch 60, train loss = 0.14, mean loss = 0.30
Mon Jan 31 06:56:32 2022
train Loss: 0.30

batch 0, val loss = 0.03, mean loss = 0.03
Mon Jan 31 06:57:23 2022
batch 10, val loss = 0.02, mean loss = 0.03
Mon Jan 31 06:58:18 2022
val Loss: 0.03

epoch 53 was done for 475.238118 seconds
Epoch 54/299
----------
Mon Jan 31 06:58:55 2022
batch 0, train loss = 0.15, mean loss = 0.15
Mon Jan 31 06:59:01 2022
batch 10, train loss = 0.32, mean loss = 0.29
Mon Jan 31 06:59:55 2022
batch 20, train loss = 0.16, mean loss = 0.29
Mon Jan 31 07:00:50 2022
batch 30, train loss = 0.34, mean loss = 0.30
Mon Jan 31 07:01:44 2022
batch 40, train loss = 0.13, mean loss = 0.30
Mon Jan 31 07:02:38 2022
batch 50, train loss = 0.34, mean loss = 0.30
Mon Jan 31 07:03:32 2022
batch 60, train loss = 0.13, mean loss = 0.30
Mon Jan 31 07:04:27 2022
train Loss: 0.30

batch 0, val loss = 0.03, mean loss = 0.03
Mon Jan 31 07:05:17 2022
batch 10, val loss = 0.02, mean loss = 0.03
Mon Jan 31 07:06:12 2022
val Loss: 0.03

epoch 54 was done for 474.119537 seconds
Epoch 55/299
----------
Mon Jan 31 07:06:50 2022
batch 0, train loss = 0.15, mean loss = 0.15
Mon Jan 31 07:06:55 2022
batch 10, train loss = 0.32, mean loss = 0.29
Mon Jan 31 07:07:49 2022
batch 20, train loss = 0.16, mean loss = 0.29
Mon Jan 31 07:08:44 2022
batch 30, train loss = 0.34, mean loss = 0.30
Mon Jan 31 07:09:38 2022
batch 40, train loss = 0.13, mean loss = 0.30
Mon Jan 31 07:10:32 2022
batch 50, train loss = 0.34, mean loss = 0.30
Mon Jan 31 07:11:27 2022
batch 60, train loss = 0.13, mean loss = 0.30
Mon Jan 31 07:12:21 2022
train Loss: 0.30

batch 0, val loss = 0.03, mean loss = 0.03
Mon Jan 31 07:13:12 2022
batch 10, val loss = 0.03, mean loss = 0.03
Mon Jan 31 07:14:07 2022
val Loss: 0.03

epoch 55 was done for 474.529591 seconds
Epoch 56/299
----------
Mon Jan 31 07:14:44 2022
batch 0, train loss = 0.14, mean loss = 0.14
Mon Jan 31 07:14:49 2022
batch 10, train loss = 0.32, mean loss = 0.29
Mon Jan 31 07:15:44 2022
batch 20, train loss = 0.15, mean loss = 0.29
Mon Jan 31 07:16:38 2022
batch 30, train loss = 0.34, mean loss = 0.30
Mon Jan 31 07:17:32 2022
batch 40, train loss = 0.13, mean loss = 0.30
Mon Jan 31 07:18:27 2022
batch 50, train loss = 0.34, mean loss = 0.30
Mon Jan 31 07:19:21 2022
batch 60, train loss = 0.13, mean loss = 0.30
Mon Jan 31 07:20:15 2022
train Loss: 0.30

batch 0, val loss = 0.03, mean loss = 0.03
Mon Jan 31 07:21:06 2022
batch 10, val loss = 0.03, mean loss = 0.03
Mon Jan 31 07:22:01 2022
val Loss: 0.03

epoch 56 was done for 474.974913 seconds
Epoch 57/299
----------
Mon Jan 31 07:22:39 2022
batch 0, train loss = 0.14, mean loss = 0.14
Mon Jan 31 07:22:45 2022
batch 10, train loss = 0.32, mean loss = 0.29
Mon Jan 31 07:23:39 2022
batch 20, train loss = 0.15, mean loss = 0.29
Mon Jan 31 07:24:34 2022
batch 30, train loss = 0.34, mean loss = 0.30
Mon Jan 31 07:25:28 2022
batch 40, train loss = 0.12, mean loss = 0.30
Mon Jan 31 07:26:23 2022
batch 50, train loss = 0.34, mean loss = 0.30
Mon Jan 31 07:27:18 2022
batch 60, train loss = 0.13, mean loss = 0.30
Mon Jan 31 07:28:12 2022
train Loss: 0.30

batch 0, val loss = 0.03, mean loss = 0.03
Mon Jan 31 07:29:03 2022
batch 10, val loss = 0.03, mean loss = 0.03
Mon Jan 31 07:29:58 2022
val Loss: 0.03

epoch 57 was done for 476.928489 seconds
Epoch 58/299
----------
Mon Jan 31 07:30:36 2022
batch 0, train loss = 0.14, mean loss = 0.14
Mon Jan 31 07:30:42 2022
batch 10, train loss = 0.32, mean loss = 0.29
Mon Jan 31 07:31:38 2022
batch 20, train loss = 0.15, mean loss = 0.29
Mon Jan 31 07:32:33 2022
batch 30, train loss = 0.34, mean loss = 0.30
Mon Jan 31 07:33:28 2022
batch 40, train loss = 0.12, mean loss = 0.30
Mon Jan 31 07:34:22 2022
batch 50, train loss = 0.35, mean loss = 0.30
Mon Jan 31 07:35:16 2022
batch 60, train loss = 0.12, mean loss = 0.30
Mon Jan 31 07:36:11 2022
train Loss: 0.30

batch 0, val loss = 0.03, mean loss = 0.03
Mon Jan 31 07:37:02 2022
batch 10, val loss = 0.03, mean loss = 0.03
Mon Jan 31 07:37:56 2022
val Loss: 0.03

epoch 58 was done for 477.661638 seconds
Epoch 59/299
----------
Mon Jan 31 07:38:34 2022
batch 0, train loss = 0.14, mean loss = 0.14
Mon Jan 31 07:38:39 2022
batch 10, train loss = 0.32, mean loss = 0.29
Mon Jan 31 07:39:33 2022
batch 20, train loss = 0.15, mean loss = 0.29
Mon Jan 31 07:40:33 2022
batch 30, train loss = 0.34, mean loss = 0.30
Mon Jan 31 07:41:30 2022
batch 40, train loss = 0.12, mean loss = 0.30
Mon Jan 31 07:42:25 2022
batch 50, train loss = 0.35, mean loss = 0.30
Mon Jan 31 07:43:18 2022
batch 60, train loss = 0.12, mean loss = 0.30
Mon Jan 31 07:44:13 2022
train Loss: 0.30

batch 0, val loss = 0.03, mean loss = 0.03
Mon Jan 31 07:45:03 2022
batch 10, val loss = 0.03, mean loss = 0.03
Mon Jan 31 07:45:59 2022
val Loss: 0.03

epoch 59 was done for 483.497671 seconds
Epoch 60/299
----------
Mon Jan 31 07:46:37 2022
batch 0, train loss = 0.13, mean loss = 0.13
Mon Jan 31 07:46:43 2022
batch 10, train loss = 0.32, mean loss = 0.29
Mon Jan 31 07:47:39 2022
batch 20, train loss = 0.14, mean loss = 0.29
Mon Jan 31 07:48:34 2022
batch 30, train loss = 0.34, mean loss = 0.30
Mon Jan 31 07:49:28 2022
batch 40, train loss = 0.12, mean loss = 0.30
Mon Jan 31 07:50:23 2022
batch 50, train loss = 0.35, mean loss = 0.30
Mon Jan 31 07:51:17 2022
batch 60, train loss = 0.12, mean loss = 0.30
Mon Jan 31 07:52:11 2022
train Loss: 0.30

batch 0, val loss = 0.03, mean loss = 0.03
Mon Jan 31 07:53:02 2022
batch 10, val loss = 0.03, mean loss = 0.03
Mon Jan 31 07:53:57 2022
val Loss: 0.03

epoch 60 was done for 477.615155 seconds
Epoch 61/299
----------
Mon Jan 31 07:54:35 2022
batch 0, train loss = 0.13, mean loss = 0.13
Mon Jan 31 07:54:40 2022
batch 10, train loss = 0.32, mean loss = 0.29
Mon Jan 31 07:55:37 2022
batch 20, train loss = 0.14, mean loss = 0.29
Mon Jan 31 07:56:32 2022
batch 30, train loss = 0.34, mean loss = 0.30
Mon Jan 31 07:57:26 2022
batch 40, train loss = 0.11, mean loss = 0.30
Mon Jan 31 07:58:21 2022
batch 50, train loss = 0.35, mean loss = 0.30
Mon Jan 31 07:59:15 2022
batch 60, train loss = 0.12, mean loss = 0.30
Mon Jan 31 08:00:10 2022
train Loss: 0.30

batch 0, val loss = 0.03, mean loss = 0.03
Mon Jan 31 08:01:01 2022
batch 10, val loss = 0.03, mean loss = 0.03
Mon Jan 31 08:01:56 2022
val Loss: 0.03

epoch 61 was done for 478.634961 seconds
Epoch 62/299
----------
Mon Jan 31 08:02:33 2022
batch 0, train loss = 0.13, mean loss = 0.13
Mon Jan 31 08:02:39 2022
batch 10, train loss = 0.33, mean loss = 0.29
Mon Jan 31 08:03:33 2022
batch 20, train loss = 0.14, mean loss = 0.29
Mon Jan 31 08:04:29 2022
batch 30, train loss = 0.34, mean loss = 0.30
Mon Jan 31 08:05:24 2022
batch 40, train loss = 0.11, mean loss = 0.30
Mon Jan 31 08:06:18 2022
batch 50, train loss = 0.35, mean loss = 0.30
Mon Jan 31 08:07:12 2022
batch 60, train loss = 0.11, mean loss = 0.30
Mon Jan 31 08:08:07 2022
train Loss: 0.30

batch 0, val loss = 0.03, mean loss = 0.03
Mon Jan 31 08:08:58 2022
batch 10, val loss = 0.03, mean loss = 0.03
Mon Jan 31 08:09:52 2022
val Loss: 0.03

epoch 62 was done for 476.930323 seconds
Epoch 63/299
----------
Mon Jan 31 08:10:30 2022
batch 0, train loss = 0.13, mean loss = 0.13
Mon Jan 31 08:10:36 2022
batch 10, train loss = 0.33, mean loss = 0.29
Mon Jan 31 08:11:30 2022
batch 20, train loss = 0.14, mean loss = 0.29
Mon Jan 31 08:12:24 2022
batch 30, train loss = 0.34, mean loss = 0.30
Mon Jan 31 08:13:18 2022
batch 40, train loss = 0.11, mean loss = 0.30
Mon Jan 31 08:14:13 2022
batch 50, train loss = 0.35, mean loss = 0.30
Mon Jan 31 08:15:07 2022
batch 60, train loss = 0.11, mean loss = 0.30
Mon Jan 31 08:16:01 2022
train Loss: 0.30

batch 0, val loss = 0.03, mean loss = 0.03
Mon Jan 31 08:16:52 2022
batch 10, val loss = 0.03, mean loss = 0.03
Mon Jan 31 08:17:46 2022
val Loss: 0.03

epoch 63 was done for 473.715636 seconds
Epoch 64/299
----------
Mon Jan 31 08:18:24 2022
batch 0, train loss = 0.12, mean loss = 0.12
Mon Jan 31 08:18:30 2022
batch 10, train loss = 0.33, mean loss = 0.29
Mon Jan 31 08:19:24 2022
batch 20, train loss = 0.13, mean loss = 0.29
Mon Jan 31 08:20:18 2022
batch 30, train loss = 0.34, mean loss = 0.30
Mon Jan 31 08:21:13 2022
batch 40, train loss = 0.11, mean loss = 0.30
Mon Jan 31 08:22:07 2022
batch 50, train loss = 0.35, mean loss = 0.30
Mon Jan 31 08:23:01 2022
batch 60, train loss = 0.11, mean loss = 0.30
Mon Jan 31 08:23:55 2022
train Loss: 0.30

batch 0, val loss = 0.03, mean loss = 0.03
Mon Jan 31 08:24:46 2022
batch 10, val loss = 0.03, mean loss = 0.03
Mon Jan 31 08:25:41 2022
val Loss: 0.03

epoch 64 was done for 473.979370 seconds
Epoch 65/299
----------
Mon Jan 31 08:26:18 2022
batch 0, train loss = 0.12, mean loss = 0.12
Mon Jan 31 08:26:23 2022
batch 10, train loss = 0.33, mean loss = 0.29
Mon Jan 31 08:27:17 2022
batch 20, train loss = 0.13, mean loss = 0.29
Mon Jan 31 08:28:19 2022
batch 30, train loss = 0.35, mean loss = 0.30
Mon Jan 31 08:29:13 2022
batch 40, train loss = 0.11, mean loss = 0.30
Mon Jan 31 08:30:10 2022
batch 50, train loss = 0.35, mean loss = 0.30
Mon Jan 31 08:31:03 2022
batch 60, train loss = 0.11, mean loss = 0.30
Mon Jan 31 08:32:01 2022
train Loss: 0.30

batch 0, val loss = 0.03, mean loss = 0.03
Mon Jan 31 08:32:54 2022
batch 10, val loss = 0.03, mean loss = 0.03
Mon Jan 31 08:33:50 2022
val Loss: 0.03

epoch 65 was done for 496.568872 seconds
Epoch 66/299
----------
Mon Jan 31 08:34:35 2022
batch 0, train loss = 0.12, mean loss = 0.12
Mon Jan 31 08:34:40 2022
batch 10, train loss = 0.33, mean loss = 0.29
Mon Jan 31 08:35:42 2022
batch 20, train loss = 0.13, mean loss = 0.29
Mon Jan 31 08:36:43 2022
batch 30, train loss = 0.35, mean loss = 0.30
Mon Jan 31 08:37:44 2022
batch 40, train loss = 0.10, mean loss = 0.30
Mon Jan 31 08:38:45 2022
batch 50, train loss = 0.35, mean loss = 0.30
Mon Jan 31 08:39:43 2022
batch 60, train loss = 0.11, mean loss = 0.30
Mon Jan 31 08:40:41 2022
train Loss: 0.30

batch 0, val loss = 0.03, mean loss = 0.03
Mon Jan 31 08:41:36 2022
batch 10, val loss = 0.03, mean loss = 0.03
Mon Jan 31 08:42:38 2022
val Loss: 0.03

epoch 66 was done for 526.777763 seconds
Epoch 67/299
----------
Mon Jan 31 08:43:21 2022
batch 0, train loss = 0.12, mean loss = 0.12
Mon Jan 31 08:43:28 2022
batch 10, train loss = 0.33, mean loss = 0.29
Mon Jan 31 08:44:30 2022
batch 20, train loss = 0.13, mean loss = 0.29
Mon Jan 31 08:45:30 2022
batch 30, train loss = 0.35, mean loss = 0.30
Mon Jan 31 08:46:31 2022
batch 40, train loss = 0.10, mean loss = 0.30
Mon Jan 31 08:47:32 2022
batch 50, train loss = 0.35, mean loss = 0.30
Mon Jan 31 08:48:28 2022
batch 60, train loss = 0.10, mean loss = 0.30
Mon Jan 31 08:49:27 2022
train Loss: 0.30

batch 0, val loss = 0.03, mean loss = 0.03
Mon Jan 31 08:50:22 2022
batch 10, val loss = 0.03, mean loss = 0.03
Mon Jan 31 08:51:23 2022
val Loss: 0.03

epoch 67 was done for 519.675187 seconds
Epoch 68/299
----------
Mon Jan 31 08:52:01 2022
batch 0, train loss = 0.11, mean loss = 0.11
Mon Jan 31 08:52:06 2022
batch 10, train loss = 0.33, mean loss = 0.29
Mon Jan 31 08:53:00 2022
batch 20, train loss = 0.12, mean loss = 0.29
Mon Jan 31 08:53:55 2022
batch 30, train loss = 0.35, mean loss = 0.30
Mon Jan 31 08:55:01 2022
batch 40, train loss = 0.10, mean loss = 0.30
Mon Jan 31 08:56:08 2022
batch 50, train loss = 0.35, mean loss = 0.30
Mon Jan 31 08:57:15 2022
batch 60, train loss = 0.10, mean loss = 0.30
Mon Jan 31 08:58:22 2022
train Loss: 0.30

batch 0, val loss = 0.03, mean loss = 0.03
Mon Jan 31 08:59:25 2022
batch 10, val loss = 0.03, mean loss = 0.03
Mon Jan 31 09:00:34 2022
val Loss: 0.03

epoch 68 was done for 559.998619 seconds
Epoch 69/299
----------
Mon Jan 31 09:01:21 2022
batch 0, train loss = 0.11, mean loss = 0.11
Mon Jan 31 09:01:27 2022
batch 10, train loss = 0.33, mean loss = 0.29
Mon Jan 31 09:02:35 2022
batch 20, train loss = 0.12, mean loss = 0.29
Mon Jan 31 09:03:43 2022
batch 30, train loss = 0.35, mean loss = 0.30
Mon Jan 31 09:04:51 2022
batch 40, train loss = 0.10, mean loss = 0.30
Mon Jan 31 09:05:59 2022
batch 50, train loss = 0.35, mean loss = 0.30
Mon Jan 31 09:07:07 2022
batch 60, train loss = 0.10, mean loss = 0.29
Mon Jan 31 09:08:21 2022
train Loss: 0.30

batch 0, val loss = 0.03, mean loss = 0.03
Mon Jan 31 09:09:25 2022
batch 10, val loss = 0.03, mean loss = 0.03
Mon Jan 31 09:10:34 2022
val Loss: 0.03

epoch 69 was done for 599.926691 seconds
Epoch 70/299
----------
Mon Jan 31 09:11:21 2022
batch 0, train loss = 0.11, mean loss = 0.11
Mon Jan 31 09:11:27 2022
batch 10, train loss = 0.33, mean loss = 0.29
Mon Jan 31 09:12:35 2022
batch 20, train loss = 0.12, mean loss = 0.29
Mon Jan 31 09:13:43 2022
batch 30, train loss = 0.35, mean loss = 0.30
Mon Jan 31 09:14:52 2022
batch 40, train loss = 0.10, mean loss = 0.30
Mon Jan 31 09:16:00 2022
batch 50, train loss = 0.35, mean loss = 0.30
Mon Jan 31 09:17:08 2022
batch 60, train loss = 0.10, mean loss = 0.29
Mon Jan 31 09:18:16 2022
train Loss: 0.30

batch 0, val loss = 0.02, mean loss = 0.02
Mon Jan 31 09:19:20 2022
batch 10, val loss = 0.03, mean loss = 0.03
Mon Jan 31 09:20:29 2022
val Loss: 0.03

epoch 70 was done for 595.545761 seconds
Epoch 71/299
----------
Mon Jan 31 09:21:17 2022
batch 0, train loss = 0.11, mean loss = 0.11
Mon Jan 31 09:21:23 2022
batch 10, train loss = 0.33, mean loss = 0.29
Mon Jan 31 09:22:31 2022
batch 20, train loss = 0.12, mean loss = 0.29
Mon Jan 31 09:23:38 2022
batch 30, train loss = 0.35, mean loss = 0.30
Mon Jan 31 09:24:46 2022
batch 40, train loss = 0.09, mean loss = 0.29
Mon Jan 31 09:25:56 2022
batch 50, train loss = 0.35, mean loss = 0.30
Mon Jan 31 09:27:04 2022
batch 60, train loss = 0.10, mean loss = 0.29
Mon Jan 31 09:28:13 2022
train Loss: 0.30

batch 0, val loss = 0.02, mean loss = 0.02
Mon Jan 31 09:29:17 2022
batch 10, val loss = 0.03, mean loss = 0.03
Mon Jan 31 09:30:25 2022
val Loss: 0.03

epoch 71 was done for 595.919856 seconds
Epoch 72/299
----------
Mon Jan 31 09:31:12 2022
batch 0, train loss = 0.11, mean loss = 0.11
Mon Jan 31 09:31:19 2022
batch 10, train loss = 0.33, mean loss = 0.29
Mon Jan 31 09:32:26 2022
batch 20, train loss = 0.11, mean loss = 0.29
Mon Jan 31 09:33:35 2022
batch 30, train loss = 0.35, mean loss = 0.30
Mon Jan 31 09:34:43 2022
batch 40, train loss = 0.09, mean loss = 0.29
Mon Jan 31 09:35:51 2022
batch 50, train loss = 0.35, mean loss = 0.30
Mon Jan 31 09:37:00 2022
batch 60, train loss = 0.09, mean loss = 0.29
Mon Jan 31 09:38:09 2022
train Loss: 0.30

batch 0, val loss = 0.02, mean loss = 0.02
Mon Jan 31 09:39:12 2022
batch 10, val loss = 0.03, mean loss = 0.03
Mon Jan 31 09:40:21 2022
val Loss: 0.03

epoch 72 was done for 595.654878 seconds
Epoch 73/299
----------
Mon Jan 31 09:41:08 2022
batch 0, train loss = 0.10, mean loss = 0.10
Mon Jan 31 09:41:14 2022
batch 10, train loss = 0.33, mean loss = 0.29
Mon Jan 31 09:42:23 2022
batch 20, train loss = 0.11, mean loss = 0.29
Mon Jan 31 09:43:31 2022
batch 30, train loss = 0.35, mean loss = 0.30
Mon Jan 31 09:44:39 2022
batch 40, train loss = 0.09, mean loss = 0.29
Mon Jan 31 09:45:48 2022
batch 50, train loss = 0.35, mean loss = 0.30
Mon Jan 31 09:46:58 2022
batch 60, train loss = 0.09, mean loss = 0.29
Mon Jan 31 09:48:07 2022
train Loss: 0.30

batch 0, val loss = 0.02, mean loss = 0.02
Mon Jan 31 09:49:11 2022
batch 10, val loss = 0.03, mean loss = 0.03
Mon Jan 31 09:50:23 2022
val Loss: 0.03

epoch 73 was done for 601.999530 seconds
Epoch 74/299
----------
Mon Jan 31 09:51:10 2022
batch 0, train loss = 0.10, mean loss = 0.10
Mon Jan 31 09:51:16 2022
batch 10, train loss = 0.33, mean loss = 0.29
Mon Jan 31 09:52:25 2022
batch 20, train loss = 0.11, mean loss = 0.29
Mon Jan 31 09:53:33 2022
batch 30, train loss = 0.35, mean loss = 0.30
Mon Jan 31 09:54:41 2022
batch 40, train loss = 0.09, mean loss = 0.29
Mon Jan 31 09:55:49 2022
batch 50, train loss = 0.35, mean loss = 0.30
Mon Jan 31 09:56:57 2022
batch 60, train loss = 0.09, mean loss = 0.29
Mon Jan 31 09:58:05 2022
train Loss: 0.30

batch 0, val loss = 0.02, mean loss = 0.02
Mon Jan 31 09:59:10 2022
batch 10, val loss = 0.03, mean loss = 0.03
Mon Jan 31 10:00:20 2022
val Loss: 0.03

epoch 74 was done for 597.991734 seconds
Epoch 75/299
----------
Mon Jan 31 10:01:08 2022
batch 0, train loss = 0.10, mean loss = 0.10
Mon Jan 31 10:01:14 2022
batch 10, train loss = 0.33, mean loss = 0.29
Mon Jan 31 10:02:23 2022
batch 20, train loss = 0.11, mean loss = 0.29
Mon Jan 31 10:03:31 2022
batch 30, train loss = 0.35, mean loss = 0.30
Mon Jan 31 10:04:39 2022
batch 40, train loss = 0.09, mean loss = 0.29
Mon Jan 31 10:05:47 2022
batch 50, train loss = 0.35, mean loss = 0.30
Mon Jan 31 10:06:56 2022
batch 60, train loss = 0.09, mean loss = 0.29
Mon Jan 31 10:08:04 2022
train Loss: 0.30

batch 0, val loss = 0.02, mean loss = 0.02
Mon Jan 31 10:09:08 2022
batch 10, val loss = 0.03, mean loss = 0.03
Mon Jan 31 10:10:16 2022
val Loss: 0.03

epoch 75 was done for 595.362665 seconds
Epoch 76/299
----------
Mon Jan 31 10:11:03 2022
batch 0, train loss = 0.10, mean loss = 0.10
Mon Jan 31 10:11:10 2022
batch 10, train loss = 0.33, mean loss = 0.29
Mon Jan 31 10:12:18 2022
batch 20, train loss = 0.10, mean loss = 0.29
Mon Jan 31 10:13:27 2022
batch 30, train loss = 0.35, mean loss = 0.30
Mon Jan 31 10:14:36 2022
batch 40, train loss = 0.08, mean loss = 0.29
Mon Jan 31 10:15:44 2022
batch 50, train loss = 0.35, mean loss = 0.30
Mon Jan 31 10:16:53 2022
batch 60, train loss = 0.09, mean loss = 0.29
Mon Jan 31 10:18:02 2022
train Loss: 0.30

batch 0, val loss = 0.02, mean loss = 0.02
Mon Jan 31 10:19:06 2022
batch 10, val loss = 0.03, mean loss = 0.03
Mon Jan 31 10:20:15 2022
val Loss: 0.03

epoch 76 was done for 598.910113 seconds
Epoch 77/299
----------
Mon Jan 31 10:21:02 2022
batch 0, train loss = 0.09, mean loss = 0.09
Mon Jan 31 10:21:09 2022
batch 10, train loss = 0.33, mean loss = 0.29
Mon Jan 31 10:22:18 2022
batch 20, train loss = 0.10, mean loss = 0.29
Mon Jan 31 10:23:28 2022
batch 30, train loss = 0.35, mean loss = 0.30
Mon Jan 31 10:24:37 2022
batch 40, train loss = 0.08, mean loss = 0.29
Mon Jan 31 10:25:44 2022
batch 50, train loss = 0.35, mean loss = 0.30
Mon Jan 31 10:26:52 2022
batch 60, train loss = 0.08, mean loss = 0.29
Mon Jan 31 10:28:01 2022
train Loss: 0.30

batch 0, val loss = 0.02, mean loss = 0.02
Mon Jan 31 10:29:05 2022
batch 10, val loss = 0.03, mean loss = 0.03
Mon Jan 31 10:30:14 2022
val Loss: 0.03

epoch 77 was done for 599.239015 seconds
Epoch 78/299
----------
Mon Jan 31 10:31:02 2022
batch 0, train loss = 0.09, mean loss = 0.09
Mon Jan 31 10:31:08 2022
batch 10, train loss = 0.33, mean loss = 0.29
Mon Jan 31 10:32:16 2022
batch 20, train loss = 0.10, mean loss = 0.29
Mon Jan 31 10:33:26 2022
batch 30, train loss = 0.35, mean loss = 0.30
Mon Jan 31 10:34:35 2022
batch 40, train loss = 0.08, mean loss = 0.29
Mon Jan 31 10:35:43 2022
batch 50, train loss = 0.35, mean loss = 0.30
Mon Jan 31 10:36:52 2022
batch 60, train loss = 0.08, mean loss = 0.29
Mon Jan 31 10:38:01 2022
train Loss: 0.30

batch 0, val loss = 0.02, mean loss = 0.02
Mon Jan 31 10:39:05 2022
batch 10, val loss = 0.03, mean loss = 0.03
Mon Jan 31 10:40:15 2022
val Loss: 0.03

epoch 78 was done for 600.277894 seconds
Epoch 79/299
----------
Mon Jan 31 10:41:02 2022
batch 0, train loss = 0.09, mean loss = 0.09
Mon Jan 31 10:41:08 2022
batch 10, train loss = 0.33, mean loss = 0.29
Mon Jan 31 10:42:17 2022
batch 20, train loss = 0.10, mean loss = 0.29
Mon Jan 31 10:43:25 2022
batch 30, train loss = 0.36, mean loss = 0.30
Mon Jan 31 10:44:34 2022
batch 40, train loss = 0.08, mean loss = 0.29
Mon Jan 31 10:45:43 2022
batch 50, train loss = 0.35, mean loss = 0.30
Mon Jan 31 10:46:52 2022
batch 60, train loss = 0.08, mean loss = 0.29
Mon Jan 31 10:48:02 2022
train Loss: 0.30

batch 0, val loss = 0.02, mean loss = 0.02
Mon Jan 31 10:49:07 2022
batch 10, val loss = 0.03, mean loss = 0.03
Mon Jan 31 10:50:17 2022
val Loss: 0.03

epoch 79 was done for 603.377166 seconds
Epoch 80/299
----------
Mon Jan 31 10:51:05 2022
batch 0, train loss = 0.09, mean loss = 0.09
Mon Jan 31 10:51:11 2022
