The activation script must be sourced, otherwise the virtual environment will not work.
Setting vars
iscuda= True
PyTorch Version:  1.8.1
Torchvision Version:  0.9.0a0
opt:
 Namespace(ampl=441, aug_gt=['orient'], batch_output=2, bs=15, cencrop=700, center=False, chidden_dim=[96, 128, 256, 256, 256], classicnorm=False, cmscrop=0, conTrain='', criterion='L2', csvname='598csv9', datapath='/p/project/delia-mp/cherepashkin1/phenoseed/', dfname='598frame', downsample=1, epoch=2, expdescr='', expnum='e074', feature_extract=False, framelim=60, gradient_predivide_factor=1.0, gttype='single_file', haf=True, hidden_dim=[9], inputt='img', jobdir='/var/spool/parastation/jobs', jobname='10188589', kernel_sizes=[7, 3, 3, 3, 3, 3], lb='orient', loadh5=False, lr=1e-07, machine='jureca', maintain=False, maintain_line=False, man_dist=False, measure_time=False, merging='batch', minmax=False, minmax3dimage=False, minmax_f=True, minmax_fn='', model_name='', netname=['cnet'], ngpu=4, noise_input=False, noise_output=False, normalize=False, num_input_images=3, num_sam_points=500, num_workers=0, outputt='orient', parallel='horovod', pin_memory=False, print_minibatch=10, pscale=100, rand_angle=False, realjobname='10188589', rescale=500, rmdirname=True, rot_dirs=False, rotate_output=False, save_output=True, single_folder=False, specie='598', standardize=255, steplr=[1000.0, 1.0], transappendix='_image', ufmodel=100000, updateFraction=0.25, use_adasum=False, use_cuda=True, use_existing_csv=True, use_pretrained=False, use_sep_csv=True, view_sep=False, wandb='', weight_decay=0, zero_angle=True)
sys.argv:
 ['../../main.py', '-datapath', '/p/project/delia-mp/cherepashkin1/phenoseed/', '-realjobname', '10188589', '-jobname', '10188589', '-jobdir', '/var/spool/parastation/jobs', '-epoch', '2', '-bs', '15', '-num_input_images', '3', '-framelim', '60', '-criterion', 'L2', '-rmdirname', '-lr', '1e-7', '-expnum', 'e074', '-hidden_dim', '9', '-inputt', 'img', '-outputt', 'orient', '-lb', 'orient', '-no_loadh5', '-minmax_fn', '', '-parallel', 'horovod', '-machine', 'jureca', '-merging', 'batch', '-aug_gt', 'orient', '-updateFraction', '0.25', '-steplr', '1000', '1', '-print_minibatch', '10', '-dfname', '598frame']
seed =  0
path were main.py is located= ../../
opt.wandb =  
opt.wandb =  
opt.wandb =  
opt.wandb =  
93
93
93
93
file to frame csv ../../csv/598frame.csv
file to frame csv ../../csv/598frame.csv
file to frame csv ../../csv/598frame.csv
file to frame csv ../../csv/598frame.csv
lframe's length after laoding =  5283
lframe's length after laoding =  5283
lframe's length after laoding =  5283
lframe's length after laoding =  5283
lframe len after excluding all exceptions= 5200
lframe len after excluding all exceptions= 5200
lframe len after excluding all exceptions= 5200
len train =  48
lframe len after excluding all exceptions= 5200
len train =  48
len train =  48
len train =  48
train consists of 3 full batches with 15 tensors with 3 views
the last batch has size of 3 tensors with 3 views
val consists of 0 full batches with 15 tensors with 3 views
the last batch has size of 12 tensors with 3 views
Epoch 0/1
----------
Sat Feb  5 20:37:49 2022
batch 0, train loss = 0.50, mean loss = 0.50
Sat Feb  5 20:37:58 2022
train Loss: 0.50

batch 0, val loss = 0.33, mean loss = 0.33
Sat Feb  5 20:37:59 2022
val Loss: 0.33

epoch 0 was done for 13.205477 seconds
Epoch 1/1
----------
Sat Feb  5 20:38:03 2022
batch 0, train loss = 0.49, mean loss = 0.49
Sat Feb  5 20:38:07 2022
train Loss: 0.49

batch 0, val loss = 0.33, mean loss = 0.33
Sat Feb  5 20:38:08 2022
val Loss: 0.33

epoch 1 was done for 12.367043 seconds
Training complete in 0m 26s
ellapsed time =  28.282317399978638
