
  Preparing the environment for use of 2020 stage.

The following modules were not unloaded:
  (Use "module --force purge" to unload all):

  1) Stages/2020
Setting HOROVOD_MPI_THREADS_DISABLE=1. 
cpu_bind=NONE - jrc0327, task  3  3 [8418]: mask 0xffffffffffffffffffffffffffffffffffffffffffffffffffffffffffffffff set
cpu_bind=NONE - jrc0327, task  0  0 [8417]: mask 0xffffffffffffffffffffffffffffffffffffffffffffffffffffffffffffffff set
cpu_bind=NONE - jrc0327, task  1  1 [8416]: mask 0xffffffffffffffffffffffffffffffffffffffffffffffffffffffffffffffff set
cpu_bind=NONE - jrc0327, task  2  2 [8419]: mask 0xffffffffffffffffffffffffffffffffffffffffffffffffffffffffffffffff set
usage: main.py [-h] [-bs BS] [-epoch EPOCH] [-lr LR] [-minmax] [-no_minmax]
               [-minmax3dimage] [-no_minmax3dimage] [-normalize]
               [-no_normalize] [-center] [-no_center] [-downsample DOWNSAMPLE]
               [-classicnorm] [-no_classicnorm] [-ampl AMPL]
               [-cmscrop CMSCROP] [-cencrop CENCROP] [-rescale RESCALE]
               [-use_adasum] [-no_use_adasum]
               [-gradient_predivide_factor GRADIENT_PREDIVIDE_FACTOR]
               [-expnum EXPNUM] [-hidden_dim HIDDEN_DIM [HIDDEN_DIM ...]]
               [-chidden_dim CHIDDEN_DIM [CHIDDEN_DIM ...]]
               [-kernel_sizes KERNEL_SIZES [KERNEL_SIZES ...]]
               [-num_input_images NUM_INPUT_IMAGES] [-model_name MODEL_NAME]
               [-netname NETNAME [NETNAME ...]] [-use_pretrained]
               [-no_use_pretrained] [-weight_decay WEIGHT_DECAY]
               [-merging {color,latent,batch}] [-rand_angle] [-no_rand_angle]
               [-specie SPECIE] [-num_sam_points NUM_SAM_POINTS] [-lb LB]
               [-expdescr EXPDESCR] [-use_existing_csv] [-no_use_existing_csv]
               [-use_sep_csv] [-no_use_sep_csv] [-noise_input]
               [-no_noise_input] [-haf] [-no_haf] [-inputt INPUTT] [-minmax_f]
               [-no_minmax_f] [-criterion CRITERION] [-ngpu NGPU]
               [-parallel {horovod,torch}] [-feature_extract]
               [-no_feature_extract] [-zero_angle] [-no_zero_angle]
               [-single_folder] [-noise_output] [-save_output]
               [-no_save_output] [-gttype {single_file}] [-csvname CSVNAME]
               [-dfname DFNAME] [-pscale PSCALE] [-view_sep] [-no_view_sep]
               [-rot_dirs] [-no_rot_dirs] [-num_workers NUM_WORKERS]
               [-pin_memory] [-no_pin_memory] [-man_dist] [-no_man_dist]
               [-use_cuda] [-no_use_cuda]
               [-machine {jureca,workstation,lenovo,huawei}] [-maintain]
               [-no_maintain] [-maintain_line] [-no_maintain_line]
               [-wandb WANDB] [-measure_time] [-no_measure_time]
               [-rotate_output] [-no_rotate_outpuusage: main.py [-h] [-bs BS] [-epoch EPOCH] [-lr LR] [-minmax] [-no_minmax]
               [-minmax3dimage] [-no_minmax3dimage] [-normalize]
               [-no_normalize] [-center] [-no_center] [-downsample DOWNSAMPLE]
               [-classicnorm] [-no_classicnorm] [-ampl AMPL]
               [-cmscrop CMSCROP] [-cencrop CENCROP] [-rescale RESCALE]
               [-use_adasum] [-no_use_adasum]
               [-gradient_predivide_factor GRADIENT_PREDIVIDE_FACTOR]
               [-expnum EXPNUM] [-hidden_dim HIDDEN_DIM [HIDDEN_DIM ...]]
               [-chidden_dim CHIDDEN_DIM [CHIDDEN_DIM ...]]
               [-kernel_sizes KERNEL_SIZES [KERNEL_SIZES ...]]
               [-num_input_images NUM_INPUT_IMAGES] [-model_name MODEL_NAME]
               [-netname NETNAME [NETNAME ...]] [-use_pretrained]
               [-no_use_pretrained] [-weight_decay WEIGHT_DECAY]
               [-merging {color,latent,batch}] [-rand_angle] [-no_rand_angle]
               [-specie SPECIE] [-num_sam_points NUM_SAM_POINTS] [-lb LB]
               [-expdeusage: main.py [-h] [-bs BS] [-epoch EPOCH] [-lr LR] [-minmax] [-no_minmax]
               [-minmax3dimage] [-no_minmax3dimage] [-normalize]
               [-no_normalize] [-center] [-no_center] [-downsample DOWNSAMPLE]
               [-classicnorm] [-no_classicnorm] [-ampl AMPL]
               [-cmscrop CMSCROP] [-cencrop CENCROP] [-rescale RESCALE]
               [-use_adasum] [-no_use_adasum]
               [-gradient_predivide_factor GRADIENT_PREDIVIDE_FACTOR]
               [-expnum EXPNUM] [-hidden_dim HIDDEN_DIM [HIDDEN_DIM ...]]
               [-chidden_dim CHIDDEN_DIM [CHIDDEN_DIM ...]]
               [-kernel_sizes KERNEL_SIZES [KERNEL_SIZES ...]]
               [-num_input_images NUM_INPUT_IMAGES] [-model_name MODEL_NAME]
               [-netname NETNAME [NETNAME ...]] [-use_pretrained]
               [-no_use_pretrained] [-weight_decay WEIGHT_DECAY]
               [-merging {color,latent,batch}] [-rand_angle] [-no_rand_angle]
               [-specie SPECIE] [-num_sam_points NUM_SAM_POINTS] [-lb LB]
               [-expdet]
               [-transappendix TRANSAPPENDIX] [-batch_output BATCH_OUTPUT]
               [-minmax_fn {min,max,mean,std,}]
               [-updateFraction UPDATEFRACTION]
               [-standardize STANDARDIZE [STANDARDIZE ...]] [-rmdirname]
               [-no_rmdirname] [-steplr STEPLR [STEPLR ...]]
               [-outputt {points,pose6,eul,orient}] [-ufmodel UFMODEL]
               [-framelim FRAMELIM] [-conTrain CONTRAIN]
               [-print_minibatch PRINT_MINIBATCH]
               [-aug_gt AUG_GT [AUG_GT ...]] [-datapath DATAPATH]
               [-jobname JOBNAME] [-realjobname REALJOBNAME] [-jobdir JOBDIR]
               [-loadh5] [-no_loadh5]
scr EXPDESCR] [-use_existing_csv] [-no_use_existing_csv]
               [-use_sep_csv] [-no_use_sep_csv] [-noise_input]
               [-no_noise_input] [-haf] [-no_haf] [-inputt INPUTT] [-minmax_f]
               [-no_minmax_f] [-criterion CRITERION] [-ngpu NGPU]
               [-parallel {horovod,torch}] [-feature_extract]
               [-no_feature_extract] [-zero_angle] [-no_zero_angle]
               [-single_folder] [-noise_output] [-save_output]
               [-no_save_output] [-gttype {single_file}] [-csvname CSVNAME]
               [-dfname DFNAME] [-pscale PSCALE] [-view_sep] [-no_view_sep]
               [-rot_dirs] [-no_rot_dirs] [-num_workers NUM_WORKERS]
               [-pin_memory] [-no_pin_memory] [-man_dist] [-no_man_dist]
               [-use_cuda] [-no_use_cuda]
               [-machine {jureca,workstation,lenovo,huawei}] [-maintain]
               [-no_maintain] [-maintain_line] [-no_maintain_line]
               [-wandb WANDB] [-measure_time] [-no_measure_time]
               [-rotate_output] [-no_rotate_outpuscr EXPDESCR] [-use_existing_csv] [-no_use_existing_csv]
               [-use_sep_csv] [-no_use_sep_csv] [-noise_input]
               [-no_noise_input] [-haf] [-no_haf] [-inputt INPUTT] [-minmax_f]
               [-no_minmax_f] [-criterion CRITERION] [-ngpu NGPU]
               [-parallel {horovod,torch}] [-feature_extract]
               [-no_feature_extract] [-zero_angle] [-no_zero_angle]
               [-single_folder] [-noise_output] [-save_output]
               [-no_save_output] [-gttype {single_file}] [-csvname CSVNAME]
               [-dfname DFNAME] [-pscale PSCALE] [-view_sep] [-no_view_sep]
               [-rot_dirs] [-no_rot_dirs] [-num_workers NUM_WORKERS]
               [-pin_memory] [-no_pin_memory] [-man_dist] [-no_man_dist]
               [-use_cuda] [-no_use_cuda]
               [-machine {jureca,workstation,lenovo,huawei}] [-maintain]
               [-no_maintain] [-maintain_line] [-no_maintain_line]
               [-wandb WANDB] [-measure_time] [-no_measure_time]
               [-rotate_output] [-no_rotate_outpumain.py: error: unrecognized arguments: -localexp 
t]
               [-transappendix TRANSAPPENDIX] [-batch_output BATCH_OUTPUT]
               [-minmax_fn {min,max,mean,std,}]
               [-updateFraction UPDATEFRACTION]
               [-standardize STANDARDIZE [STANDARDIZE ...]] [-rmdirname]
               [-no_rmdirname] [-steplr STEPLR [STEPLR ...]]
               [-outputt {points,pose6,eul,orient}] [-ufmodel UFMODEL]
               [-framelim FRAMELIM] [-conTrain CONTRAIN]
               [-print_minibatch PRINT_MINIBATCH]
               [-aug_gt AUG_GT [AUG_GT ...]] [-datapath DATAPATH]
               [-jobname JOBNAME] [-realjobname REALJOBNAME] [-jobdir JOBDIR]
               [-loadh5] [-no_loadh5]
t]
               [-transappendix TRANSAPPENDIX] [-batch_output BATCH_OUTPUT]
               [-minmax_fn {min,max,mean,std,}]
               [-updateFraction UPDATEFRACTION]
               [-standardize STANDARDIZE [STANDARDIZE ...]] [-rmdirname]
               [-no_rmdirname] [-steplr STEPLR [STEPLR ...]]
               [-outputt {points,pose6,eul,orient}] [-ufmodel UFMODEL]
               [-framelim FRAMELIM] [-conTrain CONTRAIN]
               [-print_minibatch PRINT_MINIBATCH]
               [-aug_gt AUG_GT [AUG_GT ...]] [-datapath DATAPATH]
               [-jobname JOBNAME] [-realjobname REALJOBNAME] [-jobdir JOBDIR]
               [-loadh5] [-no_loadh5]
usage: main.py [-h] [-bs BS] [-epoch EPOCH] [-lr LR] [-minmax] [-no_minmax]
               [-minmax3dimage] [-no_minmax3dimage] [-normalize]
               [-no_normalize] [-center] [-no_center] [-downsample DOWNSAMPLE]
               [-classicnorm] [-no_classicnorm] [-ampl AMPL]
               [-cmscrop CMSCROP] [-cencrop CENCROP] [-rescale RESCALE]
               [-use_adasum] [-no_use_adasum]
               [-gradient_predivide_factor GRADIENT_PREDIVIDE_FACTOR]
               [-expnum EXPNUM] [-hidden_dim HIDDEN_DIM [HIDDEN_DIM ...]]
               [-chidden_dim CHIDDEN_DIM [CHIDDEN_DIM ...]]
               [-kernel_sizes KERNEL_SIZES [KERNEL_SIZES ...]]
               [-num_input_images NUM_INPUT_IMAGES] [-model_name MODEL_NAME]
               [-netname NETNAME [NETNAME ...]] [-use_pretrained]
               [-no_use_pretrained] [-weight_decay WEIGHT_DECAY]
               [-merging {color,latent,batch}] [-rand_angle] [-no_rand_angle]
               [-specie SPECIE] [-num_sam_points NUM_SAM_POINTS] [-lb LB]
               [-expdescr EXPDESCR] [-use_existing_csv] [-no_use_existing_csv]
               [-use_sep_csv] [-no_use_sep_csv] [-noise_input]
               [-no_noise_input] [-haf] [-no_haf] [-inputt INPUTT] [-minmax_f]
               [-no_minmax_f] [-criterion CRITERION] [-ngpu NGPU]
               [-parallel {horovod,torch}] [-feature_extract]
               [-no_feature_extract] [-zero_angle] [-no_zero_angle]
               [-single_folder] [-noise_output] [-save_output]
               [-no_save_output] [-gttype {single_file}] [-csvname CSVNAME]
               [-dfname DFNAME] [-pscale PSCALE] [-view_sep] [-no_view_sep]
               [-rot_dirs] [-no_rot_dirs] [-num_workers NUM_WORKERS]
               [-pin_memory] [-no_pin_memory] [-man_dist] [-no_man_dist]
               [-use_cuda] [-no_use_cuda]
               [-machine {jureca,workstation,lenovo,huawei}] [-maintain]
               [-no_maintain] [-maintain_line] [-no_maintain_line]
               [-wandb WANDB] [-measure_time] [-no_measure_time]
               [-rotate_output] [-no_rotate_output]
               [-transappendix TRANSAPPENDIX] [-batch_output BATCH_OUTPUT]
               [-minmax_fn {min,max,mean,std,}]
               [-updateFraction UPDATEFRACTION]
               [-standardize STANDARDIZE [STANDARDIZE ...]] [-rmdirname]
               [-no_rmdirname] [-steplr STEPLR [STEPLR ...]]
               [-outputt {points,pose6,eul,orient}] [-ufmodel UFMODEL]
               [-framelim FRAMELIM] [-conTrain CONTRAIN]
               [-print_minibatch PRINT_MINIBATCH]
               [-aug_gt AUG_GT [AUG_GT ...]] [-datapath DATAPATH]
               [-jobname JOBNAME] [-realjobname REALJOBNAME] [-jobdir JOBDIR]
               [-loadh5] [-no_loadh5]
main.py: error: unrecognized arguments: -localexp 
main.py: error: unrecognized arguments: -localexp 
main.py: error: unrecognized arguments: -localexp 
srun: error: jrc0327: tasks 0-3: Exited with exit code 2
