
  Preparing the environment for use of requested stage ( 2020 ).

The following modules were not unloaded:
  (Use "module --force purge" to unload all):

  1) Stages/2020
Setting HOROVOD_MPI_THREADS_DISABLE=1. 
cpu_bind=NONE - jrc0316, task  3  3 [25407]: mask 0xffffffffffffffffffffffffffffffffffffffffffffffffffffffffffffffff set
cpu_bind=NONE - jrc0316, task  0  0 [25409]: mask 0xffffffffffffffffffffffffffffffffffffffffffffffffffffffffffffffff set
cpu_bind=NONE - jrc0316, task  1  1 [25406]: mask 0xffffffffffffffffffffffffffffffffffffffffffffffffffffffffffffffff set
cpu_bind=NONE - jrc0316, task  2  2 [25408]: mask 0xffffffffffffffffffffffffffffffffffffffffffffffffffffffffffffffff set
Traceback (most recent call last):
  File "../../main.py", line 968, in <module>
Traceback (most recent call last):
  File "../../main.py", line 968, in <module>
Traceback (most recent call last):
  File "../../main.py", line 968, in <module>
    model, lossar, time_elapsed = train_model(smodel, optimizer)
  File "../../main.py", line 629, in train_model
    model, lossar, time_elapsed = train_model(smodel, optimizer)
  File "../../main.py", line 629, in train_model
    model, lossar, time_elapsed = train_model(smodel, optimizer)
  File "../../main.py", line 629, in train_model
    loss, outputs, outputs_2, latent = out2loss(opt, model,
  File "/p/project/delia-mp/cherepashkin1/circles_public/switcher.py", line 109, in out2loss
    loss, outputs, outputs_2, latent = out2loss(opt, model,
  File "/p/project/delia-mp/cherepashkin1/circles_public/switcher.py", line 109, in out2loss
    loss, outputs, outputs_2, latent = out2loss(opt, model,
  File "/p/project/delia-mp/cherepashkin1/circles_public/switcher.py", line 109, in out2loss
    outputs = model(inputs)
  File "/p/software/jurecadc/stages/2020/software/PyTorch/1.8.1-gcccoremkl-10.3.0-2021.2.0-Python-3.8.5/lib/python3.8/site-packages/torch/nn/modules/module.py", line 889, in _call_impl
    outputs = model(inputs)
  File "/p/software/jurecadc/stages/2020/software/PyTorch/1.8.1-gcccoremkl-10.3.0-2021.2.0-Python-3.8.5/lib/python3.8/site-packages/torch/nn/modules/module.py", line 889, in _call_impl
    outputs = model(inputs)
  File "/p/software/jurecadc/stages/2020/software/PyTorch/1.8.1-gcccoremkl-10.3.0-2021.2.0-Python-3.8.5/lib/python3.8/site-packages/torch/nn/modules/module.py", line 889, in _call_impl
    result = self.forward(*input, **kwargs)
  File "/p/project/delia-mp/cherepashkin1/circles_public/cnet.py", line 68, in forward
    result = self.forward(*input, **kwargs)
  File "/p/project/delia-mp/cherepashkin1/circles_public/cnet.py", line 68, in forward
    result = self.forward(*input, **kwargs)
  File "/p/project/delia-mp/cherepashkin1/circles_public/cnet.py", line 68, in forward
    x = F.relu(self.bn2(self.conv2(x)))
  File "/p/software/jurecadc/stages/2020/software/PyTorch/1.8.1-gcccoremkl-10.3.0-2021.2.0-Python-3.8.5/lib/python3.8/site-packages/torch/nn/modules/module.py", line 889, in _call_impl
    x = F.relu(self.bn2(self.conv2(x)))
  File "/p/software/jurecadc/stages/2020/software/PyTorch/1.8.1-gcccoremkl-10.3.0-2021.2.0-Python-3.8.5/lib/python3.8/site-packages/torch/nn/modules/module.py", line 889, in _call_impl
    x = F.relu(self.bn2(self.conv2(x)))
  File "/p/software/jurecadc/stages/2020/software/PyTorch/1.8.1-gcccoremkl-10.3.0-2021.2.0-Python-3.8.5/lib/python3.8/site-packages/torch/nn/modules/module.py", line 889, in _call_impl
    result = self.forward(*input, **kwargs)
  File "/p/software/jurecadc/stages/2020/software/PyTorch/1.8.1-gcccoremkl-10.3.0-2021.2.0-Python-3.8.5/lib/python3.8/site-packages/torch/nn/modules/conv.py", line 399, in forward
    result = self.forward(*input, **kwargs)
  File "/p/software/jurecadc/stages/2020/software/PyTorch/1.8.1-gcccoremkl-10.3.0-2021.2.0-Python-3.8.5/lib/python3.8/site-packages/torch/nn/modules/conv.py", line 399, in forward
    result = self.forward(*input, **kwargs)
  File "/p/software/jurecadc/stages/2020/software/PyTorch/1.8.1-gcccoremkl-10.3.0-2021.2.0-Python-3.8.5/lib/python3.8/site-packages/torch/nn/modules/conv.py", line 399, in forward
    return self._conv_forward(input, self.weight, self.bias)
  File "/p/software/jurecadc/stages/2020/software/PyTorch/1.8.1-gcccoremkl-10.3.0-2021.2.0-Python-3.8.5/lib/python3.8/site-packages/torch/nn/modules/conv.py", line 395, in _conv_forward
    return self._conv_forward(input, self.weight, self.bias)
  File "/p/software/jurecadc/stages/2020/software/PyTorch/1.8.1-gcccoremkl-10.3.0-2021.2.0-Python-3.8.5/lib/python3.8/site-packages/torch/nn/modules/conv.py", line 395, in _conv_forward
    return F.conv2d(input, weight, bias, self.stride,
    return F.conv2d(input, weight, bias, self.stride,
    return self._conv_forward(input, self.weight, self.bias)
  File "/p/software/jurecadc/stages/2020/software/PyTorch/1.8.1-gcccoremkl-10.3.0-2021.2.0-Python-3.8.5/lib/python3.8/site-packages/torch/nn/modules/conv.py", line 395, in _conv_forward
    return F.conv2d(input, weight, bias, self.stride,
RuntimeError: Unable to find a valid cuDNN algorithm to run convolution
RuntimeError: Unable to find a valid cuDNN algorithm to run convolution
RuntimeError: Unable to find a valid cuDNN algorithm to run convolution
Traceback (most recent call last):
  File "../../main.py", line 968, in <module>
    model, lossar, time_elapsed = train_model(smodel, optimizer)
  File "../../main.py", line 629, in train_model
    loss, outputs, outputs_2, latent = out2loss(opt, model,
  File "/p/project/delia-mp/cherepashkin1/circles_public/switcher.py", line 109, in out2loss
    outputs = model(inputs)
  File "/p/software/jurecadc/stages/2020/software/PyTorch/1.8.1-gcccoremkl-10.3.0-2021.2.0-Python-3.8.5/lib/python3.8/site-packages/torch/nn/modules/module.py", line 889, in _call_impl
    result = self.forward(*input, **kwargs)
  File "/p/project/delia-mp/cherepashkin1/circles_public/cnet.py", line 68, in forward
    x = F.relu(self.bn2(self.conv2(x)))
  File "/p/software/jurecadc/stages/2020/software/PyTorch/1.8.1-gcccoremkl-10.3.0-2021.2.0-Python-3.8.5/lib/python3.8/site-packages/torch/nn/modules/module.py", line 889, in _call_impl
    result = self.forward(*input, **kwargs)
  File "/p/software/jurecadc/stages/2020/software/PyTorch/1.8.1-gcccoremkl-10.3.0-2021.2.0-Python-3.8.5/lib/python3.8/site-packages/torch/nn/modules/conv.py", line 399, in forward
    return self._conv_forward(input, self.weight, self.bias)
  File "/p/software/jurecadc/stages/2020/software/PyTorch/1.8.1-gcccoremkl-10.3.0-2021.2.0-Python-3.8.5/lib/python3.8/site-packages/torch/nn/modules/conv.py", line 395, in _conv_forward
    return F.conv2d(input, weight, bias, self.stride,
RuntimeError: Unable to find a valid cuDNN algorithm to run convolution
srun: error: jrc0316: tasks 0-3: Exited with exit code 1
