
  Preparing the environment for use of requested stage ( 2020 ).

The following modules were not unloaded:
  (Use "module --force purge" to unload all):

  1) Stages/2020
Setting HOROVOD_MPI_THREADS_DISABLE=1. 
cpu_bind=NONE - jrc0204, task  3  3 [28924]: mask 0xffffffffffffffffffffffffffffffffffffffffffffffffffffffffffffffff set
cpu_bind=NONE - jrc0204, task  2  2 [28926]: mask 0xffffffffffffffffffffffffffffffffffffffffffffffffffffffffffffffff set
cpu_bind=NONE - jrc0204, task  0  0 [28925]: mask 0xffffffffffffffffffffffffffffffffffffffffffffffffffffffffffffffff set
cpu_bind=NONE - jrc0204, task  1  1 [28927]: mask 0xffffffffffffffffffffffffffffffffffffffffffffffffffffffffffffffff set
Traceback (most recent call last):
  File "../../main.py", line 337, in <module>
Traceback (most recent call last):
  File "../../main.py", line 337, in <module>
    from cnet import *
ModuleNotFoundError: No module named 'cnet'
    from cnet import *
ModuleNotFoundError: No module named 'cnet'
Traceback (most recent call last):
  File "../../main.py", line 337, in <module>
    from cnet import *
ModuleNotFoundError: No module named 'cnet'
Traceback (most recent call last):
  File "../../main.py", line 337, in <module>
    from cnet import *
ModuleNotFoundError: No module named 'cnet'
srun: error: jrc0204: tasks 0-3: Exited with exit code 1
