
  Preparing the environment for use of requested stage ( 2020 ).

The following modules were not unloaded:
  (Use "module --force purge" to unload all):

  1) Stages/2020
Setting HOROVOD_MPI_THREADS_DISABLE=1. 
cpu_bind=NONE - jrc0410, task  2  2 [15810]: mask 0xffffffffffffffffffffffffffffffffffffffffffffffffffffffffffffffff set
cpu_bind=NONE - jrc0410, task  3  3 [15812]: mask 0xffffffffffffffffffffffffffffffffffffffffffffffffffffffffffffffff set
cpu_bind=NONE - jrc0410, task  0  0 [15811]: mask 0xffffffffffffffffffffffffffffffffffffffffffffffffffffffffffffffff set
cpu_bind=NONE - jrc0410, task  1  1 [15809]: mask 0xffffffffffffffffffffffffffffffffffffffffffffffffffffffffffffffff set
Traceback (most recent call last):
  File "../../main.py", line 272, in <module>
Traceback (most recent call last):
  File "../../main.py", line 272, in <module>
Traceback (most recent call last):
  File "../../main.py", line 272, in <module>
    dic2csv(jn(dirname,'opt.csv'), opt.__dict__)
  File "/p/project/delia-mp/cherepashkin1/circles_public/helpers.py", line 505, in dic2csv
    dic2csv(jn(dirname,'opt.csv'), opt.__dict__)
  File "/p/project/delia-mp/cherepashkin1/circles_public/helpers.py", line 505, in dic2csv
    dic2csv(jn(dirname,'opt.csv'), opt.__dict__)
  File "/p/project/delia-mp/cherepashkin1/circles_public/helpers.py", line 505, in dic2csv
    with open(path, 'w', newline='\n') as csv_file:
FileNotFoundError: [Errno 2] No such file or directory: '../../plot_output/e072/10162395/opt.csv'
    with open(path, 'w', newline='\n') as csv_file:
    with open(path, 'w', newline='\n') as csv_file:
FileNotFoundError: [Errno 2] No such file or directory: '../../plot_output/e072/10162395/opt.csv'
FileNotFoundError: [Errno 2] No such file or directory: '../../plot_output/e072/10162395/opt.csv'
Traceback (most recent call last):
  File "../../main.py", line 337, in <module>
    from cnet import *
ModuleNotFoundError: No module named 'cnet'
srun: error: jrc0410: tasks 0-1,3: Exited with exit code 1
srun: error: jrc0410: task 2: Terminated
srun: Force Terminated job step 10162395.0
