
  Preparing the environment for use of requested stage ( 2020 ).

The following modules were not unloaded:
  (Use "module --force purge" to unload all):

  1) Stages/2020
Setting HOROVOD_MPI_THREADS_DISABLE=1. 
cpu_bind=NONE - jrc0311, task  1  1 [20869]: mask 0xffffffffffffffffffffffffffffffffffffffffffffffffffffffffffffffff set
cpu_bind=NONE - jrc0311, task  2  2 [20867]: mask 0xffffffffffffffffffffffffffffffffffffffffffffffffffffffffffffffff set
cpu_bind=NONE - jrc0311, task  0  0 [20868]: mask 0xffffffffffffffffffffffffffffffffffffffffffffffffffffffffffffffff set
cpu_bind=NONE - jrc0311, task  3  3 [20870]: mask 0xffffffffffffffffffffffffffffffffffffffffffffffffffffffffffffffff set
Traceback (most recent call last):
  File "../../main.py", line 272, in <module>
Traceback (most recent call last):
  File "../../main.py", line 272, in <module>
Traceback (most recent call last):
  File "../../main.py", line 272, in <module>
    dic2csv(jn(dirname,'opt.csv'), opt.__dict__)
  File "/p/project/delia-mp/cherepashkin1/circles_public/helpers.py", line 505, in dic2csv
    dic2csv(jn(dirname,'opt.csv'), opt.__dict__)
  File "/p/project/delia-mp/cherepashkin1/circles_public/helpers.py", line 505, in dic2csv
    dic2csv(jn(dirname,'opt.csv'), opt.__dict__)
  File "/p/project/delia-mp/cherepashkin1/circles_public/helpers.py", line 505, in dic2csv
    with open(path, 'w', newline='\n') as csv_file:
FileNotFoundError: [Errno 2] No such file or directory: '../../plot_output/e072/10162422/opt.csv'
    with open(path, 'w', newline='\n') as csv_file:
FileNotFoundError: [Errno 2] No such file or directory: '../../plot_output/e072/10162422/opt.csv'
    with open(path, 'w', newline='\n') as csv_file:
FileNotFoundError: [Errno 2] No such file or directory: '../../plot_output/e072/10162422/opt.csv'
srun: error: jrc0311: tasks 0,2-3: Terminated
srun: error: jrc0311: task 1: Exited with exit code 1
srun: Force Terminated job step 10162422.0
