
  Preparing the environment for use of requested stage ( 2020 ).

The following modules were not unloaded:
  (Use "module --force purge" to unload all):

  1) Stages/2020
Setting HOROVOD_MPI_THREADS_DISABLE=1. 
cpu_bind=NONE - jrc0409, task  1  1 [26554]: mask 0xffffffffffffffffffffffffffffffffffffffffffffffffffffffffffffffff set
cpu_bind=NONE - jrc0409, task  3  3 [26555]: mask 0xffffffffffffffffffffffffffffffffffffffffffffffffffffffffffffffff set
cpu_bind=NONE - jrc0409, task  2  2 [26557]: mask 0xffffffffffffffffffffffffffffffffffffffffffffffffffffffffffffffff set
cpu_bind=NONE - jrc0409, task  0  0 [26556]: mask 0xffffffffffffffffffffffffffffffffffffffffffffffffffffffffffffffff set
Traceback (most recent call last):
  File "../../main.py", line 272, in <module>
Traceback (most recent call last):
  File "../../main.py", line 272, in <module>
Traceback (most recent call last):
  File "../../main.py", line 272, in <module>
    dic2csv(jn(dirname,'opt.csv'), opt.__dict__)
  File "/p/project/delia-mp/cherepashkin1/circles_public/helpers.py", line 505, in dic2csv
    dic2csv(jn(dirname,'opt.csv'), opt.__dict__)
  File "/p/project/delia-mp/cherepashkin1/circles_public/helpers.py", line 505, in dic2csv
    dic2csv(jn(dirname,'opt.csv'), opt.__dict__)
  File "/p/project/delia-mp/cherepashkin1/circles_public/helpers.py", line 505, in dic2csv
    with open(path, 'w', newline='\n') as csv_file:
FileNotFoundError: [Errno 2] No such file or directory: '../../plot_output/e072/10162427/opt.csv'
    with open(path, 'w', newline='\n') as csv_file:
FileNotFoundError: [Errno 2] No such file or directory: '../../plot_output/e072/10162427/opt.csv'
    with open(path, 'w', newline='\n') as csv_file:
FileNotFoundError: [Errno 2] No such file or directory: '../../plot_output/e072/10162427/opt.csv'
srun: error: jrc0409: tasks 1,3: Exited with exit code 1
srun: error: jrc0409: tasks 0,2: Terminated
srun: Force Terminated job step 10162427.0
