The activation script must be sourced, otherwise the virtual environment will not work.
Setting vars
folder is not empty
opt.wandb =  
opt.wandb =  
opt.wandb =  
93
93
93
file to frame csv ../../csv/598frame.csv
file to frame csv ../../csv/598frame.csv
file to frame csv ../../csv/598frame.csv
lframe's length after laoding =  5283
lframe's length after laoding =  5283
lframe's length after laoding =  5283
lframe len after excluding all exceptions= 5200
lframe len after excluding all exceptions= 5200
lframe len after excluding all exceptions= 5200
len train =  4160
len train =  4160
len train =  4160
opt.wandb =  
93
file to frame csv ../../csv/598frame.csv
opt.wandb =  
93
file to frame csv ../../csv/598frame.csv
opt.wandb =  
93
file to frame csv ../../csv/598frame.csv
folder is not empty
lframe's length after laoding =  5283
lframe's length after laoding =  5283
lframe's length after laoding =  5283
lframe len after excluding all exceptions= 5200
lframe len after excluding all exceptions= 5200
lframe len after excluding all exceptions= 5200
len train =  4160
len train =  4160
len train =  4160
folder is not empty
opt.wandb =  
opt.wandb =  
opt.wandb =  
93
93
93
file to frame csv ../../csv/598frame.csv
file to frame csv ../../csv/598frame.csv
file to frame csv ../../csv/598frame.csv
lframe's length after laoding =  5283
lframe's length after laoding =  5283
lframe's length after laoding =  5283
lframe len after excluding all exceptions= 5200
lframe len after excluding all exceptions= 5200
lframe len after excluding all exceptions= 5200
len train =  4160
len train =  4160
len train =  4160
opt.wandb =  
folder is not empty
opt.wandb =  
93
93
file to frame csv ../../csv/598frame.csv
file to frame csv ../../csv/598frame.csv
opt.wandb =  
93
file to frame csv ../../csv/598frame.csv
lframe's length after laoding =  5283
lframe's length after laoding =  5283
lframe's length after laoding =  5283
lframe len after excluding all exceptions= 5200
lframe len after excluding all exceptions= 5200
lframe len after excluding all exceptions= 5200
len train =  4160
len train =  4160
len train =  4160
opt.wandb =  
opt.wandb =  
opt.wandb =  
93
93
93
file to frame csv ../../csv/598frame.csv
file to frame csv ../../csv/598frame.csv
file to frame csv ../../csv/598frame.csv
iscuda= True
PyTorch Version:  1.8.1
Torchvision Version:  0.9.0a0
opt:
 Namespace(ampl=441, aug_gt=['matrix_sign_flip', 'svd'], batch_output=2, bs=15, cencrop=700, center=False, chidden_dim=[96, 128, 256, 256, 256], classicnorm=False, cmscrop=0, conTrain='', criterion='L2', csvname='598csv9', datapath='/p/project/delia-mp/cherepashkin1/phenoseed/', dfname='598frame', downsample=1, epoch=100, expdescr='', expnum='e073', feature_extract=False, framelim=6000, gradient_predivide_factor=1.0, gttype='single_file', haf=True, hidden_dim=[32, 9], inputt='img', jobdir='/var/spool/parastation/jobs', jobname='e073j004', kernel_sizes=[7, 3, 3, 3, 3, 3], lb='orient', loadh5=False, lr=5e-05, machine='jureca', maintain=False, maintain_line=False, man_dist=False, measure_time=False, merging='batch', minmax=False, minmax3dimage=False, minmax_f=True, minmax_fn='', model_name='', netname=['cnet'], ngpu=4, noise_input=False, noise_output=False, normalize=False, num_input_images=3, num_sam_points=500, num_workers=0, outputt='orient', parallel='horovod', pin_memory=False, print_minibatch=10, pscale=100, rand_angle=False, realjobname='10176398', rescale=500, rmdirname=False, rot_dirs=False, rotate_output=False, save_output=True, single_folder=False, specie='598', standardize=255, steplr=[1000.0, 1.0], transappendix='_image', ufmodel=100000, updateFraction=0.25, use_adasum=False, use_cuda=True, use_existing_csv=True, use_pretrained=False, use_sep_csv=True, view_sep=False, wandb='', weight_decay=0, zero_angle=True)
sys.argv:
 ['../../main.py', '-datapath', '/p/project/delia-mp/cherepashkin1/phenoseed/', '-realjobname', '10176398', '-jobname', 'e073j004', '-jobdir', '/var/spool/parastation/jobs', '-expnum', 'e073', '-epoch', '100', '-bs', '15', '-num_input_images', '3', '-framelim', '6000', '-criterion', 'L2', '-no_rmdirname', '-lr', '5e-5', '-hidden_dim', '32', '9', '-inputt', 'img', '-outputt', 'orient', '-lb', 'orient', '-no_loadh5', '-minmax_fn', '', '-parallel', 'horovod', '-machine', 'jureca', '-merging', 'batch', '-aug_gt', 'matrix_sign_flip', 'svd', '-updateFraction', '0.25', '-steplr', '1000', '1', '-print_minibatch', '10', '-dfname', '598frame']
seed =  0
path were main.py is located= ../../
opt.wandb =  
93
file to frame csv ../../csv/598frame.csv
lframe's length after laoding =  5283
lframe's length after laoding =  5283
lframe's length after laoding =  5283
lframe's length after laoding =  5283
lframe len after excluding all exceptions= 5200
lframe len after excluding all exceptions= 5200
lframe len after excluding all exceptions= 5200
lframe len after excluding all exceptions= 5200
len train =  4160
len train =  4160
len train =  4160
len train =  4160
train consists of 277 full batches with 15 tensors with 3 views
the last batch has size of 5 tensors with 3 views
val consists of 69 full batches with 15 tensors with 3 views
the last batch has size of 5 tensors with 3 views
Epoch 0/99
----------
Thu Feb  3 15:16:05 2022
batch 0, train loss = 0.41, mean loss = 0.41
Thu Feb  3 15:16:17 2022
batch 10, train loss = 15.96, mean loss = 36.56
Thu Feb  3 15:17:18 2022
batch 20, train loss = 11.11, mean loss = 26.72
Thu Feb  3 15:18:19 2022
batch 30, train loss = 3.93, mean loss = 19.94
Thu Feb  3 15:19:24 2022
batch 40, train loss = 5.21, mean loss = 16.09
Thu Feb  3 15:20:29 2022
batch 50, train loss = 2.17, mean loss = 13.40
Thu Feb  3 15:21:34 2022
batch 60, train loss = 2.13, mean loss = 11.60
Thu Feb  3 15:22:38 2022
train Loss: 10.31

batch 0, val loss = 0.14, mean loss = 0.14
Thu Feb  3 15:23:39 2022
batch 10, val loss = 0.14, mean loss = 0.14
Thu Feb  3 15:24:52 2022
iscuda= True
PyTorch Version:  1.8.1
Torchvision Version:  0.9.0a0
opt:
 Namespace(ampl=441, aug_gt=['vector_sign_flip', 'svd'], batch_output=2, bs=15, cencrop=700, center=False, chidden_dim=[96, 128, 256, 256, 256], classicnorm=False, cmscrop=0, conTrain='', criterion='L2', csvname='598csv9', datapath='/p/project/delia-mp/cherepashkin1/phenoseed/', dfname='598frame', downsample=1, epoch=100, expdescr='', expnum='e073', feature_extract=False, framelim=6000, gradient_predivide_factor=1.0, gttype='single_file', haf=True, hidden_dim=[32, 9], inputt='img', jobdir='/var/spool/parastation/jobs', jobname='e073j005', kernel_sizes=[7, 3, 3, 3, 3, 3], lb='orient', loadh5=False, lr=5e-05, machine='jureca', maintain=False, maintain_line=False, man_dist=False, measure_time=False, merging='batch', minmax=False, minmax3dimage=False, minmax_f=True, minmax_fn='', model_name='', netname=['cnet'], ngpu=4, noise_input=False, noise_output=False, normalize=False, num_input_images=3, num_sam_points=500, num_workers=0, outputt='orient', parallel='horovod', pin_memory=False, print_minibatch=10, pscale=100, rand_angle=False, realjobname='10176398', rescale=500, rmdirname=False, rot_dirs=False, rotate_output=False, save_output=True, single_folder=False, specie='598', standardize=255, steplr=[1000.0, 1.0], transappendix='_image', ufmodel=100000, updateFraction=0.25, use_adasum=False, use_cuda=True, use_existing_csv=True, use_pretrained=False, use_sep_csv=True, view_sep=False, wandb='', weight_decay=0, zero_angle=True)
sys.argv:
 ['../../main.py', '-datapath', '/p/project/delia-mp/cherepashkin1/phenoseed/', '-realjobname', '10176398', '-jobname', 'e073j005', '-jobdir', '/var/spool/parastation/jobs', '-expnum', 'e073', '-epoch', '100', '-bs', '15', '-num_input_images', '3', '-framelim', '6000', '-criterion', 'L2', '-no_rmdirname', '-lr', '5e-5', '-hidden_dim', '32', '9', '-inputt', 'img', '-outputt', 'orient', '-lb', 'orient', '-no_loadh5', '-minmax_fn', '', '-parallel', 'horovod', '-machine', 'jureca', '-merging', 'batch', '-aug_gt', 'vector_sign_flip', 'svd', '-updateFraction', '0.25', '-steplr', '1000', '1', '-print_minibatch', '10', '-dfname', '598frame']
seed =  0
path were main.py is located= ../../
opt.wandb =  
opt.wandb =  
opt.wandb =  
opt.wandb =  
93
93
93
93
file to frame csv ../../csv/598frame.csv
file to frame csv ../../csv/598frame.csv
file to frame csv ../../csv/598frame.csv
file to frame csv ../../csv/598frame.csv
lframe's length after laoding =  5283
lframe's length after laoding =  5283
lframe's length after laoding =  5283
lframe's length after laoding =  5283
lframe len after excluding all exceptions= 5200
lframe len after excluding all exceptions= 5200
lframe len after excluding all exceptions= 5200
lframe len after excluding all exceptions= 5200
len train =  4160
len train =  4160
len train =  4160
len train =  4160
train consists of 277 full batches with 15 tensors with 3 views
the last batch has size of 5 tensors with 3 views
val consists of 69 full batches with 15 tensors with 3 views
the last batch has size of 5 tensors with 3 views
Epoch 0/99
----------
Thu Feb  3 15:25:56 2022
batch 0, train loss = 0.41, mean loss = 0.41
Thu Feb  3 15:26:06 2022
batch 10, train loss = 15.96, mean loss = 36.56
Thu Feb  3 15:27:03 2022
batch 20, train loss = 11.11, mean loss = 26.72
Thu Feb  3 15:28:00 2022
batch 30, train loss = 3.93, mean loss = 19.94
Thu Feb  3 15:28:55 2022
batch 40, train loss = 5.21, mean loss = 16.09
Thu Feb  3 15:29:51 2022
batch 50, train loss = 2.17, mean loss = 13.40
Thu Feb  3 15:30:47 2022
batch 60, train loss = 2.13, mean loss = 11.60
Thu Feb  3 15:31:43 2022
train Loss: 10.31

batch 0, val loss = 0.14, mean loss = 0.14
Thu Feb  3 15:32:36 2022
batch 10, val loss = 0.14, mean loss = 0.14
Thu Feb  3 15:33:32 2022
iscuda= True
PyTorch Version:  1.8.1
Torchvision Version:  0.9.0a0
opt:
 Namespace(ampl=441, aug_gt=['matrix_sign_flip'], batch_output=2, bs=15, cencrop=700, center=False, chidden_dim=[96, 128, 256, 256, 256], classicnorm=False, cmscrop=0, conTrain='', criterion='L2', csvname='598csv9', datapath='/p/project/delia-mp/cherepashkin1/phenoseed/', dfname='598frame', downsample=1, epoch=100, expdescr='', expnum='e073', feature_extract=False, framelim=6000, gradient_predivide_factor=1.0, gttype='single_file', haf=True, hidden_dim=[32, 9], inputt='img', jobdir='/var/spool/parastation/jobs', jobname='e073j006', kernel_sizes=[7, 3, 3, 3, 3, 3], lb='orient', loadh5=False, lr=5e-05, machine='jureca', maintain=False, maintain_line=False, man_dist=False, measure_time=False, merging='batch', minmax=False, minmax3dimage=False, minmax_f=True, minmax_fn='', model_name='', netname=['cnet'], ngpu=4, noise_input=False, noise_output=False, normalize=False, num_input_images=3, num_sam_points=500, num_workers=0, outputt='orient', parallel='horovod', pin_memory=False, print_minibatch=10, pscale=100, rand_angle=False, realjobname='10176398', rescale=500, rmdirname=False, rot_dirs=False, rotate_output=False, save_output=True, single_folder=False, specie='598', standardize=255, steplr=[1000.0, 1.0], transappendix='_image', ufmodel=100000, updateFraction=0.25, use_adasum=False, use_cuda=True, use_existing_csv=True, use_pretrained=False, use_sep_csv=True, view_sep=False, wandb='', weight_decay=0, zero_angle=True)
sys.argv:
 ['../../main.py', '-datapath', '/p/project/delia-mp/cherepashkin1/phenoseed/', '-realjobname', '10176398', '-jobname', 'e073j006', '-jobdir', '/var/spool/parastation/jobs', '-expnum', 'e073', '-epoch', '100', '-bs', '15', '-num_input_images', '3', '-framelim', '6000', '-criterion', 'L2', '-no_rmdirname', '-lr', '5e-5', '-hidden_dim', '32', '9', '-inputt', 'img', '-outputt', 'orient', '-lb', 'orient', '-no_loadh5', '-minmax_fn', '', '-parallel', 'horovod', '-machine', 'jureca', '-merging', 'batch', '-aug_gt', 'matrix_sign_flip', '-updateFraction', '0.25', '-steplr', '1000', '1', '-print_minibatch', '10', '-dfname', '598frame']
seed =  0
path were main.py is located= ../../
opt.wandb =  
opt.wandb =  
93
93
file to frame csv ../../csv/598frame.csv
file to frame csv ../../csv/598frame.csv
opt.wandb =  
93
file to frame csv ../../csv/598frame.csv
opt.wandb =  
93
file to frame csv ../../csv/598frame.csv
lframe's length after laoding =  5283
lframe's length after laoding =  5283
lframe's length after laoding =  5283
lframe's length after laoding =  5283
lframe len after excluding all exceptions= 5200
lframe len after excluding all exceptions= 5200
lframe len after excluding all exceptions= 5200
lframe len after excluding all exceptions= 5200
len train =  4160
len train =  4160
len train =  4160
len train =  4160
train consists of 277 full batches with 15 tensors with 3 views
the last batch has size of 5 tensors with 3 views
val consists of 69 full batches with 15 tensors with 3 views
the last batch has size of 5 tensors with 3 views
Epoch 0/99
----------
Thu Feb  3 15:34:25 2022
batch 0, train loss = 0.41, mean loss = 0.41
Thu Feb  3 15:34:35 2022
batch 10, train loss = 15.96, mean loss = 36.56
Thu Feb  3 15:35:32 2022
batch 20, train loss = 11.11, mean loss = 26.72
Thu Feb  3 15:36:29 2022
batch 30, train loss = 3.93, mean loss = 19.94
Thu Feb  3 15:37:26 2022
batch 40, train loss = 5.21, mean loss = 16.09
Thu Feb  3 15:38:22 2022
batch 50, train loss = 2.17, mean loss = 13.40
Thu Feb  3 15:39:19 2022
batch 60, train loss = 2.13, mean loss = 11.60
Thu Feb  3 15:40:15 2022
train Loss: 10.31

batch 0, val loss = 0.75, mean loss = 0.75
Thu Feb  3 15:41:08 2022
batch 10, val loss = 0.73, mean loss = 0.73
Thu Feb  3 15:42:05 2022
opt.wandb =  
93
file to frame csv ../../csv/598frame.csv
opt.wandb =  
93
file to frame csv ../../csv/598frame.csv
opt.wandb =  
93
file to frame csv ../../csv/598frame.csv
iscuda= True
PyTorch Version:  1.8.1
Torchvision Version:  0.9.0a0
opt:
 Namespace(ampl=441, aug_gt=['vector_sign_flip'], batch_output=2, bs=15, cencrop=700, center=False, chidden_dim=[96, 128, 256, 256, 256], classicnorm=False, cmscrop=0, conTrain='', criterion='L2', csvname='598csv9', datapath='/p/project/delia-mp/cherepashkin1/phenoseed/', dfname='598frame', downsample=1, epoch=100, expdescr='', expnum='e073', feature_extract=False, framelim=6000, gradient_predivide_factor=1.0, gttype='single_file', haf=True, hidden_dim=[32, 9], inputt='img', jobdir='/var/spool/parastation/jobs', jobname='e073j007', kernel_sizes=[7, 3, 3, 3, 3, 3], lb='orient', loadh5=False, lr=5e-05, machine='jureca', maintain=False, maintain_line=False, man_dist=False, measure_time=False, merging='batch', minmax=False, minmax3dimage=False, minmax_f=True, minmax_fn='', model_name='', netname=['cnet'], ngpu=4, noise_input=False, noise_output=False, normalize=False, num_input_images=3, num_sam_points=500, num_workers=0, outputt='orient', parallel='horovod', pin_memory=False, print_minibatch=10, pscale=100, rand_angle=False, realjobname='10176398', rescale=500, rmdirname=False, rot_dirs=False, rotate_output=False, save_output=True, single_folder=False, specie='598', standardize=255, steplr=[1000.0, 1.0], transappendix='_image', ufmodel=100000, updateFraction=0.25, use_adasum=False, use_cuda=True, use_existing_csv=True, use_pretrained=False, use_sep_csv=True, view_sep=False, wandb='', weight_decay=0, zero_angle=True)
sys.argv:
 ['../../main.py', '-datapath', '/p/project/delia-mp/cherepashkin1/phenoseed/', '-realjobname', '10176398', '-jobname', 'e073j007', '-jobdir', '/var/spool/parastation/jobs', '-expnum', 'e073', '-epoch', '100', '-bs', '15', '-num_input_images', '3', '-framelim', '6000', '-criterion', 'L2', '-no_rmdirname', '-lr', '5e-5', '-hidden_dim', '32', '9', '-inputt', 'img', '-outputt', 'orient', '-lb', 'orient', '-no_loadh5', '-minmax_fn', '', '-parallel', 'horovod', '-machine', 'jureca', '-merging', 'batch', '-aug_gt', 'vector_sign_flip', '-updateFraction', '0.25', '-steplr', '1000', '1', '-print_minibatch', '10', '-dfname', '598frame']
seed =  0
path were main.py is located= ../../
opt.wandb =  
93
file to frame csv ../../csv/598frame.csv
lframe's length after laoding =  5283
lframe's length after laoding =  5283
lframe's length after laoding =  5283
lframe's length after laoding =  5283
lframe len after excluding all exceptions= 5200
lframe len after excluding all exceptions= 5200
lframe len after excluding all exceptions= 5200
lframe len after excluding all exceptions= 5200
len train =  4160
len train =  4160
len train =  4160
len train =  4160
train consists of 277 full batches with 15 tensors with 3 views
the last batch has size of 5 tensors with 3 views
val consists of 69 full batches with 15 tensors with 3 views
the last batch has size of 5 tensors with 3 views
Epoch 0/99
----------
Thu Feb  3 15:43:00 2022
batch 0, train loss = 0.41, mean loss = 0.41
Thu Feb  3 15:43:09 2022
batch 10, train loss = 15.96, mean loss = 36.56
Thu Feb  3 15:44:08 2022
batch 20, train loss = 11.11, mean loss = 26.72
Thu Feb  3 15:45:07 2022
batch 30, train loss = 3.94, mean loss = 19.94
Thu Feb  3 15:46:03 2022
batch 40, train loss = 5.21, mean loss = 16.09
Thu Feb  3 15:46:59 2022
batch 50, train loss = 2.17, mean loss = 13.40
Thu Feb  3 15:47:54 2022
batch 60, train loss = 2.13, mean loss = 11.60
Thu Feb  3 15:48:50 2022
train Loss: 10.31

batch 0, val loss = 0.75, mean loss = 0.75
Thu Feb  3 15:49:42 2022
batch 10, val loss = 0.74, mean loss = 0.73
Thu Feb  3 15:50:40 2022
iscuda= True
PyTorch Version:  1.8.1
Torchvision Version:  0.9.0a0
opt:
 Namespace(ampl=441, aug_gt=['vector_permute'], batch_output=2, bs=15, cencrop=700, center=False, chidden_dim=[96, 128, 256, 256, 256], classicnorm=False, cmscrop=0, conTrain='', criterion='L2', csvname='598csv9', datapath='/p/project/delia-mp/cherepashkin1/phenoseed/', dfname='598frame', downsample=1, epoch=100, expdescr='', expnum='e073', feature_extract=False, framelim=6000, gradient_predivide_factor=1.0, gttype='single_file', haf=True, hidden_dim=[32, 9], inputt='img', jobdir='/var/spool/parastation/jobs', jobname='e073j008', kernel_sizes=[7, 3, 3, 3, 3, 3], lb='orient', loadh5=False, lr=5e-05, machine='jureca', maintain=False, maintain_line=False, man_dist=False, measure_time=False, merging='batch', minmax=False, minmax3dimage=False, minmax_f=True, minmax_fn='', model_name='', netname=['cnet'], ngpu=4, noise_input=False, noise_output=False, normalize=False, num_input_images=3, num_sam_points=500, num_workers=0, outputt='orient', parallel='horovod', pin_memory=False, print_minibatch=10, pscale=100, rand_angle=False, realjobname='10176398', rescale=500, rmdirname=False, rot_dirs=False, rotate_output=False, save_output=True, single_folder=False, specie='598', standardize=255, steplr=[1000.0, 1.0], transappendix='_image', ufmodel=100000, updateFraction=0.25, use_adasum=False, use_cuda=True, use_existing_csv=True, use_pretrained=False, use_sep_csv=True, view_sep=False, wandb='', weight_decay=0, zero_angle=True)
sys.argv:
 ['../../main.py', '-datapath', '/p/project/delia-mp/cherepashkin1/phenoseed/', '-realjobname', '10176398', '-jobname', 'e073j008', '-jobdir', '/var/spool/parastation/jobs', '-expnum', 'e073', '-epoch', '100', '-bs', '15', '-num_input_images', '3', '-framelim', '6000', '-criterion', 'L2', '-no_rmdirname', '-lr', '5e-5', '-hidden_dim', '32', '9', '-inputt', 'img', '-outputt', 'orient', '-lb', 'orient', '-no_loadh5', '-minmax_fn', '', '-parallel', 'horovod', '-machine', 'jureca', '-merging', 'batch', '-aug_gt', 'vector_permute', '-updateFraction', '0.25', '-steplr', '1000', '1', '-print_minibatch', '10', '-dfname', '598frame']
seed =  0
path were main.py is located= ../../
opt.wandb =  
opt.wandb =  
opt.wandb =  
opt.wandb =  
93
93
93
93
file to frame csv ../../csv/598frame.csv
file to frame csv ../../csv/598frame.csv
file to frame csv ../../csv/598frame.csv
file to frame csv ../../csv/598frame.csv
lframe's length after laoding =  5283
lframe's length after laoding =  5283
lframe's length after laoding =  5283
lframe's length after laoding =  5283
lframe len after excluding all exceptions= 5200
lframe len after excluding all exceptions= 5200
lframe len after excluding all exceptions= 5200
lframe len after excluding all exceptions= 5200
len train =  4160
len train =  4160
len train =  4160
len train =  4160
train consists of 277 full batches with 15 tensors with 3 views
the last batch has size of 5 tensors with 3 views
val consists of 69 full batches with 15 tensors with 3 views
the last batch has size of 5 tensors with 3 views
Epoch 0/99
----------
Thu Feb  3 15:51:35 2022
batch 0, train loss = 0.41, mean loss = 0.41
Thu Feb  3 15:51:44 2022
batch 10, train loss = 15.96, mean loss = 36.56
Thu Feb  3 15:52:41 2022
batch 20, train loss = 11.11, mean loss = 26.72
Thu Feb  3 15:53:37 2022
batch 30, train loss = 3.93, mean loss = 19.94
Thu Feb  3 15:54:33 2022
batch 40, train loss = 5.21, mean loss = 16.09
Thu Feb  3 15:55:28 2022
batch 50, train loss = 2.17, mean loss = 13.40
Thu Feb  3 15:56:23 2022
batch 60, train loss = 2.13, mean loss = 11.60
Thu Feb  3 15:57:18 2022
train Loss: 10.31

batch 0, val loss = 0.51, mean loss = 0.51
Thu Feb  3 15:58:10 2022
batch 10, val loss = 0.50, mean loss = 0.51
Thu Feb  3 15:59:07 2022
opt.wandb =  
opt.wandb =  
opt.wandb =  
93
93
93
file to frame csv ../../csv/598frame.csv
file to frame csv ../../csv/598frame.csv
file to frame csv ../../csv/598frame.csv
iscuda= True
PyTorch Version:  1.8.1
Torchvision Version:  0.9.0a0
opt:
 Namespace(ampl=441, aug_gt=['svd'], batch_output=2, bs=15, cencrop=700, center=False, chidden_dim=[96, 128, 256, 256, 256], classicnorm=False, cmscrop=0, conTrain='', criterion='L2', csvname='598csv9', datapath='/p/project/delia-mp/cherepashkin1/phenoseed/', dfname='598frame', downsample=1, epoch=100, expdescr='', expnum='e073', feature_extract=False, framelim=6000, gradient_predivide_factor=1.0, gttype='single_file', haf=True, hidden_dim=[32, 9], inputt='img', jobdir='/var/spool/parastation/jobs', jobname='e073j009', kernel_sizes=[7, 3, 3, 3, 3, 3], lb='orient', loadh5=False, lr=5e-05, machine='jureca', maintain=False, maintain_line=False, man_dist=False, measure_time=False, merging='batch', minmax=False, minmax3dimage=False, minmax_f=True, minmax_fn='', model_name='', netname=['cnet'], ngpu=4, noise_input=False, noise_output=False, normalize=False, num_input_images=3, num_sam_points=500, num_workers=0, outputt='orient', parallel='horovod', pin_memory=False, print_minibatch=10, pscale=100, rand_angle=False, realjobname='10176398', rescale=500, rmdirname=False, rot_dirs=False, rotate_output=False, save_output=True, single_folder=False, specie='598', standardize=255, steplr=[1000.0, 1.0], transappendix='_image', ufmodel=100000, updateFraction=0.25, use_adasum=False, use_cuda=True, use_existing_csv=True, use_pretrained=False, use_sep_csv=True, view_sep=False, wandb='', weight_decay=0, zero_angle=True)
sys.argv:
 ['../../main.py', '-datapath', '/p/project/delia-mp/cherepashkin1/phenoseed/', '-realjobname', '10176398', '-jobname', 'e073j009', '-jobdir', '/var/spool/parastation/jobs', '-expnum', 'e073', '-epoch', '100', '-bs', '15', '-num_input_images', '3', '-framelim', '6000', '-criterion', 'L2', '-no_rmdirname', '-lr', '5e-5', '-hidden_dim', '32', '9', '-inputt', 'img', '-outputt', 'orient', '-lb', 'orient', '-no_loadh5', '-minmax_fn', '', '-parallel', 'horovod', '-machine', 'jureca', '-merging', 'batch', '-aug_gt', 'svd', '-updateFraction', '0.25', '-steplr', '1000', '1', '-print_minibatch', '10', '-dfname', '598frame']
seed =  0
path were main.py is located= ../../
opt.wandb =  
93
file to frame csv ../../csv/598frame.csv
lframe's length after laoding =  5283
lframe's length after laoding =  5283
lframe's length after laoding =  5283
lframe's length after laoding =  5283
lframe len after excluding all exceptions= 5200
lframe len after excluding all exceptions= 5200
lframe len after excluding all exceptions= 5200
lframe len after excluding all exceptions= 5200
len train =  4160
len train =  4160
len train =  4160
len train =  4160
train consists of 277 full batches with 15 tensors with 3 views
the last batch has size of 5 tensors with 3 views
val consists of 69 full batches with 15 tensors with 3 views
the last batch has size of 5 tensors with 3 views
Epoch 0/99
----------
Thu Feb  3 16:00:00 2022
batch 0, train loss = 0.41, mean loss = 0.41
Thu Feb  3 16:00:10 2022
batch 10, train loss = 15.96, mean loss = 36.56
Thu Feb  3 16:01:05 2022
batch 20, train loss = 11.11, mean loss = 26.72
Thu Feb  3 16:01:59 2022
batch 30, train loss = 3.93, mean loss = 19.94
Thu Feb  3 16:02:53 2022
batch 40, train loss = 5.21, mean loss = 16.09
Thu Feb  3 16:03:46 2022
batch 50, train loss = 2.17, mean loss = 13.40
Thu Feb  3 16:04:39 2022
batch 60, train loss = 2.13, mean loss = 11.60
Thu Feb  3 16:05:33 2022
