
  Preparing the environment for use of 2020 stage.

The following modules were not unloaded:
  (Use "module --force purge" to unload all):

  1) Stages/2020
Setting HOROVOD_MPI_THREADS_DISABLE=1. 
cpu_bind=NONE - jrc0260, task  1  1 [32120]: mask 0xffffffffffffffffffffffffffffffffffffffffffffffffffffffffffffffff set
cpu_bind=NONE - jrc0260, task  2  2 [32121]: mask 0xffffffffffffffffffffffffffffffffffffffffffffffffffffffffffffffff set
cpu_bind=NONE - jrc0260, task  0  0 [32123]: mask 0xffffffffffffffffffffffffffffffffffffffffffffffffffffffffffffffff set
cpu_bind=NONE - jrc0260, task  3  3 [32122]: mask 0xffffffffffffffffffffffffffffffffffffffffffffffffffffffffffffffff set
Traceback (most recent call last):
  File "../../main.py", line 285, in <module>
    dic2csv(jn(dirname,'opt.csv'), opt.__dict__)
  File "/p/project/delia-mp/cherepashkin1/circles_public/helpers.py", line 505, in dic2csv
    with open(path, 'w', newline='\n') as csv_file:
FileNotFoundError: [Errno 2] No such file or directory: '../../plot_output/e073/e073j000/opt.csv'
Traceback (most recent call last):
  File "../../main.py", line 285, in <module>
    dic2csv(jn(dirname,'opt.csv'), opt.__dict__)
  File "/p/project/delia-mp/cherepashkin1/circles_public/helpers.py", line 505, in dic2csv
    with open(path, 'w', newline='\n') as csv_file:
FileNotFoundError: [Errno 2] No such file or directory: '../../plot_output/e073/e073j000/opt.csv'
Traceback (most recent call last):
  File "../../main.py", line 285, in <module>
    dic2csv(jn(dirname,'opt.csv'), opt.__dict__)
  File "/p/project/delia-mp/cherepashkin1/circles_public/helpers.py", line 505, in dic2csv
    with open(path, 'w', newline='\n') as csv_file:
FileNotFoundError: [Errno 2] No such file or directory: '../../plot_output/e073/e073j000/opt.csv'
Traceback (most recent call last):
  File "../../main.py", line 234, in <module>
    shutil.copy(jn(opt.jobdir, opt.jobname), jn(dirname, opt.jobname))
  File "/p/software/jurecadc/stages/2020/software/Python/3.8.5-GCCcore-10.3.0/lib/python3.8/shutil.py", line 415, in copy
srun: error: jrc0260: tasks 1-3: Exited with exit code 1
srun: error: jrc0260: task 0: Terminated
srun: Force Terminated job step 10165896.0
cpu_bind=NONE - jrc0260, task  3  3 [3493]: mask 0xffffffffffffffffffffffffffffffffffffffffffffffffffffffffffffffff set
cpu_bind=NONE - jrc0260, task  1  1 [3492]: mask 0xffffffffffffffffffffffffffffffffffffffffffffffffffffffffffffffff set
cpu_bind=NONE - jrc0260, task  2  2 [3494]: mask 0xffffffffffffffffffffffffffffffffffffffffffffffffffffffffffffffff set
cpu_bind=NONE - jrc0260, task  0  0 [3495]: mask 0xffffffffffffffffffffffffffffffffffffffffffffffffffffffffffffffff set
Traceback (most recent call last):
  File "../../main.py", line 285, in <module>
    dic2csv(jn(dirname,'opt.csv'), opt.__dict__)
  File "/p/project/delia-mp/cherepashkin1/circles_public/helpers.py", line 505, in dic2csv
    with open(path, 'w', newline='\n') as csv_file:
FileNotFoundError: [Errno 2] No such file or directory: '../../plot_output/e073/e073j001/opt.csv'
Traceback (most recent call last):
  File "../../main.py", line 285, in <module>
    dic2csv(jn(dirname,'opt.csv'), opt.__dict__)
  File "/p/project/delia-mp/cherepashkin1/circles_public/helpers.py", line 505, in dic2csv
    with open(path, 'w', newline='\n') as csv_file:
FileNotFoundError: [Errno 2] No such file or directory: '../../plot_output/e073/e073j001/opt.csv'
Traceback (most recent call last):
  File "../../main.py", line 234, in <module>
Traceback (most recent call last):
  File "../../main.py", line 285, in <module>
    shutil.copy(jn(opt.jobdir, opt.jobname), jn(dirname, opt.jobname))
  File "/p/software/jurecadc/stages/2020/software/Python/3.8.5-GCCcore-10.3.0/lib/python3.8/shutil.py", line 415, in copy
    dic2csv(jn(dirname,'opt.csv'), opt.__dict__)
  File "/p/project/delia-mp/cherepashkin1/circles_public/helpers.py", line 505, in dic2csv
    with open(path, 'w', newline='\n') as csv_file:
FileNotFoundError: [Errno 2] No such file or directory: '../../plot_output/e073/e073j001/opt.csv'
    copyfile(src, dst, follow_symlinks=follow_symlinks)
  File "/p/software/jurecadc/stages/2020/software/Python/3.8.5-GCCcore-10.3.0/lib/python3.8/shutil.py", line 261, in copyfile
    with open(src, 'rb') as fsrc, open(dst, 'wb') as fdst:
FileNotFoundError: [Errno 2] No such file or directory: '/var/spool/parastation/jobs/e073j001'
srun: error: jrc0260: tasks 0,3: Exited with exit code 1
srun: error: jrc0260: tasks 1-2: Terminated
srun: Force Terminated job step 10165896.1
cpu_bind=NONE - jrc0260, task  2  2 [5837]: mask 0xffffffffffffffffffffffffffffffffffffffffffffffffffffffffffffffff set
cpu_bind=NONE - jrc0260, task  0  0 [5835]: mask 0xffffffffffffffffffffffffffffffffffffffffffffffffffffffffffffffff set
cpu_bind=NONE - jrc0260, task  1  1 [5836]: mask 0xffffffffffffffffffffffffffffffffffffffffffffffffffffffffffffffff set
cpu_bind=NONE - jrc0260, task  3  3 [5838]: mask 0xffffffffffffffffffffffffffffffffffffffffffffffffffffffffffffffff set
Traceback (most recent call last):
  File "../../main.py", line 285, in <module>
Traceback (most recent call last):
  File "../../main.py", line 285, in <module>
    dic2csv(jn(dirname,'opt.csv'), opt.__dict__)
  File "/p/project/delia-mp/cherepashkin1/circles_public/helpers.py", line 505, in dic2csv
    dic2csv(jn(dirname,'opt.csv'), opt.__dict__)
  File "/p/project/delia-mp/cherepashkin1/circles_public/helpers.py", line 505, in dic2csv
    with open(path, 'w', newline='\n') as csv_file:
    with open(path, 'w', newline='\n') as csv_file:
FileNotFoundError: [Errno 2] No such file or directory: '../../plot_output/e073/e073j002/opt.csv'
FileNotFoundError: [Errno 2] No such file or directory: '../../plot_output/e073/e073j002/opt.csv'
Traceback (most recent call last):
  File "../../main.py", line 285, in <module>
Traceback (most recent call last):
  File "../../main.py", line 234, in <module>
    dic2csv(jn(dirname,'opt.csv'), opt.__dict__)
  File "/p/project/delia-mp/cherepashkin1/circles_public/helpers.py", line 505, in dic2csv
    shutil.copy(jn(opt.jobdir, opt.jobname), jn(dirname, opt.jobname))
  File "/p/software/jurecadc/stages/2020/software/Python/3.8.5-GCCcore-10.3.0/lib/python3.8/shutil.py", line 415, in copy
    copyfile(src, dst, follow_symlinks=follow_symlinks)
  File "/p/software/jurecadc/stages/2020/software/Python/3.8.5-GCCcore-10.3.0/lib/python3.8/shutil.py", line 261, in copyfile
    with open(path, 'w', newline='\n') as csv_file:
FileNotFoundError: [Errno 2] No such file or directory: '../../plot_output/e073/e073j002/opt.csv'
    with open(src, 'rb') as fsrc, open(dst, 'wb') as fdst:
FileNotFoundError: [Errno 2] No such file or directory: '/var/spool/parastation/jobs/e073j002'
srun: error: jrc0260: tasks 0-2: Exited with exit code 1
srun: error: jrc0260: task 3: Terminated
srun: Force Terminated job step 10165896.2
cpu_bind=NONE - jrc0260, task  1  1 [8068]: mask 0xffffffffffffffffffffffffffffffffffffffffffffffffffffffffffffffff set
cpu_bind=NONE - jrc0260, task  0  0 [8069]: mask 0xffffffffffffffffffffffffffffffffffffffffffffffffffffffffffffffff set
cpu_bind=NONE - jrc0260, task  2  2 [8071]: mask 0xffffffffffffffffffffffffffffffffffffffffffffffffffffffffffffffff set
cpu_bind=NONE - jrc0260, task  3  3 [8070]: mask 0xffffffffffffffffffffffffffffffffffffffffffffffffffffffffffffffff set
Traceback (most recent call last):
  File "../../main.py", line 285, in <module>
    dic2csv(jn(dirname,'opt.csv'), opt.__dict__)
  File "/p/project/delia-mp/cherepashkin1/circles_public/helpers.py", line 505, in dic2csv
Traceback (most recent call last):
  File "../../main.py", line 234, in <module>
    shutil.copy(jn(opt.jobdir, opt.jobname), jn(dirname, opt.jobname))
  File "/p/software/jurecadc/stages/2020/software/Python/3.8.5-GCCcore-10.3.0/lib/python3.8/shutil.py", line 415, in copy
    with open(path, 'w', newline='\n') as csv_file:
FileNotFoundError: [Errno 2] No such file or directory: '../../plot_output/e073/e073j003/opt.csv'
    copyfile(src, dst, follow_symlinks=follow_symlinks)
  File "/p/software/jurecadc/stages/2020/software/Python/3.8.5-GCCcore-10.3.0/lib/python3.8/shutil.py", line 261, in copyfile
    with open(src, 'rb') as fsrc, open(dst, 'wb') as fdst:
FileNotFoundError: [Errno 2] No such file or directory: '/var/spool/parastation/jobs/e073j003'
srun: error: jrc0260: tasks 1-3: Terminated
srun: error: jrc0260: task 0: Exited with exit code 1
srun: Force Terminated job step 10165896.3
cpu_bind=NONE - jrc0260, task  1  1 [10300]: mask 0xffffffffffffffffffffffffffffffffffffffffffffffffffffffffffffffff set
cpu_bind=NONE - jrc0260, task  0  0 [10301]: mask 0xffffffffffffffffffffffffffffffffffffffffffffffffffffffffffffffff set
cpu_bind=NONE - jrc0260, task  3  3 [10304]: mask 0xffffffffffffffffffffffffffffffffffffffffffffffffffffffffffffffff set
cpu_bind=NONE - jrc0260, task  2  2 [10302]: mask 0xffffffffffffffffffffffffffffffffffffffffffffffffffffffffffffffff set
Traceback (most recent call last):
  File "../../main.py", line 285, in <module>
    dic2csv(jn(dirname,'opt.csv'), opt.__dict__)
  File "/p/project/delia-mp/cherepashkin1/circles_public/helpers.py", line 505, in dic2csv
    with open(path, 'w', newline='\n') as csv_file:
FileNotFoundError: [Errno 2] No such file or directory: '../../plot_output/e073/e073j004/opt.csv'
Traceback (most recent call last):
  File "../../main.py", line 285, in <module>
    dic2csv(jn(dirname,'opt.csv'), opt.__dict__)
  File "/p/project/delia-mp/cherepashkin1/circles_public/helpers.py", line 505, in dic2csv
Traceback (most recent call last):
  File "../../main.py", line 234, in <module>
    with open(path, 'w', newline='\n') as csv_file:
    shutil.copy(jn(opt.jobdir, opt.jobname), jn(dirname, opt.jobname))
FileNotFoundError: [Errno 2] No such file or directory: '../../plot_output/e073/e073j004/opt.csv'
  File "/p/software/jurecadc/stages/2020/software/Python/3.8.5-GCCcore-10.3.0/lib/python3.8/shutil.py", line 415, in copy
    copyfile(src, dst, follow_symlinks=follow_symlinks)
  File "/p/software/jurecadc/stages/2020/software/Python/3.8.5-GCCcore-10.3.0/lib/python3.8/shutil.py", line 261, in copyfile
    with open(src, 'rb') as fsrc, open(dst, 'wb') as fdst:
FileNotFoundError: [Errno 2] No such file or directory: '/var/spool/parastation/jobs/e073j004'
srun: error: jrc0260: tasks 0-2: Terminated
srun: error: jrc0260: task 3: Exited with exit code 1
srun: Force Terminated job step 10165896.4
cpu_bind=NONE - jrc0260, task  1  1 [12510]: mask 0xffffffffffffffffffffffffffffffffffffffffffffffffffffffffffffffff set
cpu_bind=NONE - jrc0260, task  2  2 [12509]: mask 0xffffffffffffffffffffffffffffffffffffffffffffffffffffffffffffffff set
cpu_bind=NONE - jrc0260, task  3  3 [12511]: mask 0xffffffffffffffffffffffffffffffffffffffffffffffffffffffffffffffff set
cpu_bind=NONE - jrc0260, task  0  0 [12512]: mask 0xffffffffffffffffffffffffffffffffffffffffffffffffffffffffffffffff set
Traceback (most recent call last):
  File "../../main.py", line 285, in <module>
Traceback (most recent call last):
  File "../../main.py", line 285, in <module>
    dic2csv(jn(dirname,'opt.csv'), opt.__dict__)
  File "/p/project/delia-mp/cherepashkin1/circles_public/helpers.py", line 505, in dic2csv
Traceback (most recent call last):
  File "../../main.py", line 285, in <module>
    dic2csv(jn(dirname,'opt.csv'), opt.__dict__)
  File "/p/project/delia-mp/cherepashkin1/circles_public/helpers.py", line 505, in dic2csv
    dic2csv(jn(dirname,'opt.csv'), opt.__dict__)
  File "/p/project/delia-mp/cherepashkin1/circles_public/helpers.py", line 505, in dic2csv
    with open(path, 'w', newline='\n') as csv_file:
    with open(path, 'w', newline='\n') as csv_file:
    with open(path, 'w', newline='\n') as csv_file:
FileNotFoundError: [Errno 2] No such file or directory: '../../plot_output/e073/e073j005/opt.csv'
FileNotFoundError: [Errno 2] No such file or directory: '../../plot_output/e073/e073j005/opt.csv'
FileNotFoundError: [Errno 2] No such file or directory: '../../plot_output/e073/e073j005/opt.csv'
Traceback (most recent call last):
  File "../../main.py", line 234, in <module>
    shutil.copy(jn(opt.jobdir, opt.jobname), jn(dirname, opt.jobname))
  File "/p/software/jurecadc/stages/2020/software/Python/3.8.5-GCCcore-10.3.0/lib/python3.8/shutil.py", line 415, in copy
    copyfile(src, dst, follow_symlinks=follow_symlinks)
  File "/p/software/jurecadc/stages/2020/software/Python/3.8.5-GCCcore-10.3.0/lib/python3.8/shutil.py", line 261, in copyfile
    with open(src, 'rb') as fsrc, open(dst, 'wb') as fdst:
FileNotFoundError: [Errno 2] No such file or directory: '/var/spool/parastation/jobs/e073j005'
srun: error: jrc0260: tasks 0-3: Exited with exit code 1
cpu_bind=NONE - jrc0260, task  0  0 [14936]: mask 0xffffffffffffffffffffffffffffffffffffffffffffffffffffffffffffffff set
cpu_bind=NONE - jrc0260, task  2  2 [14937]: mask 0xffffffffffffffffffffffffffffffffffffffffffffffffffffffffffffffff set
cpu_bind=NONE - jrc0260, task  3  3 [14935]: mask 0xffffffffffffffffffffffffffffffffffffffffffffffffffffffffffffffff set
cpu_bind=NONE - jrc0260, task  1  1 [14938]: mask 0xffffffffffffffffffffffffffffffffffffffffffffffffffffffffffffffff set
Traceback (most recent call last):
  File "../../main.py", line 285, in <module>
    dic2csv(jn(dirname,'opt.csv'), opt.__dict__)
  File "/p/project/delia-mp/cherepashkin1/circles_public/helpers.py", line 505, in dic2csv
Traceback (most recent call last):
  File "../../main.py", line 285, in <module>
    with open(path, 'w', newline='\n') as csv_file:
FileNotFoundError: [Errno 2] No such file or directory: '../../plot_output/e073/e073j006/opt.csv'
    dic2csv(jn(dirname,'opt.csv'), opt.__dict__)
  File "/p/project/delia-mp/cherepashkin1/circles_public/helpers.py", line 505, in dic2csv
    with open(path, 'w', newline='\n') as csv_file:
FileNotFoundError: [Errno 2] No such file or directory: '../../plot_output/e073/e073j006/opt.csv'
Traceback (most recent call last):
  File "../../main.py", line 285, in <module>
    dic2csv(jn(dirname,'opt.csv'), opt.__dict__)
  File "/p/project/delia-mp/cherepashkin1/circles_public/helpers.py", line 505, in dic2csv
    with open(path, 'w', newline='\n') as csv_file:
FileNotFoundError: [Errno 2] No such file or directory: '../../plot_output/e073/e073j006/opt.csv'
Traceback (most recent call last):
  File "../../main.py", line 234, in <module>
    shutil.copy(jn(opt.jobdir, opt.jobname), jn(dirname, opt.jobname))
  File "/p/software/jurecadc/stages/2020/software/Python/3.8.5-GCCcore-10.3.0/lib/python3.8/shutil.py", line 415, in copy
    copyfile(src, dst, follow_symlinks=follow_symlinks)
  File "/p/software/jurecadc/stages/2020/software/Python/3.8.5-GCCcore-10.3.0/lib/python3.8/shutil.py", line 261, in copyfile
    with open(src, 'rb') as fsrc, open(dst, 'wb') as fdst:
FileNotFoundError: [Errno 2] No such file or directory: '/var/spool/parastation/jobs/e073j006'
srun: error: jrc0260: tasks 1,3: Exited with exit code 1
srun: error: jrc0260: tasks 0,2: Terminated
srun: Force Terminated job step 10165896.6
cpu_bind=NONE - jrc0260, task  2  2 [17179]: mask 0xffffffffffffffffffffffffffffffffffffffffffffffffffffffffffffffff set
cpu_bind=NONE - jrc0260, task  3  3 [17180]: mask 0xffffffffffffffffffffffffffffffffffffffffffffffffffffffffffffffff set
cpu_bind=NONE - jrc0260, task  1  1 [17181]: mask 0xffffffffffffffffffffffffffffffffffffffffffffffffffffffffffffffff set
cpu_bind=NONE - jrc0260, task  0  0 [17182]: mask 0xffffffffffffffffffffffffffffffffffffffffffffffffffffffffffffffff set
Traceback (most recent call last):
  File "../../main.py", line 285, in <module>
Traceback (most recent call last):
  File "../../main.py", line 285, in <module>
    dic2csv(jn(dirname,'opt.csv'), opt.__dict__)
  File "/p/project/delia-mp/cherepashkin1/circles_public/helpers.py", line 505, in dic2csv
    dic2csv(jn(dirname,'opt.csv'), opt.__dict__)
  File "/p/project/delia-mp/cherepashkin1/circles_public/helpers.py", line 505, in dic2csv
Traceback (most recent call last):
  File "../../main.py", line 234, in <module>
    shutil.copy(jn(opt.jobdir, opt.jobname), jn(dirname, opt.jobname))
  File "/p/software/jurecadc/stages/2020/software/Python/3.8.5-GCCcore-10.3.0/lib/python3.8/shutil.py", line 415, in copy
    copyfile(src, dst, follow_symlinks=follow_symlinks)
  File "/p/software/jurecadc/stages/2020/software/Python/3.8.5-GCCcore-10.3.0/lib/python3.8/shutil.py", line 261, in copyfile
    with open(src, 'rb') as fsrc, open(dst, 'wb') as fdst:
FileNotFoundError: [Errno 2] No such file or directory: '/var/spool/parastation/jobs/e073j007'
    with open(path, 'w', newline='\n') as csv_file:
    with open(path, 'w', newline='\n') as csv_file:
FileNotFoundError: [Errno 2] No such file or directory: '../../plot_output/e073/e073j007/opt.csv'
FileNotFoundError: [Errno 2] No such file or directory: '../../plot_output/e073/e073j007/opt.csv'
srun: error: jrc0260: tasks 0,2: Terminated
srun: error: jrc0260: tasks 1,3: Exited with exit code 1
srun: Force Terminated job step 10165896.7
cpu_bind=NONE - jrc0260, task  1  1 [19415]: mask 0xffffffffffffffffffffffffffffffffffffffffffffffffffffffffffffffff set
cpu_bind=NONE - jrc0260, task  3  3 [19414]: mask 0xffffffffffffffffffffffffffffffffffffffffffffffffffffffffffffffff set
cpu_bind=NONE - jrc0260, task  2  2 [19417]: mask 0xffffffffffffffffffffffffffffffffffffffffffffffffffffffffffffffff set
cpu_bind=NONE - jrc0260, task  0  0 [19416]: mask 0xffffffffffffffffffffffffffffffffffffffffffffffffffffffffffffffff set
Traceback (most recent call last):
  File "../../main.py", line 285, in <module>
Traceback (most recent call last):
  File "../../main.py", line 285, in <module>
Traceback (most recent call last):
  File "../../main.py", line 285, in <module>
    dic2csv(jn(dirname,'opt.csv'), opt.__dict__)
  File "/p/project/delia-mp/cherepashkin1/circles_public/helpers.py", line 505, in dic2csv
    dic2csv(jn(dirname,'opt.csv'), opt.__dict__)
  File "/p/project/delia-mp/cherepashkin1/circles_public/helpers.py", line 505, in dic2csv
    dic2csv(jn(dirname,'opt.csv'), opt.__dict__)
  File "/p/project/delia-mp/cherepashkin1/circles_public/helpers.py", line 505, in dic2csv
Traceback (most recent call last):
  File "../../main.py", line 234, in <module>
    shutil.copy(jn(opt.jobdir, opt.jobname), jn(dirname, opt.jobname))
  File "/p/software/jurecadc/stages/2020/software/Python/3.8.5-GCCcore-10.3.0/lib/python3.8/shutil.py", line 415, in copy
    with open(path, 'w', newline='\n') as csv_file:
    with open(path, 'w', newline='\n') as csv_file:
    with open(path, 'w', newline='\n') as csv_file:
FileNotFoundError: [Errno 2] No such file or directory: '../../plot_output/e073/e073j008/opt.csv'
FileNotFoundError: [Errno 2] No such file or directory: '../../plot_output/e073/e073j008/opt.csv'
FileNotFoundError: [Errno 2] No such file or directory: '../../plot_output/e073/e073j008/opt.csv'
    copyfile(src, dst, follow_symlinks=follow_symlinks)
  File "/p/software/jurecadc/stages/2020/software/Python/3.8.5-GCCcore-10.3.0/lib/python3.8/shutil.py", line 261, in copyfile
    with open(src, 'rb') as fsrc, open(dst, 'wb') as fdst:
FileNotFoundError: [Errno 2] No such file or directory: '/var/spool/parastation/jobs/e073j008'
srun: error: jrc0260: tasks 0-1: Terminated
srun: error: jrc0260: tasks 2-3: Exited with exit code 1
srun: Force Terminated job step 10165896.8
cpu_bind=NONE - jrc0260, task  1  1 [21629]: mask 0xffffffffffffffffffffffffffffffffffffffffffffffffffffffffffffffff set
cpu_bind=NONE - jrc0260, task  3  3 [21630]: mask 0xffffffffffffffffffffffffffffffffffffffffffffffffffffffffffffffff set
cpu_bind=NONE - jrc0260, task  2  2 [21632]: mask 0xffffffffffffffffffffffffffffffffffffffffffffffffffffffffffffffff set
cpu_bind=NONE - jrc0260, task  0  0 [21631]: mask 0xffffffffffffffffffffffffffffffffffffffffffffffffffffffffffffffff set
Traceback (most recent call last):
  File "../../main.py", line 285, in <module>
Traceback (most recent call last):
  File "../../main.py", line 285, in <module>
    dic2csv(jn(dirname,'opt.csv'), opt.__dict__)
  File "/p/project/delia-mp/cherepashkin1/circles_public/helpers.py", line 505, in dic2csv
    dic2csv(jn(dirname,'opt.csv'), opt.__dict__)
  File "/p/project/delia-mp/cherepashkin1/circles_public/helpers.py", line 505, in dic2csv
Traceback (most recent call last):
  File "../../main.py", line 285, in <module>
    dic2csv(jn(dirname,'opt.csv'), opt.__dict__)
  File "/p/project/delia-mp/cherepashkin1/circles_public/helpers.py", line 505, in dic2csv
Traceback (most recent call last):
  File "../../main.py", line 234, in <module>
    shutil.copy(jn(opt.jobdir, opt.jobname), jn(dirname, opt.jobname))
  File "/p/software/jurecadc/stages/2020/software/Python/3.8.5-GCCcore-10.3.0/lib/python3.8/shutil.py", line 415, in copy
    with open(path, 'w', newline='\n') as csv_file:
    with open(path, 'w', newline='\n') as csv_file:
FileNotFoundError: [Errno 2] No such file or directory: '../../plot_output/e073/e073j009/opt.csv'
    with open(path, 'w', newline='\n') as csv_file:
FileNotFoundError: [Errno 2] No such file or directory: '../../plot_output/e073/e073j009/opt.csv'
FileNotFoundError: [Errno 2] No such file or directory: '../../plot_output/e073/e073j009/opt.csv'
    copyfile(src, dst, follow_symlinks=follow_symlinks)
  File "/p/software/jurecadc/stages/2020/software/Python/3.8.5-GCCcore-10.3.0/lib/python3.8/shutil.py", line 261, in copyfile
    with open(src, 'rb') as fsrc, open(dst, 'wb') as fdst:
FileNotFoundError: [Errno 2] No such file or directory: '/var/spool/parastation/jobs/e073j009'
srun: error: jrc0260: tasks 1-3: Terminated
srun: error: jrc0260: task 0: Exited with exit code 1
srun: Force Terminated job step 10165896.9
