
  Preparing the environment for use of requested stage ( 2020 ).

The following modules were not unloaded:
  (Use "module --force purge" to unload all):

  1) Stages/2020
Setting HOROVOD_MPI_THREADS_DISABLE=1. 
cpu_bind=NONE - jrc0391, task  2  2 [13605]: mask 0xffffffffffffffffffffffffffffffffffffffffffffffffffffffffffffffff set
cpu_bind=NONE - jrc0391, task  1  1 [13606]: mask 0xffffffffffffffffffffffffffffffffffffffffffffffffffffffffffffffff set
cpu_bind=NONE - jrc0391, task  0  0 [13608]: mask 0xffffffffffffffffffffffffffffffffffffffffffffffffffffffffffffffff set
cpu_bind=NONE - jrc0391, task  3  3 [13607]: mask 0xffffffffffffffffffffffffffffffffffffffffffffffffffffffffffffffff set
/p/software/jurecadc/stages/2020/software/PyTorch/1.8.1-gcccoremkl-10.3.0-2021.2.0-Python-3.8.5/lib/python3.8/site-packages/torch/nn/modules/loss.py:528: UserWarning: Using a target size (torch.Size([45, 9])) that is different to the input size (torch.Size([45, 500])). This will likely lead to incorrect results due to broadcasting. Please ensure they have the same size.
  return F.mse_loss(input, target, reduction=self.reduction)
Traceback (most recent call last):
  File "../../../main.py", line 968, in <module>
    model, lossar, time_elapsed = train_model(smodel, optimizer)
  File "../../../main.py", line 629, in train_model
    loss, outputs, outputs_2, latent = out2loss(opt, model,
  File "/p/project/delia-mp/cherepashkin1/circles_public/switcher.py", line 110, in out2loss
    loss = t.mean(loss_fn(outputs, GT))
  File "/p/software/jurecadc/stages/2020/software/PyTorch/1.8.1-gcccoremkl-10.3.0-2021.2.0-Python-3.8.5/lib/python3.8/site-packages/torch/nn/modules/module.py", line 889, in _call_impl
    result = self.forward(*input, **kwargs)
  File "/p/software/jurecadc/stages/2020/software/PyTorch/1.8.1-gcccoremkl-10.3.0-2021.2.0-Python-3.8.5/lib/python3.8/site-packages/torch/nn/modules/loss.py", line 528, in forward
    return F.mse_loss(input, target, reduction=self.reduction)
  File "/p/software/jurecadc/stages/2020/software/PyTorch/1.8.1-gcccoremkl-10.3.0-2021.2.0-Python-3.8.5/lib/python3.8/site-packages/torch/nn/functional.py", line 2928, in mse_loss
    expanded_input, expanded_target = torch.broadcast_tensors(input, target)
  File "/p/software/jurecadc/stages/2020/software/PyTorch/1.8.1-gcccoremkl-10.3.0-2021.2.0-Python-3.8.5/lib/python3.8/site-packages/torch/functional.py", line 74, in broadcast_tensors
    return _VF.broadcast_tensors(tensors)  # type: ignore
RuntimeError: The size of tensor a (500) must match the size of tensor b (9) at non-singleton dimension 1
/p/software/jurecadc/stages/2020/software/PyTorch/1.8.1-gcccoremkl-10.3.0-2021.2.0-Python-3.8.5/lib/python3.8/site-packages/torch/nn/modules/loss.py:528: UserWarning: Using a target size (torch.Size([45, 9])) that is different to the input size (torch.Size([45, 500])). This will likely lead to incorrect results due to broadcasting. Please ensure they have the same size.
  return F.mse_loss(input, target, reduction=self.reduction)
Traceback (most recent call last):
  File "../../../main.py", line 968, in <module>
    model, lossar, time_elapsed = train_model(smodel, optimizer)
  File "../../../main.py", line 629, in train_model
    loss, outputs, outputs_2, latent = out2loss(opt, model,
  File "/p/project/delia-mp/cherepashkin1/circles_public/switcher.py", line 110, in out2loss
    loss = t.mean(loss_fn(outputs, GT))
  File "/p/software/jurecadc/stages/2020/software/PyTorch/1.8.1-gcccoremkl-10.3.0-2021.2.0-Python-3.8.5/lib/python3.8/site-packages/torch/nn/modules/module.py", line 889, in _call_impl
    result = self.forward(*input, **kwargs)
  File "/p/software/jurecadc/stages/2020/software/PyTorch/1.8.1-gcccoremkl-10.3.0-2021.2.0-Python-3.8.5/lib/python3.8/site-packages/torch/nn/modules/loss.py", line 528, in forward
    return F.mse_loss(input, target, reduction=self.reduction)
  File "/p/software/jurecadc/stages/2020/software/PyTorch/1.8.1-gcccoremkl-10.3.0-2021.2.0-Python-3.8.5/lib/python3.8/site-packages/torch/nn/functional.py", line 2928, in mse_loss
    expanded_input, expanded_target = torch.broadcast_tensors(input, target)
  File "/p/software/jurecadc/stages/2020/software/PyTorch/1.8.1-gcccoremkl-10.3.0-2021.2.0-Python-3.8.5/lib/python3.8/site-packages/torch/functional.py", line 74, in broadcast_tensors
    return _VF.broadcast_tensors(tensors)  # type: ignore
RuntimeError: The size of tensor a (500) must match the size of tensor b (9) at non-singleton dimension 1
/p/software/jurecadc/stages/2020/software/PyTorch/1.8.1-gcccoremkl-10.3.0-2021.2.0-Python-3.8.5/lib/python3.8/site-packages/torch/nn/modules/loss.py:528: UserWarning: Using a target size (torch.Size([45, 9])) that is different to the input size (torch.Size([45, 500])). This will likely lead to incorrect results due to broadcasting. Please ensure they have the same size.
  return F.mse_loss(input, target, reduction=self.reduction)
Traceback (most recent call last):
  File "../../../main.py", line 968, in <module>
    model, lossar, time_elapsed = train_model(smodel, optimizer)
  File "../../../main.py", line 629, in train_model
    loss, outputs, outputs_2, latent = out2loss(opt, model,
  File "/p/project/delia-mp/cherepashkin1/circles_public/switcher.py", line 110, in out2loss
    loss = t.mean(loss_fn(outputs, GT))
  File "/p/software/jurecadc/stages/2020/software/PyTorch/1.8.1-gcccoremkl-10.3.0-2021.2.0-Python-3.8.5/lib/python3.8/site-packages/torch/nn/modules/module.py", line 889, in _call_impl
    result = self.forward(*input, **kwargs)
  File "/p/software/jurecadc/stages/2020/software/PyTorch/1.8.1-gcccoremkl-10.3.0-2021.2.0-Python-3.8.5/lib/python3.8/site-packages/torch/nn/modules/loss.py", line 528, in forward
    return F.mse_loss(input, target, reduction=self.reduction)
  File "/p/software/jurecadc/stages/2020/software/PyTorch/1.8.1-gcccoremkl-10.3.0-2021.2.0-Python-3.8.5/lib/python3.8/site-packages/torch/nn/functional.py", line 2928, in mse_loss
    expanded_input, expanded_target = torch.broadcast_tensors(input, target)
  File "/p/software/jurecadc/stages/2020/software/PyTorch/1.8.1-gcccoremkl-10.3.0-2021.2.0-Python-3.8.5/lib/python3.8/site-packages/torch/functional.py", line 74, in broadcast_tensors
    return _VF.broadcast_tensors(tensors)  # type: ignore
RuntimeError: The size of tensor a (500) must match the size of tensor b (9) at non-singleton dimension 1
/p/software/jurecadc/stages/2020/software/PyTorch/1.8.1-gcccoremkl-10.3.0-2021.2.0-Python-3.8.5/lib/python3.8/site-packages/torch/nn/modules/loss.py:528: UserWarning: Using a target size (torch.Size([45, 9])) that is different to the input size (torch.Size([45, 500])). This will likely lead to incorrect results due to broadcasting. Please ensure they have the same size.
  return F.mse_loss(input, target, reduction=self.reduction)
Traceback (most recent call last):
  File "../../../main.py", line 968, in <module>
    model, lossar, time_elapsed = train_model(smodel, optimizer)
  File "../../../main.py", line 629, in train_model
    loss, outputs, outputs_2, latent = out2loss(opt, model,
  File "/p/project/delia-mp/cherepashkin1/circles_public/switcher.py", line 110, in out2loss
    loss = t.mean(loss_fn(outputs, GT))
  File "/p/software/jurecadc/stages/2020/software/PyTorch/1.8.1-gcccoremkl-10.3.0-2021.2.0-Python-3.8.5/lib/python3.8/site-packages/torch/nn/modules/module.py", line 889, in _call_impl
    result = self.forward(*input, **kwargs)
  File "/p/software/jurecadc/stages/2020/software/PyTorch/1.8.1-gcccoremkl-10.3.0-2021.2.0-Python-3.8.5/lib/python3.8/site-packages/torch/nn/modules/loss.py", line 528, in forward
    return F.mse_loss(input, target, reduction=self.reduction)
  File "/p/software/jurecadc/stages/2020/software/PyTorch/1.8.1-gcccoremkl-10.3.0-2021.2.0-Python-3.8.5/lib/python3.8/site-packages/torch/nn/functional.py", line 2928, in mse_loss
    expanded_input, expanded_target = torch.broadcast_tensors(input, target)
  File "/p/software/jurecadc/stages/2020/software/PyTorch/1.8.1-gcccoremkl-10.3.0-2021.2.0-Python-3.8.5/lib/python3.8/site-packages/torch/functional.py", line 74, in broadcast_tensors
    return _VF.broadcast_tensors(tensors)  # type: ignore
RuntimeError: The size of tensor a (500) must match the size of tensor b (9) at non-singleton dimension 1
srun: error: jrc0391: tasks 0-3: Exited with exit code 1
