
  Preparing the environment for use of requested stage ( 2020 ).

The following modules were not unloaded:
  (Use "module --force purge" to unload all):

  1) Stages/2020
Setting HOROVOD_MPI_THREADS_DISABLE=1. 
cpu_bind=NONE - jrc0322, task  1  1 [5882]: mask 0xffffffffffffffffffffffffffffffffffffffffffffffffffffffffffffffff set
cpu_bind=NONE - jrc0322, task  3  3 [5883]: mask 0xffffffffffffffffffffffffffffffffffffffffffffffffffffffffffffffff set
cpu_bind=NONE - jrc0322, task  2  2 [5885]: mask 0xffffffffffffffffffffffffffffffffffffffffffffffffffffffffffffffff set
cpu_bind=NONE - jrc0322, task  0  0 [5884]: mask 0xffffffffffffffffffffffffffffffffffffffffffffffffffffffffffffffff set
Traceback (most recent call last):
  File "../../../main.py", line 968, in <module>
Traceback (most recent call last):
  File "../../../main.py", line 968, in <module>
Traceback (most recent call last):
  File "../../../main.py", line 968, in <module>
    model, lossar, time_elapsed = train_model(smodel, optimizer)
  File "../../../main.py", line 629, in train_model
    model, lossar, time_elapsed = train_model(smodel, optimizer)
  File "../../../main.py", line 629, in train_model
    model, lossar, time_elapsed = train_model(smodel, optimizer)
  File "../../../main.py", line 629, in train_model
    loss, outputs, outputs_2, latent = out2loss(opt, model,
  File "/p/project/delia-mp/cherepashkin1/circles_public/switcher.py", line 141, in out2loss
    loss, outputs, outputs_2, latent = out2loss(opt, model,
  File "/p/project/delia-mp/cherepashkin1/circles_public/switcher.py", line 141, in out2loss
    loss, outputs, outputs_2, latent = out2loss(opt, model,
  File "/p/project/delia-mp/cherepashkin1/circles_public/switcher.py", line 141, in out2loss
Traceback (most recent call last):
  File "../../../main.py", line 968, in <module>
    model, lossar, time_elapsed = train_model(smodel, optimizer)
  File "../../../main.py", line 629, in train_model
    loss, outputs, outputs_2, latent = out2loss(opt, model,
  File "/p/project/delia-mp/cherepashkin1/circles_public/switcher.py", line 141, in out2loss
    print(140, fi-st)
NameError: name 'fi' is not defined
    print(140, fi-st)
    print(140, fi-st)
NameError: name 'fi' is not defined
NameError: name 'fi' is not defined
    print(140, fi-st)
NameError: name 'fi' is not defined
srun: error: jrc0322: tasks 1-3: Exited with exit code 1
srun: error: jrc0322: task 0: Terminated
srun: Force Terminated job step 10156378.0
