
  Preparing the environment for use of requested stage ( 2020 ).

Setting HOROVOD_MPI_THREADS_DISABLE=1. 

Inactive Modules:
  1) ITK/5.2.1-nompi-Python-3.8.5                   10) JupyterKernel-PyDeepLearning/.1.1-2021.3.2
  2) Jupyter/2021.3.2-Python-3.8.5                  11) JupyterKernel-PyParaView/.5.9.1-2021.3.2
  3) JupyterCollection/2021.3.2                     12) JupyterKernel-PyQuantum/.1.1-2021.3.2
  4) JupyterExtension-nvdashboard/0.6.0-2021.3.2    13) JupyterKernel-R/.4.0.2-2021.3.2
  5) JupyterKernel-Bash/.0.7.1-2021.3.2             14) JupyterKernel-Ruby/.2.7.2-2021.3.2
  6) JupyterKernel-Cling/.0.9-2021.3.2              15) JupyterProxy-XpraHTML5/.0.3.2-2021.3.2
  7) JupyterKernel-JavaScript/.5.2.0-2021.3.2       16) Ruby/2.7.2
  8) JupyterKernel-Julia/.1.6.1-2021.3.2            17) numba/0.53.1-Python-3.8.5
  9) JupyterKernel-Octave/.6.1.0-2021.3.2           18) scikit/2021-Python-3.8.5

Due to MODULEPATH changes, the following have been reloaded:
  1) CMake/3.18.0                  39) cairo/.1.17.2
  2) Cling/0.9                     40) dask/2.22.0-Python-3.8.5
  3) DBus/.1.12.20                 41) double-conversion/3.1.5
  4) Eigen/3.3.7                   42) expat/.2.2.9
  5) FFmpeg/.4.3.1                 43) fontconfig/.2.13.92
  6) FriBidi/1.0.9                 44) freeglut/.3.2.1
  7) GEOS/3.8.1-Python-3.8.5       45) freetype/.2.10.1
  8) GLib/.2.64.4                  46) gettext/.0.20.2
  9) GMP/6.2.0                     47) gflags/.2.2.2
 10) HDF5/1.10.6-serial            48) git/2.28.0
 11) HarfBuzz/.2.6.7               49) gperf/.3.1
 12) ICU/.67.1                     50) h5py/2.10.0-serial-Python-3.8.5
 13) JasPer/.2.0.19                51) libevent/.2.1.12
 14) Julia/1.6.1                   52) libffi/.3.3
 15) LAME/.3.100                   53) libjpeg-turbo/.2.0.5
 16) LLVM/10.0.1                   54) libpciaccess/.0.16
 17) LibTIFF/.4.1.0                55) libpng/.1.6.37
 18) NASM/.2.15.03                 56) libreadline/.8.0
 19) NSPR/4.25                     57) libspatialindex/.1.9.3
 20) NSS/3.51                      58) libunwind/.1.4.0
 21) OpenGL/2020                   59) libvpx/1.9.0
 22) PCRE/.8.44                    60) libxml2/.2.9.10
 23) PCRE2/10.34                   61) libxslt/.1.1.34
 24) Perl/5.32.0                   62) libyaml/.0.2.5
 25) PostgreSQL/12.3               63) ncurses/.6.2
 26) Python/3.8.5                  64) netCDF/4.7.4-serial
 27) Qt5/.5.14.2                   65) netcdf4-python/1.5.4-serial-Python-3.8.5
 28) SQLite/.3.32.3                66) nettle/.3.6
 29) SWIG/.4.0.2-Python-3.8.5      67) pixman/.0.40.0
 30) Shapely/1.7.1-Python-3.8.5    68) protobuf/.3.13.0
 31) Szip/.2.1.1                   69) snappy/.1.1.8
 32) Tcl/8.6.10                    70) tbb/2020.3
 33) Tk/.8.6.10                    71) texlive/20200406
 34) X11/20200222                  72) util-linux/.2.36
 35) XZ/.5.2.5                     73) x264/.20200912
 36) ZeroMQ/4.3.3                  74) x265/.3.4
 37) bzip2/.1.0.8                  75) xorg-macros/.1.19.2
 38) cURL/7.71.1                   76) zlib/.1.2.11

The following have been reloaded with a version change:
  1) CUDA/11.3 => CUDA/11.0
  2) GCCcore/.10.3.0 => GCCcore/.9.3.0
  3) Java/15.0.1 => Java/1.8_292-b10-OpenJDK
  4) SciPy-Stack/2021-Python-3.8.5 => SciPy-Stack/2020-Python-3.8.5
  5) binutils/.2.36.1 => binutils/.2.34
  6) imkl/.2021.2.0 => imkl/2020.2.254
  7) libdrm/.2.4.106 => libdrm/.2.4.99


  Preparing the environment for use of requested stage ( 2020 ).

The following modules were not unloaded:
  (Use "module --force purge" to unload all):

  1) Stages/2020
Setting HOROVOD_MPI_THREADS_DISABLE=1. 
[jrc0386:09127] OPAL ERROR: Unreachable in file ext3x_client.c at line 112
--------------------------------------------------------------------------
Sorry!  You were supposed to get help about:
    no-pmi
But I couldn't open the help file:
    /p/software/jurecadc/stages/2020/software/OpenMPI/4.1.1-GCC-10.3.0/share/openmpi/help-ompi-rte-pmix.txt: No such file or directory.  Sorry!
--------------------------------------------------------------------------
*** An error occurred in MPI_Init_thread
*** on a NULL communicator
*** MPI_ERRORS_ARE_FATAL (processes in this communicator will now abort,
***    and potentially your MPI job)
[jrc0386:09127] [0] func:/p/software/jurecadc/stages/2020/software/OpenMPI/4.1.1-GCC-10.3.0/lib/libopen-pal.so.40(opal_backtrace_buffer+0x23) [0x14db745f00a3]
[jrc0386:09127] [1] func:/p/software/jurecadc/stages/2020/software/OpenMPI/4.1.1-GCC-10.3.0/lib/libmpi.so.40(ompi_mpi_abort+0x11f) [0x14db7468693f]
[jrc0386:09127] [2] func:/p/software/jurecadc/stages/2020/software/OpenMPI/4.1.1-GCC-10.3.0/lib/libmpi.so.40(ompi_mpi_errors_are_fatal_comm_handler+0xb3) [0x14db74678863]
[jrc0386:09127] [3] func:/p/software/jurecadc/stages/2020/software/OpenMPI/4.1.1-GCC-10.3.0/lib/libmpi.so.40(ompi_errhandler_invoke+0x18e) [0x14db74677d8e]
[jrc0386:09127] [4] func:/p/software/jurecadc/stages/2020/software/Horovod/0.23.0-gomkl-2021-Python-3.8.5/lib/python3.8/site-packages/horovod/torch/mpi_lib_v2.cpython-38-x86_64-linux-gnu.so(_ZN7horovod6common10MPIContext10InitializeERNS0_17MPIContextManagerE+0x9e) [0x14db7484d49e]
[jrc0386:09127] [5] func:/p/software/jurecadc/stages/2020/software/Horovod/0.23.0-gomkl-2021-Python-3.8.5/lib/python3.8/site-packages/horovod/torch/mpi_lib_v2.cpython-38-x86_64-linux-gnu.so(+0x9e52c) [0x14db747ff52c]
[jrc0386:09127] [6] func:/p/software/jurecadc/stages/2020/software/GCCcore/10.3.0/lib64/libstdc++.so.6(+0xe2790) [0x14dc3874e790]
[jrc0386:09127] [7] func:/usr/lib64/libpthread.so.0(+0x817a) [0x14dc4eebb17a]
[jrc0386:09127] [8] func:/usr/lib64/libc.so.6(clone+0x43) [0x14dc4e9e6dc3]
[jrc0386:09127] Local abort before MPI_INIT completed completed successfully, but am not able to aggregate error messages, and not able to guarantee that all other processes were killed!
