
  Preparing the environment for use of requested stage ( 2020 ).

The following modules were not unloaded:
  (Use "module --force purge" to unload all):

  1) Stages/2020
Setting HOROVOD_MPI_THREADS_DISABLE=1. 
cpu_bind=NONE - jrc0388, task  0  0 [20477]: mask 0xffffffffffffffffffffffffffffffffffffffffffffffffffffffffffffffff set
cpu_bind=NONE - jrc0388, task  3  3 [20478]: mask 0xffffffffffffffffffffffffffffffffffffffffffffffffffffffffffffffff set
cpu_bind=NONE - jrc0388, task  2  2 [20479]: mask 0xffffffffffffffffffffffffffffffffffffffffffffffffffffffffffffffff set
cpu_bind=NONE - jrc0388, task  1  1 [20480]: mask 0xffffffffffffffffffffffffffffffffffffffffffffffffffffffffffffffff set
Traceback (most recent call last):
  File "main.py", line 968, in <module>
    model, lossar, time_elapsed = train_model(smodel, optimizer)
  File "main.py", line 494, in train_model
    dataloaders = {x: t.utils.data.DataLoader(
  File "main.py", line 497, in <dictcomp>
    worker_init_fn=seed_worker,
NameError: name 'seed_worker' is not defined
Traceback (most recent call last):
  File "main.py", line 968, in <module>
Traceback (most recent call last):
  File "main.py", line 968, in <module>
    model, lossar, time_elapsed = train_model(smodel, optimizer)
  File "main.py", line 494, in train_model
    dataloaders = {x: t.utils.data.DataLoader(
  File "main.py", line 497, in <dictcomp>
    worker_init_fn=seed_worker,
NameError: name 'seed_worker' is not defined
    model, lossar, time_elapsed = train_model(smodel, optimizer)
  File "main.py", line 494, in train_model
    dataloaders = {x: t.utils.data.DataLoader(
  File "main.py", line 497, in <dictcomp>
    worker_init_fn=seed_worker,
NameError: name 'seed_worker' is not defined
Traceback (most recent call last):
  File "main.py", line 968, in <module>
    model, lossar, time_elapsed = train_model(smodel, optimizer)
  File "main.py", line 494, in train_model
    dataloaders = {x: t.utils.data.DataLoader(
  File "main.py", line 497, in <dictcomp>
    worker_init_fn=seed_worker,
NameError: name 'seed_worker' is not defined
srun: error: jrc0388: tasks 0-3: Exited with exit code 1
