The activation script must be sourced, otherwise the virtual environment will not work.
Setting vars
iscuda= True
PyTorch Version:  1.8.1
Torchvision Version:  0.9.0a0
opt:
 Namespace(ampl=441, aug_gt='orient', batch_output=2, bs=5, cencrop=700, center=False, chidden_dim=[96, 128, 256, 256, 256], classicnorm=False, cmscrop=0, conTrain='', criterion='L2', csvname='598csv9', datapath='dummy', downsample=1, epoch=1, expdescr='', expnum='e000', feature_extract=False, framelim=40, gradient_predivide_factor=1.0, gttype='single_file', haf=True, hidden_dim=[9], inputt='img', kernel_sizes=[7, 3, 3, 3, 3, 3], lb='orient', loadh5=False, localexp='', lr=0.0001, machine='lenovo', maintain=False, maintain_line=False, man_dist=False, measure_time=False, merging='color', minmax=False, minmax3dimage=False, minmax_f=True, minmax_fn='', model_name='', netname=['cnet'], ngpu=4, noise_input=False, noise_output=False, normalize=False, num_input_images=1, num_sam_points=500, num_workers=0, outputt='orient', parallel='torch', pin_memory=False, print_minibatch=1, pscale=100, rand_angle=False, rescale=500, rot_dirs=False, rotate_output=False, save_output=True, single_folder=False, specie='598', standardize=255, steplr=[1000.0, 1.0], transappendix='_image', ufmodel=100000, updateFraction=0.25, use_adasum=False, use_cuda=True, use_existing_csv=True, use_pretrained=False, use_sep_csv=True, view_sep=False, wandb='', weight_decay=0, zero_angle=True)
sys.argv:
 ['main.py', '-datapath', 'dummy', '-epoch', '1', '-bs', '5', '-num_input_images', '1', '-framelim', '40', '-criterion', 'L2', '-localexp', '', '-lr', '1e-4', '-expnum', 'e000', '-hidden_dim', '9', '-inputt', 'img', '-outputt', 'orient', '-lb', 'orient', '-no_loadh5', '-minmax_fn', '', '-parallel', 'torch', '-machine', 'lenovo', '-merging', 'color', '-aug_gt', 'orient', '-updateFraction', '0.25', '-steplr', '1000', '1', '-print_minibatch', '1']
seed =  0
path were main.py is located= 
opt.wandb =  
93
file to frame csv csv/598frame.csv
lframe's length after laoding =  5283
lframe len after excluding all exceptions= 5283
len train =  32
Thu Jan 27 16:46:43 2022
train consists of 6 full batches with 5 tensors with 1 views
the last batch has size of 2 tensors with 1 views
val consists of 1 full batches with 5 tensors with 1 views
the last batch has size of 3 tensors with 1 views
Epoch 0/0
----------
Thu Jan 27 16:46:43 2022
batch 0, train loss = 0.41, mean loss = 0.41
Thu Jan 27 16:47:01 2022
batch 1, train loss = 23.84, mean loss = 12.12
Thu Jan 27 16:47:02 2022
batch 2, train loss = 23.84, mean loss = 16.03
Thu Jan 27 16:47:02 2022
batch 3, train loss = 23.84, mean loss = 17.98
Thu Jan 27 16:47:03 2022
batch 4, train loss = 23.84, mean loss = 19.15
Thu Jan 27 16:47:04 2022
batch 5, train loss = 1.58, mean loss = 16.23
Thu Jan 27 16:47:04 2022
batch 6, train loss = 1.58, mean loss = 14.13
Thu Jan 27 16:47:05 2022
train Loss: 14.13

batch 0, val loss = 0.02, mean loss = 0.02
Thu Jan 27 16:47:05 2022
batch 1, val loss = 0.02, mean loss = 0.02
Thu Jan 27 16:47:06 2022
val Loss: 0.02

epoch 0 was done for 25.757549 seconds
Training complete in 0m 26s
ellapsed time =  31.633248329162598
