The activation script must be sourced, otherwise the virtual environment will not work.
Setting vars
iscuda= True
opt.wandb =  
93
file to frame csv ../../csv/598frame.csv
iscuda= True
iscuda= True
opt.wandb =  
93
file to frame csv ../../csv/598frame.csv
opt.wandb =  
93
file to frame csv ../../csv/598frame.csv
iscuda= True
PyTorch Version:  1.8.1
Torchvision Version:  0.9.0a0
opt:
 Namespace(ampl=441, aug_gt='orient', batch_output=2, bs=15, cencrop=700, center=False, chidden_dim=[96, 128, 256, 256, 256], classicnorm=False, cmscrop=0, conTrain='', criterion='L2', csvname='598csv9', datapath='/p/project/delia-mp/cherepashkin1/phenoseed/', dfname='598frame', downsample=1, epoch=300, expdescr='', expnum='e068', feature_extract=False, framelim=6000, gradient_predivide_factor=1.0, gttype='single_file', haf=True, hidden_dim=[9], inputt='img', kernel_sizes=[7, 3, 3, 3, 3, 3], lb='orient', loadh5=False, localexp='', lr=5e-05, machine='jureca', maintain=False, maintain_line=False, man_dist=False, measure_time=False, merging='batch', minmax=False, minmax3dimage=False, minmax_f=True, minmax_fn='', model_name='', netname=['cnet'], ngpu=4, noise_input=False, noise_output=False, normalize=False, num_input_images=3, num_sam_points=500, num_workers=0, outputt='orient', parallel='horovod', pin_memory=False, print_minibatch=10, pscale=100, rand_angle=False, rescale=500, rot_dirs=False, rotate_output=False, save_output=True, single_folder=False, specie='598', standardize=255, steplr=[1000.0, 1.0], transappendix='_image', ufmodel=100000, updateFraction=0.25, use_adasum=False, use_cuda=True, use_existing_csv=True, use_pretrained=False, use_sep_csv=True, view_sep=False, wandb='', weight_decay=0, zero_angle=True)
sys.argv:
 ['../../main.py', '-datapath', '/p/project/delia-mp/cherepashkin1/phenoseed/', '-epoch', '300', '-bs', '15', '-num_input_images', '3', '-framelim', '6000', '-criterion', 'L2', '-localexp', '', '-lr', '5e-5', '-expnum', 'e068', '-hidden_dim', '9', '-inputt', 'img', '-outputt', 'orient', '-lb', 'orient', '-no_loadh5', '-minmax_fn', '', '-parallel', 'horovod', '-machine', 'jureca', '-merging', 'batch', '-aug_gt', 'orient', '-updateFraction', '0.25', '-steplr', '1000', '1', '-print_minibatch', '10', '-dfname', '598frame']
seed =  0
path were main.py is located= ../../
opt.wandb =  
93
file to frame csv ../../csv/598frame.csv
lframe's length after laoding =  5283
lframe's length after laoding =  5283
lframe's length after laoding =  5283
lframe's length after laoding =  5283
lframe len after excluding all exceptions= 5200
lframe len after excluding all exceptions= 5200
lframe len after excluding all exceptions= 5200
lframe len after excluding all exceptions= 5200
len train =  4160
len train =  4160
len train =  4160
len train =  4160
train consists of 277 full batches with 15 tensors with 3 views
the last batch has size of 5 tensors with 3 views
val consists of 69 full batches with 15 tensors with 3 views
the last batch has size of 5 tensors with 3 views
Epoch 0/299
----------
Mon Jan 31 00:15:06 2022
batch 0, train loss = 0.52, mean loss = 0.52
Mon Jan 31 00:15:15 2022
batch 10, train loss = 16.31, mean loss = 34.05
Mon Jan 31 00:16:10 2022
batch 20, train loss = 14.47, mean loss = 27.28
Mon Jan 31 00:17:05 2022
batch 30, train loss = 9.74, mean loss = 20.22
Mon Jan 31 00:17:59 2022
batch 40, train loss = 1.65, mean loss = 16.29
Mon Jan 31 00:18:53 2022
batch 50, train loss = 1.71, mean loss = 13.90
Mon Jan 31 00:19:46 2022
batch 60, train loss = 2.59, mean loss = 11.93
Mon Jan 31 00:20:40 2022
train Loss: 10.65

batch 0, val loss = 0.02, mean loss = 0.02
Mon Jan 31 00:21:31 2022
batch 10, val loss = 0.02, mean loss = 0.02
Mon Jan 31 00:22:24 2022
val Loss: 0.02

epoch 0 was done for 476.034720 seconds
Epoch 1/299
----------
Mon Jan 31 00:23:02 2022
batch 0, train loss = 0.89, mean loss = 0.89
Mon Jan 31 00:23:07 2022
batch 10, train loss = 1.34, mean loss = 1.41
Mon Jan 31 00:24:00 2022
batch 20, train loss = 0.88, mean loss = 1.20
Mon Jan 31 00:24:53 2022
batch 30, train loss = 0.85, mean loss = 1.09
Mon Jan 31 00:25:46 2022
batch 40, train loss = 0.59, mean loss = 1.00
Mon Jan 31 00:26:39 2022
batch 50, train loss = 0.58, mean loss = 0.93
Mon Jan 31 00:27:31 2022
batch 60, train loss = 0.51, mean loss = 0.87
Mon Jan 31 00:28:25 2022
train Loss: 0.82

batch 0, val loss = 0.03, mean loss = 0.03
Mon Jan 31 00:29:14 2022
batch 10, val loss = 0.02, mean loss = 0.03
Mon Jan 31 00:30:08 2022
val Loss: 0.03

epoch 1 was done for 462.993235 seconds
Epoch 2/299
----------
Mon Jan 31 00:30:45 2022
batch 0, train loss = 0.48, mean loss = 0.48
Mon Jan 31 00:30:50 2022
batch 10, train loss = 0.42, mean loss = 0.44
Mon Jan 31 00:31:44 2022
batch 20, train loss = 0.43, mean loss = 0.44
Mon Jan 31 00:32:38 2022
batch 30, train loss = 0.42, mean loss = 0.43
Mon Jan 31 00:33:32 2022
batch 40, train loss = 0.36, mean loss = 0.42
Mon Jan 31 00:34:26 2022
batch 50, train loss = 0.36, mean loss = 0.41
Mon Jan 31 00:35:20 2022
batch 60, train loss = 0.35, mean loss = 0.41
Mon Jan 31 00:36:14 2022
train Loss: 0.40

batch 0, val loss = 0.03, mean loss = 0.03
Mon Jan 31 00:37:05 2022
batch 10, val loss = 0.03, mean loss = 0.03
Mon Jan 31 00:37:59 2022
val Loss: 0.03

epoch 2 was done for 472.095753 seconds
Epoch 3/299
----------
Mon Jan 31 00:38:37 2022
batch 0, train loss = 0.31, mean loss = 0.31
Mon Jan 31 00:38:42 2022
batch 10, train loss = 0.33, mean loss = 0.35
Mon Jan 31 00:39:36 2022
batch 20, train loss = 0.34, mean loss = 0.35
Mon Jan 31 00:40:29 2022
batch 30, train loss = 0.36, mean loss = 0.35
Mon Jan 31 00:41:23 2022
batch 40, train loss = 0.32, mean loss = 0.35
Mon Jan 31 00:42:17 2022
batch 50, train loss = 0.33, mean loss = 0.35
Mon Jan 31 00:43:10 2022
batch 60, train loss = 0.33, mean loss = 0.35
Mon Jan 31 00:44:04 2022
train Loss: 0.35

batch 0, val loss = 0.03, mean loss = 0.03
Mon Jan 31 00:44:54 2022
batch 10, val loss = 0.03, mean loss = 0.03
Mon Jan 31 00:45:48 2022
val Loss: 0.03

epoch 3 was done for 468.561457 seconds
Epoch 4/299
----------
Mon Jan 31 00:46:25 2022
batch 0, train loss = 0.30, mean loss = 0.30
Mon Jan 31 00:46:31 2022
batch 10, train loss = 0.32, mean loss = 0.34
Mon Jan 31 00:47:24 2022
batch 20, train loss = 0.33, mean loss = 0.34
Mon Jan 31 00:48:18 2022
batch 30, train loss = 0.36, mean loss = 0.34
Mon Jan 31 00:49:12 2022
batch 40, train loss = 0.29, mean loss = 0.34
Mon Jan 31 00:50:05 2022
batch 50, train loss = 0.31, mean loss = 0.34
Mon Jan 31 00:50:59 2022
batch 60, train loss = 0.29, mean loss = 0.33
Mon Jan 31 00:51:53 2022
train Loss: 0.33

batch 0, val loss = 0.03, mean loss = 0.03
Mon Jan 31 00:52:43 2022
batch 10, val loss = 0.03, mean loss = 0.03
Mon Jan 31 00:53:37 2022
val Loss: 0.03

epoch 4 was done for 469.034071 seconds
Epoch 5/299
----------
Mon Jan 31 00:54:14 2022
batch 0, train loss = 0.29, mean loss = 0.29
Mon Jan 31 00:54:20 2022
batch 10, train loss = 0.33, mean loss = 0.32
Mon Jan 31 00:55:14 2022
batch 20, train loss = 0.32, mean loss = 0.33
Mon Jan 31 00:56:09 2022
batch 30, train loss = 0.36, mean loss = 0.33
Mon Jan 31 00:57:03 2022
batch 40, train loss = 0.27, mean loss = 0.33
Mon Jan 31 00:57:58 2022
batch 50, train loss = 0.31, mean loss = 0.33
Mon Jan 31 00:58:52 2022
batch 60, train loss = 0.28, mean loss = 0.32
Mon Jan 31 00:59:47 2022
train Loss: 0.33

batch 0, val loss = 0.03, mean loss = 0.03
Mon Jan 31 01:00:38 2022
batch 10, val loss = 0.03, mean loss = 0.03
Mon Jan 31 01:01:33 2022
val Loss: 0.03

epoch 5 was done for 476.364831 seconds
Epoch 6/299
----------
Mon Jan 31 01:02:11 2022
batch 0, train loss = 0.27, mean loss = 0.27
Mon Jan 31 01:02:16 2022
batch 10, train loss = 0.32, mean loss = 0.32
Mon Jan 31 01:03:09 2022
batch 20, train loss = 0.30, mean loss = 0.32
Mon Jan 31 01:04:03 2022
batch 30, train loss = 0.35, mean loss = 0.32
Mon Jan 31 01:04:57 2022
batch 40, train loss = 0.25, mean loss = 0.32
Mon Jan 31 01:05:50 2022
batch 50, train loss = 0.30, mean loss = 0.32
Mon Jan 31 01:06:44 2022
batch 60, train loss = 0.27, mean loss = 0.32
Mon Jan 31 01:07:37 2022
train Loss: 0.32

batch 0, val loss = 0.03, mean loss = 0.03
Mon Jan 31 01:08:27 2022
batch 10, val loss = 0.02, mean loss = 0.03
Mon Jan 31 01:09:21 2022
val Loss: 0.03

epoch 6 was done for 467.983328 seconds
Epoch 7/299
----------
Mon Jan 31 01:09:59 2022
batch 0, train loss = 0.26, mean loss = 0.26
Mon Jan 31 01:10:04 2022
batch 10, train loss = 0.31, mean loss = 0.31
Mon Jan 31 01:10:58 2022
batch 20, train loss = 0.29, mean loss = 0.31
Mon Jan 31 01:11:52 2022
batch 30, train loss = 0.34, mean loss = 0.32
Mon Jan 31 01:12:45 2022
batch 40, train loss = 0.25, mean loss = 0.31
Mon Jan 31 01:13:39 2022
batch 50, train loss = 0.30, mean loss = 0.32
Mon Jan 31 01:14:33 2022
batch 60, train loss = 0.26, mean loss = 0.31
Mon Jan 31 01:15:27 2022
train Loss: 0.31

batch 0, val loss = 0.03, mean loss = 0.03
Mon Jan 31 01:16:17 2022
batch 10, val loss = 0.03, mean loss = 0.03
Mon Jan 31 01:17:12 2022
val Loss: 0.03

epoch 7 was done for 470.249866 seconds
Epoch 8/299
----------
Mon Jan 31 01:17:49 2022
batch 0, train loss = 0.26, mean loss = 0.26
Mon Jan 31 01:17:54 2022
batch 10, train loss = 0.31, mean loss = 0.31
Mon Jan 31 01:18:47 2022
batch 20, train loss = 0.29, mean loss = 0.31
Mon Jan 31 01:19:40 2022
batch 30, train loss = 0.34, mean loss = 0.32
Mon Jan 31 01:20:33 2022
batch 40, train loss = 0.24, mean loss = 0.31
Mon Jan 31 01:21:27 2022
batch 50, train loss = 0.30, mean loss = 0.31
Mon Jan 31 01:22:20 2022
batch 60, train loss = 0.25, mean loss = 0.31
Mon Jan 31 01:23:13 2022
train Loss: 0.31

batch 0, val loss = 0.03, mean loss = 0.03
Mon Jan 31 01:24:04 2022
batch 10, val loss = 0.03, mean loss = 0.03
Mon Jan 31 01:24:59 2022
val Loss: 0.03

epoch 8 was done for 467.297489 seconds
Epoch 9/299
----------
Mon Jan 31 01:25:36 2022
batch 0, train loss = 0.25, mean loss = 0.25
Mon Jan 31 01:25:42 2022
batch 10, train loss = 0.31, mean loss = 0.31
Mon Jan 31 01:26:35 2022
batch 20, train loss = 0.28, mean loss = 0.31
Mon Jan 31 01:27:29 2022
batch 30, train loss = 0.34, mean loss = 0.31
Mon Jan 31 01:28:23 2022
batch 40, train loss = 0.23, mean loss = 0.31
Mon Jan 31 01:29:16 2022
batch 50, train loss = 0.29, mean loss = 0.31
Mon Jan 31 01:30:10 2022
batch 60, train loss = 0.24, mean loss = 0.31
Mon Jan 31 01:31:04 2022
train Loss: 0.31

batch 0, val loss = 0.03, mean loss = 0.03
Mon Jan 31 01:31:54 2022
batch 10, val loss = 0.03, mean loss = 0.03
Mon Jan 31 01:32:49 2022
val Loss: 0.03

epoch 9 was done for 470.086092 seconds
Epoch 10/299
----------
Mon Jan 31 01:33:26 2022
batch 0, train loss = 0.24, mean loss = 0.24
Mon Jan 31 01:33:32 2022
batch 10, train loss = 0.30, mean loss = 0.31
Mon Jan 31 01:34:26 2022
batch 20, train loss = 0.27, mean loss = 0.31
Mon Jan 31 01:35:20 2022
batch 30, train loss = 0.34, mean loss = 0.31
Mon Jan 31 01:36:13 2022
batch 40, train loss = 0.23, mean loss = 0.31
Mon Jan 31 01:37:07 2022
batch 50, train loss = 0.29, mean loss = 0.31
Mon Jan 31 01:38:01 2022
batch 60, train loss = 0.23, mean loss = 0.31
Mon Jan 31 01:38:55 2022
train Loss: 0.31

batch 0, val loss = 0.03, mean loss = 0.03
Mon Jan 31 01:39:46 2022
batch 10, val loss = 0.03, mean loss = 0.03
Mon Jan 31 01:40:40 2022
val Loss: 0.03

epoch 10 was done for 471.123482 seconds
Epoch 11/299
----------
Mon Jan 31 01:41:17 2022
batch 0, train loss = 0.24, mean loss = 0.24
Mon Jan 31 01:41:23 2022
batch 10, train loss = 0.30, mean loss = 0.31
Mon Jan 31 01:42:16 2022
batch 20, train loss = 0.27, mean loss = 0.31
Mon Jan 31 01:43:10 2022
batch 30, train loss = 0.33, mean loss = 0.31
Mon Jan 31 01:44:04 2022
batch 40, train loss = 0.22, mean loss = 0.31
Mon Jan 31 01:44:57 2022
batch 50, train loss = 0.29, mean loss = 0.31
Mon Jan 31 01:45:51 2022
batch 60, train loss = 0.23, mean loss = 0.31
Mon Jan 31 01:46:46 2022
train Loss: 0.31

batch 0, val loss = 0.03, mean loss = 0.03
Mon Jan 31 01:47:36 2022
batch 10, val loss = 0.03, mean loss = 0.03
Mon Jan 31 01:48:31 2022
val Loss: 0.03

epoch 11 was done for 471.335050 seconds
Epoch 12/299
----------
Mon Jan 31 01:49:09 2022
batch 0, train loss = 0.23, mean loss = 0.23
Mon Jan 31 01:49:14 2022
batch 10, train loss = 0.30, mean loss = 0.31
Mon Jan 31 01:50:08 2022
batch 20, train loss = 0.26, mean loss = 0.31
Mon Jan 31 01:51:01 2022
batch 30, train loss = 0.33, mean loss = 0.31
Mon Jan 31 01:51:55 2022
batch 40, train loss = 0.21, mean loss = 0.31
Mon Jan 31 01:52:48 2022
batch 50, train loss = 0.29, mean loss = 0.31
Mon Jan 31 01:53:42 2022
batch 60, train loss = 0.22, mean loss = 0.31
Mon Jan 31 01:54:36 2022
train Loss: 0.31

batch 0, val loss = 0.03, mean loss = 0.03
Mon Jan 31 01:55:26 2022
batch 10, val loss = 0.03, mean loss = 0.03
Mon Jan 31 01:56:21 2022
val Loss: 0.03

epoch 12 was done for 469.254568 seconds
Epoch 13/299
----------
Mon Jan 31 01:56:58 2022
batch 0, train loss = 0.23, mean loss = 0.23
Mon Jan 31 01:57:03 2022
batch 10, train loss = 0.30, mean loss = 0.31
Mon Jan 31 01:57:57 2022
batch 20, train loss = 0.26, mean loss = 0.31
Mon Jan 31 01:58:51 2022
batch 30, train loss = 0.34, mean loss = 0.31
Mon Jan 31 01:59:45 2022
batch 40, train loss = 0.21, mean loss = 0.31
Mon Jan 31 02:00:39 2022
batch 50, train loss = 0.29, mean loss = 0.31
Mon Jan 31 02:01:33 2022
batch 60, train loss = 0.21, mean loss = 0.31
Mon Jan 31 02:02:27 2022
train Loss: 0.31

batch 0, val loss = 0.03, mean loss = 0.03
Mon Jan 31 02:03:17 2022
batch 10, val loss = 0.03, mean loss = 0.03
Mon Jan 31 02:04:11 2022
val Loss: 0.02

epoch 13 was done for 470.431414 seconds
Epoch 14/299
----------
Mon Jan 31 02:04:48 2022
batch 0, train loss = 0.22, mean loss = 0.22
Mon Jan 31 02:04:54 2022
batch 10, train loss = 0.30, mean loss = 0.31
Mon Jan 31 02:05:47 2022
batch 20, train loss = 0.25, mean loss = 0.31
Mon Jan 31 02:06:41 2022
batch 30, train loss = 0.34, mean loss = 0.31
Mon Jan 31 02:07:35 2022
batch 40, train loss = 0.20, mean loss = 0.31
Mon Jan 31 02:08:29 2022
batch 50, train loss = 0.29, mean loss = 0.31
Mon Jan 31 02:09:22 2022
batch 60, train loss = 0.21, mean loss = 0.31
Mon Jan 31 02:10:16 2022
train Loss: 0.31

batch 0, val loss = 0.03, mean loss = 0.03
Mon Jan 31 02:11:07 2022
batch 10, val loss = 0.03, mean loss = 0.03
Mon Jan 31 02:12:02 2022
val Loss: 0.02

epoch 14 was done for 471.232219 seconds
Epoch 15/299
----------
Mon Jan 31 02:12:40 2022
batch 0, train loss = 0.21, mean loss = 0.21
Mon Jan 31 02:12:45 2022
batch 10, train loss = 0.30, mean loss = 0.30
Mon Jan 31 02:13:39 2022
batch 20, train loss = 0.25, mean loss = 0.30
Mon Jan 31 02:14:33 2022
batch 30, train loss = 0.34, mean loss = 0.31
Mon Jan 31 02:15:27 2022
batch 40, train loss = 0.19, mean loss = 0.31
Mon Jan 31 02:16:21 2022
batch 50, train loss = 0.29, mean loss = 0.31
Mon Jan 31 02:17:14 2022
batch 60, train loss = 0.20, mean loss = 0.31
Mon Jan 31 02:18:10 2022
train Loss: 0.31

batch 0, val loss = 0.02, mean loss = 0.02
Mon Jan 31 02:19:02 2022
batch 10, val loss = 0.03, mean loss = 0.03
Mon Jan 31 02:19:56 2022
val Loss: 0.02

epoch 15 was done for 473.621505 seconds
Epoch 16/299
----------
Mon Jan 31 02:20:33 2022
batch 0, train loss = 0.21, mean loss = 0.21
Mon Jan 31 02:20:39 2022
batch 10, train loss = 0.29, mean loss = 0.30
Mon Jan 31 02:21:32 2022
batch 20, train loss = 0.24, mean loss = 0.30
Mon Jan 31 02:22:26 2022
batch 30, train loss = 0.34, mean loss = 0.31
Mon Jan 31 02:23:20 2022
batch 40, train loss = 0.18, mean loss = 0.31
Mon Jan 31 02:24:14 2022
batch 50, train loss = 0.29, mean loss = 0.31
Mon Jan 31 02:25:07 2022
batch 60, train loss = 0.19, mean loss = 0.31
Mon Jan 31 02:26:01 2022
train Loss: 0.31

batch 0, val loss = 0.02, mean loss = 0.02
Mon Jan 31 02:26:51 2022
batch 10, val loss = 0.03, mean loss = 0.03
Mon Jan 31 02:27:46 2022
val Loss: 0.02

epoch 16 was done for 469.540121 seconds
Epoch 17/299
----------
Mon Jan 31 02:28:23 2022
batch 0, train loss = 0.20, mean loss = 0.20
Mon Jan 31 02:28:28 2022
batch 10, train loss = 0.29, mean loss = 0.30
Mon Jan 31 02:29:22 2022
batch 20, train loss = 0.23, mean loss = 0.30
Mon Jan 31 02:30:15 2022
batch 30, train loss = 0.34, mean loss = 0.31
Mon Jan 31 02:31:09 2022
batch 40, train loss = 0.17, mean loss = 0.31
Mon Jan 31 02:32:02 2022
batch 50, train loss = 0.29, mean loss = 0.31
Mon Jan 31 02:32:56 2022
batch 60, train loss = 0.18, mean loss = 0.31
Mon Jan 31 02:33:50 2022
train Loss: 0.31

batch 0, val loss = 0.02, mean loss = 0.02
Mon Jan 31 02:34:41 2022
batch 10, val loss = 0.03, mean loss = 0.03
Mon Jan 31 02:35:36 2022
val Loss: 0.02

epoch 17 was done for 471.249950 seconds
Epoch 18/299
----------
Mon Jan 31 02:36:14 2022
batch 0, train loss = 0.19, mean loss = 0.19
Mon Jan 31 02:36:19 2022
batch 10, train loss = 0.29, mean loss = 0.30
Mon Jan 31 02:37:13 2022
batch 20, train loss = 0.22, mean loss = 0.30
Mon Jan 31 02:38:07 2022
batch 30, train loss = 0.35, mean loss = 0.31
Mon Jan 31 02:39:01 2022
batch 40, train loss = 0.17, mean loss = 0.31
Mon Jan 31 02:39:55 2022
batch 50, train loss = 0.30, mean loss = 0.31
Mon Jan 31 02:40:48 2022
batch 60, train loss = 0.17, mean loss = 0.31
Mon Jan 31 02:41:42 2022
train Loss: 0.31

batch 0, val loss = 0.02, mean loss = 0.02
Mon Jan 31 02:42:32 2022
batch 10, val loss = 0.02, mean loss = 0.03
Mon Jan 31 02:43:27 2022
val Loss: 0.02

epoch 18 was done for 470.471802 seconds
Epoch 19/299
----------
Mon Jan 31 02:44:05 2022
batch 0, train loss = 0.19, mean loss = 0.19
Mon Jan 31 02:44:10 2022
batch 10, train loss = 0.29, mean loss = 0.30
Mon Jan 31 02:45:04 2022
batch 20, train loss = 0.22, mean loss = 0.30
Mon Jan 31 02:45:58 2022
batch 30, train loss = 0.35, mean loss = 0.31
Mon Jan 31 02:46:52 2022
batch 40, train loss = 0.16, mean loss = 0.31
Mon Jan 31 02:47:46 2022
batch 50, train loss = 0.30, mean loss = 0.31
Mon Jan 31 02:48:39 2022
batch 60, train loss = 0.16, mean loss = 0.31
Mon Jan 31 02:49:33 2022
train Loss: 0.31

batch 0, val loss = 0.02, mean loss = 0.02
Mon Jan 31 02:50:24 2022
batch 10, val loss = 0.02, mean loss = 0.03
Mon Jan 31 02:51:18 2022
val Loss: 0.02

epoch 19 was done for 470.964198 seconds
Epoch 20/299
----------
Mon Jan 31 02:51:55 2022
batch 0, train loss = 0.18, mean loss = 0.18
Mon Jan 31 02:52:01 2022
batch 10, train loss = 0.29, mean loss = 0.30
Mon Jan 31 02:52:54 2022
batch 20, train loss = 0.21, mean loss = 0.30
Mon Jan 31 02:53:48 2022
batch 30, train loss = 0.35, mean loss = 0.31
Mon Jan 31 02:54:41 2022
batch 40, train loss = 0.15, mean loss = 0.31
Mon Jan 31 02:55:35 2022
batch 50, train loss = 0.30, mean loss = 0.31
Mon Jan 31 02:56:28 2022
batch 60, train loss = 0.16, mean loss = 0.31
Mon Jan 31 02:57:22 2022
train Loss: 0.31

batch 0, val loss = 0.02, mean loss = 0.02
Mon Jan 31 02:58:13 2022
batch 10, val loss = 0.02, mean loss = 0.03
Mon Jan 31 02:59:08 2022
val Loss: 0.02

epoch 20 was done for 469.917286 seconds
Epoch 21/299
----------
Mon Jan 31 02:59:45 2022
batch 0, train loss = 0.17, mean loss = 0.17
Mon Jan 31 02:59:51 2022
batch 10, train loss = 0.29, mean loss = 0.30
Mon Jan 31 03:00:44 2022
batch 20, train loss = 0.20, mean loss = 0.30
Mon Jan 31 03:01:38 2022
batch 30, train loss = 0.35, mean loss = 0.31
Mon Jan 31 03:02:32 2022
batch 40, train loss = 0.14, mean loss = 0.30
Mon Jan 31 03:03:25 2022
batch 50, train loss = 0.30, mean loss = 0.31
Mon Jan 31 03:04:19 2022
batch 60, train loss = 0.15, mean loss = 0.30
Mon Jan 31 03:05:13 2022
train Loss: 0.31

batch 0, val loss = 0.02, mean loss = 0.02
Mon Jan 31 03:06:03 2022
batch 10, val loss = 0.02, mean loss = 0.03
Mon Jan 31 03:06:57 2022
val Loss: 0.02

epoch 21 was done for 469.080621 seconds
Epoch 22/299
----------
Mon Jan 31 03:07:34 2022
batch 0, train loss = 0.17, mean loss = 0.17
Mon Jan 31 03:07:40 2022
batch 10, train loss = 0.29, mean loss = 0.30
Mon Jan 31 03:08:34 2022
batch 20, train loss = 0.19, mean loss = 0.30
Mon Jan 31 03:09:27 2022
batch 30, train loss = 0.35, mean loss = 0.31
Mon Jan 31 03:10:21 2022
batch 40, train loss = 0.13, mean loss = 0.30
Mon Jan 31 03:11:14 2022
batch 50, train loss = 0.30, mean loss = 0.31
Mon Jan 31 03:12:08 2022
batch 60, train loss = 0.14, mean loss = 0.30
Mon Jan 31 03:13:01 2022
train Loss: 0.31

batch 0, val loss = 0.02, mean loss = 0.02
Mon Jan 31 03:13:51 2022
batch 10, val loss = 0.02, mean loss = 0.03
Mon Jan 31 03:14:46 2022
val Loss: 0.02

epoch 22 was done for 468.057094 seconds
Epoch 23/299
----------
Mon Jan 31 03:15:23 2022
batch 0, train loss = 0.16, mean loss = 0.16
Mon Jan 31 03:15:28 2022
batch 10, train loss = 0.29, mean loss = 0.30
Mon Jan 31 03:16:21 2022
batch 20, train loss = 0.18, mean loss = 0.30
Mon Jan 31 03:17:15 2022
batch 30, train loss = 0.35, mean loss = 0.31
Mon Jan 31 03:18:08 2022
batch 40, train loss = 0.12, mean loss = 0.30
Mon Jan 31 03:19:01 2022
batch 50, train loss = 0.30, mean loss = 0.31
Mon Jan 31 03:19:54 2022
batch 60, train loss = 0.13, mean loss = 0.30
Mon Jan 31 03:20:48 2022
train Loss: 0.31

batch 0, val loss = 0.02, mean loss = 0.02
Mon Jan 31 03:21:38 2022
batch 10, val loss = 0.02, mean loss = 0.03
Mon Jan 31 03:22:31 2022
val Loss: 0.02

epoch 23 was done for 466.505279 seconds
Epoch 24/299
----------
Mon Jan 31 03:23:09 2022
batch 0, train loss = 0.15, mean loss = 0.15
Mon Jan 31 03:23:14 2022
batch 10, train loss = 0.29, mean loss = 0.30
Mon Jan 31 03:24:08 2022
batch 20, train loss = 0.17, mean loss = 0.30
Mon Jan 31 03:25:02 2022
batch 30, train loss = 0.35, mean loss = 0.31
Mon Jan 31 03:25:56 2022
batch 40, train loss = 0.12, mean loss = 0.30
Mon Jan 31 03:26:49 2022
batch 50, train loss = 0.30, mean loss = 0.31
Mon Jan 31 03:27:43 2022
batch 60, train loss = 0.12, mean loss = 0.30
Mon Jan 31 03:28:37 2022
train Loss: 0.31

batch 0, val loss = 0.02, mean loss = 0.02
Mon Jan 31 03:29:27 2022
batch 10, val loss = 0.02, mean loss = 0.03
Mon Jan 31 03:30:22 2022
val Loss: 0.02

epoch 24 was done for 470.276413 seconds
Epoch 25/299
----------
Mon Jan 31 03:30:59 2022
batch 0, train loss = 0.15, mean loss = 0.15
Mon Jan 31 03:31:05 2022
batch 10, train loss = 0.30, mean loss = 0.30
Mon Jan 31 03:31:59 2022
batch 20, train loss = 0.16, mean loss = 0.30
Mon Jan 31 03:32:53 2022
batch 30, train loss = 0.36, mean loss = 0.31
Mon Jan 31 03:33:47 2022
batch 40, train loss = 0.11, mean loss = 0.30
Mon Jan 31 03:34:40 2022
batch 50, train loss = 0.30, mean loss = 0.31
Mon Jan 31 03:35:34 2022
batch 60, train loss = 0.11, mean loss = 0.30
Mon Jan 31 03:36:28 2022
train Loss: 0.31

batch 0, val loss = 0.02, mean loss = 0.02
Mon Jan 31 03:37:18 2022
batch 10, val loss = 0.02, mean loss = 0.03
Mon Jan 31 03:38:13 2022
val Loss: 0.02

epoch 25 was done for 470.383650 seconds
Epoch 26/299
----------
Mon Jan 31 03:38:50 2022
batch 0, train loss = 0.14, mean loss = 0.14
Mon Jan 31 03:38:55 2022
batch 10, train loss = 0.30, mean loss = 0.30
Mon Jan 31 03:39:48 2022
batch 20, train loss = 0.15, mean loss = 0.30
Mon Jan 31 03:40:41 2022
batch 30, train loss = 0.36, mean loss = 0.31
Mon Jan 31 03:41:34 2022
batch 40, train loss = 0.10, mean loss = 0.31
Mon Jan 31 03:42:28 2022
batch 50, train loss = 0.30, mean loss = 0.31
Mon Jan 31 03:43:21 2022
batch 60, train loss = 0.10, mean loss = 0.31
Mon Jan 31 03:44:14 2022
train Loss: 0.31

batch 0, val loss = 0.02, mean loss = 0.02
Mon Jan 31 03:45:04 2022
batch 10, val loss = 0.02, mean loss = 0.03
Mon Jan 31 03:45:58 2022
val Loss: 0.02

epoch 26 was done for 464.979123 seconds
Epoch 27/299
----------
Mon Jan 31 03:46:35 2022
batch 0, train loss = 0.13, mean loss = 0.13
Mon Jan 31 03:46:40 2022
batch 10, train loss = 0.30, mean loss = 0.30
Mon Jan 31 03:47:34 2022
batch 20, train loss = 0.14, mean loss = 0.30
Mon Jan 31 03:48:27 2022
batch 30, train loss = 0.36, mean loss = 0.31
Mon Jan 31 03:49:21 2022
batch 40, train loss = 0.09, mean loss = 0.31
Mon Jan 31 03:50:14 2022
batch 50, train loss = 0.31, mean loss = 0.31
Mon Jan 31 03:51:08 2022
batch 60, train loss = 0.10, mean loss = 0.31
Mon Jan 31 03:52:02 2022
train Loss: 0.31

batch 0, val loss = 0.02, mean loss = 0.02
Mon Jan 31 03:52:52 2022
batch 10, val loss = 0.02, mean loss = 0.02
Mon Jan 31 03:53:46 2022
val Loss: 0.02

epoch 27 was done for 468.436537 seconds
Epoch 28/299
----------
Mon Jan 31 03:54:23 2022
batch 0, train loss = 0.13, mean loss = 0.13
Mon Jan 31 03:54:29 2022
batch 10, train loss = 0.30, mean loss = 0.30
Mon Jan 31 03:55:23 2022
batch 20, train loss = 0.13, mean loss = 0.30
Mon Jan 31 03:56:18 2022
batch 30, train loss = 0.37, mean loss = 0.31
Mon Jan 31 03:57:12 2022
batch 40, train loss = 0.09, mean loss = 0.31
Mon Jan 31 03:58:06 2022
batch 50, train loss = 0.33, mean loss = 0.32
Mon Jan 31 03:59:01 2022
batch 60, train loss = 0.09, mean loss = 0.31
Mon Jan 31 03:59:55 2022
train Loss: 0.32

batch 0, val loss = 0.03, mean loss = 0.03
Mon Jan 31 04:00:46 2022
batch 10, val loss = 0.02, mean loss = 0.02
Mon Jan 31 04:01:41 2022
val Loss: 0.02

epoch 28 was done for 475.428710 seconds
Epoch 29/299
----------
Mon Jan 31 04:02:19 2022
batch 0, train loss = 0.12, mean loss = 0.12
Mon Jan 31 04:02:24 2022
batch 10, train loss = 0.31, mean loss = 0.32
Mon Jan 31 04:03:17 2022
batch 20, train loss = 0.14, mean loss = 0.32
Mon Jan 31 04:04:11 2022
batch 30, train loss = 0.40, mean loss = 0.33
Mon Jan 31 04:05:04 2022
batch 40, train loss = 0.10, mean loss = 0.33
Mon Jan 31 04:05:58 2022
batch 50, train loss = 0.42, mean loss = 0.34
Mon Jan 31 04:06:51 2022
batch 60, train loss = 0.08, mean loss = 0.33
Mon Jan 31 04:07:44 2022
train Loss: 0.34

batch 0, val loss = 0.03, mean loss = 0.03
Mon Jan 31 04:08:34 2022
batch 10, val loss = 0.02, mean loss = 0.03
Mon Jan 31 04:09:28 2022
val Loss: 0.03

epoch 29 was done for 466.487405 seconds
Epoch 30/299
----------
Mon Jan 31 04:10:05 2022
batch 0, train loss = 0.11, mean loss = 0.11
Mon Jan 31 04:10:10 2022
batch 10, train loss = 0.41, mean loss = 0.37
Mon Jan 31 04:11:04 2022
batch 20, train loss = 0.12, mean loss = 0.38
Mon Jan 31 04:11:58 2022
batch 30, train loss = 0.47, mean loss = 0.41
Mon Jan 31 04:12:52 2022
batch 40, train loss = 0.15, mean loss = 0.40
Mon Jan 31 04:13:46 2022
batch 50, train loss = 0.37, mean loss = 0.42
Mon Jan 31 04:14:39 2022
batch 60, train loss = 0.25, mean loss = 0.42
Mon Jan 31 04:15:33 2022
train Loss: 0.43

batch 0, val loss = 0.03, mean loss = 0.03
Mon Jan 31 04:16:24 2022
batch 10, val loss = 0.03, mean loss = 0.03
Mon Jan 31 04:17:18 2022
val Loss: 0.03

epoch 30 was done for 470.550941 seconds
Epoch 31/299
----------
Mon Jan 31 04:17:56 2022
batch 0, train loss = 0.15, mean loss = 0.15
Mon Jan 31 04:18:01 2022
batch 10, train loss = 0.36, mean loss = 0.41
Mon Jan 31 04:18:56 2022
batch 20, train loss = 0.12, mean loss = 0.38
Mon Jan 31 04:19:50 2022
batch 30, train loss = 0.40, mean loss = 0.37
Mon Jan 31 04:20:44 2022
batch 40, train loss = 0.10, mean loss = 0.36
Mon Jan 31 04:21:39 2022
batch 50, train loss = 0.34, mean loss = 0.36
Mon Jan 31 04:22:33 2022
batch 60, train loss = 0.10, mean loss = 0.35
Mon Jan 31 04:23:28 2022
train Loss: 0.36

batch 0, val loss = 0.02, mean loss = 0.02
Mon Jan 31 04:24:18 2022
batch 10, val loss = 0.03, mean loss = 0.03
Mon Jan 31 04:25:13 2022
val Loss: 0.03

epoch 31 was done for 474.882110 seconds
Epoch 32/299
----------
Mon Jan 31 04:25:50 2022
batch 0, train loss = 0.23, mean loss = 0.23
Mon Jan 31 04:25:56 2022
batch 10, train loss = 0.42, mean loss = 0.41
Mon Jan 31 04:26:49 2022
batch 20, train loss = 0.16, mean loss = 0.41
Mon Jan 31 04:27:43 2022
batch 30, train loss = 0.63, mean loss = 0.43
Mon Jan 31 04:28:36 2022
batch 40, train loss = 0.25, mean loss = 0.43
Mon Jan 31 04:29:30 2022
batch 50, train loss = 0.37, mean loss = 0.43
Mon Jan 31 04:30:23 2022
batch 60, train loss = 0.17, mean loss = 0.42
Mon Jan 31 04:31:17 2022
train Loss: 0.42

batch 0, val loss = 0.03, mean loss = 0.03
Mon Jan 31 04:32:07 2022
batch 10, val loss = 0.03, mean loss = 0.03
Mon Jan 31 04:33:01 2022
val Loss: 0.03

epoch 32 was done for 468.164568 seconds
Epoch 33/299
----------
Mon Jan 31 04:33:39 2022
batch 0, train loss = 0.16, mean loss = 0.16
Mon Jan 31 04:33:44 2022
batch 10, train loss = 0.65, mean loss = 0.47
Mon Jan 31 04:34:38 2022
batch 20, train loss = 0.51, mean loss = 0.52
Mon Jan 31 04:35:32 2022
batch 30, train loss = 0.44, mean loss = 0.55
Mon Jan 31 04:36:26 2022
batch 40, train loss = 0.18, mean loss = 0.56
Mon Jan 31 04:37:20 2022
batch 50, train loss = 0.84, mean loss = 0.58
Mon Jan 31 04:38:14 2022
batch 60, train loss = 0.45, mean loss = 0.57
Mon Jan 31 04:39:08 2022
train Loss: 0.56

batch 0, val loss = 0.02, mean loss = 0.02
Mon Jan 31 04:39:58 2022
batch 10, val loss = 0.02, mean loss = 0.03
Mon Jan 31 04:40:53 2022
val Loss: 0.02

epoch 33 was done for 472.059375 seconds
Epoch 34/299
----------
Mon Jan 31 04:41:31 2022
batch 0, train loss = 0.18, mean loss = 0.18
Mon Jan 31 04:41:36 2022
batch 10, train loss = 0.44, mean loss = 0.48
Mon Jan 31 04:42:31 2022
batch 20, train loss = 0.30, mean loss = 0.49
Mon Jan 31 04:43:25 2022
batch 30, train loss = 0.47, mean loss = 0.50
Mon Jan 31 04:44:20 2022
batch 40, train loss = 0.23, mean loss = 0.50
Mon Jan 31 04:45:14 2022
batch 50, train loss = 0.53, mean loss = 0.51
Mon Jan 31 04:46:08 2022
batch 60, train loss = 0.28, mean loss = 0.51
Mon Jan 31 04:47:03 2022
train Loss: 0.52

batch 0, val loss = 0.02, mean loss = 0.02
Mon Jan 31 04:47:54 2022
batch 10, val loss = 0.02, mean loss = 0.02
Mon Jan 31 04:48:49 2022
val Loss: 0.02

epoch 34 was done for 475.641879 seconds
Epoch 35/299
----------
Mon Jan 31 04:49:26 2022
batch 0, train loss = 0.31, mean loss = 0.31
Mon Jan 31 04:49:32 2022
batch 10, train loss = 0.72, mean loss = 0.53
Mon Jan 31 04:50:25 2022
batch 20, train loss = 0.57, mean loss = 0.58
Mon Jan 31 04:51:19 2022
batch 30, train loss = 0.81, mean loss = 0.62
Mon Jan 31 04:52:13 2022
batch 40, train loss = 0.84, mean loss = 0.66
Mon Jan 31 04:53:07 2022
batch 50, train loss = 0.76, mean loss = 0.69
Mon Jan 31 04:54:00 2022
batch 60, train loss = 0.86, mean loss = 0.72
Mon Jan 31 04:54:54 2022
train Loss: 0.73

batch 0, val loss = 0.02, mean loss = 0.02
Mon Jan 31 04:55:44 2022
batch 10, val loss = 0.02, mean loss = 0.02
Mon Jan 31 04:56:39 2022
val Loss: 0.02

epoch 35 was done for 469.888620 seconds
Epoch 36/299
----------
Mon Jan 31 04:57:16 2022
batch 0, train loss = 0.59, mean loss = 0.59
Mon Jan 31 04:57:22 2022
batch 10, train loss = 0.59, mean loss = 0.82
Mon Jan 31 04:58:15 2022
batch 20, train loss = 0.67, mean loss = 0.82
Mon Jan 31 04:59:09 2022
batch 30, train loss = 0.52, mean loss = 0.83
Mon Jan 31 05:00:03 2022
batch 40, train loss = 0.61, mean loss = 0.84
Mon Jan 31 05:00:57 2022
batch 50, train loss = 0.46, mean loss = 0.83
Mon Jan 31 05:01:51 2022
batch 60, train loss = 0.62, mean loss = 0.81
Mon Jan 31 05:02:45 2022
train Loss: 0.79

batch 0, val loss = 0.02, mean loss = 0.02
Mon Jan 31 05:03:35 2022
batch 10, val loss = 0.03, mean loss = 0.02
Mon Jan 31 05:04:30 2022
val Loss: 0.02

epoch 36 was done for 471.260790 seconds
Epoch 37/299
----------
Mon Jan 31 05:05:07 2022
batch 0, train loss = 0.30, mean loss = 0.30
Mon Jan 31 05:05:13 2022
batch 10, train loss = 0.42, mean loss = 0.58
Mon Jan 31 05:06:06 2022
batch 20, train loss = 0.38, mean loss = 0.56
Mon Jan 31 05:06:59 2022
batch 30, train loss = 0.50, mean loss = 0.54
Mon Jan 31 05:07:52 2022
batch 40, train loss = 0.27, mean loss = 0.52
Mon Jan 31 05:08:46 2022
batch 50, train loss = 0.42, mean loss = 0.51
Mon Jan 31 05:09:39 2022
batch 60, train loss = 0.23, mean loss = 0.50
Mon Jan 31 05:10:32 2022
train Loss: 0.49

batch 0, val loss = 0.02, mean loss = 0.02
Mon Jan 31 05:11:22 2022
batch 10, val loss = 0.02, mean loss = 0.03
Mon Jan 31 05:12:17 2022
val Loss: 0.03

epoch 37 was done for 467.341773 seconds
Epoch 38/299
----------
Mon Jan 31 05:12:55 2022
batch 0, train loss = 0.18, mean loss = 0.18
Mon Jan 31 05:13:00 2022
batch 10, train loss = 0.43, mean loss = 0.42
Mon Jan 31 05:13:54 2022
batch 20, train loss = 0.30, mean loss = 0.43
Mon Jan 31 05:14:48 2022
batch 30, train loss = 0.51, mean loss = 0.44
Mon Jan 31 05:15:42 2022
batch 40, train loss = 0.26, mean loss = 0.45
Mon Jan 31 05:16:36 2022
batch 50, train loss = 0.43, mean loss = 0.46
Mon Jan 31 05:17:30 2022
batch 60, train loss = 0.25, mean loss = 0.46
Mon Jan 31 05:18:24 2022
train Loss: 0.47

batch 0, val loss = 0.02, mean loss = 0.02
Mon Jan 31 05:19:14 2022
batch 10, val loss = 0.03, mean loss = 0.03
Mon Jan 31 05:20:09 2022
val Loss: 0.03

epoch 38 was done for 471.999901 seconds
Epoch 39/299
----------
Mon Jan 31 05:20:47 2022
batch 0, train loss = 0.22, mean loss = 0.22
Mon Jan 31 05:20:52 2022
batch 10, train loss = 0.52, mean loss = 0.49
Mon Jan 31 05:21:46 2022
batch 20, train loss = 0.31, mean loss = 0.49
Mon Jan 31 05:22:40 2022
batch 30, train loss = 0.68, mean loss = 0.51
Mon Jan 31 05:23:34 2022
batch 40, train loss = 0.26, mean loss = 0.52
Mon Jan 31 05:24:29 2022
batch 50, train loss = 0.54, mean loss = 0.53
Mon Jan 31 05:25:23 2022
batch 60, train loss = 0.35, mean loss = 0.53
Mon Jan 31 05:26:17 2022
train Loss: 0.53

batch 0, val loss = 0.02, mean loss = 0.02
Mon Jan 31 05:27:07 2022
batch 10, val loss = 0.03, mean loss = 0.03
Mon Jan 31 05:28:02 2022
val Loss: 0.03

epoch 39 was done for 472.465801 seconds
Epoch 40/299
----------
Mon Jan 31 05:28:39 2022
batch 0, train loss = 0.45, mean loss = 0.45
Mon Jan 31 05:28:45 2022
batch 10, train loss = 0.71, mean loss = 0.53
Mon Jan 31 05:29:38 2022
batch 20, train loss = 0.40, mean loss = 0.52
Mon Jan 31 05:30:31 2022
batch 30, train loss = 0.51, mean loss = 0.54
Mon Jan 31 05:31:24 2022
batch 40, train loss = 0.37, mean loss = 0.56
Mon Jan 31 05:32:17 2022
batch 50, train loss = 0.51, mean loss = 0.56
Mon Jan 31 05:33:10 2022
batch 60, train loss = 0.49, mean loss = 0.56
Mon Jan 31 05:34:04 2022
train Loss: 0.57

batch 0, val loss = 0.02, mean loss = 0.02
Mon Jan 31 05:34:53 2022
batch 10, val loss = 0.02, mean loss = 0.02
Mon Jan 31 05:35:47 2022
val Loss: 0.03

epoch 40 was done for 464.985689 seconds
Epoch 41/299
----------
Mon Jan 31 05:36:24 2022
batch 0, train loss = 0.47, mean loss = 0.47
Mon Jan 31 05:36:30 2022
batch 10, train loss = 0.79, mean loss = 0.58
Mon Jan 31 05:37:23 2022
batch 20, train loss = 0.24, mean loss = 0.57
Mon Jan 31 05:38:17 2022
batch 30, train loss = 0.52, mean loss = 0.61
Mon Jan 31 05:39:11 2022
batch 40, train loss = 0.45, mean loss = 0.61
Mon Jan 31 05:40:05 2022
batch 50, train loss = 0.75, mean loss = 0.60
Mon Jan 31 05:40:59 2022
batch 60, train loss = 0.29, mean loss = 0.59
Mon Jan 31 05:41:53 2022
train Loss: 0.59

batch 0, val loss = 0.03, mean loss = 0.03
Mon Jan 31 05:42:43 2022
batch 10, val loss = 0.02, mean loss = 0.03
Mon Jan 31 05:43:38 2022
val Loss: 0.03

epoch 41 was done for 470.610218 seconds
Epoch 42/299
----------
Mon Jan 31 05:44:15 2022
batch 0, train loss = 0.32, mean loss = 0.32
Mon Jan 31 05:44:20 2022
batch 10, train loss = 0.53, mean loss = 0.61
Mon Jan 31 05:45:15 2022
batch 20, train loss = 0.53, mean loss = 0.62
Mon Jan 31 05:46:10 2022
batch 30, train loss = 0.96, mean loss = 0.62
Mon Jan 31 05:47:04 2022
batch 40, train loss = 0.27, mean loss = 0.60
Mon Jan 31 05:47:58 2022
batch 50, train loss = 0.47, mean loss = 0.61
Mon Jan 31 05:48:52 2022
batch 60, train loss = 0.49, mean loss = 0.61
Mon Jan 31 05:49:47 2022
train Loss: 0.60

batch 0, val loss = 0.02, mean loss = 0.02
Mon Jan 31 05:50:37 2022
batch 10, val loss = 0.02, mean loss = 0.02
Mon Jan 31 05:51:32 2022
val Loss: 0.02

epoch 42 was done for 475.081699 seconds
Epoch 43/299
----------
Mon Jan 31 05:52:10 2022
batch 0, train loss = 0.46, mean loss = 0.46
Mon Jan 31 05:52:15 2022
batch 10, train loss = 0.59, mean loss = 0.50
Mon Jan 31 05:53:09 2022
batch 20, train loss = 0.22, mean loss = 0.49
Mon Jan 31 05:54:02 2022
batch 30, train loss = 0.52, mean loss = 0.50
Mon Jan 31 05:54:56 2022
batch 40, train loss = 0.35, mean loss = 0.50
Mon Jan 31 05:55:50 2022
batch 50, train loss = 0.50, mean loss = 0.49
Mon Jan 31 05:56:44 2022
batch 60, train loss = 0.24, mean loss = 0.48
Mon Jan 31 05:57:37 2022
train Loss: 0.48

batch 0, val loss = 0.02, mean loss = 0.02
Mon Jan 31 05:58:27 2022
batch 10, val loss = 0.03, mean loss = 0.03
Mon Jan 31 05:59:22 2022
val Loss: 0.03

epoch 43 was done for 469.053232 seconds
Epoch 44/299
----------
Mon Jan 31 05:59:59 2022
batch 0, train loss = 0.19, mean loss = 0.19
Mon Jan 31 06:00:04 2022
batch 10, train loss = 0.38, mean loss = 0.43
Mon Jan 31 06:00:58 2022
batch 20, train loss = 0.24, mean loss = 0.42
Mon Jan 31 06:01:52 2022
batch 30, train loss = 0.48, mean loss = 0.41
Mon Jan 31 06:02:46 2022
batch 40, train loss = 0.12, mean loss = 0.40
Mon Jan 31 06:03:40 2022
batch 50, train loss = 0.35, mean loss = 0.40
Mon Jan 31 06:04:34 2022
batch 60, train loss = 0.15, mean loss = 0.39
Mon Jan 31 06:05:28 2022
train Loss: 0.38

batch 0, val loss = 0.03, mean loss = 0.03
Mon Jan 31 06:06:18 2022
batch 10, val loss = 0.02, mean loss = 0.03
Mon Jan 31 06:07:13 2022
val Loss: 0.03

epoch 44 was done for 471.426759 seconds
Epoch 45/299
----------
Mon Jan 31 06:07:50 2022
batch 0, train loss = 0.14, mean loss = 0.14
Mon Jan 31 06:07:56 2022
batch 10, train loss = 0.40, mean loss = 0.34
Mon Jan 31 06:08:51 2022
batch 20, train loss = 0.15, mean loss = 0.34
Mon Jan 31 06:09:46 2022
batch 30, train loss = 0.43, mean loss = 0.35
Mon Jan 31 06:10:40 2022
batch 40, train loss = 0.08, mean loss = 0.35
Mon Jan 31 06:11:35 2022
batch 50, train loss = 0.34, mean loss = 0.35
Mon Jan 31 06:12:29 2022
batch 60, train loss = 0.12, mean loss = 0.35
Mon Jan 31 06:13:24 2022
train Loss: 0.35

batch 0, val loss = 0.03, mean loss = 0.03
Mon Jan 31 06:14:15 2022
batch 10, val loss = 0.03, mean loss = 0.03
Mon Jan 31 06:15:10 2022
val Loss: 0.03

epoch 45 was done for 477.190425 seconds
Epoch 46/299
----------
Mon Jan 31 06:15:48 2022
batch 0, train loss = 0.13, mean loss = 0.13
Mon Jan 31 06:15:53 2022
batch 10, train loss = 0.41, mean loss = 0.33
Mon Jan 31 06:16:46 2022
batch 20, train loss = 0.09, mean loss = 0.33
Mon Jan 31 06:17:40 2022
batch 30, train loss = 0.40, mean loss = 0.34
Mon Jan 31 06:18:33 2022
batch 40, train loss = 0.08, mean loss = 0.34
Mon Jan 31 06:19:27 2022
batch 50, train loss = 0.34, mean loss = 0.34
Mon Jan 31 06:20:20 2022
batch 60, train loss = 0.10, mean loss = 0.33
Mon Jan 31 06:21:14 2022
train Loss: 0.34

batch 0, val loss = 0.03, mean loss = 0.03
Mon Jan 31 06:22:04 2022
batch 10, val loss = 0.03, mean loss = 0.03
Mon Jan 31 06:22:58 2022
val Loss: 0.03

epoch 46 was done for 467.774743 seconds
Epoch 47/299
----------
Mon Jan 31 06:23:35 2022
batch 0, train loss = 0.12, mean loss = 0.12
Mon Jan 31 06:23:41 2022
batch 10, train loss = 0.43, mean loss = 0.33
Mon Jan 31 06:24:35 2022
batch 20, train loss = 0.07, mean loss = 0.33
Mon Jan 31 06:25:29 2022
batch 30, train loss = 0.40, mean loss = 0.34
Mon Jan 31 06:26:23 2022
batch 40, train loss = 0.08, mean loss = 0.34
Mon Jan 31 06:27:17 2022
batch 50, train loss = 0.35, mean loss = 0.34
Mon Jan 31 06:28:10 2022
batch 60, train loss = 0.09, mean loss = 0.34
Mon Jan 31 06:29:05 2022
train Loss: 0.34

batch 0, val loss = 0.03, mean loss = 0.03
Mon Jan 31 06:29:55 2022
batch 10, val loss = 0.03, mean loss = 0.03
Mon Jan 31 06:30:50 2022
val Loss: 0.03

epoch 47 was done for 471.570925 seconds
Epoch 48/299
----------
Mon Jan 31 06:31:27 2022
batch 0, train loss = 0.12, mean loss = 0.12
Mon Jan 31 06:31:33 2022
batch 10, train loss = 0.45, mean loss = 0.34
Mon Jan 31 06:32:27 2022
batch 20, train loss = 0.07, mean loss = 0.34
Mon Jan 31 06:33:23 2022
batch 30, train loss = 0.42, mean loss = 0.35
Mon Jan 31 06:34:26 2022
batch 40, train loss = 0.08, mean loss = 0.35
Mon Jan 31 06:35:25 2022
batch 50, train loss = 0.36, mean loss = 0.35
Mon Jan 31 06:36:21 2022
batch 60, train loss = 0.10, mean loss = 0.35
Mon Jan 31 06:37:17 2022
train Loss: 0.35

batch 0, val loss = 0.03, mean loss = 0.03
Mon Jan 31 06:38:08 2022
batch 10, val loss = 0.02, mean loss = 0.03
Mon Jan 31 06:39:04 2022
val Loss: 0.03

epoch 48 was done for 494.588369 seconds
Epoch 49/299
----------
Mon Jan 31 06:39:42 2022
batch 0, train loss = 0.13, mean loss = 0.13
Mon Jan 31 06:39:47 2022
batch 10, train loss = 0.47, mean loss = 0.36
Mon Jan 31 06:40:41 2022
batch 20, train loss = 0.08, mean loss = 0.37
Mon Jan 31 06:41:34 2022
batch 30, train loss = 0.47, mean loss = 0.38
Mon Jan 31 06:42:28 2022
batch 40, train loss = 0.10, mean loss = 0.37
Mon Jan 31 06:43:21 2022
batch 50, train loss = 0.38, mean loss = 0.37
Mon Jan 31 06:44:15 2022
batch 60, train loss = 0.10, mean loss = 0.37
Mon Jan 31 06:45:09 2022
train Loss: 0.37

batch 0, val loss = 0.02, mean loss = 0.02
Mon Jan 31 06:45:59 2022
batch 10, val loss = 0.02, mean loss = 0.02
Mon Jan 31 06:46:53 2022
val Loss: 0.02

epoch 49 was done for 468.830063 seconds
Epoch 50/299
----------
Mon Jan 31 06:47:30 2022
batch 0, train loss = 0.13, mean loss = 0.13
Mon Jan 31 06:47:36 2022
batch 10, train loss = 0.48, mean loss = 0.39
Mon Jan 31 06:48:30 2022
batch 20, train loss = 0.13, mean loss = 0.40
Mon Jan 31 06:49:23 2022
batch 30, train loss = 0.57, mean loss = 0.41
Mon Jan 31 06:50:17 2022
batch 40, train loss = 0.13, mean loss = 0.41
Mon Jan 31 06:51:11 2022
batch 50, train loss = 0.41, mean loss = 0.41
Mon Jan 31 06:52:05 2022
batch 60, train loss = 0.12, mean loss = 0.41
Mon Jan 31 06:52:58 2022
train Loss: 0.41

batch 0, val loss = 0.02, mean loss = 0.02
Mon Jan 31 06:53:48 2022
batch 10, val loss = 0.02, mean loss = 0.02
Mon Jan 31 06:54:43 2022
val Loss: 0.02

epoch 50 was done for 469.703625 seconds
Epoch 51/299
----------
Mon Jan 31 06:55:20 2022
batch 0, train loss = 0.15, mean loss = 0.15
Mon Jan 31 06:55:26 2022
batch 10, train loss = 0.47, mean loss = 0.43
Mon Jan 31 06:56:19 2022
batch 20, train loss = 0.21, mean loss = 0.45
Mon Jan 31 06:57:13 2022
batch 30, train loss = 0.72, mean loss = 0.47
Mon Jan 31 06:58:06 2022
batch 40, train loss = 0.17, mean loss = 0.47
Mon Jan 31 06:59:00 2022
batch 50, train loss = 0.44, mean loss = 0.48
Mon Jan 31 06:59:53 2022
batch 60, train loss = 0.19, mean loss = 0.47
Mon Jan 31 07:00:47 2022
train Loss: 0.48

batch 0, val loss = 0.03, mean loss = 0.03
Mon Jan 31 07:01:38 2022
batch 10, val loss = 0.02, mean loss = 0.02
Mon Jan 31 07:02:33 2022
val Loss: 0.03

epoch 51 was done for 470.595072 seconds
Epoch 52/299
----------
Mon Jan 31 07:03:11 2022
batch 0, train loss = 0.21, mean loss = 0.21
Mon Jan 31 07:03:16 2022
batch 10, train loss = 0.49, mean loss = 0.49
Mon Jan 31 07:04:10 2022
batch 20, train loss = 0.33, mean loss = 0.51
Mon Jan 31 07:05:03 2022
batch 30, train loss = 0.85, mean loss = 0.54
Mon Jan 31 07:05:57 2022
batch 40, train loss = 0.23, mean loss = 0.55
Mon Jan 31 07:06:51 2022
batch 50, train loss = 0.49, mean loss = 0.56
Mon Jan 31 07:07:45 2022
batch 60, train loss = 0.36, mean loss = 0.56
Mon Jan 31 07:08:39 2022
train Loss: 0.56

batch 0, val loss = 0.03, mean loss = 0.03
Mon Jan 31 07:09:29 2022
batch 10, val loss = 0.02, mean loss = 0.03
Mon Jan 31 07:10:23 2022
val Loss: 0.03

epoch 52 was done for 469.933965 seconds
Epoch 53/299
----------
Mon Jan 31 07:11:01 2022
batch 0, train loss = 0.33, mean loss = 0.33
Mon Jan 31 07:11:06 2022
batch 10, train loss = 0.58, mean loss = 0.53
Mon Jan 31 07:12:01 2022
batch 20, train loss = 0.40, mean loss = 0.55
Mon Jan 31 07:12:55 2022
batch 30, train loss = 0.78, mean loss = 0.59
Mon Jan 31 07:13:49 2022
batch 40, train loss = 0.35, mean loss = 0.61
Mon Jan 31 07:14:44 2022
batch 50, train loss = 0.66, mean loss = 0.63
Mon Jan 31 07:15:38 2022
batch 60, train loss = 0.51, mean loss = 0.63
Mon Jan 31 07:16:32 2022
train Loss: 0.63

batch 0, val loss = 0.02, mean loss = 0.02
Mon Jan 31 07:17:23 2022
batch 10, val loss = 0.02, mean loss = 0.02
Mon Jan 31 07:18:17 2022
val Loss: 0.02

epoch 53 was done for 474.251504 seconds
Epoch 54/299
----------
Mon Jan 31 07:18:55 2022
batch 0, train loss = 0.50, mean loss = 0.50
Mon Jan 31 07:19:00 2022
batch 10, train loss = 0.67, mean loss = 0.59
Mon Jan 31 07:19:53 2022
batch 20, train loss = 0.31, mean loss = 0.59
Mon Jan 31 07:20:47 2022
batch 30, train loss = 0.57, mean loss = 0.61
Mon Jan 31 07:21:40 2022
batch 40, train loss = 0.48, mean loss = 0.62
Mon Jan 31 07:22:33 2022
batch 50, train loss = 0.84, mean loss = 0.63
Mon Jan 31 07:23:26 2022
batch 60, train loss = 0.36, mean loss = 0.62
Mon Jan 31 07:24:20 2022
train Loss: 0.63

batch 0, val loss = 0.02, mean loss = 0.02
Mon Jan 31 07:25:10 2022
batch 10, val loss = 0.02, mean loss = 0.02
Mon Jan 31 07:26:05 2022
val Loss: 0.02

epoch 54 was done for 466.986588 seconds
Epoch 55/299
----------
Mon Jan 31 07:26:42 2022
batch 0, train loss = 0.32, mean loss = 0.32
Mon Jan 31 07:26:47 2022
batch 10, train loss = 0.58, mean loss = 0.62
Mon Jan 31 07:27:42 2022
batch 20, train loss = 0.33, mean loss = 0.58
Mon Jan 31 07:28:36 2022
batch 30, train loss = 0.56, mean loss = 0.58
Mon Jan 31 07:29:30 2022
batch 40, train loss = 0.33, mean loss = 0.57
Mon Jan 31 07:30:24 2022
batch 50, train loss = 0.61, mean loss = 0.57
Mon Jan 31 07:31:18 2022
batch 60, train loss = 0.30, mean loss = 0.56
Mon Jan 31 07:32:15 2022
train Loss: 0.56

batch 0, val loss = 0.03, mean loss = 0.03
Mon Jan 31 07:33:05 2022
batch 10, val loss = 0.03, mean loss = 0.03
Mon Jan 31 07:34:00 2022
val Loss: 0.03

epoch 55 was done for 475.599804 seconds
Epoch 56/299
----------
Mon Jan 31 07:34:37 2022
batch 0, train loss = 0.35, mean loss = 0.35
Mon Jan 31 07:34:43 2022
batch 10, train loss = 0.67, mean loss = 0.54
Mon Jan 31 07:35:37 2022
batch 20, train loss = 0.31, mean loss = 0.53
Mon Jan 31 07:36:32 2022
batch 30, train loss = 0.63, mean loss = 0.53
Mon Jan 31 07:37:26 2022
batch 40, train loss = 0.31, mean loss = 0.52
Mon Jan 31 07:38:20 2022
batch 50, train loss = 0.51, mean loss = 0.53
Mon Jan 31 07:39:14 2022
batch 60, train loss = 0.31, mean loss = 0.52
Mon Jan 31 07:40:11 2022
train Loss: 0.52

batch 0, val loss = 0.04, mean loss = 0.04
Mon Jan 31 07:41:06 2022
batch 10, val loss = 0.04, mean loss = 0.03
Mon Jan 31 07:42:01 2022
val Loss: 0.03

epoch 56 was done for 481.066919 seconds
Epoch 57/299
----------
Mon Jan 31 07:42:39 2022
batch 0, train loss = 0.32, mean loss = 0.32
Mon Jan 31 07:42:44 2022
batch 10, train loss = 0.54, mean loss = 0.51
Mon Jan 31 07:43:38 2022
batch 20, train loss = 0.35, mean loss = 0.52
Mon Jan 31 07:44:31 2022
batch 30, train loss = 0.73, mean loss = 0.53
Mon Jan 31 07:45:29 2022
batch 40, train loss = 0.32, mean loss = 0.54
Mon Jan 31 07:46:23 2022
batch 50, train loss = 0.58, mean loss = 0.56
Mon Jan 31 07:47:16 2022
batch 60, train loss = 0.33, mean loss = 0.55
Mon Jan 31 07:48:13 2022
train Loss: 0.56

batch 0, val loss = 0.02, mean loss = 0.02
Mon Jan 31 07:49:03 2022
batch 10, val loss = 0.03, mean loss = 0.02
Mon Jan 31 07:49:57 2022
val Loss: 0.02

epoch 57 was done for 475.621556 seconds
Epoch 58/299
----------
Mon Jan 31 07:50:34 2022
batch 0, train loss = 0.34, mean loss = 0.34
Mon Jan 31 07:50:40 2022
batch 10, train loss = 0.56, mean loss = 0.58
Mon Jan 31 07:51:33 2022
batch 20, train loss = 0.52, mean loss = 0.60
Mon Jan 31 07:52:27 2022
batch 30, train loss = 0.85, mean loss = 0.60
Mon Jan 31 07:53:21 2022
batch 40, train loss = 0.27, mean loss = 0.61
Mon Jan 31 07:54:15 2022
batch 50, train loss = 0.50, mean loss = 0.63
Mon Jan 31 07:55:10 2022
batch 60, train loss = 0.61, mean loss = 0.63
Mon Jan 31 07:56:05 2022
train Loss: 0.61

batch 0, val loss = 0.03, mean loss = 0.03
Mon Jan 31 07:56:55 2022
batch 10, val loss = 0.03, mean loss = 0.03
Mon Jan 31 07:57:50 2022
val Loss: 0.03

epoch 58 was done for 473.986565 seconds
Epoch 59/299
----------
Mon Jan 31 07:58:28 2022
batch 0, train loss = 0.56, mean loss = 0.56
Mon Jan 31 07:58:34 2022
batch 10, train loss = 0.64, mean loss = 0.49
Mon Jan 31 07:59:30 2022
batch 20, train loss = 0.16, mean loss = 0.49
Mon Jan 31 08:00:27 2022
batch 30, train loss = 0.43, mean loss = 0.50
Mon Jan 31 08:01:23 2022
batch 40, train loss = 0.50, mean loss = 0.51
Mon Jan 31 08:02:27 2022
batch 50, train loss = 0.59, mean loss = 0.49
Mon Jan 31 08:03:31 2022
batch 60, train loss = 0.13, mean loss = 0.48
Mon Jan 31 08:04:40 2022
train Loss: 0.48

batch 0, val loss = 0.03, mean loss = 0.03
Mon Jan 31 08:05:43 2022
batch 10, val loss = 0.03, mean loss = 0.03
Mon Jan 31 08:06:40 2022
val Loss: 0.03

epoch 59 was done for 529.873173 seconds
Epoch 60/299
----------
Mon Jan 31 08:07:18 2022
batch 0, train loss = 0.15, mean loss = 0.15
Mon Jan 31 08:07:24 2022
batch 10, train loss = 0.45, mean loss = 0.39
Mon Jan 31 08:08:18 2022
batch 20, train loss = 0.18, mean loss = 0.37
Mon Jan 31 08:09:13 2022
batch 30, train loss = 0.39, mean loss = 0.36
Mon Jan 31 08:10:07 2022
batch 40, train loss = 0.12, mean loss = 0.36
Mon Jan 31 08:11:01 2022
batch 50, train loss = 0.37, mean loss = 0.35
Mon Jan 31 08:11:54 2022
batch 60, train loss = 0.10, mean loss = 0.35
Mon Jan 31 08:12:48 2022
train Loss: 0.35

batch 0, val loss = 0.03, mean loss = 0.03
Mon Jan 31 08:13:38 2022
batch 10, val loss = 0.03, mean loss = 0.03
Mon Jan 31 08:14:33 2022
val Loss: 0.03

epoch 60 was done for 472.097944 seconds
Epoch 61/299
----------
Mon Jan 31 08:15:10 2022
batch 0, train loss = 0.12, mean loss = 0.12
Mon Jan 31 08:15:16 2022
batch 10, train loss = 0.38, mean loss = 0.31
Mon Jan 31 08:16:09 2022
batch 20, train loss = 0.10, mean loss = 0.32
Mon Jan 31 08:17:03 2022
batch 30, train loss = 0.43, mean loss = 0.33
Mon Jan 31 08:17:57 2022
batch 40, train loss = 0.10, mean loss = 0.33
Mon Jan 31 08:18:51 2022
batch 50, train loss = 0.39, mean loss = 0.34
Mon Jan 31 08:19:44 2022
batch 60, train loss = 0.10, mean loss = 0.34
Mon Jan 31 08:20:39 2022
train Loss: 0.34

batch 0, val loss = 0.03, mean loss = 0.03
Mon Jan 31 08:21:29 2022
batch 10, val loss = 0.03, mean loss = 0.03
Mon Jan 31 08:22:24 2022
val Loss: 0.03

epoch 61 was done for 470.939786 seconds
Epoch 62/299
----------
Mon Jan 31 08:23:01 2022
batch 0, train loss = 0.11, mean loss = 0.11
Mon Jan 31 08:23:07 2022
batch 10, train loss = 0.38, mean loss = 0.33
Mon Jan 31 08:24:01 2022
batch 20, train loss = 0.08, mean loss = 0.33
Mon Jan 31 08:24:56 2022
batch 30, train loss = 0.41, mean loss = 0.34
Mon Jan 31 08:25:51 2022
batch 40, train loss = 0.11, mean loss = 0.34
Mon Jan 31 08:26:46 2022
batch 50, train loss = 0.41, mean loss = 0.35
Mon Jan 31 08:27:44 2022
batch 60, train loss = 0.07, mean loss = 0.34
Mon Jan 31 08:28:43 2022
train Loss: 0.35

batch 0, val loss = 0.02, mean loss = 0.02
Mon Jan 31 08:29:34 2022
batch 10, val loss = 0.03, mean loss = 0.03
Mon Jan 31 08:30:29 2022
val Loss: 0.03

epoch 62 was done for 485.698104 seconds
Epoch 63/299
----------
Mon Jan 31 08:31:07 2022
batch 0, train loss = 0.09, mean loss = 0.09
Mon Jan 31 08:31:12 2022
batch 10, train loss = 0.40, mean loss = 0.34
Mon Jan 31 08:32:07 2022
batch 20, train loss = 0.09, mean loss = 0.34
Mon Jan 31 08:33:04 2022
batch 30, train loss = 0.43, mean loss = 0.34
Mon Jan 31 08:33:59 2022
batch 40, train loss = 0.08, mean loss = 0.34
Mon Jan 31 08:34:59 2022
batch 50, train loss = 0.40, mean loss = 0.35
Mon Jan 31 08:35:52 2022
batch 60, train loss = 0.06, mean loss = 0.35
Mon Jan 31 08:36:47 2022
train Loss: 0.35

batch 0, val loss = 0.02, mean loss = 0.02
Mon Jan 31 08:37:43 2022
batch 10, val loss = 0.03, mean loss = 0.03
Mon Jan 31 08:38:43 2022
val Loss: 0.03

epoch 63 was done for 497.433858 seconds
Epoch 64/299
----------
Mon Jan 31 08:39:24 2022
batch 0, train loss = 0.08, mean loss = 0.08
Mon Jan 31 08:39:30 2022
batch 10, train loss = 0.41, mean loss = 0.34
Mon Jan 31 08:40:28 2022
batch 20, train loss = 0.08, mean loss = 0.34
Mon Jan 31 08:41:25 2022
batch 30, train loss = 0.44, mean loss = 0.35
Mon Jan 31 08:42:24 2022
batch 40, train loss = 0.07, mean loss = 0.35
Mon Jan 31 08:43:26 2022
batch 50, train loss = 0.40, mean loss = 0.35
Mon Jan 31 08:44:27 2022
batch 60, train loss = 0.06, mean loss = 0.35
Mon Jan 31 08:45:27 2022
train Loss: 0.36

batch 0, val loss = 0.03, mean loss = 0.03
Mon Jan 31 08:46:24 2022
batch 10, val loss = 0.03, mean loss = 0.03
Mon Jan 31 08:47:24 2022
val Loss: 0.03

epoch 64 was done for 521.011044 seconds
Epoch 65/299
----------
Mon Jan 31 08:48:05 2022
batch 0, train loss = 0.07, mean loss = 0.07
Mon Jan 31 08:48:11 2022
batch 10, train loss = 0.41, mean loss = 0.35
Mon Jan 31 08:49:10 2022
batch 20, train loss = 0.10, mean loss = 0.36
Mon Jan 31 08:50:12 2022
batch 30, train loss = 0.49, mean loss = 0.37
Mon Jan 31 08:51:16 2022
batch 40, train loss = 0.07, mean loss = 0.37
Mon Jan 31 08:52:16 2022
batch 50, train loss = 0.41, mean loss = 0.37
Mon Jan 31 08:53:16 2022
batch 60, train loss = 0.07, mean loss = 0.37
Mon Jan 31 08:54:15 2022
train Loss: 0.38

batch 0, val loss = 0.03, mean loss = 0.03
Mon Jan 31 08:55:09 2022
batch 10, val loss = 0.03, mean loss = 0.03
Mon Jan 31 08:56:03 2022
val Loss: 0.03

epoch 65 was done for 515.950078 seconds
Epoch 66/299
----------
Mon Jan 31 08:56:41 2022
batch 0, train loss = 0.08, mean loss = 0.08
Mon Jan 31 08:56:47 2022
batch 10, train loss = 0.43, mean loss = 0.38
Mon Jan 31 08:57:41 2022
batch 20, train loss = 0.16, mean loss = 0.40
Mon Jan 31 08:58:35 2022
batch 30, train loss = 0.58, mean loss = 0.40
Mon Jan 31 08:59:41 2022
batch 40, train loss = 0.06, mean loss = 0.40
Mon Jan 31 09:00:48 2022
batch 50, train loss = 0.40, mean loss = 0.41
Mon Jan 31 09:01:56 2022
batch 60, train loss = 0.13, mean loss = 0.41
Mon Jan 31 09:03:03 2022
train Loss: 0.42

batch 0, val loss = 0.03, mean loss = 0.03
Mon Jan 31 09:04:07 2022
batch 10, val loss = 0.03, mean loss = 0.03
Mon Jan 31 09:05:14 2022
val Loss: 0.03

epoch 66 was done for 559.041327 seconds
Epoch 67/299
----------
Mon Jan 31 09:06:00 2022
batch 0, train loss = 0.12, mean loss = 0.12
Mon Jan 31 09:06:07 2022
batch 10, train loss = 0.46, mean loss = 0.41
Mon Jan 31 09:07:14 2022
batch 20, train loss = 0.20, mean loss = 0.41
Mon Jan 31 09:08:27 2022
batch 30, train loss = 0.60, mean loss = 0.41
Mon Jan 31 09:09:34 2022
batch 40, train loss = 0.06, mean loss = 0.41
Mon Jan 31 09:10:41 2022
batch 50, train loss = 0.39, mean loss = 0.43
Mon Jan 31 09:11:49 2022
batch 60, train loss = 0.19, mean loss = 0.43
Mon Jan 31 09:12:56 2022
train Loss: 0.44

batch 0, val loss = 0.03, mean loss = 0.03
Mon Jan 31 09:13:59 2022
batch 10, val loss = 0.03, mean loss = 0.03
Mon Jan 31 09:15:06 2022
val Loss: 0.03

epoch 67 was done for 590.878189 seconds
Epoch 68/299
----------
Mon Jan 31 09:15:51 2022
batch 0, train loss = 0.25, mean loss = 0.25
Mon Jan 31 09:15:58 2022
batch 10, train loss = 0.63, mean loss = 0.46
Mon Jan 31 09:17:04 2022
batch 20, train loss = 0.19, mean loss = 0.45
Mon Jan 31 09:18:12 2022
batch 30, train loss = 0.58, mean loss = 0.47
Mon Jan 31 09:19:19 2022
batch 40, train loss = 0.13, mean loss = 0.48
Mon Jan 31 09:20:26 2022
batch 50, train loss = 0.46, mean loss = 0.49
Mon Jan 31 09:21:33 2022
batch 60, train loss = 0.34, mean loss = 0.49
Mon Jan 31 09:22:41 2022
train Loss: 0.49

batch 0, val loss = 0.03, mean loss = 0.03
Mon Jan 31 09:23:44 2022
batch 10, val loss = 0.03, mean loss = 0.03
Mon Jan 31 09:24:51 2022
val Loss: 0.03

epoch 68 was done for 586.741302 seconds
Epoch 69/299
----------
Mon Jan 31 09:25:38 2022
batch 0, train loss = 0.46, mean loss = 0.46
Mon Jan 31 09:25:44 2022
batch 10, train loss = 0.83, mean loss = 0.51
Mon Jan 31 09:26:51 2022
batch 20, train loss = 0.14, mean loss = 0.49
Mon Jan 31 09:27:59 2022
batch 30, train loss = 0.47, mean loss = 0.53
Mon Jan 31 09:29:07 2022
batch 40, train loss = 0.36, mean loss = 0.54
Mon Jan 31 09:30:14 2022
batch 50, train loss = 0.76, mean loss = 0.56
Mon Jan 31 09:31:22 2022
batch 60, train loss = 0.36, mean loss = 0.55
Mon Jan 31 09:32:29 2022
train Loss: 0.55

batch 0, val loss = 0.03, mean loss = 0.03
Mon Jan 31 09:33:32 2022
batch 10, val loss = 0.03, mean loss = 0.03
Mon Jan 31 09:34:39 2022
val Loss: 0.03

epoch 69 was done for 586.819651 seconds
Epoch 70/299
----------
Mon Jan 31 09:35:25 2022
batch 0, train loss = 0.35, mean loss = 0.35
Mon Jan 31 09:35:31 2022
batch 10, train loss = 0.58, mean loss = 0.56
Mon Jan 31 09:36:38 2022
batch 20, train loss = 0.36, mean loss = 0.60
Mon Jan 31 09:37:46 2022
batch 30, train loss = 0.74, mean loss = 0.60
Mon Jan 31 09:38:53 2022
batch 40, train loss = 0.40, mean loss = 0.58
Mon Jan 31 09:40:00 2022
batch 50, train loss = 0.69, mean loss = 0.58
Mon Jan 31 09:41:08 2022
batch 60, train loss = 0.20, mean loss = 0.57
Mon Jan 31 09:42:15 2022
train Loss: 0.58

batch 0, val loss = 0.03, mean loss = 0.03
Mon Jan 31 09:43:18 2022
batch 10, val loss = 0.03, mean loss = 0.03
Mon Jan 31 09:44:25 2022
val Loss: 0.03

epoch 70 was done for 585.484668 seconds
Epoch 71/299
----------
Mon Jan 31 09:45:10 2022
batch 0, train loss = 0.28, mean loss = 0.28
Mon Jan 31 09:45:16 2022
batch 10, train loss = 0.60, mean loss = 0.51
Mon Jan 31 09:46:25 2022
batch 20, train loss = 0.37, mean loss = 0.50
Mon Jan 31 09:47:32 2022
batch 30, train loss = 0.58, mean loss = 0.50
Mon Jan 31 09:48:39 2022
batch 40, train loss = 0.24, mean loss = 0.50
Mon Jan 31 09:49:46 2022
batch 50, train loss = 0.44, mean loss = 0.48
Mon Jan 31 09:50:56 2022
batch 60, train loss = 0.19, mean loss = 0.46
Mon Jan 31 09:52:03 2022
train Loss: 0.45

batch 0, val loss = 0.02, mean loss = 0.02
Mon Jan 31 09:53:06 2022
batch 10, val loss = 0.03, mean loss = 0.03
Mon Jan 31 09:54:13 2022
val Loss: 0.03

epoch 71 was done for 588.320549 seconds
Epoch 72/299
----------
Mon Jan 31 09:54:58 2022
batch 0, train loss = 0.14, mean loss = 0.14
Mon Jan 31 09:55:05 2022
batch 10, train loss = 0.40, mean loss = 0.37
Mon Jan 31 09:56:11 2022
batch 20, train loss = 0.15, mean loss = 0.37
Mon Jan 31 09:57:18 2022
batch 30, train loss = 0.46, mean loss = 0.38
Mon Jan 31 09:58:25 2022
batch 40, train loss = 0.13, mean loss = 0.38
Mon Jan 31 09:59:33 2022
batch 50, train loss = 0.43, mean loss = 0.38
Mon Jan 31 10:00:41 2022
batch 60, train loss = 0.11, mean loss = 0.38
Mon Jan 31 10:01:48 2022
train Loss: 0.38

batch 0, val loss = 0.02, mean loss = 0.02
Mon Jan 31 10:02:51 2022
batch 10, val loss = 0.03, mean loss = 0.03
Mon Jan 31 10:03:58 2022
val Loss: 0.03

epoch 72 was done for 584.571802 seconds
Epoch 73/299
----------
Mon Jan 31 10:04:43 2022
batch 0, train loss = 0.13, mean loss = 0.13
Mon Jan 31 10:04:49 2022
batch 10, train loss = 0.43, mean loss = 0.38
Mon Jan 31 10:05:56 2022
batch 20, train loss = 0.18, mean loss = 0.39
Mon Jan 31 10:07:04 2022
batch 30, train loss = 0.53, mean loss = 0.40
Mon Jan 31 10:08:11 2022
batch 40, train loss = 0.12, mean loss = 0.41
Mon Jan 31 10:09:17 2022
batch 50, train loss = 0.42, mean loss = 0.40
Mon Jan 31 10:10:25 2022
batch 60, train loss = 0.16, mean loss = 0.40
Mon Jan 31 10:11:31 2022
train Loss: 0.40

batch 0, val loss = 0.02, mean loss = 0.02
Mon Jan 31 10:12:34 2022
batch 10, val loss = 0.03, mean loss = 0.03
Mon Jan 31 10:13:42 2022
val Loss: 0.03

epoch 73 was done for 584.772951 seconds
Epoch 74/299
----------
Mon Jan 31 10:14:28 2022
batch 0, train loss = 0.16, mean loss = 0.16
Mon Jan 31 10:14:34 2022
batch 10, train loss = 0.45, mean loss = 0.41
Mon Jan 31 10:15:40 2022
batch 20, train loss = 0.15, mean loss = 0.42
Mon Jan 31 10:16:46 2022
batch 30, train loss = 0.52, mean loss = 0.42
Mon Jan 31 10:17:52 2022
batch 40, train loss = 0.13, mean loss = 0.43
Mon Jan 31 10:18:59 2022
batch 50, train loss = 0.43, mean loss = 0.42
Mon Jan 31 10:20:06 2022
batch 60, train loss = 0.13, mean loss = 0.42
Mon Jan 31 10:21:13 2022
train Loss: 0.41

batch 0, val loss = 0.02, mean loss = 0.02
Mon Jan 31 10:22:18 2022
batch 10, val loss = 0.03, mean loss = 0.03
Mon Jan 31 10:23:25 2022
val Loss: 0.03

epoch 74 was done for 582.489892 seconds
Epoch 75/299
----------
Mon Jan 31 10:24:10 2022
batch 0, train loss = 0.13, mean loss = 0.13
Mon Jan 31 10:24:17 2022
batch 10, train loss = 0.44, mean loss = 0.40
Mon Jan 31 10:25:24 2022
batch 20, train loss = 0.13, mean loss = 0.41
Mon Jan 31 10:26:30 2022
batch 30, train loss = 0.53, mean loss = 0.42
Mon Jan 31 10:27:37 2022
batch 40, train loss = 0.13, mean loss = 0.44
Mon Jan 31 10:28:43 2022
batch 50, train loss = 0.46, mean loss = 0.43
Mon Jan 31 10:29:49 2022
batch 60, train loss = 0.12, mean loss = 0.43
Mon Jan 31 10:30:55 2022
train Loss: 0.42

batch 0, val loss = 0.02, mean loss = 0.02
Mon Jan 31 10:31:58 2022
batch 10, val loss = 0.03, mean loss = 0.03
Mon Jan 31 10:33:04 2022
val Loss: 0.03

epoch 75 was done for 578.603107 seconds
Epoch 76/299
----------
Mon Jan 31 10:33:49 2022
batch 0, train loss = 0.12, mean loss = 0.12
Mon Jan 31 10:33:55 2022
batch 10, train loss = 0.43, mean loss = 0.39
Mon Jan 31 10:35:02 2022
batch 20, train loss = 0.12, mean loss = 0.40
Mon Jan 31 10:36:09 2022
batch 30, train loss = 0.53, mean loss = 0.42
Mon Jan 31 10:37:15 2022
batch 40, train loss = 0.15, mean loss = 0.43
Mon Jan 31 10:38:21 2022
batch 50, train loss = 0.51, mean loss = 0.44
Mon Jan 31 10:39:27 2022
batch 60, train loss = 0.13, mean loss = 0.44
Mon Jan 31 10:40:32 2022
train Loss: 0.44

batch 0, val loss = 0.03, mean loss = 0.03
Mon Jan 31 10:41:35 2022
batch 10, val loss = 0.03, mean loss = 0.03
Mon Jan 31 10:42:41 2022
val Loss: 0.03

epoch 76 was done for 577.314916 seconds
Epoch 77/299
----------
Mon Jan 31 10:43:26 2022
batch 0, train loss = 0.13, mean loss = 0.13
Mon Jan 31 10:43:33 2022
batch 10, train loss = 0.43, mean loss = 0.41
Mon Jan 31 10:44:39 2022
batch 20, train loss = 0.14, mean loss = 0.41
Mon Jan 31 10:45:45 2022
batch 30, train loss = 0.50, mean loss = 0.41
Mon Jan 31 10:46:51 2022
batch 40, train loss = 0.12, mean loss = 0.42
Mon Jan 31 10:47:57 2022
batch 50, train loss = 0.54, mean loss = 0.43
Mon Jan 31 10:49:04 2022
batch 60, train loss = 0.16, mean loss = 0.44
Mon Jan 31 10:50:10 2022
train Loss: 0.45

batch 0, val loss = 0.02, mean loss = 0.02
Mon Jan 31 10:51:12 2022
batch 10, val loss = 0.03, mean loss = 0.03
Mon Jan 31 10:52:17 2022
val Loss: 0.03

epoch 77 was done for 576.208110 seconds
Epoch 78/299
----------
Mon Jan 31 10:53:02 2022
batch 0, train loss = 0.13, mean loss = 0.13
Mon Jan 31 10:53:09 2022
batch 10, train loss = 0.44, mean loss = 0.42
Mon Jan 31 10:54:14 2022
batch 20, train loss = 0.13, mean loss = 0.41
Mon Jan 31 10:55:18 2022
batch 30, train loss = 0.49, mean loss = 0.42
Mon Jan 31 10:56:25 2022
batch 40, train loss = 0.12, mean loss = 0.42
Mon Jan 31 10:57:31 2022
batch 50, train loss = 0.48, mean loss = 0.42
Mon Jan 31 10:58:36 2022
batch 60, train loss = 0.13, mean loss = 0.42
Mon Jan 31 10:59:41 2022
train Loss: 0.43

batch 0, val loss = 0.02, mean loss = 0.02
Mon Jan 31 11:00:41 2022
batch 10, val loss = 0.02, mean loss = 0.03
Mon Jan 31 11:01:46 2022
val Loss: 0.03

epoch 78 was done for 566.429700 seconds
Epoch 79/299
----------
Mon Jan 31 11:02:29 2022
batch 0, train loss = 0.11, mean loss = 0.11
Mon Jan 31 11:02:35 2022
batch 10, train loss = 0.45, mean loss = 0.48
Mon Jan 31 11:03:40 2022
batch 20, train loss = 0.16, mean loss = 0.47
Mon Jan 31 11:04:44 2022
batch 30, train loss = 0.50, mean loss = 0.47
Mon Jan 31 11:05:44 2022
batch 40, train loss = 0.16, mean loss = 0.48
Mon Jan 31 11:06:46 2022
batch 50, train loss = 0.54, mean loss = 0.47
Mon Jan 31 11:07:42 2022
batch 60, train loss = 0.16, mean loss = 0.48
Mon Jan 31 11:08:36 2022
train Loss: 0.48

batch 0, val loss = 0.02, mean loss = 0.02
Mon Jan 31 11:09:26 2022
batch 10, val loss = 0.02, mean loss = 0.02
Mon Jan 31 11:10:30 2022
val Loss: 0.03

epoch 79 was done for 527.876559 seconds
Epoch 80/299
----------
Mon Jan 31 11:11:17 2022
batch 0, train loss = 0.11, mean loss = 0.11
Mon Jan 31 11:11:23 2022
batch 10, train loss = 0.47, mean loss = 0.47
Mon Jan 31 11:12:31 2022
batch 20, train loss = 0.13, mean loss = 0.45
Mon Jan 31 11:13:39 2022
batch 30, train loss = 0.50, mean loss = 0.45
Mon Jan 31 11:14:50 2022
batch 40, train loss = 0.12, mean loss = 0.45
Mon Jan 31 11:15:58 2022
batch 50, train loss = 0.48, mean loss = 0.45
Mon Jan 31 11:17:07 2022
batch 60, train loss = 0.16, mean loss = 0.45
Mon Jan 31 11:18:17 2022
train Loss: 0.46

batch 0, val loss = 0.02, mean loss = 0.02
Mon Jan 31 11:19:22 2022
batch 10, val loss = 0.02, mean loss = 0.02
Mon Jan 31 11:20:32 2022
val Loss: 0.02

epoch 80 was done for 601.498166 seconds
Epoch 81/299
----------
Mon Jan 31 11:21:18 2022
batch 0, train loss = 0.13, mean loss = 0.13
Mon Jan 31 11:21:25 2022
batch 10, train loss = 0.49, mean loss = 0.55
Mon Jan 31 11:22:33 2022
batch 20, train loss = 0.18, mean loss = 0.52
Mon Jan 31 11:23:42 2022
batch 30, train loss = 0.53, mean loss = 0.52
Mon Jan 31 11:24:50 2022
batch 40, train loss = 0.17, mean loss = 0.52
Mon Jan 31 11:25:59 2022
batch 50, train loss = 0.53, mean loss = 0.50
Mon Jan 31 11:27:07 2022
batch 60, train loss = 0.15, mean loss = 0.50
Mon Jan 31 11:28:17 2022
train Loss: 0.50

batch 0, val loss = 0.03, mean loss = 0.03
Mon Jan 31 11:29:21 2022
batch 10, val loss = 0.02, mean loss = 0.03
Mon Jan 31 11:30:30 2022
val Loss: 0.03

epoch 81 was done for 597.620741 seconds
Epoch 82/299
----------
Mon Jan 31 11:31:16 2022
batch 0, train loss = 0.12, mean loss = 0.12
Mon Jan 31 11:31:23 2022
batch 10, train loss = 0.52, mean loss = 0.52
Mon Jan 31 11:32:32 2022
batch 20, train loss = 0.17, mean loss = 0.50
Mon Jan 31 11:33:41 2022
batch 30, train loss = 0.51, mean loss = 0.52
Mon Jan 31 11:34:50 2022
batch 40, train loss = 0.20, mean loss = 0.52
Mon Jan 31 11:35:59 2022
batch 50, train loss = 0.52, mean loss = 0.52
Mon Jan 31 11:37:07 2022
batch 60, train loss = 0.21, mean loss = 0.52
Mon Jan 31 11:38:16 2022
train Loss: 0.52

batch 0, val loss = 0.02, mean loss = 0.02
Mon Jan 31 11:39:20 2022
batch 10, val loss = 0.02, mean loss = 0.03
Mon Jan 31 11:40:30 2022
val Loss: 0.03

epoch 82 was done for 600.139319 seconds
Epoch 83/299
----------
Mon Jan 31 11:41:16 2022
batch 0, train loss = 0.14, mean loss = 0.14
Mon Jan 31 11:41:23 2022
batch 10, train loss = 0.54, mean loss = 0.56
Mon Jan 31 11:42:35 2022
batch 20, train loss = 0.17, mean loss = 0.54
Mon Jan 31 11:43:43 2022
batch 30, train loss = 0.50, mean loss = 0.54
Mon Jan 31 11:44:52 2022
batch 40, train loss = 0.17, mean loss = 0.53
Mon Jan 31 11:46:00 2022
batch 50, train loss = 0.50, mean loss = 0.52
Mon Jan 31 11:47:10 2022
batch 60, train loss = 0.16, mean loss = 0.52
Mon Jan 31 11:48:20 2022
train Loss: 0.51

batch 0, val loss = 0.03, mean loss = 0.03
Mon Jan 31 11:49:24 2022
batch 10, val loss = 0.03, mean loss = 0.03
Mon Jan 31 11:50:33 2022
val Loss: 0.03

epoch 83 was done for 603.737548 seconds
Epoch 84/299
----------
Mon Jan 31 11:51:20 2022
batch 0, train loss = 0.12, mean loss = 0.12
Mon Jan 31 11:51:27 2022
batch 10, train loss = 0.57, mean loss = 0.53
Mon Jan 31 11:52:36 2022
batch 20, train loss = 0.16, mean loss = 0.52
Mon Jan 31 11:53:46 2022
batch 30, train loss = 0.52, mean loss = 0.55
Mon Jan 31 11:54:57 2022
batch 40, train loss = 0.18, mean loss = 0.54
Mon Jan 31 11:56:07 2022
batch 50, train loss = 0.48, mean loss = 0.54
Mon Jan 31 11:57:17 2022
batch 60, train loss = 0.26, mean loss = 0.55
Mon Jan 31 11:58:27 2022
train Loss: 0.55

batch 0, val loss = 0.03, mean loss = 0.03
Mon Jan 31 11:59:32 2022
batch 10, val loss = 0.03, mean loss = 0.03
Mon Jan 31 12:00:41 2022
val Loss: 0.03

epoch 84 was done for 608.701367 seconds
Epoch 85/299
----------
Mon Jan 31 12:01:28 2022
batch 0, train loss = 0.18, mean loss = 0.18
Mon Jan 31 12:01:35 2022
batch 10, train loss = 0.54, mean loss = 0.55
Mon Jan 31 12:02:45 2022
batch 20, train loss = 0.14, mean loss = 0.53
Mon Jan 31 12:03:54 2022
batch 30, train loss = 0.53, mean loss = 0.54
Mon Jan 31 12:05:14 2022
batch 40, train loss = 0.14, mean loss = 0.53
Mon Jan 31 12:06:25 2022
batch 50, train loss = 0.47, mean loss = 0.53
Mon Jan 31 12:07:34 2022
batch 60, train loss = 0.25, mean loss = 0.53
Mon Jan 31 12:08:43 2022
train Loss: 0.53

batch 0, val loss = 0.02, mean loss = 0.02
Mon Jan 31 12:09:48 2022
batch 10, val loss = 0.03, mean loss = 0.03
Mon Jan 31 12:10:58 2022
val Loss: 0.03

epoch 85 was done for 615.558924 seconds
Epoch 86/299
----------
Mon Jan 31 12:11:44 2022
batch 0, train loss = 0.11, mean loss = 0.11
Mon Jan 31 12:11:51 2022
batch 10, train loss = 0.56, mean loss = 0.65
Mon Jan 31 12:12:59 2022
batch 20, train loss = 0.29, mean loss = 0.65
Mon Jan 31 12:14:08 2022
batch 30, train loss = 0.65, mean loss = 0.66
Mon Jan 31 12:15:16 2022
batch 40, train loss = 0.19, mean loss = 0.64
Mon Jan 31 12:16:26 2022
batch 50, train loss = 0.50, mean loss = 0.62
Mon Jan 31 12:17:35 2022
batch 60, train loss = 0.22, mean loss = 0.60
Mon Jan 31 12:18:45 2022
train Loss: 0.60

batch 0, val loss = 0.03, mean loss = 0.03
Mon Jan 31 12:19:49 2022
batch 10, val loss = 0.03, mean loss = 0.03
Mon Jan 31 12:20:59 2022
val Loss: 0.03

epoch 86 was done for 601.150041 seconds
Epoch 87/299
----------
Mon Jan 31 12:21:45 2022
batch 0, train loss = 0.15, mean loss = 0.15
Mon Jan 31 12:21:52 2022
batch 10, train loss = 0.54, mean loss = 0.62
Mon Jan 31 12:23:01 2022
batch 20, train loss = 0.19, mean loss = 0.57
Mon Jan 31 12:24:10 2022
batch 30, train loss = 0.54, mean loss = 0.61
Mon Jan 31 12:25:20 2022
batch 40, train loss = 0.28, mean loss = 0.61
Mon Jan 31 12:26:28 2022
batch 50, train loss = 0.66, mean loss = 0.63
Mon Jan 31 12:27:37 2022
batch 60, train loss = 0.36, mean loss = 0.64
Mon Jan 31 12:28:46 2022
train Loss: 0.64

batch 0, val loss = 0.03, mean loss = 0.03
Mon Jan 31 12:29:50 2022
batch 10, val loss = 0.03, mean loss = 0.03
Mon Jan 31 12:30:59 2022
val Loss: 0.03

epoch 87 was done for 603.177952 seconds
Epoch 88/299
----------
Mon Jan 31 12:31:48 2022
batch 0, train loss = 0.18, mean loss = 0.18
Mon Jan 31 12:31:55 2022
batch 10, train loss = 0.57, mean loss = 0.71
Mon Jan 31 12:33:03 2022
batch 20, train loss = 0.24, mean loss = 0.64
Mon Jan 31 12:34:11 2022
batch 30, train loss = 0.54, mean loss = 0.65
Mon Jan 31 12:35:20 2022
batch 40, train loss = 0.24, mean loss = 0.63
Mon Jan 31 12:36:29 2022
batch 50, train loss = 0.54, mean loss = 0.63
Mon Jan 31 12:37:37 2022
batch 60, train loss = 0.29, mean loss = 0.62
Mon Jan 31 12:38:47 2022
train Loss: 0.62

batch 0, val loss = 0.03, mean loss = 0.03
Mon Jan 31 12:39:57 2022
batch 10, val loss = 0.03, mean loss = 0.03
Mon Jan 31 12:41:06 2022
val Loss: 0.03

epoch 88 was done for 604.009583 seconds
Epoch 89/299
----------
Mon Jan 31 12:41:52 2022
batch 0, train loss = 0.16, mean loss = 0.16
Mon Jan 31 12:41:59 2022
batch 10, train loss = 0.65, mean loss = 0.75
Mon Jan 31 12:43:07 2022
batch 20, train loss = 0.26, mean loss = 0.68
Mon Jan 31 12:44:15 2022
batch 30, train loss = 0.53, mean loss = 0.69
Mon Jan 31 12:45:25 2022
batch 40, train loss = 0.25, mean loss = 0.65
Mon Jan 31 12:46:33 2022
batch 50, train loss = 0.53, mean loss = 0.64
Mon Jan 31 12:47:42 2022
batch 60, train loss = 0.27, mean loss = 0.62
Mon Jan 31 12:48:51 2022
train Loss: 0.63

batch 0, val loss = 0.03, mean loss = 0.03
Mon Jan 31 12:49:57 2022
batch 10, val loss = 0.03, mean loss = 0.03
Mon Jan 31 12:51:05 2022
val Loss: 0.03

epoch 89 was done for 599.195186 seconds
Epoch 90/299
----------
Mon Jan 31 12:51:52 2022
batch 0, train loss = 0.17, mean loss = 0.17
Mon Jan 31 12:51:58 2022
batch 10, train loss = 0.68, mean loss = 0.74
Mon Jan 31 12:53:09 2022
batch 20, train loss = 0.19, mean loss = 0.65
Mon Jan 31 12:54:19 2022
batch 30, train loss = 0.60, mean loss = 0.69
Mon Jan 31 12:55:27 2022
batch 40, train loss = 0.25, mean loss = 0.66
Mon Jan 31 12:56:36 2022
batch 50, train loss = 0.56, mean loss = 0.68
Mon Jan 31 12:57:45 2022
batch 60, train loss = 0.39, mean loss = 0.67
Mon Jan 31 12:58:53 2022
train Loss: 0.69

batch 0, val loss = 0.03, mean loss = 0.03
Mon Jan 31 12:59:57 2022
batch 10, val loss = 0.03, mean loss = 0.03
Mon Jan 31 13:01:07 2022
val Loss: 0.03

epoch 90 was done for 602.693081 seconds
Epoch 91/299
----------
Mon Jan 31 13:01:54 2022
batch 0, train loss = 0.18, mean loss = 0.18
Mon Jan 31 13:02:01 2022
batch 10, train loss = 0.78, mean loss = 0.84
Mon Jan 31 13:03:11 2022
batch 20, train loss = 0.26, mean loss = 0.73
Mon Jan 31 13:04:20 2022
batch 30, train loss = 0.63, mean loss = 0.78
Mon Jan 31 13:05:30 2022
