
  Preparing the environment for use of requested stage ( 2020 ).

The following modules were not unloaded:
  (Use "module --force purge" to unload all):

  1) Stages/2020
Setting HOROVOD_MPI_THREADS_DISABLE=1. 
cpu_bind=NONE - jrc0411, task  3  3 [3721]: mask 0xffffffffffffffffffffffffffffffffffffffffffffffffffffffffffffffff set
cpu_bind=NONE - jrc0411, task  0  0 [3722]: mask 0xffffffffffffffffffffffffffffffffffffffffffffffffffffffffffffffff set
cpu_bind=NONE - jrc0411, task  2  2 [3720]: mask 0xffffffffffffffffffffffffffffffffffffffffffffffffffffffffffffffff set
cpu_bind=NONE - jrc0411, task  1  1 [3723]: mask 0xffffffffffffffffffffffffffffffffffffffffffffffffffffffffffffffff set
Traceback (most recent call last):
  File "../../main.py", line 968, in <module>
    model, lossar, time_elapsed = train_model(smodel, optimizer)
  File "../../main.py", line 629, in train_model
    loss, outputs, outputs_2, latent = out2loss(opt, model,
  File "/p/project/delia-mp/cherepashkin1/circles_public/switcher.py", line 109, in out2loss
Traceback (most recent call last):
  File "../../main.py", line 968, in <module>
    outputs = model(inputs)
  File "/p/software/jurecadc/stages/2020/software/PyTorch/1.8.1-gcccoremkl-10.3.0-2021.2.0-Python-3.8.5/lib/python3.8/site-packages/torch/nn/modules/module.py", line 889, in _call_impl
    model, lossar, time_elapsed = train_model(smodel, optimizer)
  File "../../main.py", line 629, in train_model
    loss, outputs, outputs_2, latent = out2loss(opt, model,
  File "/p/project/delia-mp/cherepashkin1/circles_public/switcher.py", line 109, in out2loss
    outputs = model(inputs)
  File "/p/software/jurecadc/stages/2020/software/PyTorch/1.8.1-gcccoremkl-10.3.0-2021.2.0-Python-3.8.5/lib/python3.8/site-packages/torch/nn/modules/module.py", line 889, in _call_impl
    result = self.forward(*input, **kwargs)
  File "/p/project/delia-mp/cherepashkin1/circles_public/cnet.py", line 66, in forward
    result = self.forward(*input, **kwargs)
  File "/p/project/delia-mp/cherepashkin1/circles_public/cnet.py", line 67, in forward
    x = F.relu(self.bn1(self.conv1(x)))
  File "/p/software/jurecadc/stages/2020/software/PyTorch/1.8.1-gcccoremkl-10.3.0-2021.2.0-Python-3.8.5/lib/python3.8/site-packages/torch/nn/functional.py", line 1206, in relu
    x = self.pool(x)
  File "/p/software/jurecadc/stages/2020/software/PyTorch/1.8.1-gcccoremkl-10.3.0-2021.2.0-Python-3.8.5/lib/python3.8/site-packages/torch/nn/modules/module.py", line 889, in _call_impl
    result = self.forward(*input, **kwargs)
  File "/p/software/jurecadc/stages/2020/software/PyTorch/1.8.1-gcccoremkl-10.3.0-2021.2.0-Python-3.8.5/lib/python3.8/site-packages/torch/nn/modules/pooling.py", line 162, in forward
    result = torch.relu(input)
RuntimeError: CUDA out of memory. Tried to allocate 7.90 GiB (GPU 0; 39.59 GiB total capacity; 28.33 GiB already allocated; 7.00 GiB free; 28.35 GiB reserved in total by PyTorch)
    return F.max_pool2d(input, self.kernel_size, self.stride,
  File "/p/software/jurecadc/stages/2020/software/PyTorch/1.8.1-gcccoremkl-10.3.0-2021.2.0-Python-3.8.5/lib/python3.8/site-packages/torch/_jit_internal.py", line 365, in fn
    return if_false(*args, **kwargs)
  File "/p/software/jurecadc/stages/2020/software/PyTorch/1.8.1-gcccoremkl-10.3.0-2021.2.0-Python-3.8.5/lib/python3.8/site-packages/torch/nn/functional.py", line 659, in _max_pool2d
    return torch.max_pool2d(input, kernel_size, stride, padding, dilation, ceil_mode)
RuntimeError: CUDA out of memory. Tried to allocate 1.96 GiB (GPU 2; 39.59 GiB total capacity; 36.22 GiB already allocated; 1.87 GiB free; 36.25 GiB reserved in total by PyTorch)
Traceback (most recent call last):
  File "../../main.py", line 968, in <module>
    model, lossar, time_elapsed = train_model(smodel, optimizer)
  File "../../main.py", line 629, in train_model
    loss, outputs, outputs_2, latent = out2loss(opt, model,
  File "/p/project/delia-mp/cherepashkin1/circles_public/switcher.py", line 109, in out2loss
    outputs = model(inputs)
  File "/p/software/jurecadc/stages/2020/software/PyTorch/1.8.1-gcccoremkl-10.3.0-2021.2.0-Python-3.8.5/lib/python3.8/site-packages/torch/nn/modules/module.py", line 889, in _call_impl
    result = self.forward(*input, **kwargs)
  File "/p/project/delia-mp/cherepashkin1/circles_public/cnet.py", line 67, in forward
    x = self.pool(x)
  File "/p/software/jurecadc/stages/2020/software/PyTorch/1.8.1-gcccoremkl-10.3.0-2021.2.0-Python-3.8.5/lib/python3.8/site-packages/torch/nn/modules/module.py", line 889, in _call_impl
    result = self.forward(*input, **kwargs)
  File "/p/software/jurecadc/stages/2020/software/PyTorch/1.8.1-gcccoremkl-10.3.0-2021.2.0-Python-3.8.5/lib/python3.8/site-packages/torch/nn/modules/pooling.py", line 162, in forward
    return F.max_pool2d(input, self.kernel_size, self.stride,
  File "/p/software/jurecadc/stages/2020/software/PyTorch/1.8.1-gcccoremkl-10.3.0-2021.2.0-Python-3.8.5/lib/python3.8/site-packages/torch/_jit_internal.py", line 365, in fn
    return if_false(*args, **kwargs)
  File "/p/software/jurecadc/stages/2020/software/PyTorch/1.8.1-gcccoremkl-10.3.0-2021.2.0-Python-3.8.5/lib/python3.8/site-packages/torch/nn/functional.py", line 659, in _max_pool2d
    return torch.max_pool2d(input, kernel_size, stride, padding, dilation, ceil_mode)
RuntimeError: CUDA out of memory. Tried to allocate 1.96 GiB (GPU 1; 39.59 GiB total capacity; 36.22 GiB already allocated; 1.87 GiB free; 36.25 GiB reserved in total by PyTorch)
Traceback (most recent call last):
  File "../../main.py", line 968, in <module>
    model, lossar, time_elapsed = train_model(smodel, optimizer)
  File "../../main.py", line 629, in train_model
    loss, outputs, outputs_2, latent = out2loss(opt, model,
  File "/p/project/delia-mp/cherepashkin1/circles_public/switcher.py", line 109, in out2loss
    outputs = model(inputs)
  File "/p/software/jurecadc/stages/2020/software/PyTorch/1.8.1-gcccoremkl-10.3.0-2021.2.0-Python-3.8.5/lib/python3.8/site-packages/torch/nn/modules/module.py", line 889, in _call_impl
    result = self.forward(*input, **kwargs)
  File "/p/project/delia-mp/cherepashkin1/circles_public/cnet.py", line 67, in forward
    x = self.pool(x)
  File "/p/software/jurecadc/stages/2020/software/PyTorch/1.8.1-gcccoremkl-10.3.0-2021.2.0-Python-3.8.5/lib/python3.8/site-packages/torch/nn/modules/module.py", line 889, in _call_impl
    result = self.forward(*input, **kwargs)
  File "/p/software/jurecadc/stages/2020/software/PyTorch/1.8.1-gcccoremkl-10.3.0-2021.2.0-Python-3.8.5/lib/python3.8/site-packages/torch/nn/modules/pooling.py", line 162, in forward
    return F.max_pool2d(input, self.kernel_size, self.stride,
  File "/p/software/jurecadc/stages/2020/software/PyTorch/1.8.1-gcccoremkl-10.3.0-2021.2.0-Python-3.8.5/lib/python3.8/site-packages/torch/_jit_internal.py", line 365, in fn
    return if_false(*args, **kwargs)
  File "/p/software/jurecadc/stages/2020/software/PyTorch/1.8.1-gcccoremkl-10.3.0-2021.2.0-Python-3.8.5/lib/python3.8/site-packages/torch/nn/functional.py", line 659, in _max_pool2d
    return torch.max_pool2d(input, kernel_size, stride, padding, dilation, ceil_mode)
RuntimeError: CUDA out of memory. Tried to allocate 1.96 GiB (GPU 3; 39.59 GiB total capacity; 36.22 GiB already allocated; 1.87 GiB free; 36.25 GiB reserved in total by PyTorch)
srun: error: jrc0411: tasks 0,2: Exited with exit code 1
srun: error: jrc0411: tasks 1,3: Terminated
srun: Force Terminated job step 10159693.0
